Shoreburn Mallowway Bluewyn Dellwyn Northriver Eastcastle Courtcastle Irondeer Newmill Starryhill Clearnesse Freymere Northwynne Eriwall Seamoor Flowermill Westvale Snowshore Janholt Brightrock Rosegate Shoreburn
21
Rosegate Butterway Lochmage Esterash Clearland Fairsage Fieldedge Greyice Bluedell Orbarrow Foxvale Newby Mallowbridge Redwell Snowsage Deephedge Silverwitch Wolflea Ironriver Freyview Courtedge Verthedge Butterbush Butterhill Courtwall Corbank Oakmere Strongfall Rosegate Violetley Bushgate Applecastle Fogland Icenesse Esterfall Goldwyvern Southwheat Mallowness Greensummer Southpine Westmill Wellbank Woodice Marbleiron Flowerfield Lightmere Violetfay
Snowshore Highmont Oldmoor Bluedale Westerlight Blackbush Bluelake Rosemill Snowshore Brightmere Springfox Ironshore Greenshore Silverbarrow Silverlea
Irondeer Wellmage Windbridge Goldcrest Valhaven Irondeer Coldville Redlake Summermage Wildemarsh Wooddell Morwald Orfort
Newmill Stoneglass Erilyn Newmill Buttermead Newley Ostwynne
Bluewyn Bluewyn Morwall
Clearnesse Clearnesse Foxhaven Fairice
Brightrock Stonefair Brightrock Mistshore
Northriver Northriver
Dellwyn Dellwyn
Starryhill Starryhill
Seamoor Seamoor
Shoreburn Shoreburn
Mallowway Mallowway
Janholt Janholt
Courtcastle Courtcastle
Flowermill Flowermill
Northwynne Northwynne
Eriwall Eriwall
Eastcastle Eastcastle
Westvale Westvale
Freymere Freymere
