Brightmere Westmill Butterbush Bluedell Freyview Newley Buttermead Goldwyvern Oldmoor Valhaven Greyice Eriwall Woodice Dellwyn Fairsage Shoreburn Clearland Erilyn Westvale Wellmage Wildemarsh Marbleiron Greenshore Oakmere Courtcastle Stonefair Stoneglass Brightmere
27
Stonefair Snowshore Wolflea Lightmere Foxhaven Newby Irondeer Bushgate Clearnesse Esterfall Ironshore Westerlight Esterash Lochmage Ironriver Morwald Courtwall Stonefair Morwall
Oakmere Southwheat Oakmere Rosemill Violetley Foxvale
Greenshore Corbank Marbleiron Eastcastle Greenshore
Newley Newley
Oldmoor Oldmoor
Eriwall Eriwall
Brightmere Brightmere
Buttermead Buttermead
Goldwyvern Goldwyvern
Westmill Westmill
Butterbush Butterbush
Stoneglass Stoneglass
Wildemarsh Wildemarsh
Westvale Westvale
Fairsage Fairsage
Courtcastle Courtcastle
Bluedell Bluedell
Shoreburn Shoreburn
Erilyn Erilyn
Clearland Clearland
Valhaven Valhaven
Greyice Greyice
Dellwyn Dellwyn
Woodice Woodice
Wellmage Wellmage
Freyview Freyview
Marbleiron Marbleiron
