129 99 145 99 31 88 1 88 31 61 100 10 118 13 92 124 92 179 76 97 101 52 101 170 73 136 73 170 58 170 121 192 175 192 103 98 184 109 184 85 133 106 181 8 142 122 71 64 119 163 79 72 43 19 7 96 70 25 46 2 55 165 40 165 27 94 139 45 22 10 28 5 148 101 21 67 21 182 190 182 21 151 21 72 79 112 61 69 167 130 6 128 187 32 181 169 181 106 178 47 166 118 10 110 154 196 141 172 145 171 49 171 145 180 82 107 75 17 137 16 25 90 152 91 152 90 71 92 179 188 86 113 54 113 146 88 31 99 129
57
196 4 37 154 157 160 193 196
54 127
82 34 82 94 115
1 1
7 7
10 10
13 13
16 16
19 19
22 22
25 25
28 28
31 31
40 40
43 43
46 46
49 49
52 52
55 55
58 58
61 61
64 64
67 67
70 70
73 73
76 76
79 79
85 85
88 88
91 91
97 97
100 100
103 103
106 106
109 109
112 112
118 118
121 121
124 124
130 130
133 133
136 136
139 139
142 142
145 145
148 148
151 151
163 163
166 166
169 169
172 172
175 175
178 178
181 181
184 184
187 187
190 190
