FacultyClub EarthquakeLibrary Morrison MLK BancroftLibrary Library BancroftLibrary SutardjaDai FPF HealthServices EastAsianLibrary PhysicsLibrary Evans Pimentel HearstGym Pimentel NorthGate EarthLibrary TAAP Manville SocialLibrary BrainImagingCenter WooHonFai Bechtel Bowles AquaticCenter Mulford OxfordResearchUnit FacultyClub
26
OxfordResearchUnit BioscienceLibrary Etcheverry SproulPlaza Hilgard StudentUnion UniversityHouse LawrenceofScience CareerCenter Durham OBrien PacificFilmArchive Wheeler Cheit Jacobs Investigative EnergyBuilding MediaCenter StowPlaza MartinezCommons MelvinLaboratory AndersenAuditorium Unit3 AnthropologyLibrary Stephens InternationalHouse OptometryLibrary IRLE SpringerGateway DonnerLaboratory ArtHistoryLibrary Birge NewspapersLibrary Warren CesarChavez BerkeleyWayWest UpperHearstParking HearstFieldAnnex HearstFountain Underhill Campbell Davis Wellman VLSB Senior Stanley SimpsonCenter EthnicLibrary FoxCottage MaxwellField SEAsianLibrary IdaHouse EngineeringLibrary Durant Soda McCone LatinAmerican VisualCenter LeConte HearstGreekTheatre Latimer FoundersRock
Mulford Mulford Spieker Koshland BancroftDance CITRIS MSRI MathLibrary BerkeleyLawLibrary Giauque AlumniHouse Hildebrand LawSchool Boalt
Morrison Morrison Sproul BanwayBuilding
FacultyClub FacultyClub
SutardjaDai SutardjaDai
EarthquakeLibrary EarthquakeLibrary
Pimentel Pimentel
HearstGym HearstGym
Library Library
FPF FPF
BrainImagingCenter BrainImagingCenter
Manville Manville
EarthLibrary EarthLibrary
PhysicsLibrary PhysicsLibrary
HealthServices HealthServices
WooHonFai WooHonFai
TAAP TAAP
AquaticCenter AquaticCenter
Evans Evans
BancroftLibrary BancroftLibrary
NorthGate NorthGate
Bowles Bowles
SocialLibrary SocialLibrary
EastAsianLibrary EastAsianLibrary
Bechtel Bechtel
MLK MLK
