FacultyClub EarthLibrary StudentUnion SutardjaDai Durham FacultyClub IRLE EarthquakeLibrary Wheeler MartinezCommons UniversityHouse SproulPlaza OptometryLibrary Library AndersenAuditorium Stephens Morrison CareerCenter MelvinLaboratory Koshland OBrien NewspapersLibrary Warren PacificFilmArchive FacultyClub
23
Wheeler Wheeler Cheit
IRLE Investigative IRLE
NewspapersLibrary BioscienceLibrary Etcheverry Hilgard LawrenceofScience Pimentel Mulford HearstGym Spieker FPF BrainImagingCenter Manville Jacobs EnergyBuilding MediaCenter StowPlaza BancroftDance Unit3 AnthropologyLibrary InternationalHouse SpringerGateway DonnerLaboratory ArtHistoryLibrary Sproul Birge CITRIS NewspapersLibrary
FacultyClub FacultyClub
SutardjaDai SutardjaDai
SproulPlaza SproulPlaza
StudentUnion StudentUnion
EarthquakeLibrary EarthquakeLibrary
UniversityHouse UniversityHouse
CareerCenter CareerCenter
Durham Durham
OBrien OBrien
Library Library
PacificFilmArchive PacificFilmArchive
Morrison Morrison
Koshland Koshland
EarthLibrary EarthLibrary
MartinezCommons MartinezCommons
MelvinLaboratory MelvinLaboratory
AndersenAuditorium AndersenAuditorium
Stephens Stephens
OptometryLibrary OptometryLibrary
Warren Warren
