FacultyClub Etcheverry HearstGym BioscienceLibrary OBrien LawrenceofScience Spieker Unit3 CareerCenter Wheeler Durham MartinezCommons SproulPlaza Cheit Hilgard Manville Pimentel SutardjaDai UniversityHouse FPF CITRIS FacultyClub
19
OBrien OBrien Library PacificFilmArchive
CITRIS StudentUnion EarthquakeLibrary Mulford BrainImagingCenter Morrison
LawrenceofScience LawrenceofScience
FacultyClub FacultyClub
BioscienceLibrary BioscienceLibrary
SutardjaDai SutardjaDai
Etcheverry Etcheverry
SproulPlaza SproulPlaza
Hilgard Hilgard
UniversityHouse UniversityHouse
Pimentel Pimentel
CareerCenter CareerCenter
HearstGym HearstGym
Durham Durham
Spieker Spieker
FPF FPF
Wheeler Wheeler
Cheit Cheit
Manville Manville
