0 60 112 56 47 88 148 120 52 113 71 73 93 119 195 162 167 65 105 55 17 4 173 153 35 45 180 155 169 48 77 145 82 0
32
4 3 8 13 15 18 25 26 32 33 42 44 51 58 67 76 80 83 87 90 91 92 94 96 97 99 102 106 114 123 131 132 133 136 139 140 141 149 154 158 161 168 170 171 175 181 188 197 199
45 35 46 49 74 103 143 172 174 177 178
82 19 38 64 69 75 82 85 117 124 134 135 191
17 17
47 47
48 48
52 52
55 55
56 56
60 60
65 65
71 71
73 73
77 77
88 88
93 93
105 105
112 112
113 113
119 119
120 120
145 145
148 148
153 153
155 155
162 162
167 167
169 169
173 173
180 180
195 195
0 0
