1 15 2 61 48 89 48 26 114 18 114 37 114 26 1 7 31 66 13 66 94 164 86 164 94 52 82 11 94 144 85 33 140 98 166 123 55 123 25 4 25 77 49 77 25 123 6 100 194 99 15 1
24
6 6 21 53
13 3 5 8 9 10 12 13 14 16 17 19 20 22 23 24 25 27 28 29 30 31 32 33 34 35 36 38 39 40 41 42 43 44 45 46 47 50 51 54 56 57 58 59 60 62 63 64 65 66 67 68 69 70 71 72 73 74 75 76 78 79 80 81 83 84 87 88 90 91 92 93 95 96 97 100 101
7 7
2 2
4 4
11 11
15 15
18 18
26 26
37 37
48 48
49 49
52 52
55 55
61 61
77 77
82 82
85 85
86 86
89 89
94 94
98 98
99 99
1 1
