159 22 159 77 190 77 140 14 97 126 172 119 86 129 41 148 47 182 48 117 7 72 45 25 101 1 101 137 85 188 61 127 146 127 109 180 122 180 193 153 93 65 98 32 79 3 79 170 158 99 158 74 185 74 129 15 71 157 71 139 100 199 100 59 189 107 134 120 134 107 130 192 46 37 46 200 10 66 36 17 133 173 27 145 27 169 27 166 121 63 13 106 197 6 52 156 31 114 35 114 92 116 92 158 102 82 102 123 102 5 159 164 43 164 81 138 69 155 69 138 81 28 81 30 11 104 20 87 20 41 148 51 65 26 65 165 184 76 149 4 44 60 44 131 88 29 50 108 38 108 94 1 101 132 101 147 40 147 59 100 181 23 194 21 194 23 149 140 14 56 96 162 191 162 96 56 93 154 2 154 93 153 5 177 111 34 111 177 5 159
90
21 21 181
34 128 174 64 111 34
122 122 193 53 180 24 178 167
43 43
157 157
169 169
100 100
36 36
134 134
15 15
32 32
86 86
146 146
101 101
107 107
76 76
93 93
35 35
77 77
72 72
126 126
132 132
185 185
63 63
47 47
52 52
116 116
71 71
46 46
65 65
172 172
45 45
138 138
158 158
2 2
97 97
79 79
137 137
98 98
31 31
17 17
51 51
85 85
106 106
10 10
120 120
199 199
191 191
41 41
38 38
114 114
37 37
96 96
190 190
74 74
61 61
26 26
133 133
121 121
155 155
99 99
4 4
13 13
87 87
3 3
82 82
145 145
28 28
48 48
140 140
156 156
165 165
148 148
154 154
102 102
7 7
14 14
11 11
40 40
59 59
139 139
123 123
109 109
22 22
200 200
192 192
60 60
6 6
88 88
1 1
