33 20 100 11 86 64 76 26 43 5 35 50 19 50 88 69 34 69 38 52 65 18 36 79 37 51 98 13 32 89 20 80 20 15 20 73 42 73 20 100 95 85 17 63 12 63 14 97 8 97 14 9 10 90 10 9 14 63 66 27 23 1 23 27 66 63 14 89 32 6 81 61 81 6 32 38 69 67 54 30 54 67 60 31 16 31 22 93 99 36 53 71 48 71 53 36 79 37 38 98 91 46 75 46 91 98 51 33
36
90 68 9 10
30 30 54 67 57
16 60 31 22 7 94 2 47 29 40 82 25
17 17
80 80
79 79
61 61
89 89
13 13
63 63
8 8
5 5
100 100
20 20
19 19
34 34
50 50
86 86
26 26
42 42
23 23
95 95
15 15
35 35
64 64
88 88
75 75
97 97
65 65
69 69
11 11
12 12
48 48
52 52
51 51
1 1
