IIII1I1 IIIllll IIlIIII II1I1Il I1I1111 IIllIl1 IIlIlI1 I1I111I lll1lII I11IIlI lll1lII lII1I11 lll1lII 1IIlIIl 1lI11l1 lI11l1l 1lI11l1 1lIIl11 II111I1 11IIl1I IIII1ll III1lII IIII1ll lIIIllI 11I1lll 11I1Ill IIIllll 11lI11I l1IlIl1 IIIlI1l lI1l1II IIIlI1l lIlllll IIIllll IIII1I1
22
III1lII l1IlIII III1lII
IIlIlI1 I1I111I 1IlII1I IIlIlI1
lIIIllI lIIIllI IlllI11
lIlllll lIlllll
1lI11l1 1lI11l1
1IIlIIl 1IIlIIl
11I1lll 11I1lll
l1IlIl1 l1IlIl1
11IIl1I 11IIl1I
11I1Ill 11I1Ill
lI1l1II lI1l1II
I11IIlI I11IIlI
IIllIl1 IIllIl1
11lI11I 11lI11I
IIII1ll IIII1ll
lI11l1l lI11l1l
I1I1111 I1I1111
II111I1 II111I1
IIlIIII IIlIIII
lII1I11 lII1I11
II1I1Il II1I1Il
lll1lII lll1lII
