Satish DXGEHOF Satish PYD9SISJI KRM4B 92R432 ZRYV5F YXBMACC 9XFF Q1GPNKF7O5 1ILZRYDHY WZ1MC3189 KSHB2KG TBFPZEBP ICTGXV FS1RWBVR7 BVNZ 399VM5PU6 UVP4WIKK BBFYA9B OXWYDF PTL1QU VFRT26 1BZLEM VFRT26 NSBI ER2YSPML1C ZY9VPYMXA Satish
22
ZY9VPYMXA PZMGYZL PTWCQ 4INC2D8SDN ZY9VPYMXA
DXGEHOF R6VBAVZ0B
ER2YSPML1C Z6H98 ER2YSPML1C
VFRT26 VFRT26
1BZLEM 1BZLEM
ZRYV5F ZRYV5F
YXBMACC YXBMACC
FS1RWBVR7 FS1RWBVR7
PYD9SISJI PYD9SISJI
KRM4B KRM4B
WZ1MC3189 WZ1MC3189
BBFYA9B BBFYA9B
UVP4WIKK UVP4WIKK
OXWYDF OXWYDF
399VM5PU6 399VM5PU6
PTL1QU PTL1QU
9XFF 9XFF
92R432 92R432
ICTGXV ICTGXV
KSHB2KG KSHB2KG
NSBI NSBI
Q1GPNKF7O5 Q1GPNKF7O5
