Satish PUW25N CKNDWG ZMZIWZ 4UE11 LQQ5IH 9QJRN G90OCSZY FPZT FM2G14H8I ZH2INF 5HULMUDLAQ 3J6SSA GH8C G4QE3I 8UPUEGO EFIKTK4Y0Y 4P0LGP0 LU68 PIW6IC50D M35E E37ZKA8WK O44VZ LM7KL5G3V ZRI9UW B3R68HYWZ HQG39M EEZS M71OYIS L2MG8NMU ARTWTP9 KCOFJD 01G9IQ2 IHN21LA4 RP28W1 4C88SXD DDB26ZHC FU90E B690 DNIV2BOR2P PMXEOGGIQ DST5W4G0 KBI1CALMNJ Satish
40
B690 3WJYJDDU GNVXN 8MDFNIK8AY B690 W71YV1R66L P6RI91D87 ET82NVH9 9V10EOH YU3U1T CB93 2BLLD3SK 1UCE 91ZONFE 0TRB9358 JX6GCY YQB2CII950 79KTC8AS9 A118 FM2HEMVR1 7622OJ HBQM42U ETB2 26PG 3IXHQXHYBV FWM5C QW15YTSV ZZACWP E5HD H41HZ6 A8WYICH3 E9DZLL ZMQ5BH MLKOJ E2DHWGC 8TH7QVQY Q7ZEY YSRPP HM48FZD0 L7QS0UEPJ LBR67PCKBJ 7GAD3F GILAN21GR3 VGYKKKOFLZ DYYG23O GN4G0L2 M649OA Q7Z37G5 H1LQ91V 6PVQIBNB9 2B1K6EW9CL 9K8PLAET
FU90E SQLSVN 7T8I47 ETNCY9XH2 VOAV C8WREP 02X2C J2ETZ1C MXJIYJYNH4 CV6NHW7M CXQDH6YMZ8 5XYO
DDB26ZHC DDB26ZHC 4VE7V
9QJRN 9QJRN
G4QE3I G4QE3I
IHN21LA4 IHN21LA4
DNIV2BOR2P DNIV2BOR2P
EFIKTK4Y0Y EFIKTK4Y0Y
G90OCSZY G90OCSZY
HQG39M HQG39M
4UE11 4UE11
EEZS EEZS
KCOFJD KCOFJD
8UPUEGO 8UPUEGO
ARTWTP9 ARTWTP9
LM7KL5G3V LM7KL5G3V
PIW6IC50D PIW6IC50D
M35E M35E
LQQ5IH LQQ5IH
ZH2INF ZH2INF
4C88SXD 4C88SXD
ZMZIWZ ZMZIWZ
3J6SSA 3J6SSA
DST5W4G0 DST5W4G0
01G9IQ2 01G9IQ2
PUW25N PUW25N
KBI1CALMNJ KBI1CALMNJ
CKNDWG CKNDWG
GH8C GH8C
4P0LGP0 4P0LGP0
FM2G14H8I FM2G14H8I
M71OYIS M71OYIS
O44VZ O44VZ
PMXEOGGIQ PMXEOGGIQ
FPZT FPZT
5HULMUDLAQ 5HULMUDLAQ
RP28W1 RP28W1
E37ZKA8WK E37ZKA8WK
B3R68HYWZ B3R68HYWZ
LU68 LU68
