129 19 174 5 40 88 33 87 96 97 63 96 76 96 191 20 155 49 17 8 48 123 57 0 71 196 101 80 89 130 36 83 92 137 9 19 197 116 129
29
116 183 62 58 44
71 180 142 121 150 53 189 2 95 128 65 122 110 23 125 158 56 195 50 160 100 98 152 156 55 15 163 29 175 51 107 145 0 171 126 16 114 188 91 21 157 61 196 177 99 85 178 26 194 59 105 6 39 66 109 151 108 25 14 190 13 64 82 192
101 161 11 101 84 184 103 81 4
5 5
97 97
87 87
17 17
174 174
40 40
48 48
36 36
63 63
123 123
33 33
137 137
130 130
92 92
49 49
155 155
88 88
96 96
191 191
89 89
76 76
8 8
9 9
57 57
197 197
0 0
