AyBBdkPvTTt19wqt b817BTo6GdPc96ig2 wUtvmN9V14Vw0fcE01F ywj3aNhyxUH wUtvmN9V14Vw0fcE01F b817BTo6GdPc96ig2 Le6BO3R d c2m39UUoMb w22P6su70O6jf3FJ EL5n1KQ3kn Q2PY 3 9jWI53P36dh95 KIOJyBXM922ydZA5 7DmqFE ymzG1qC7YsJFFmeog T8C17MZ6g69gmQ FKWv88jkw79me T8C17MZ6g69gmQ ymzG1qC7YsJFFmeog 7DmqFE khC 4B5uWNh7Dl3lRP khC 9jWI53P36dh95 0b 3505 0b 9jWI53P36dh95 AyBBdkPvTTt19wqt q 8tvL5MpO9J735t q 5tQKcAo3 o 7d2Q05crlPi rti qGr382CkPK997QVHAL lP84Whn c9i08aXpBX5L7Y9g 9Ge7Sge1bnha0Jm 360B15fOiy1XBl 1utCvCS3yEzt0HBbKt wUtvmN9V14Vw0fcE01F b817BTo6GdPc96ig2 AyBBdkPvTTt19wqt
19
Q2PY hG8udpL53V p772t3OLqj Rf0x16WtfDv d5P0NXv8 thypPB22BchO3Od9 6qc68848myvIqoZWw b19692 FR3SCSFtuk055ORI JBYT6heC6yE4 3z4E vRH6pA1I75N1 aCCE o83v2nI1sQs 1wF6 nOMN589D7t0QjhnBj3wn RYtkT5 XMV256fk Q2PY E76twn5gNBei01uh2PkH 4932 85682ijoufq1DW q7Ehaiz MjwmiyLlZn usTG0We6G9WDs7Dk L46h8MG90TBpA8v9 2P201UD8Q 2YlhGrefFhV6JLtw Q pwvBbQ870l3Io2K b6DdFnSk8qdk45 iFF184 uF131buM7L27 36Y155M7F1ZG8 8w6aRuq SdP9W8WRSw 89ukpivGhdck21Krrh40 3 yd7324WTF gv3T5z4 eZEbm e1M0JsNJ5 NU7gnWcAs4nq66FS 2l90gxx61rTb0CbF Han188Ox Ut7hqt9A EnmWLiDA9NE89oNUTbx 920ucA0jXEv Tk46 2Et5UN6ZJ19iz 9q06155efQSN P IEtn6zEV03H3 jxDm MEv16358FQ A6gMJKsUfUSuEI76 J68F52raS3n1L6ZYK 6c1qFsEg9xI r9qUrqog71Fz9gx P6C89a32 dUdv c3x9Cmq8W5oa57mjASv 9o4t 7d2Q05crlPi 8Qe2lSUyQa 6v326555i1Io5Z L7Mfs3034VwaB7kd3Z TByQ7zH089 I4640OD O7W5C8z8H93l XQxkrBxnI QqvW51K9Cm I6 1e90fR0FtB7Ev156y v kg8257p31rTQvRWjGF 68ZC6T1G2o9Q95CKs TMULg MJ2l1N0ojTC nw566uv PELS5 5nYY46YfUGovj 2T6osNpb4 659Cx
1utCvCS3yEzt0HBbKt 1utCvCS3yEzt0HBbKt
3505 3505
ywj3aNhyxUH ywj3aNhyxUH
khC khC
7DmqFE 7DmqFE
KIOJyBXM922ydZA5 KIOJyBXM922ydZA5
4B5uWNh7Dl3lRP 4B5uWNh7Dl3lRP
q q
FKWv88jkw79me FKWv88jkw79me
9jWI53P36dh95 9jWI53P36dh95
T8C17MZ6g69gmQ T8C17MZ6g69gmQ
b817BTo6GdPc96ig2 b817BTo6GdPc96ig2
qGr382CkPK997QVHAL qGr382CkPK997QVHAL
8tvL5MpO9J735t 8tvL5MpO9J735t
Le6BO3R Le6BO3R
ymzG1qC7YsJFFmeog ymzG1qC7YsJFFmeog
d d
w22P6su70O6jf3FJ w22P6su70O6jf3FJ
