loc0 loc25 loc138 loc32 loc138 loc118 loc138 loc42 loc46 loc49 loc29 loc130 loc141 loc150 loc109 loc150 loc10 loc186 loc72 loc176 loc173 loc85 loc173 loc179 loc41 loc119 loc97 loc163 loc36 loc14 loc32 loc138 loc25 loc183 loc188 loc120 loc8 loc120 loc188 loc183 loc25 loc0 loc58 loc158 loc69 loc158 loc58 loc185 loc129 loc77 loc160 loc53 loc122 loc50 loc136 loc167 loc0
29
loc77 loc54 loc37 loc129 loc168 loc82 loc187 loc192 loc191 loc96 loc147 loc15 loc164 loc39 loc172 loc28 loc27 loc116 loc66 loc67 loc106 loc198 loc20 loc89 loc31 loc177 loc156 loc57 loc184 loc182 loc113 loc122 loc160 loc134 loc112 loc144 loc45 loc165 loc93 loc157 loc75 loc17 loc162 loc46 loc11 loc100 loc92 loc47 loc105 loc131 loc197 loc83 loc84
loc160 loc52 loc78
loc50 loc196
loc85 loc85
loc167 loc167
loc49 loc49
loc36 loc36
loc118 loc118
loc109 loc109
loc41 loc41
loc179 loc179
loc185 loc185
loc119 loc119
loc150 loc150
loc10 loc10
loc97 loc97
loc25 loc25
loc69 loc69
loc130 loc130
loc14 loc14
loc188 loc188
loc186 loc186
loc138 loc138
loc42 loc42
loc183 loc183
loc32 loc32
loc8 loc8
loc120 loc120
loc0 loc0
