loc0 loc23 loc84 loc42 loc4 loc62 loc90 loc62 loc45 loc43 loc49 loc33 loc48 loc24 loc16 loc62 loc6 loc61 loc6 loc35 loc52 loc68 loc86 loc69 loc86 loc96 loc40 loc47 loc99 loc47 loc25 loc47 loc7 loc54 loc65 loc84 loc91 loc75 loc28 loc13 loc79 loc78 loc9 loc88 loc8 loc88 loc21 loc94 loc51 loc30 loc22 loc34 loc29 loc31 loc91 loc93 loc26 loc46 loc18 loc46 loc71 loc0
37
loc65 loc81 loc65
loc26 loc93 loc20 loc26 loc72
loc18 loc39
loc8 loc8
loc29 loc29
loc6 loc6
loc40 loc40
loc21 loc21
loc45 loc45
loc91 loc91
loc61 loc61
loc69 loc69
loc49 loc49
loc79 loc79
loc24 loc24
loc48 loc48
loc7 loc7
loc54 loc54
loc16 loc16
loc62 loc62
loc75 loc75
loc33 loc33
loc90 loc90
loc28 loc28
loc42 loc42
loc31 loc31
loc25 loc25
loc23 loc23
loc34 loc34
loc86 loc86
loc52 loc52
loc84 loc84
loc88 loc88
loc35 loc35
loc99 loc99
loc51 loc51
loc0 loc0
