69 7 36 8 163 100 8 39 131 115 171 190 37 134 4 44 186 15 11 104 11 146 121 5 160 2 24 150 132 1 59 46 87 1 118 64 0 162 106 63 166 80 6 14 99 198 185 0 188 0 193 72 71 81 194 53 31 1 30 158 128 149 77 56 16 36 135 197 147 97 15 133 3 110 58 83 117 74 165 51 113 195 127 101 7 82 52 191 192 50 119 148 14 139 112 90 4 69
77
191 33 191
56 25 56
117 26 117 27
36 36
186 186
148 148
30 30
163 163
194 194
131 131
115 115
147 147
5 5
118 118
198 198
74 74
71 71
112 112
165 165
193 193
146 146
99 99
97 97
63 63
113 113
24 24
128 128
160 160
83 83
51 51
106 106
133 133
58 58
166 166
37 37
77 77
46 46
87 87
101 101
53 53
192 192
52 52
14 14
64 64
127 127
50 50
188 188
2 2
100 100
72 72
80 80
31 31
132 132
44 44
197 197
59 59
119 119
171 171
158 158
90 90
16 16
135 135
11 11
121 121
1 1
195 195
134 134
104 104
81 81
149 149
185 185
190 190
150 150
110 110
162 162
82 82
0 0
