AA DT AA AC AA DT CX AN AD DN CT AM CT DN AD AA AB AE AO AP AO AE AB AH AB AG BC BJ BC AG BB BI BB BH BB AG BA BF BA BG BA BE BA AG AZ BD AZ AG BC BK FE DZ EC DX DY DX EC EB EA FC EA EI FB EI EA EB EC EE ED EP ED EE EF EL EW EX EY EX EW EL EF EE EC DZ FE BK BC AG AB AE AO AQ AO AE AB AF AS AF AB AH BN BS FF FG FF BS BN AH BM BP CE BW AI BV AI BW CE BP BM AH AB AG BC BK FE DZ EC EE EF EN EF EH FA EH EJ EZ EJ EH EF EE EC DZ FE BK BC AG AB AA
34
EN EN EO
AC AC AJ
FG FF
AS AF
BV AI
AM AM DP DQ DR
AN AD AK AL AN DS DU DV DW
AA AA
AB AB
AE AE
AG AG
AH AH
AO AO
AP AP
AQ AQ
BD BD
BE BE
BF BF
BG BG
BH BH
BI BI
BJ BJ
BK BK
DT DT
DX DX
DY DY
DZ DZ
EP EP
EX EX
EY EY
EZ EZ
FA FA
FB FB
FC FC
