112 190 36 33 85 129 172 97 168 94 13 143 60 40 123 8 95 28 102 139 118 96 121 120 66 149 136 169 64 162 56 87 38 112
32
38 20 147 117 166 151 104 0
139 102 35
102 28
56 160 170 171 157 58 42 131 138 72 114 78 59 80 152 56 41 99 34 130 184 17 70 174 182 183 124 107 14 75 163 21 144 188 6 9 44 24 154 194 181 68 105 54 187 119 49 165
87 52 71 11 84 27 81 126 127 23 53 29 146 158 69
28 95
95 83 73 109
149 149
40 40
143 143
121 121
120 120
64 64
85 85
136 136
96 96
13 13
118 118
129 129
33 33
168 168
172 172
123 123
36 36
97 97
190 190
66 66
169 169
8 8
94 94
60 60
162 162
