Soda loc18 loc72 loc79 loc35 loc6 loc44 loc40 loc44 loc6 loc22 loc43 loc26 loc67 loc26 loc43 loc22 loc63 loc30 loc23 loc61 loc12 loc63 loc86 loc96 loc86 loc10 loc63 loc22 loc43 loc26 loc67 loc90 loc45 loc49 loc45 loc32 loc45 loc66 loc36 loc66 loc45 loc90 loc67 loc26 loc43 loc22 loc64 loc8 loc31 loc41 loc31 loc8 loc17 loc83 loc91 loc68 loc38 loc41 loc31 loc8 loc64 loc72 loc6 loc44 loc89 loc39 loc40 loc85 loc87 loc63 loc12 loc92 loc53 loc55 loc29 loc95 loc28 loc13 loc55 loc53 loc96 loc99 loc86 loc63 loc3 Soda
35
loc79 loc57 loc79
loc35 loc21
loc49 loc49 loc73 loc20
loc32 loc32 loc48
loc36 loc66 loc36 loc97
loc67 loc33 loc71 loc19 loc45 loc90 loc67 loc26 loc43 loc81 loc93
loc18 loc18
loc72 loc72
loc17 loc17
loc8 loc8
loc83 loc83
loc31 loc31
loc91 loc91
loc41 loc41
loc68 loc68
loc38 loc38
loc40 loc40
loc44 loc44
loc39 loc39
loc89 loc89
loc30 loc30
loc23 loc23
loc61 loc61
loc12 loc12
loc92 loc92
loc53 loc53
loc96 loc96
loc86 loc86
loc10 loc10
loc99 loc99
loc55 loc55
loc29 loc29
loc13 loc13
loc28 loc28
loc95 loc95
