Soda loc43 loc38 loc1 loc11 loc9 loc4 loc9 loc45 loc3 loc20 loc3 loc16 loc2 loc10 loc46 loc6 loc19 loc29 loc19 loc8 loc27 loc5 loc31 loc1 loc25 loc1 loc2 loc22 loc41 loc15 loc14 loc15 loc37 loc39 loc11 loc13 loc23 loc42 loc23 loc13 loc11 loc38 loc43 loc47 loc43 loc34 loc43 Soda loc43 loc35 loc30 loc35 loc43 Soda
25
loc47 loc17
loc30 loc30 loc48
loc34 loc12
loc2 loc2
loc25 loc25
loc20 loc20
loc4 loc4
loc46 loc46
loc8 loc8
loc14 loc14
loc3 loc3
loc22 loc22
loc16 loc16
loc1 loc1
loc31 loc31
loc11 loc11
loc45 loc45
loc19 loc19
loc29 loc29
loc15 loc15
loc10 loc10
loc9 loc9
loc5 loc5
loc42 loc42
Soda Soda
