0 2 53 54 68 83 62 22 62 12 125 28 181 124 140 81 192 69 157 6 21 6 25 3 90 88 90 116 132 43 132 76 47 124 40 64 96 158 45 123 109 80 41 44 171 175 50 106 13 0
23
80 1 3 4 5 7 8 9 10 11 14 15 16 17 18 19 20 23 24 26 29 30 31 32 33 34 35 36 37 38 39 40 41 42 45 46 48 49 51 52 53 55 56 57 58 59 60 61 63 65 66 67 70 71 72 73 74 75 77 78 79 80 82 83 84 85 86 87 89 90 91 92 93 94 95 97 98 99 100
68 68
44 27 44
2 2
6 6
12 12
13 13
21 21
22 22
25 25
28 28
43 43
47 47
50 50
54 54
62 62
64 64
69 69
76 76
81 81
88 88
96 96
0 0
