48 73 186 72 163 173 61 154 53 154 115 10 46 168 20 13 165 13 93 133 50 67 50 15 137 143 167 143 125 143 0 32 64 106 170 106 6 11 79 11 6 109 168 20 169 74 66 191 96 158 177 178 104 192 102 110 102 179 174 73 48
29
178 199 141 151 56 135 107 126 157 149 175 85 123 177 196 38 5 148 136 158 147 190 182 19 176 152 21 23 181 78 9 103 193 185 117 29 194 42 113 16 119 180 101 88 138 40 7 39 87 156 52 98 69 129 2 120
163 118 60 197 58 34 163 90 25 164 36 84 108 145 3 171 137 35 155 55
186 186
73 73
143 143
20 20
93 93
154 154
109 109
133 133
115 115
66 66
167 167
11 11
191 191
110 110
46 46
48 48
10 10
79 79
64 64
179 179
170 170
165 165
125 125
74 74
53 53
67 67
0 0
