evdoyagqfp xawkqmfmmx xftptyrlvl fluzhooehk xftptyrlvl uooysjrxsb xftptyrlvl jqtguzxxsl optviwhmbr vfdsalrajq optviwhmbr ivugtsvtqb optviwhmbr jqtguzxxsl smwxdupkdv tvcolajnao xqwyvbvueh oegfbrwyrp wynbxuuxru tmrnpjqnxx wynbxuuxru epdwcjuvdr eooyfwmxln epdwcjuvdr kgktiatgjn qepegujmaa pcilmgdrgc ivgbjyugdu pcilmgdrgc jqtguzxxsl wynbxuuxru qzdrdcxoib voaumgrcuj qzdrdcxoib wynbxuuxru jqtguzxxsl xftptyrlvl qbiylslccb iwdghbmiai qbiylslccb xftptyrlvl mysadifwma robpunozly bnmegnfgii robpunozly mysadifwma xftptyrlvl uooysjrxsb nfvvjywhsb ztvejhcxjs kijbyyuzhd wtyqwjwskq ahqdrcepub byyqgjwsrp ahqdrcepub wtyqwjwskq kijbyyuzhd ztvejhcxjs nfvvjywhsb uooysjrxsb xftptyrlvl evdoyagqfp
21
bnmegnfgii mysadifwma bnmegnfgii
byyqgjwsrp oavtmpaqji vugkhjygfe qxfgqgbbdn jrmlkfexfk lnicnhmajr jrusiskazm qgfchcatzi itbfnxnauh tmatbexcil xguvjomcdt bbczvyonym uhalgukdzb wkwwcqjtxf qiqnnrlapz yiwwdwbzth ldnozwuuuq bbwcqzwyoz wwqchwdmtx hofbtczdgp gucdicwxmb qfbvncxldf xwrvhrxnqy wtlzrefwav hsjqtjkukk euqbrkzdsw afortwurqt oggftsricu kyrhqthnvz xnppuesbrr mdyuzxshey ouxenssqdu guuudgvhny qpxtrjvxpe ichabbvkhm hkempoemlv fdgcygwgjf vkrlpmybdj lcrihrmoqu rnpokwoqgt cttlxdtaiw etdxtwotzh tgkujfknod zivwgfcxqi rkyixxpcbx qepegujmaa seeyrseflx qxuqrfzzob pbefrggyje aruwdskzta stdiixwrjc cpwyxulkjm gbdejcnknd pdljcbluhp xychpimpzb xkasbvrrxd bimtbhwsby psiebvskfb scesbtewjx ahqdrcepub vnzypgtlkj bswhowadhl kijbyyuzhd byyqgjwsrp zmfuudfatm afrdrejwtp ymvlfsdhbu lndsfxewdc lkvtxfwozs osdeymjeil tgbmxdmvwe nwlccbonas xywdziunpr xifuopshzj bulywvvpni aokbiptbzc nbjyrygtdh kvfpaspidv eqdxeqvtsb
iwdghbmiai kvxwqiryyu
tmrnpjqnxx tmrnpjqnxx
kgktiatgjn kgktiatgjn
xawkqmfmmx xawkqmfmmx
fluzhooehk fluzhooehk
smwxdupkdv smwxdupkdv
vfdsalrajq vfdsalrajq
uooysjrxsb uooysjrxsb
evdoyagqfp evdoyagqfp
tvcolajnao tvcolajnao
voaumgrcuj voaumgrcuj
optviwhmbr optviwhmbr
oegfbrwyrp oegfbrwyrp
eooyfwmxln eooyfwmxln
xqwyvbvueh xqwyvbvueh
wynbxuuxru wynbxuuxru
pcilmgdrgc pcilmgdrgc
ivugtsvtqb ivugtsvtqb
ivgbjyugdu ivgbjyugdu
