0 60 54 80 39 84 44 89 49 4 79 90 85 55 58 42 40 65 67 68 32 31 32 36 37 88 47 46 47 45 29 94 99 52 51 52 50 80 82 81 12 11 12 10 13 10 30 33 30 95 97 95 5 8 5 7 71 72 70 80 83 80 45 48 45 60 63 60 90 92 90 15 18 15 17 16 17 15 20 23 20 55 57 55 25 28 25 85 77 76 77 85 87 86 87 85 0
48
8 8 5
51 51 52
23 23 20
84 84
82 82
86 86
80 80
63 63
88 88
60 60
44 44
31 31
97 97
33 33
29 29
54 54
40 40
65 65
99 99
48 48
46 46
79 79
55 55
58 58
81 81
13 13
11 11
32 32
83 83
89 89
16 16
90 90
85 85
71 71
18 18
39 39
67 67
92 92
42 42
76 76
57 57
28 28
37 37
68 68
4 4
49 49
94 94
0 0
