0 3 0 110 180 124 179 104 64 139 134 74 54 69 159 149 99 105 44 100 15 25 55 95 145 148 145 125 128 125 39 35 37 36 37 35 120 114 195 135 79 184 154 144 160 94 129 72 129 189 182 181 182 180 20 30 65 68 65 67 123 67 66 12 11 12 10 13 2 101 102 108 82 169 52 135 138 135 195 197 195 110 113 17 16 17 104 185 187 186 42 41 42 186 132 131 132 130 133 130 30 32 58 55 95 87 95 97 95 190 192 190 35 38 35 120 122 151 152 150 75 78 75 165 168 117 166 117 116 77 115 118 27 25 28 2 40 43 40 180 183 47 120 170 172 170 140 142 140 44 110 57 56 57 110 135 137 136 137 160 162 161 162 160 49 90 92 91 92 90 45 0
94
183 47 183
56 57 56
16 16 17
113 113
91 91 92
118 27 118
142 141 142
66 66
68 68
192 192
122 122
3 3
134 134
124 124
15 15
37 37
82 82
186 186
104 104
13 13
180 180
38 38
131 131
116 116
36 36
132 132
136 136
64 64
2 2
139 139
166 166
25 25
102 102
65 65
55 55
184 184
149 149
97 97
43 43
145 145
172 172
99 99
12 12
100 100
148 148
181 181
95 95
28 28
114 114
128 128
35 35
179 179
94 94
87 87
20 20
105 105
182 182
108 108
54 54
152 152
154 154
138 138
159 159
101 101
110 110
67 67
74 74
78 78
39 39
69 69
161 161
133 133
160 160
32 32
42 42
44 44
120 120
123 123
52 52
72 72
189 189
11 11
135 135
125 125
168 168
30 30
129 129
41 41
144 144
187 187
197 197
79 79
58 58
195 195
