loc0 loc193 loc13 loc193 loc0 loc121 loc31 loc148 loc40 loc148 loc76 loc148 loc58 loc184 loc94 loc122 loc95 loc122 loc50 loc122 loc176 loc68 loc158 loc62 loc188 loc23 loc188 loc86 loc158 loc59 loc188 loc98 loc161 loc80 loc161 loc44 loc179 loc17 loc179 loc89 loc179 loc53 loc107 loc35 loc107 loc71 loc143 loc8 loc143 loc26 loc169 loc7 loc124 loc61 loc187 loc70 loc187 loc88 loc196 loc16 loc196 loc43 loc115 loc79 loc151 loc34 loc187 loc97 loc133 loc52 loc133 loc78 loc150 loc42 loc150 loc69 loc105 loc96 loc195 loc60 loc195 loc51 loc195 loc15 loc177 loc24 loc159 loc87 loc123 loc93 loc123 loc33 loc123 loc30 loc183 loc3 loc129 loc75 loc129 loc4 loc157 loc49 loc157 loc12 loc120 loc22 loc157 loc67 loc157 loc85 loc157 loc21 loc183 loc6 loc183 loc174 loc99 loc135 loc18 loc153 loc10 loc109 loc118 loc2 loc128 loc74 loc110 loc11 loc110 loc74 loc128 loc173 loc38 loc112 loc40 loc103 loc166 loc115 loc25 loc115 loc166 loc103 loc0
60
loc11 loc11 loc47 loc74 loc92
loc135 loc1 loc9 loc18 loc27 loc36 loc39 loc45 loc48 loc54 loc55 loc57 loc63 loc66 loc72 loc81 loc82 loc84 loc90 loc91 loc99 loc100
loc118 loc2 loc5 loc10 loc14 loc19 loc20 loc28 loc29 loc32 loc37 loc38 loc41 loc46 loc56 loc64 loc65 loc73 loc77 loc83
loc3 loc3
loc4 loc4
loc6 loc6
loc7 loc7
loc8 loc8
loc12 loc12
loc13 loc13
loc15 loc15
loc16 loc16
loc17 loc17
loc21 loc21
loc22 loc22
loc23 loc23
loc24 loc24
loc25 loc25
loc26 loc26
loc30 loc30
loc31 loc31
loc33 loc33
loc34 loc34
loc35 loc35
loc40 loc40
loc42 loc42
loc43 loc43
loc44 loc44
loc49 loc49
loc50 loc50
loc51 loc51
loc52 loc52
loc53 loc53
loc58 loc58
loc59 loc59
loc60 loc60
loc61 loc61
loc62 loc62
loc67 loc67
loc68 loc68
loc69 loc69
loc70 loc70
loc71 loc71
loc75 loc75
loc76 loc76
loc78 loc78
loc79 loc79
loc80 loc80
loc85 loc85
loc86 loc86
loc87 loc87
loc88 loc88
loc89 loc89
loc93 loc93
loc94 loc94
loc95 loc95
loc96 loc96
loc97 loc97
loc98 loc98
loc0 loc0
