loc0 loc49 loc4 loc39 loc13 loc39 loc16 loc34 loc25 loc44 loc8 loc32 loc23 loc41 loc14 loc41 loc5 loc38 loc20 loc38 loc11 loc38 loc2 loc47 loc10 loc47 loc19 loc37 loc1 loc31 loc22 loc44 loc17 loc43 loc16 loc42 loc6 loc48 loc21 loc40 loc1 loc45 loc18 loc45 loc1 loc49 loc0
20
loc18 loc9 loc18
loc6 loc3 loc6 loc7 loc15 loc24
loc21 loc12 loc21
loc1 loc1
loc2 loc2
loc4 loc4
loc5 loc5
loc8 loc8
loc10 loc10
loc11 loc11
loc13 loc13
loc14 loc14
loc16 loc16
loc17 loc17
loc19 loc19
loc20 loc20
loc22 loc22
loc23 loc23
loc25 loc25
loc0 loc0
