loc0 loc76 loc13 loc58 loc40 loc58 loc49 loc58 loc31 loc58 loc4 loc72 loc99 loc45 loc63 loc3 loc93 loc12 loc57 loc33 loc60 loc6 loc60 loc21 loc60 loc15 loc69 loc42 loc87 loc24 loc88 loc7 loc88 loc34 loc97 loc43 loc70 loc22 loc94 loc32 loc86 loc5 loc68 loc50 loc68 loc14 loc67 loc2 loc65 loc82 loc65 loc14 loc86 loc23 loc95 loc41 loc98 loc8 loc89 loc44 loc62 loc17 loc71 loc35 loc53 loc26 loc53 loc25 loc79 loc16 loc79 loc25 loc70 loc0
34
loc45 loc3 loc9 loc18 loc27 loc30 loc36 loc45
loc82 loc1 loc10 loc11 loc19 loc20 loc28 loc29 loc37 loc38 loc46 loc47
loc72 loc39 loc48
loc2 loc2
loc4 loc4
loc5 loc5
loc6 loc6
loc7 loc7
loc8 loc8
loc12 loc12
loc13 loc13
loc14 loc14
loc15 loc15
loc16 loc16
loc17 loc17
loc21 loc21
loc22 loc22
loc23 loc23
loc24 loc24
loc25 loc25
loc26 loc26
loc31 loc31
loc32 loc32
loc33 loc33
loc34 loc34
loc35 loc35
loc40 loc40
loc41 loc41
loc42 loc42
loc43 loc43
loc44 loc44
loc49 loc49
loc50 loc50
loc0 loc0
