99 58 149 154 122 48 26 199 39 199 42 107 158 81 100 81 9 81 126 49 10 49 125 193 142 193 27 116 117 116 163 69 173 69 83 69 25 84 166 84 160 120 171 120 53 162 0 21 78 21 5 23 180 37 190 16 148 121 18 43 66 43 56 43 97 137 150 137 186 85 127 60 8 135 61 54 129 28 108 106 159 131 159 164 95 24 194 40 2 112 71 192 71 80 62 73 62 161 76 103 52 22 52 92 52 167 58 99 176 102 58 1 12 139 33 19 184 194 63 2 86 181 86 146 86 168 157 96 132 96 157 172 157 119 196 88 101 111 138 20 138 170 113 51 113 30 113 124 113 64 165 23 17 16 185 45 41 45 59 113 114 23 169 104 130 104 31 82 144 55 93 94 107 68 16 47 95 183 85 174 108 151 6 79 178 145 115 32 152 90 152 32 99
91
90 90 98 155
79 4 15 34 70 75 123 178 188
145 35
0 0
1 1
5 5
8 8
9 9
10 10
12 12
17 17
18 18
20 20
22 22
24 24
25 25
26 26
27 27
28 28
30 30
33 33
39 39
40 40
41 41
42 42
47 47
51 51
53 53
55 55
56 56
59 59
61 61
63 63
66 66
68 68
73 73
78 78
80 80
82 82
83 83
88 88
92 92
94 94
97 97
99 99
100 100
102 102
103 103
106 106
111 111
112 112
114 114
117 117
119 119
122 122
124 124
125 125
126 126
127 127
130 130
131 131
132 132
142 142
146 146
148 148
149 149
150 150
151 151
158 158
160 160
161 161
163 163
164 164
165 165
166 166
167 167
168 168
169 169
170 170
171 171
172 172
173 173
174 174
180 180
181 181
183 183
184 184
185 185
186 186
190 190
192 192
