loc189 loc17 loc191 loc38 loc185 loc109 loc40 loc163 loc59 loc188 loc125 loc159 loc98 loc168 loc101 loc100 loc58 loc79 loc66 loc85 loc0 loc16 loc158 loc25 loc50 loc189
24
loc85 loc172 loc180 loc104 loc55 loc96 loc23 loc147 loc165 loc150 loc190 loc94 loc53 loc11 loc161 loc39 loc139 loc15 loc4 loc111 loc76 loc34 loc18 loc153 loc131 loc119 loc112 loc62 loc85 loc70 loc31 loc95 loc152 loc127 loc135 loc32 loc22 loc108 loc20 loc54 loc114 loc73 loc154 loc164 loc133 loc169 loc148 loc195 loc113
loc79 loc61 loc184 loc194 loc36 loc47 loc156 loc177 loc117 loc136 loc79 loc145 loc27 loc143 loc77 loc74 loc83 loc183
loc125 loc88 loc78 loc125 loc146 loc162 loc26
loc159 loc128 loc41 loc65 loc129 loc69 loc37 loc159
loc50 loc50
loc16 loc142 loc16
loc25 loc25 loc86
loc188 loc188
loc168 loc168
loc158 loc158
loc109 loc109
loc191 loc191
loc185 loc185
loc40 loc40
loc59 loc59
loc0 loc0
loc101 loc101
loc38 loc38
loc163 loc163
loc98 loc98
loc66 loc66
loc58 loc58
loc17 loc17
loc100 loc100
