10 50 53 52 51 184 186 50 10 23 3 41 10 50 112 111 109 108 107 106 104 103 102 101 99 98 97 96 79 61 190 191 192 193 54 50 10
29
184 184 185
186 186 187
41 6 7 8 11 12 15 29 32 34 35 36 37 38 39 41 42 43
3 1 2 3 5
23 21 22 23 25
79 66 67 68 69 71 72 73 74 76 77 78 79 81 82 83 84 86 87 88 89 91 92 93 94
61 56 57 58 59 61 62 63 64 196 197 198 199
51 51
52 52
53 53
54 54
96 96
97 97
98 98
99 99
101 101
102 102
103 103
104 104
106 106
107 107
108 108
109 109
111 111
112 112
190 190
191 191
192 192
193 193
