Soda DX Soda B GO Soda E Soda H Soda Q Soda BR Soda DC Soda AX Soda BU Soda DO Soda DT Soda GF Soda GI Soda AA Soda AT Soda BX Soda GC Soda FR Soda DZ Soda CA Soda FU Soda FG Soda DJ Soda AJ Soda BO Soda FD Soda DQ Soda DA Soda O Soda U Soda AG Soda BT Soda GK Soda FJ Soda DU Soda X Soda AW Soda BJ Soda K Soda FX Soda FA Soda AD Soda BD Soda AZ Soda AO Soda
46
DX DW DX
B C
E F
H I
Q R
BR BQ
DC DD
K K
O O
U U
X X
AA AA
AD AD
AG AG
AJ AJ
AO AO
AT AT
AW AW
AX AX
AZ AZ
BD BD
BJ BJ
BO BO
BT BT
BU BU
BX BX
CA CA
GC GC
GF GF
GI GI
GK GK
GO GO
FR FR
FU FU
FX FX
FA FA
FD FD
FG FG
FJ FJ
DO DO
DT DT
DZ DZ
DJ DJ
DQ DQ
DU DU
DA DA
