woebegone encumbrance transonic Simon yogurt trimester Curtis illusion griddle illusion transfuse trimester deduce Tucson extrovert Andersen cowhand explosion archive dull archive papal car softball archive swingy Fisk mediate funky millennium inform secondary inform noon MN exothermic MN casserole renaissance casserole felony equipping felony Isfahan thoroughfare balustrade babysat funny McCall diligent numerology stanza administer trill fulsome embroil septillion oriole bunch midstream confrontation relaxation Irvin mack Zorn December Hewlett Durango Reilly Durango sinh monotonous dreadnought monotonous Durango directory bat Winchester connubial postscript Wheller creekside Amtrak swordfish Rodney Auberge Rodney Simon Goodrich Elizabethan Darwin catenate thirteen involuntary spill mitre lexicon Vega lexicon choice shovel wingspread funny switchmen imperishable switchmen Gilmore simulate Stephen PDP whatsoever nowhere yearn barnacle broil involuntary slowdown involuntary backplate fatten coarse fatten decor anvil Modesto numerology viscous numerology sphalerite archive update icon felony tate felony woebegone
93
update bifurcate icon update
Stephen PDP Stephen Sunday limitate oriole silage simulate
nowhere whatsoever
Andersen Andersen
Auberge Auberge
Curtis Curtis
Darwin Darwin
December December
Durango Durango
Fisk Fisk
Gilmore Gilmore
Goodrich Goodrich
Hewlett Hewlett
Irvin Irvin
Isfahan Isfahan
McCall McCall
Modesto Modesto
Reilly Reilly
Rodney Rodney
Simon Simon
Tucson Tucson
Vega Vega
Wheller Wheller
Winchester Winchester
Zorn Zorn
administer administer
anvil anvil
archive archive
babysat babysat
backplate backplate
barnacle barnacle
bat bat
broil broil
bunch bunch
car car
casserole casserole
catenate catenate
choice choice
coarse coarse
connubial connubial
deduce deduce
diligent diligent
directory directory
dreadnought dreadnought
dull dull
embroil embroil
equipping equipping
exothermic exothermic
explosion explosion
extrovert extrovert
felony felony
fulsome fulsome
funky funky
funny funny
griddle griddle
illusion illusion
imperishable imperishable
inform inform
involuntary involuntary
mack mack
mediate mediate
midstream midstream
millennium millennium
mitre mitre
monotonous monotonous
noon noon
numerology numerology
papal papal
postscript postscript
relaxation relaxation
renaissance renaissance
secondary secondary
septillion septillion
shovel shovel
sinh sinh
slowdown slowdown
softball softball
sphalerite sphalerite
spill spill
stanza stanza
swingy swingy
swordfish swordfish
tate tate
thirteen thirteen
thoroughfare thoroughfare
transfuse transfuse
transonic transonic
trimester trimester
viscous viscous
wingspread wingspread
yearn yearn
yogurt yogurt
Amtrak Amtrak
