Loc35 Loc62 Loc80 Loc22 Loc24 Loc73 Loc0 Loc74 Loc86 Loc73 Loc25 Loc92 Loc4 Loc89 Loc78 Loc84 Loc46 Loc96 Loc7 Loc60 Loc34 Loc51 Loc95 Loc31 Loc44 Loc17 Loc77 Loc52 Loc81 Loc51 Loc35
24
Loc95 Loc97 Loc67 Loc58 Loc54 Loc95 Loc37 Loc13
Loc52 Loc39 Loc65 Loc79 Loc93 Loc48 Loc71 Loc41 Loc10 Loc33 Loc28 Loc14 Loc15 Loc66 Loc52 Loc63 Loc47 Loc64 Loc90
Loc44 Loc23 Loc70 Loc1 Loc44
Loc24 Loc24
Loc89 Loc89
Loc77 Loc77
Loc84 Loc84
Loc86 Loc86
Loc74 Loc74
Loc78 Loc78
Loc46 Loc46
Loc31 Loc31
Loc7 Loc7
Loc62 Loc62
Loc73 Loc73
Loc25 Loc25
Loc51 Loc51
Loc22 Loc22
Loc0 Loc0
Loc81 Loc81
Loc4 Loc4
Loc92 Loc92
Loc34 Loc34
Loc80 Loc80
