Loc151 Loc130 Loc171 Loc177 Loc41 Loc98 Loc165 Loc172 Loc184 Loc3 Loc170 Loc115 Loc36 Loc104 Loc0 Loc156 Loc148 Loc33 Loc49 Loc92 Loc160 Loc158 Loc182 Loc20 Loc142 Loc128 Loc16 Loc146 Loc173 Loc72 Loc109 Loc151
28
Loc171 Loc4 Loc130 Loc48 Loc131 Loc135 Loc171
Loc173 Loc55 Loc94 Loc47 Loc6 Loc77 Loc27 Loc93 Loc7 Loc127 Loc147 Loc34 Loc122 Loc68 Loc85 Loc124 Loc62 Loc185 Loc54 Loc96 Loc102 Loc195 Loc46 Loc99 Loc187 Loc118 Loc194 Loc66 Loc157 Loc52 Loc173 Loc2 Loc181 Loc38 Loc161 Loc163 Loc89 Loc117 Loc110 Loc50 Loc141 Loc24 Loc167 Loc21 Loc59 Loc61 Loc32 Loc65 Loc13 Loc126 Loc180 Loc138 Loc17 Loc15 Loc72 Loc58 Loc190 Loc183 Loc28 Loc123 Loc111 Loc125 Loc166 Loc70
Loc109 Loc109 Loc120 Loc154 Loc43 Loc101 Loc57 Loc134
Loc49 Loc49
Loc16 Loc16
Loc184 Loc184
Loc177 Loc177
Loc160 Loc160
Loc170 Loc170
Loc41 Loc41
Loc151 Loc151
Loc172 Loc172
Loc36 Loc36
Loc156 Loc156
Loc98 Loc98
Loc92 Loc92
Loc20 Loc20
Loc115 Loc115
Loc33 Loc33
Loc104 Loc104
Loc148 Loc148
Loc142 Loc142
Loc158 Loc158
Loc165 Loc165
Loc3 Loc3
Loc182 Loc182
Loc128 Loc128
Loc0 Loc0
