1 79 1 8 9 84 9 38 90 38 40 71 40 15 85 15 12 52 12 33 72 33 11 78 11 23 55 23 14 89 14 25 86 25 13 58 13 21 61 21 47 93 47 39 69 39 32 80 32 48 88 48 5 76 5 29 73 29 2 57 2 42 59 42 10 65 10 24 53 24 45 75 45 35 87 35 26 51 26 4 67 4 34 62 34 3 92 3 22 81 22 16 49 16 41 94 41 37 1
35
37 50 54 56 60 63 64 68 70 74 77 83 95 96
90 82 90 91
8 66
49 49
51 51
52 52
53 53
55 55
57 57
58 58
59 59
61 61
62 62
65 65
67 67
69 69
71 71
72 72
73 73
75 75
76 76
78 78
79 79
80 80
81 81
84 84
85 85
86 86
87 87
88 88
89 89
92 92
93 93
94 94
1 1
