1 49 1 128 1 9 72 9 73 9 38 61 38 8 56 8 22 71 22 94 22 16 91 16 133 16 3 97 3 112 3 23 55 23 108 23 11 65 11 142 11 12 59 12 116 12 15 85 15 103 15 33 67 33 127 33 40 87 40 117 40 47 113 47 141 47 21 82 21 138 21 13 79 13 109 13 25 80 25 86 25 14 75 14 105 14 34 50 34 77 34 41 106 41 137 41 29 96 29 129 29 5 90 5 93 5 48 58 48 68 48 39 52 39 57 39 32 135 32 139 32 24 88 24 134 24 10 76 10 132 10 42 89 42 104 42 26 100 26 121 26 4 51 4 118 4 35 84 35 92 35 45 74 45 122 45 2 62 2 81 2 37 1
66
56 56 123
37 53 60 63 64 66 69 78 83 95 98 99 101 102 107 110 114 115 119 120 124 125 126 130 131 136 140
61 54 61 70 111 143 144
49 49
50 50
51 51
52 52
55 55
57 57
58 58
59 59
62 62
65 65
67 67
68 68
71 71
72 72
73 73
74 74
75 75
76 76
77 77
79 79
80 80
81 81
82 82
84 84
85 85
86 86
87 87
88 88
89 89
90 90
91 91
92 92
93 93
94 94
96 96
97 97
100 100
103 103
104 104
105 105
106 106
108 108
109 109
112 112
113 113
116 116
117 117
118 118
121 121
122 122
127 127
128 128
129 129
132 132
133 133
134 134
135 135
137 137
138 138
139 139
141 141
142 142
1 1
