1 1eJ 1bX 1cC 1bT 1dH 1cJ K 1bF 1dW 1eI 1cX 1dZ 1bW 1bY 1cU K 1bO 1dE 1dT 1aJ 1cF 1eH 1bE 1bR 1cY 1cB 1dK 1cW 1dA 1dR 1cO 1dD 1bJ 1cK 1dM 1eX 1aW 1dS K 1aK 1cI 1dO 1cE 1bV 1eG 1cP 1dG 1bL 1aB 1cH 1eX 1cR 1aA 1dN 1bN 1cD 1cV 1aN K 1aT 1bA 1eE 1dF 1aI 1aR 1cZ 1dJ 1eX 1cT 1dV 1cN 1eX 1bM 1eB 1bS 1eF 1aC 1eO 1dP 1eD 1bB 1dC 1aU 1bQ K 1bD 1eO 1aV 1cG 1dY 1aJ 1bG 1cQ 1bU 1eO 1aS 1bP 1bH 1eX 1cS 1eO 1aL 1
87
1eI 1aE 1aJ 1aQ 1eI
1cJ 1cJ 1dI
1bF 1aM 1aP 1aX 1aY 1aZ 1bC 1bF 1bK 1eA 1eC
1 1
1aA 1aA
1aB 1aB
1aC 1aC
1aI 1aI
1aK 1aK
1aL 1aL
1aN 1aN
1aR 1aR
1aS 1aS
1aT 1aT
1aU 1aU
1aV 1aV
1aW 1aW
1bA 1bA
1bB 1bB
1bD 1bD
1bE 1bE
1bG 1bG
1bH 1bH
1bJ 1bJ
1bL 1bL
1bM 1bM
1bN 1bN
1bO 1bO
1bP 1bP
1bQ 1bQ
1bR 1bR
1bS 1bS
1bT 1bT
1bU 1bU
1bV 1bV
1bW 1bW
1bX 1bX
1bY 1bY
1cB 1cB
1cC 1cC
1cD 1cD
1cE 1cE
1cF 1cF
1cG 1cG
1cH 1cH
1cI 1cI
1cK 1cK
1cN 1cN
1cO 1cO
1cP 1cP
1cQ 1cQ
1cR 1cR
1cS 1cS
1cT 1cT
1cU 1cU
1cV 1cV
1cW 1cW
1cX 1cX
1cY 1cY
1cZ 1cZ
1dA 1dA
1dC 1dC
1dD 1dD
1dE 1dE
1dF 1dF
1dG 1dG
1dH 1dH
1dJ 1dJ
1dK 1dK
1dM 1dM
1dN 1dN
1dO 1dO
1dP 1dP
1dR 1dR
1dS 1dS
1dT 1dT
1dV 1dV
1dW 1dW
1dY 1dY
1dZ 1dZ
1eB 1eB
1eD 1eD
1eE 1eE
1eF 1eF
1eG 1eG
1eH 1eH
1eJ 1eJ
