153 165 134 74 89 20 7 76 124 76 196 13 86 22 126 16 75 146 181 136 181 26 172 152 28 182 194 135 117 16 11 165 153 170 47 106 44 96 128 171 92 147 199 194 86 4 153
29
92 127 29 119 81 140 145 118 2 3 197 160 68 70 90 37 112 163 98 178 156 52 8 61 137 40 41 60 42 138 56 122 23 95 99 88 19 35 177 192 53 180 161 131 187 169 0 108 77 83 195 43 147 79 171 179 5 50
47 12 58 15 113 21 47 188 93 129 120 36 96 184 167 34
44 168 150 49
196 196
126 126
26 26
13 13
124 124
86 86
182 182
89 89
4 4
16 16
11 11
153 153
135 135
194 194
172 172
7 7
74 74
128 128
136 136
146 146
152 152
134 134
170 170
20 20
28 28
199 199
