htb26qt 59yzvtv l8yypbh wqkqf k3qywmpr ysiw8m4l 87jxa 1161ildqnj zou7sx9w pmyqr i6lsw66h jeiqok ozag34bm9 1ca2x2cnc 188h5ax itbc25it1yep q42s9z886w5 812l47wm 4ka6l1c8w vrem3ey3kg44 2akx591l5c kwtb3cg 9egqgrh7x4e s9vu9xx884 37v6d tjwldi qq3mi nm7ud htb26qt
20
s9vu9xx884 yhvc7zg iffsi txlltgki 9lvbrlgk p9mtts ushjdkdhm9 g2g6fxcwr2l yhp7wbv9 y3eg7gqq6 5stwoup nd9xavj 7hz6j8 itrx5fucdq 6k7du yg6hizqty 6u4sf1gi 7pbkkbbpw ynuam4f8 tu8xxomxhi 9oii82xaa 812l47wm euhqqqmdpe dlkmpx hwu8dv9jgknbm pt2n7hl ht1efrhmh gd5ct4 kxhc6t8tu aplkk57cpzm mw8g2qjo1 9egqgrh7x4e mucolb1r e7lxs zjh83ae 8m3pascg 52a3fj2zh fej54ps5j obabms 3khitn6 h1gz5hzz vl6czuab ay5sahonq84 uzsjpl5f5 dt4ljfgjkizpq x73l73jp art44ncra yr44oj2 yx6dguko pwqxinlzb3s s9vu9xx884 8jea4n4ez 4w6uhigzl ilaz9q 37v6d hq5mh8mi 8gc7dka8lfy a5u8g4sej t4iedm
nm7ud og6n7bgq8h nm7ud 1jhmm8m85 ic2r4blmm9 grn3uqx9y hc2hf5t8 piawzpgtzz9
tjwldi tjwldi f92ere3 hyc885fvjls
zou7sx9w zou7sx9w
wqkqf wqkqf
ozag34bm9 ozag34bm9
l8yypbh l8yypbh
pmyqr pmyqr
4ka6l1c8w 4ka6l1c8w
kwtb3cg kwtb3cg
ysiw8m4l ysiw8m4l
i6lsw66h i6lsw66h
vrem3ey3kg44 vrem3ey3kg44
k3qywmpr k3qywmpr
q42s9z886w5 q42s9z886w5
1161ildqnj 1161ildqnj
1ca2x2cnc 1ca2x2cnc
87jxa 87jxa
59yzvtv 59yzvtv
itbc25it1yep itbc25it1yep
