M2S9flVUcYP2sJdh8LXf MtQDjkLToWj4d53MMhKG nbZglhhmYQAPQz4eETaj MtQDjkLToWj4d53MMhKG pNXWB5geApaSjbsCCT4J Dt5YfbjQq6VoKnyw6Zav JajH9BPb1gw5kQ2oTRnP dOKaHsIcDX32wPXAX2Gt uy6RcQAYd3ATM1Icq3my LxEzX08MG9T8knIYbul0 LNMZej67uy0Whvqp5OR1 Dc1wEVV3kuOZotG6pNlL k7k4sHxeh1pR4sOjcVuj Dc1wEVV3kuOZotG6pNlL ag5vZ07KPwCr1Lpz8zM0 fmFrd4vggNac5TkiFJAd Z8MZ2JfftjeVVnGFSOQe PbYOO88SokShsv7XrgBm W4IxjYZtRN88GGSV9Uoc Jjat3uJ5XboI9kZe0522 L8bxdxuDa5issn2PiN3u tVhIJJgs0kEFaQx1hdWm cdaizmjQrCe5Vnwy3JQF H59EihDjhfpS7ToXFM3L M2S9flVUcYP2sJdh8LXf sH3pvLOfMUrEGUrmsHCu tuE7UekaxGUib4idWtYa 93aDiM8K0XhtiVcCVKi2 iT2zQSDYRjiXtqbN78gH 93aDiM8K0XhtiVcCVKi2 X9TJsvmT50zYeG0q6XSG Bc6dudheE3WGLxP0iDdK E84Fbb1fDMRXU6XgwbS0 Bc6dudheE3WGLxP0iDdK X9TJsvmT50zYeG0q6XSG wYRR07UrNAdstlFcx7n2 m1IYiQsUBuvvpTv7yWXO 8KfYYXeMqM0D4nShLOzi 4bQwji0D4wyEDLd54MWv 9GrchmlNCDIapQ9OnEYh 9Jr76N4fnNot7SNYqBKG tUowOUG1V7iCXBCMR0AT yHMPX8vHctuUweyLluyz 5gumrx48u1yPpF6ivPOI vxiwkV1b5fV2sGCBFsRQ zdtRVpQ9lVyEhNj9Evpp gZVNRDm5p6aX5QEEX8UG 7TbbztQ90wmMzxjLFXzq oWxP87H6AXwFzF0dpB9d jgcWqrcniA4q9WNs9xkc oWxP87H6AXwFzF0dpB9d Eu0wGcDBBrgvePzHfqrS ECCnzlgsMEvTYjNwAlfM NMTjl1jsvrb7y2ggdCSc XmlH4l2BXG35TF70bZqZ NMTjl1jsvrb7y2ggdCSc L8bxdxuDa5issn2PiN3u yZPIHwySFuIdRJCMzjnz M2S9flVUcYP2sJdh8LXf S8uMGvUglWyhnfV5Wzdp M2S9flVUcYP2sJdh8LXf
40
E84Fbb1fDMRXU6XgwbS0 PZrpdQAa8H8tkrajh08J Bc6dudheE3WGLxP0iDdK Z0DuoZMcx6oyDPWFznMK
S8uMGvUglWyhnfV5Wzdp dKH5OdpmJKCU83bbXVxZ S8uMGvUglWyhnfV5Wzdp Pqf0Sn4UvsBLaxz7WO4n v0QJIKD4q7sFXrzFSb6J Kfu1pc3YPMGebW7Iu8ex 48nWZMVqWDxfH9uMf2U3 EtrZREkmL456viQQJ9Rb zD7ErBenXxsG4D9b5TEV 0uvEfLgT4s8ImTk9VWBt
iT2zQSDYRjiXtqbN78gH 93aDiM8K0XhtiVcCVKi2 vodEvdIApqt0N3TZsbxN
Dt5YfbjQq6VoKnyw6Zav Dt5YfbjQq6VoKnyw6Zav
Eu0wGcDBBrgvePzHfqrS Eu0wGcDBBrgvePzHfqrS
m1IYiQsUBuvvpTv7yWXO m1IYiQsUBuvvpTv7yWXO
H59EihDjhfpS7ToXFM3L H59EihDjhfpS7ToXFM3L
tUowOUG1V7iCXBCMR0AT tUowOUG1V7iCXBCMR0AT
5gumrx48u1yPpF6ivPOI 5gumrx48u1yPpF6ivPOI
gZVNRDm5p6aX5QEEX8UG gZVNRDm5p6aX5QEEX8UG
sH3pvLOfMUrEGUrmsHCu sH3pvLOfMUrEGUrmsHCu
vxiwkV1b5fV2sGCBFsRQ vxiwkV1b5fV2sGCBFsRQ
LNMZej67uy0Whvqp5OR1 LNMZej67uy0Whvqp5OR1
ECCnzlgsMEvTYjNwAlfM ECCnzlgsMEvTYjNwAlfM
tVhIJJgs0kEFaQx1hdWm tVhIJJgs0kEFaQx1hdWm
NMTjl1jsvrb7y2ggdCSc NMTjl1jsvrb7y2ggdCSc
yHMPX8vHctuUweyLluyz yHMPX8vHctuUweyLluyz
9Jr76N4fnNot7SNYqBKG 9Jr76N4fnNot7SNYqBKG
L8bxdxuDa5issn2PiN3u L8bxdxuDa5issn2PiN3u
Z8MZ2JfftjeVVnGFSOQe Z8MZ2JfftjeVVnGFSOQe
Jjat3uJ5XboI9kZe0522 Jjat3uJ5XboI9kZe0522
4bQwji0D4wyEDLd54MWv 4bQwji0D4wyEDLd54MWv
jgcWqrcniA4q9WNs9xkc jgcWqrcniA4q9WNs9xkc
uy6RcQAYd3ATM1Icq3my uy6RcQAYd3ATM1Icq3my
zdtRVpQ9lVyEhNj9Evpp zdtRVpQ9lVyEhNj9Evpp
fmFrd4vggNac5TkiFJAd fmFrd4vggNac5TkiFJAd
LxEzX08MG9T8knIYbul0 LxEzX08MG9T8knIYbul0
8KfYYXeMqM0D4nShLOzi 8KfYYXeMqM0D4nShLOzi
nbZglhhmYQAPQz4eETaj nbZglhhmYQAPQz4eETaj
W4IxjYZtRN88GGSV9Uoc W4IxjYZtRN88GGSV9Uoc
pNXWB5geApaSjbsCCT4J pNXWB5geApaSjbsCCT4J
9GrchmlNCDIapQ9OnEYh 9GrchmlNCDIapQ9OnEYh
M2S9flVUcYP2sJdh8LXf M2S9flVUcYP2sJdh8LXf
XmlH4l2BXG35TF70bZqZ XmlH4l2BXG35TF70bZqZ
oWxP87H6AXwFzF0dpB9d oWxP87H6AXwFzF0dpB9d
dOKaHsIcDX32wPXAX2Gt dOKaHsIcDX32wPXAX2Gt
cdaizmjQrCe5Vnwy3JQF cdaizmjQrCe5Vnwy3JQF
k7k4sHxeh1pR4sOjcVuj k7k4sHxeh1pR4sOjcVuj
yZPIHwySFuIdRJCMzjnz yZPIHwySFuIdRJCMzjnz
MtQDjkLToWj4d53MMhKG MtQDjkLToWj4d53MMhKG
