Chattanooga Cleveland NewOrleans ElPaso Dayton Plano Fresno GrandRapids Fresno Worcester Fresno MorenoValley Anaheim MorenoValley Tallahassee Buffalo Pomona FortCollins Durham MorenoValley Anaheim NewYork SantaClarita RanchoCucamonga Newark NewOrleans SantaAna OklahomaCity Irvine Norfolk SaintPaul Norfolk Frisco Seattle Carrollton Surprise OverlandPark Scottsdale Riverside Indianapolis Jackson HuntingtonBeach Boise SanBernardino Joliet Madison Denton ElPaso CorpusChristi Berkeley FortWayne Fresno Portland Glendale Dayton ElPaso Chattanooga
21
OverlandPark Yonkers LittleRock GardenGrove Aurora DesMoines Surprise Phoenix Jacksonville Oceanside Baltimore Fremont Riverside Memphis Tacoma Wichita Paterson Ontario Bakersfield McAllen Charlotte Honolulu Tempe Spokane Shreveport GrandPrairie NewportNews Lexington Olathe SanFrancisco Scottsdale Vancouver Indianapolis Murfreesboro Anchorage FortWorth Austin SanJose Fayetteville Oxnard FortLauderdale Savannah CapeCoral BatonRouge Waco Chicago KansasCity Richmond Salem Midland LosAngeles Fontana PortStLucie Orange Toledo Frisco SanDiego
Boise Joliet Lincoln SanBernardino SantaClarita Madison Louisville Hayward Boston Boise SanAntonio Akron
SaintPaul Washington Irvine Raleigh SaintPaul Syracuse
Berkeley Knoxville Springfield Cincinnati ChulaVista Berkeley
Frisco Henderson
Denton Orlando Denton
Jackson Alexandria Brownsville Corona Naperville Jackson Lubbock
Worcester Worcester
Cleveland Cleveland
Glendale Glendale
Anaheim Anaheim
Durham Durham
SantaAna SantaAna
ElPaso ElPaso
GrandRapids GrandRapids
NewYork NewYork
Buffalo Buffalo
Tallahassee Tallahassee
Plano Plano
Newark Newark
Pomona Pomona
