Taylorville Valerietown Taylorville Weberside Jonesbury Lloydton Smithborough Lloydton Stephensonburgh Lloydton Jonesbury Jamestown Glasston Jamestown Jonesbury Weberside Eduardotown Sullivanmouth Underwoodborough Sullivanmouth Michaelville Sullivanmouth Eduardotown Weberside Taylorville Alejandroport Shawnport Mariaview Kristenmouth Alexmouth Kristenmouth Stevenshire Kristenmouth Mariaview Saraport Underwoodmouth Saraport Lewisburgh Saraport Mariaview Shawnport Alejandroport Deborahfurt Jacobberg Foleyhaven Jacobberg Deborahfurt Anthonyburgh Martinezfort Ericksonmouth Martinezfort Anthonyburgh Deborahfurt Alejandroport Ashleyland Kathyfort Hawkinsland Kathyfort Ashleyland Alejandroport Taylorville Valerietown Johnmouth Kempshire Michaelfort Kempshire Grahambury Johnsonside Grahambury Kempshire Johnmouth Valerietown Stewartberg Tinaville Nicholasshire Tinaville Steventown Tinaville Stewartberg Valerietown Taylorville
21
Ericksonmouth Ericksonmouth Martinezfort
Hawkinsland Hawkinsland Camposstad Ayalabury
Glasston Jamestown Nicholefurt Glasston
Lloydton Lloydton
Lewisburgh Lewisburgh
Alexmouth Alexmouth
Saraport Saraport
Michaelfort Michaelfort
Kristenmouth Kristenmouth
Steventown Steventown
Johnsonside Johnsonside
Grahambury Grahambury
Underwoodmouth Underwoodmouth
Foleyhaven Foleyhaven
Nicholasshire Nicholasshire
Underwoodborough Underwoodborough
Stephensonburgh Stephensonburgh
Smithborough Smithborough
Stevenshire Stevenshire
Michaelville Michaelville
Valerietown Valerietown
