A0 F6 C4 A6 C3 H0 C1 E1 H4 A4 E9 E6 C5 B3 B6 A2 C9 D5 E8 C7 E0 D6 F0 G9 F5 F9 G1 G3 I5 G5 G7 G6 F8 H3 I8 H7 I2 H5 I9 H9 I4 J2 A0
41
C4 A1 A3 A5 A7 B0 B5 C4 D1 D2 D4 D9 E2 E4 E5 E7 F1 F7 G0 G4 G8 H8 I0 I1 I7 J1 J3 J4 J7 J8 K0
E9 A8 B2 B4 B9 C2 C6 E3 E9 F3 F4 H1 J5
F6 B8 C8 D7 F6 I6 J0 J6
H0 A9 B1 B7 D0 G2 H0
E1 D8 E1 H2 H6 I3 J9
C3 C3 D3 F2
H4 C0 H4
A2 A2
A4 A4
A6 A6
B3 B3
B6 B6
C1 C1
C5 C5
C7 C7
C9 C9
D5 D5
D6 D6
E0 E0
E6 E6
E8 E8
F0 F0
F5 F5
F8 F8
F9 F9
G1 G1
G3 G3
G5 G5
G6 G6
G7 G7
G9 G9
H3 H3
H5 H5
H7 H7
H9 H9
I2 I2
I4 I4
I5 I5
I8 I8
I9 I9
J2 J2
