89 69 12 127 4 47 87 100 199 130 156 96 23 124 59 44 31 6 107 112 88 127 12 187 155 89
21
44 99 44 37
69 183 69
47 179 178 101 132 86 197 172 79 94 3 190 122 33 18 151 51 97 169 78 102 36 125 128 109 135 29 173 81 114 146 148 16 75 136 194 21 195 11 149 5 83 27 25 98 189 13 41 191 111 39 64 193 73 85 160 65 133 80 38 61 56 192 58 140 32 48 144 118 121 1 147 141 188 49 82 70 9
23 23
88 88
155 155
187 187
100 100
96 96
127 127
124 124
199 199
59 59
107 107
130 130
12 12
4 4
156 156
6 6
112 112
31 31
