fmdhlepsteinstdnkill epsteindlsfdntmkillh dnkillepsteinlshdtfm epsteinkillmsftnddlh dmepsteinfnhltkillsd stepsteinhkillfmnldd lnsmkilltfdepsteindh lhsepsteindtdnmkillf fhndskillepsteintldm ddlmnftepsteinhskill fepsteinhsntddkilllm lsdepsteinfmkillndth tlmsdhdnkillfepstein fmsepsteindntldhkill nepsteinlmdkilldhfts ntlepsteindmfdshkill killmlepsteindthnfsd epsteinlshkilldnfdmt flepsteindndhmtkills killdmnsfhldepsteint epsteintdkilllnfdhms killdmnsfhldepsteint msfltdkillnepsteinhd hnfdtmlepsteinkillds dfkilllmtepsteinhdsn nfdhkilllsmtepsteind killnsfmhdepsteindtl killepsteinlhtfdsmdn dhkilllsepsteinmntdf ndkillftdsmepsteinlh hsdlepsteinmnkilldft epsteinmhndfkilltdls dmkillshfepsteinltnd tlsfdmdepsteinnhkill epsteinfsddmthkillnl hnsdkilllftdmepstein depsteinnlsfmhtkilld nmlfshtdkillepsteind ddepsteinhltfkillsmn nhmkilllsftepsteindd fmdhlepsteinstdnkill lkilltndepsteindsmfh tmsdnfdlkillhepstein lhepsteinkilldtnmfsd lmhdtfdepsteinnkills dnkillepsteinlshdtfm dlnsthfmepsteinkilld nkilltdhlmdepsteinsf hepsteinsddnfkillmlt lthfkilldnsmepsteind epsteinskilldlndhmtf tmlepsteinsdnfkillhd hmfnddkillepsteinslt hnsdkilllftdmepstein epsteinfsddmthkillnl dhepsteindsnlkillfmt epsteinfsddmthkillnl hnsdkilllftdmepstein dnkillepsteinlshdtfm epsteindlsfdntmkillh fmdhlepsteinstdnkill
38
dlnsthfmepsteinkilld epsteindfhlmdnskillt dlnsthfmepsteinkilld
nkilltdhlmdepsteinsf msfltdkillnepsteinhd fdshnmkillepsteinltd fshtdepsteinmldnkill ddtmkillepsteinflsnh lndsdkilltmepsteinhf hsndepsteindlmtkillf epsteinskilldlndhmtf nkilltdhlmdepsteinsf hepsteinsddnfkillmlt
lhepsteinkilldtnmfsd hdepsteinskillldtnfm nltdmsfepsteinkilldh mftkillepsteinndlhsd lhepsteinkilldtnmfsd hsdfepsteintlnkilldm
nfdhkilllsmtepsteind nfdhkilllsmtepsteind
epsteindlsfdntmkillh epsteindlsfdntmkillh
epsteinkillmsftnddlh epsteinkillmsftnddlh
dmepsteinfnhltkillsd dmepsteinfnhltkillsd
fmsepsteindntldhkill fmsepsteindntldhkill
tmlepsteinsdnfkillhd tmlepsteinsdnfkillhd
killdmnsfhldepsteint killdmnsfhldepsteint
lnsmkilltfdepsteindh lnsmkilltfdepsteindh
dnkillepsteinlshdtfm dnkillepsteinlshdtfm
killnsfmhdepsteindtl killnsfmhdepsteindtl
tlsfdmdepsteinnhkill tlsfdmdepsteinnhkill
killepsteinlhtfdsmdn killepsteinlhtfdsmdn
epsteintdkilllnfdhms epsteintdkilllnfdhms
ntlepsteindmfdshkill ntlepsteindmfdshkill
depsteinnlsfmhtkilld depsteinnlsfmhtkilld
dhkilllsepsteinmntdf dhkilllsepsteinmntdf
nhmkilllsftepsteindd nhmkilllsftepsteindd
lsdepsteinfmkillndth lsdepsteinfmkillndth
flepsteindndhmtkills flepsteindndhmtkills
nepsteinlmdkilldhfts nepsteinlmdkilldhfts
ndkillftdsmepsteinlh ndkillftdsmepsteinlh
lmhdtfdepsteinnkills lmhdtfdepsteinnkills
dhepsteindsnlkillfmt dhepsteindsnlkillfmt
fepsteinhsntddkilllm fepsteinhsntddkilllm
stepsteinhkillfmnldd stepsteinhkillfmnldd
hnfdtmlepsteinkillds hnfdtmlepsteinkillds
fhndskillepsteintldm fhndskillepsteintldm
tlmsdhdnkillfepstein tlmsdhdnkillfepstein
dfkilllmtepsteinhdsn dfkilllmtepsteinhdsn
epsteinlshkilldnfdmt epsteinlshkilldnfdmt
killmlepsteindthnfsd killmlepsteindthnfsd
ddlmnftepsteinhskill ddlmnftepsteinhskill
epsteinmhndfkilltdls epsteinmhndfkilltdls
hnsdkilllftdmepstein hnsdkilllftdmepstein
msfltdkillnepsteinhd msfltdkillnepsteinhd
