149 060 149 100 105 109 105 103 101 100 107 116 115 117 126 122 123 125 140 142 143 142 140 125 121 116 107 100 149 060 062 054 053 050 053 056 066 056 053 054 059 054 063 065 063 079 078 077 076 081 076 080 076 075 074 085 074 086 084 088 087 089 087 086 074 075 076 077 078 083 078 079 063 090 091 092 097 096 099 090 063 064 063 054 062 070 069 070 062 060 149 000 001 002 013 024 015 006 015 024 025 026 027 028 038 037 036 041 030 020 010 000 149
30
103 103 104
109 111
143 142
123 123
115 115 126
069 067 068 069
037 031 037 048
006 006
026 026
050 050
053 053
054 054
056 056
059 059
060 060
064 064
065 065
066 066
078 078
079 079
080 080
081 081
083 083
085 085
086 086
088 088
089 089
091 091
096 096
097 097
