start home180 start home181 start home182 start home183 start home184 start home185 start home186 start home187 start loc29 home103 loc29 home101 loc29 home102 loc29 home100 loc29 loc56 loc85 home104 loc85 home105 home197 home105 loc85 home106 home198 home106 loc85 home107 home199 home107 loc85 home108 loc85 home109 loc85 home110 loc85 home111 loc85 home112 loc85 loc56 loc29 start loc1 loc2 loc3 loc4 loc5 loc6 loc7 loc8 loc9 loc10 loc11 loc12 loc13 loc14 loc50 loc20 loc50 loc14 loc13 loc12 loc41 loc68 loc99 loc98 loc97 loc96 loc95 loc94 loc93 loc92 loc91 loc90 loc89 loc88 loc87 loc86 loc85 loc56 loc29 start
27
home103 home103 home196
home101 home101 home192 home193
home102 home102 home194 home195
home100 home100 home188 home189 home190 home191
loc20 home124 home125 home126 home127 home128 home129 home130 home131 home132 home133 home134 home135 home136 home137 home138 home139 home140 home141 home142 home143 home144 home145 home146 home147 home148 home149 home150 home151 home152 home153 home154 home155 home156 home157 home158 home159 home160 home161 home162 home163 home164 home165
loc3 home166 home167 home168 home169 home170 home171 home172 home173 home174 home175 home176 home177 home178 home179
loc94 home113 home114 home115 home116 home117 home118 home119 home120 home121 home122 home123
home104 home104
home105 home105
home106 home106
home107 home107
home108 home108
home109 home109
home110 home110
home111 home111
home112 home112
home180 home180
home181 home181
home182 home182
home183 home183
home184 home184
home185 home185
home186 home186
home187 home187
home197 home197
home198 home198
home199 home199
