FortCollins Akron Elizabeth FortCollins Harlingen Knoxville Harlingen Anaheim Kennewick LasVegas Austin Layton Denver Layton ColoradoSprings Cleveland Bellevue Independence Bremerton Allentown Henderson Manchester Leominster Arvada Fargo BonitaSprings Baltimore DesMoines Inglewood Hickory FortWaltonBeach Amarillo AppleValley Corona Detroit Lacey Brighton Elkhart Champaign Harrisburg Irvine Berkeley Carrollton Frederick Hampton Lafayette Lakewood Kenosha Gilbert Jacksonville AtlanticCity Bakersfield Cincinnati Fairfield Joliet LasCruces Fairfield Lancaster Anchorage Lubbock Louisville Barnstable Aberdeen Marysville Jefferson Dallas Bradenton Bridgeport McAllen Chicago CollegeStation Boise CollegeStation Lakeland Lorain Garland GrandRapids Houston Fresno DalyCity Fayetteville Brownsville Appleton Jefferson Burbank Indianapolis Glendale Erie Albuquerque LittleRock Greensboro Abilene Grayslake BoiseCity Eugene Bethlehem Beaumont DavidsonCounty Canton ElMonte AnnArbor Fremont Hemet Hollywood Augusta Dayton Chandler CedarRapids Bryan Alexandria CapeCoral Kalamazoo Danbury Evansville FortWayne Cary Atlanta Fontana GulfportBiloxi FortCollins
97
Cary Cary Irving
Danbury Danbury Evansville
Hemet ElPaso Hemet
Aberdeen Aberdeen
Abilene Abilene
Akron Akron
Albuquerque Albuquerque
Alexandria Alexandria
Allentown Allentown
Amarillo Amarillo
Anaheim Anaheim
Anchorage Anchorage
AnnArbor AnnArbor
AppleValley AppleValley
Appleton Appleton
Arvada Arvada
Atlanta Atlanta
Augusta Augusta
Austin Austin
Bakersfield Bakersfield
Baltimore Baltimore
Barnstable Barnstable
Beaumont Beaumont
Bellevue Bellevue
Berkeley Berkeley
Bethlehem Bethlehem
Boise Boise
BoiseCity BoiseCity
BonitaSprings BonitaSprings
Bradenton Bradenton
Bremerton Bremerton
Brighton Brighton
Brownsville Brownsville
Burbank Burbank
CapeCoral CapeCoral
Carrollton Carrollton
CedarRapids CedarRapids
Champaign Champaign
Chandler Chandler
Chicago Chicago
Cleveland Cleveland
CollegeStation CollegeStation
ColoradoSprings ColoradoSprings
Dallas Dallas
DalyCity DalyCity
DavidsonCounty DavidsonCounty
Denver Denver
DesMoines DesMoines
Detroit Detroit
ElMonte ElMonte
Elizabeth Elizabeth
Elkhart Elkhart
Erie Erie
Eugene Eugene
Fairfield Fairfield
Fargo Fargo
Fayetteville Fayetteville
Fontana Fontana
FortCollins FortCollins
FortWaltonBeach FortWaltonBeach
Frederick Frederick
Fremont Fremont
Fresno Fresno
Garland Garland
Gilbert Gilbert
GrandRapids GrandRapids
Grayslake Grayslake
Hampton Hampton
Harlingen Harlingen
Harrisburg Harrisburg
Henderson Henderson
Hickory Hickory
Hollywood Hollywood
Houston Houston
Independence Independence
Indianapolis Indianapolis
Inglewood Inglewood
Irvine Irvine
Jacksonville Jacksonville
Jefferson Jefferson
Joliet Joliet
Kalamazoo Kalamazoo
Kennewick Kennewick
Knoxville Knoxville
Lacey Lacey
Lafayette Lafayette
Lakeland Lakeland
Lakewood Lakewood
Lancaster Lancaster
LasCruces LasCruces
Layton Layton
Leominster Leominster
LittleRock LittleRock
Lorain Lorain
Louisville Louisville
Lubbock Lubbock
Manchester Manchester
