CorpusChristi Downey CorpusChristi CapeCoral CorpusChristi ElPaso Akron Aberdeen DalyCity Canton Charleston Columbia Clearwater Boulder BoiseCity Danbury DavidsonCounty ColoradoSprings Chicago Denton Appleton Bremerton Denton Denver Burbank ElMonte CorpusChristi Beaumont Austin Asheville Bloomington Davenport Carrollton Deltona Anchorage Elizabeth BelAir Anchorage Brownsville Bryan Corona Albuquerque Columbus Albuquerque Arvada Amarillo Anaheim CathedralCity Dallas Bridgeport BonitaSprings Alexandria Chandler Birmingham CorpusChristi
42
Chandler AppleValley Chandler
Anaheim Anaheim CathedralCity Champaign Elkhart
Amarillo Amarillo Augusta Chattanooga Cincinnati Durham Escondido
Akron Akron
Albuquerque Albuquerque
Alexandria Alexandria
Appleton Appleton
Arvada Arvada
Asheville Asheville
Austin Austin
Beaumont Beaumont
BelAir BelAir
Bloomington Bloomington
BoiseCity BoiseCity
BonitaSprings BonitaSprings
Boulder Boulder
Bremerton Bremerton
Bridgeport Bridgeport
Brownsville Brownsville
Bryan Bryan
Canton Canton
CapeCoral CapeCoral
Carrollton Carrollton
Charleston Charleston
Chicago Chicago
Clearwater Clearwater
ColoradoSprings ColoradoSprings
Columbia Columbia
Columbus Columbus
CorpusChristi CorpusChristi
Dallas Dallas
DalyCity DalyCity
Danbury Danbury
Davenport Davenport
Deltona Deltona
Denton Denton
Denver Denver
Downey Downey
ElMonte ElMonte
ElPaso ElPaso
Elizabeth Elizabeth
Aberdeen Aberdeen
