BatonRouge Burbank Bradenton Cambridge Abilene Aurora Aberdeen BoiseCity Amarillo BonitaSprings Bethlehem Barnstable Baltimore Atlanta Berkeley Arvada Brownsville AtlanticCity Anchorage Boston Albany Augusta BatonRouge
19
Brownsville AnnArbor Beaumont Birmingham Boulder Bryan
AtlanticCity AtlanticCity Buffalo
Boston Albuquerque Boston
Aberdeen Aberdeen
Abilene Abilene
Albany Albany
Amarillo Amarillo
Anchorage Anchorage
Arvada Arvada
Atlanta Atlanta
Aurora Aurora
Barnstable Barnstable
BatonRouge BatonRouge
Berkeley Berkeley
Bethlehem Bethlehem
BoiseCity BoiseCity
Bradenton Bradenton
Burbank Burbank
Cambridge Cambridge
