152 75 50 153 183 50 184 179 0 95 119 101 139 65 144 6 38 13 94 173 24 143 24 149 41 143 151 105 140 169 142 87 171 66 147 116 165 134 95 0 155 58 155 121 104 12 104 4 113 5 182 5 4 53 161 56 84 147 116 90 41 73 21 92 21 8 14 85 79 27 97 162 157 168 111 31 112 178 44 64 166 81 166 35 95 0 172 51 183 9 126 37 49 86 163 181 102 147 28 42 3 60 145 179 184 7 96 7 184 152
62
60 89 60
145 145
172 170 45 172 175 78 130 136 180 2 51 54
31 31
142 142
28 28
97 97
116 116
105 105
79 79
169 169
157 157
112 112
56 56
134 134
37 37
9 9
163 163
41 41
35 35
95 95
171 171
111 111
139 139
165 165
143 143
73 73
81 81
12 12
58 58
50 50
92 92
87 87
166 166
85 85
149 149
5 5
182 182
121 121
168 168
27 27
183 183
90 90
65 65
96 96
126 126
113 113
13 13
42 42
94 94
184 184
144 144
53 53
181 181
151 151
153 153
101 101
8 8
0 0
38 38
75 75
66 66
