location2 location43 location8 location11 location34 location49 location35 location33 location41 location26 location15 location47 location0 location45 location13 location4 location13 location45 location36 location17 location44 location24 location33 location41 location5 location42 location25 location42 location43 location20 location12 location20 location10 location16 location10 location8 location43 location2
18
location25 location42
location16 location16 location18 location10 location32
location12 location28 location21 location22 location12 location20
location2 location2
location45 location45
location26 location26
location49 location49
location35 location35
location44 location44
location17 location17
location15 location15
location4 location4
location41 location41
location13 location13
location43 location43
location0 location0
location11 location11
location8 location8
