4HOMU 8CLEZ Z22CS KOYRV 6ACGE IF7TL ELH5L 4WDJE W2M5C Q7FCL UW44H 52MNN 4YS4G ZN2EP Y61KP TBPBM M1HJR NPDI9 P419D OIPRN C7WKJ V8GEC 53Y1R K50JQ 7U3JG DTPF4 TORQI 1F0YL BELQC RAAD4 FRZVP 4HSLO YJ67U ZRPB5 DL8LT X180A JXLE1 LIRLU DDXG0 CFGE5 6OA3K C8O6I HWKGJ LKP22 MC71K UX00P H1LTE C45HH BVMDZ Q5DAA ZZH8Z SKPO7 DCHO3 PYPSO 8EXDQ CM5WA 6NY7T BE5V8 WXZHF DOLRQ 45JXE PTADN TCC7B AT3CI VHCFR W2H22 WZB33 1RS2N 945CN XEEQB SYV5N Y4WG4 PMFJ2 3AIXW Q5DAA 0VPRW KN0CP KC9RF 9WSXC FC0PR ZZZQW A1QRL HZHRA RU85S 50J5H SHOOM AT3CI 768ZF WI88U EDSMH L2GJ5 TY0L7 7GA8O SA6G0 ZHSBU W59L6 OLLV9 2C63O WP2MA 69BJO 4HOMU
87
69BJO 69BJO LLTLN
2C63O 2C63O T9O11
7GA8O 7GA8O 2BUI5 6WOBI
TY0L7 TY0L7 TI35I 61QWU
KC9RF KC9RF 0D2BR IZESQ 0U9HU
9WSXC L2PQE 9WSXC V22SY PXCIN FCYPJ
ZZZQW LEBVZ
945CN 945CN
L2GJ5 L2GJ5
SYV5N SYV5N
768ZF 768ZF
RU85S RU85S
KOYRV KOYRV
XEEQB XEEQB
ZN2EP ZN2EP
45JXE 45JXE
UW44H UW44H
M1HJR M1HJR
LIRLU LIRLU
1F0YL 1F0YL
DOLRQ DOLRQ
WP2MA WP2MA
50J5H 50J5H
CFGE5 CFGE5
Q7FCL Q7FCL
0VPRW 0VPRW
SHOOM SHOOM
HWKGJ HWKGJ
6ACGE 6ACGE
DTPF4 DTPF4
7U3JG 7U3JG
BE5V8 BE5V8
W2M5C W2M5C
SA6G0 SA6G0
WI88U WI88U
TORQI TORQI
ZHSBU ZHSBU
DCHO3 DCHO3
RAAD4 RAAD4
FRZVP FRZVP
HZHRA HZHRA
53Y1R 53Y1R
Y61KP Y61KP
C7WKJ C7WKJ
P419D P419D
NPDI9 NPDI9
ZZH8Z ZZH8Z
IF7TL IF7TL
K50JQ K50JQ
JXLE1 JXLE1
H1LTE H1LTE
DDXG0 DDXG0
PTADN PTADN
3AIXW 3AIXW
1RS2N 1RS2N
WZB33 WZB33
Q5DAA Q5DAA
4WDJE 4WDJE
8EXDQ 8EXDQ
W2H22 W2H22
PYPSO PYPSO
CM5WA CM5WA
AT3CI AT3CI
SKPO7 SKPO7
ZRPB5 ZRPB5
C45HH C45HH
ELH5L ELH5L
X180A X180A
52MNN 52MNN
OLLV9 OLLV9
WXZHF WXZHF
OIPRN OIPRN
MC71K MC71K
BVMDZ BVMDZ
6OA3K 6OA3K
FC0PR FC0PR
C8O6I C8O6I
A1QRL A1QRL
YJ67U YJ67U
V8GEC V8GEC
PMFJ2 PMFJ2
8CLEZ 8CLEZ
TCC7B TCC7B
LKP22 LKP22
TBPBM TBPBM
EDSMH EDSMH
VHCFR VHCFR
