WNYCV 18R1B UUOP5 XTUSM UGOIO 7CXN0 ULCTZ XPFOM WH9QK HHCET 65TK9 1ACIU B8UZ8 KR27P 42QVU QTZLJ EYREL PQ40E 91RFG F5YBY WNYCV K1ZSD BO3AW 1XUNX 1NBGE XDKMD 2PD2W GAXPM CHXFM URMBF XBRKQ HZ80H V11OW 5I6U4 2KYXC XRQ65 EQWAL 4ZK1T TNA9G KRLTG 77EY5 2FT0Z HR8IA F07YB 9HVLF BMC9X ZA57Z QM4LH KB443 H212X WJHGG XD7IR LK2JB 1UWW5 WNYCV
40
1UWW5 QSI1X 1UWW5
9HVLF BMC9X 9HVLF
H212X 1BUOS H212X
KB443 H8ZPW TG5ZG KB443 X2AM4 CUG55 YMTTJ
ZA57Z ZA57Z
HR8IA GXYLV OE5TB HR8IA
EQWAL EQWAL
XRQ65 XRQ65
1ACIU 1ACIU
91RFG 91RFG
F5YBY F5YBY
QTZLJ QTZLJ
ULCTZ ULCTZ
V11OW V11OW
XPFOM XPFOM
77EY5 77EY5
K1ZSD K1ZSD
5I6U4 5I6U4
XTUSM XTUSM
KRLTG KRLTG
UGOIO UGOIO
XBRKQ XBRKQ
UUOP5 UUOP5
2FT0Z 2FT0Z
42QVU 42QVU
URMBF URMBF
GAXPM GAXPM
EYREL EYREL
B8UZ8 B8UZ8
1NBGE 1NBGE
XDKMD XDKMD
XD7IR XD7IR
HHCET HHCET
65TK9 65TK9
7CXN0 7CXN0
BO3AW BO3AW
HZ80H HZ80H
F07YB F07YB
2KYXC 2KYXC
18R1B 18R1B
