fab8g 7J90B RgC1Q 015ql LBzlR Gt2w1 Flgse cDkiZ PpZP8 iy8Ty bD2TR 8PY0r Nbb6U cm8oa TQZik 8tK4L 1pNjr lJJK2 Vjk2Z BWyM2 tEdSo G91ym bepE0 G944F eDWES wiGnS 2Z0oU 4GEPG g1WJz HaHFT AGorf 1SvIs aiycm cQMFl n9AEE BJ1iC 5Ix1v obqW1 HKgVO pesnn kCdcu CT8M8 l0HDP yM9nQ o4F0A nScgp DHhK9 H6HgM ciJ7c adW6k 1OpM2 TtUXd qchZ3 nRTkO F7m3U RhMSo tQXF5 RnwlC 4ORRk L54Jg 3FUsL BybTG rzyrR ZlgGe KB016 4b2sA 9u8oD 9ZatH f5Qx2 wKKkJ 1xx4U 4Dy05 B3NSd zgyDJ fhc2k zgyDJ x8KLa H6HgM fr0Bd fab8g
76
TQZik KzS0e Bw1D7 TQZik Q0oXi 0YoJb VIl39 KWmhW lcarA c17Qf sF84c P5ucv VUKiE
Gt2w1 gwQSf Gt2w1 GHmnJ mgHYN O1QPI dAx9s 8xyrX
RgC1Q guI5B b4E7v FW6DI 3XMfZ RgC1Q lJfgZ XDGuI uQK8T Lqz0g
7J90B 7J90B
cDkiZ cDkiZ
iy8Ty iy8Ty
bD2TR bD2TR
fab8g fab8g
PpZP8 PpZP8
LBzlR LBzlR
Nbb6U Nbb6U
Flgse Flgse
1pNjr 1pNjr
015ql 015ql
cm8oa cm8oa
8tK4L 8tK4L
BWyM2 BWyM2
G944F G944F
8PY0r 8PY0r
HaHFT HaHFT
eDWES eDWES
Vjk2Z Vjk2Z
lJJK2 lJJK2
n9AEE n9AEE
4GEPG 4GEPG
tEdSo tEdSo
G91ym G91ym
wiGnS wiGnS
bepE0 bepE0
2Z0oU 2Z0oU
AGorf AGorf
aiycm aiycm
g1WJz g1WJz
1SvIs 1SvIs
BJ1iC BJ1iC
pesnn pesnn
CT8M8 CT8M8
obqW1 obqW1
HKgVO HKgVO
cQMFl cQMFl
DHhK9 DHhK9
5Ix1v 5Ix1v
yM9nQ yM9nQ
l0HDP l0HDP
kCdcu kCdcu
nScgp nScgp
1OpM2 1OpM2
H6HgM H6HgM
adW6k adW6k
ciJ7c ciJ7c
o4F0A o4F0A
4ORRk 4ORRk
TtUXd TtUXd
nRTkO nRTkO
RhMSo RhMSo
qchZ3 qchZ3
tQXF5 tQXF5
BybTG BybTG
F7m3U F7m3U
RnwlC RnwlC
KB016 KB016
9u8oD 9u8oD
L54Jg L54Jg
wKKkJ wKKkJ
ZlgGe ZlgGe
4b2sA 4b2sA
rzyrR rzyrR
f5Qx2 f5Qx2
3FUsL 3FUsL
9ZatH 9ZatH
fhc2k fhc2k
1xx4U 1xx4U
x8KLa x8KLa
B3NSd B3NSd
fr0Bd fr0Bd
4Dy05 4Dy05
