cy4fm C565q 6ceXl lA2MC hOy4D rUUVt P8Fbf Iks3D X6hJp yFKGt kbRYl NvAYI wdXpe w4BF1 GHZOS w4BF1 OoKEI NvAYI P3lE7 8RNd8 DCl5F FnVf8 5rdYI 7l0Vw EWhpw tao9t uWr4y Cfmbw KYsbm IjjWK 3iQ53 G6G4p dU1Ub 19YKC zQjQm 19YKC Xhpv3 AWuA9 jse5F 7Lw2B cy4fm
30
kbRYl yMPWG BoNoJ G6G4p OFvld 1H2uK kbRYl 8aYYW 7XIxZ NvAYI
wdXpe vSPJ5 wdXpe F2nEN
GHZOS di7h7 GHZOS C0eRL
OoKEI qt5AA nogr2 OoKEI
P3lE7 uT5W0 P3lE7 gk2cW
3iQ53 3iQ53 IjjWK
dU1Ub Vjg5l LNh60 19YKC dU1Ub
C565q C565q
lA2MC lA2MC
P8Fbf P8Fbf
rUUVt rUUVt
5rdYI 5rdYI
Iks3D Iks3D
FnVf8 FnVf8
X6hJp X6hJp
6ceXl 6ceXl
yFKGt yFKGt
zQjQm zQjQm
DCl5F DCl5F
tao9t tao9t
KYsbm KYsbm
hOy4D hOy4D
EWhpw EWhpw
w4BF1 w4BF1
Cfmbw Cfmbw
Xhpv3 Xhpv3
7l0Vw 7l0Vw
uWr4y uWr4y
jse5F jse5F
8RNd8 8RNd8
