0 162 0 161 160 0 92 157 92 158 92 159 2 196 23 118 119 33 185 33 186 134 186 33 179 33 18 147 80 146 194 193 145 80 146 7 51 151 197 45 127 77 128 77 129 77 127 181 182 128 77 22 113 172 113 35 114 33 185 133 91 78 31 107 168 107 29 158 92 0
28
168 106 107 108 126 130 133 135 153 167 168 183
162 162
23 100 101 102 103 104 105 109 110 111 112 115 116 117 118 119 120 121 122 123 124 125 131 132 136 137 138 139 140 141 142 143 144 148 149 150 152 154 155 156 163 164 165 166 169 170 171 173 174 175 176 177 178 180 184 187 188 189 190 191 192 195 196 198
113 113
114 114
127 127
128 128
129 129
134 134
145 145
146 146
147 147
151 151
157 157
158 158
159 159
160 160
161 161
172 172
179 179
181 181
182 182
185 185
186 186
193 193
194 194
197 197
0 0
