55 11 15 18 2 27 6 4 7 9 29 16 34 13 35 36 37 57 31 39 61 32 106 42 45 49 44 51 62 70 52 54 60 69 72 65 77 67 71 83 89 80 81 85 90 103 94 87 96 99 102 107 104 108 98 100 110 8 0 55
58
11 11 20 23 25 46 48 75 92
106 21 41 58 79 106 112
18 3 12 18 63 73 93
2 2
4 4
6 6
7 7
9 9
13 13
15 15
16 16
27 27
29 29
31 31
32 32
34 34
35 35
36 36
37 37
39 39
42 42
44 44
45 45
49 49
51 51
52 52
54 54
55 55
57 57
60 60
61 61
62 62
65 65
67 67
69 69
70 70
71 71
72 72
77 77
80 80
81 81
83 83
85 85
87 87
89 89
90 90
94 94
96 96
98 98
99 99
100 100
102 102
103 103
104 104
107 107
108 108
110 110
0 0
