Soda SantaBarbara Tang ChiOmega BerkeleyHigh Compton InternationalHouse Perris BerkeleyHillel Venus DeltaDelta Saturn Pomona Gregoire Upland Fontana Whittier Chino Tijuana SouthGate SanDiego Tuxcacuesco Guadalajara ElGrullo Myto TripleRock Jalisco CREAM Tako MexicoCity Cancun DKingGallery Sacramento Platano BAMPFA VictoryPoint Irvine Soda
37
Perris SigmaKappa Jupiter BayStreet Ashby Perris SanMiguel Talpa Kips Rasputin ChezPanisse
Tang AlphaChi Emeryville SanBernardino Tuhuamixtel Tang CafeTibet FantasticComics
Compton Mars AlphaCentauri Compton LosAngeles Riverside
ChiOmega ChiOmega
DeltaDelta DeltaDelta
InternationalHouse InternationalHouse
BerkeleyHillel BerkeleyHillel
BerkeleyHigh BerkeleyHigh
Venus Venus
Saturn Saturn
Gregoire Gregoire
Pomona Pomona
Fontana Fontana
Upland Upland
Chino Chino
Whittier Whittier
SouthGate SouthGate
Tijuana Tijuana
SanDiego SanDiego
Jalisco Jalisco
Guadalajara Guadalajara
Tuxcacuesco Tuxcacuesco
ElGrullo ElGrullo
MexicoCity MexicoCity
Myto Myto
TripleRock TripleRock
CREAM CREAM
Tako Tako
Cancun Cancun
DKingGallery DKingGallery
BAMPFA BAMPFA
Platano Platano
SantaBarbara SantaBarbara
Sacramento Sacramento
Irvine Irvine
VictoryPoint VictoryPoint
Soda Soda
