Soda Sproul Wellman MemorialStadium Barrows Stephans Wheeler RSF GBC Doe Hertz BWW Foothill Unit1 Unit3 MainStacks ClarkKerr LakeMerrit GoldenStatePark TheRoof Cory Soda
20
Sproul Sproul Morgan Unit2 Blackwell BC
MemorialStadium Haas MemorialStadium
Wellman MLK Mulford Wellman
Doe Doe
Wheeler Wheeler
Stephans Stephans
Hertz Hertz
Barrows Barrows
RSF RSF
GBC GBC
BWW BWW
MainStacks MainStacks
Unit1 Unit1
Unit3 Unit3
Foothill Foothill
ClarkKerr ClarkKerr
LakeMerrit LakeMerrit
GoldenStatePark GoldenStatePark
TheRoof TheRoof
Soda Soda
