2 67 2 78 79 81 3 71 18 20 34 61 69 42 69 60 0 19 47 66 62 72 7 6 87 41 70 17 70 41 65 35 76 16 40 16 79 78 84 96 89 30 89 24 31 24 43 38 44 38 43 63 95 58 94 19 12 86 14 78 72 5 72 7 6 50 77 13 83 22 88 4 88 56 74 15 10 93 99 68 23 68 59 70 28 78 1 78 84 7 72 98 72 7 84 2
44
35 25 35
40 16 40 76
14 29 14 86 11
44 44
13 13
98 98
58 58
17 17
63 63
28 28
69 69
61 61
62 62
59 59
67 67
30 30
42 42
31 31
4 4
3 3
0 0
10 10
94 94
5 5
38 38
83 83
66 66
7 7
72 72
65 65
41 41
50 50
23 23
81 81
88 88
74 74
70 70
47 47
24 24
60 60
1 1
71 71
34 34
96 96
