A29 A67 A52 A36 A75 A21 A0 A65 A32 A14 A61 A55 A5 A27 A5 A79 A5 A72 A81 A34 A81 A28 A45 A91 A4 A31 A51 A31 A4 A39 A21 A0 A58 A92 A58 A0 A71 A10 A71 A0 A65 A7 A2 A7 A68 A7 A77 A7 A61 A55 A83 A99 A83 A74 A73 A69 A73 A19 A1 A88 A6 A15 A44 A15 A38 A11 A57 A5 A29
26
A99 A59 A53 A16 A3 A99 A13 A18 A12 A97 A66 A89 A90 A47 A85 A54
A69 A88 A73 A26 A95 A69 A60
A44 A35 A82 A30 A15 A38 A96 A6
A65 A65
A67 A67
A31 A31
A2 A2
A32 A32
A77 A77
A34 A34
A52 A52
A91 A91
A10 A10
A55 A55
A79 A79
A36 A36
A68 A68
A92 A92
A29 A29
A27 A27
A39 A39
A51 A51
A72 A72
A28 A28
A14 A14
A0 A0
