9c2647cde6e44cc385c8 211ddbbf614a47428f13 1c62a698c79e460eb5ff babcd00b2c484c36bc48 849492e2a4f04946a2c6 cd51464f29fe4984870b 82654fedf62042cb92dc 211ddbbf614a47428f13 7e0770b0df094f329117 eff3a759e4134e70a252 5dc9f852f2454533879f 211ddbbf614a47428f13 910d00572d9d42cebb4a 9c2647cde6e44cc385c8 084504e2b2de4f53a0b1 b47b7b94e7d74f398b8f d4f8d48cee014966a5b7 1be51209c79e402f9fee 44c8674ccef1477b965f dbfc82377b8f4429bc5e 2bcf7711ba8b49129f0c 8fb88a81c320403c8940 fab56f22f8684dd18893 54de46f8d4f647d1baa7 e5d122afc38c45dea5ae 1a4c9d2bea59474aa118 845bea1cad81493ea425 b3a599b5126842e1bf24 884e85a591684c7ebc61 ec162ad32a614344923a b42e69fcc93540ff9100 ca0b4771edab4289a9de 42f0effdbad6403aad72 ca0b4771edab4289a9de 7aff972e183b44c8bc47 d8316f23d67e43ccb5e7 74bfaa171ba342fc9e58 6dc99e74844944e98ac6 e05275dbed2540ddb1d0 19f204e30ad4442cb966 884523a7277b40f4972f dc974af4378c41789aae dee15252c0e54b84beaf f8fb298fc6614f5ba2f5 4c12dd5d885b4037a9d8 4ec91b9ee7034cd9a61a 934f0cae8959401e9aa3 06d5c776fda04040b880 9c2647cde6e44cc385c8
33
934f0cae8959401e9aa3 664988394a5f48d79e79 934f0cae8959401e9aa3 4c8b2bb0f24f4375a715 5a3b69fa8cfb4982a27c a0f6a505c8184e86afc9 d8780223b4744b5b91e5 9b9da0cbe5514fabb1ae 0f214fa889a6406e8826 00dd89601f03490d8809 e0d1e21ff6cc4d64aff7
4c12dd5d885b4037a9d8 af0a537d56ff42a99a0a
f8fb298fc6614f5ba2f5 a22afbff48914ac888a0 ce2f0e6b8eb94a748c7d
e05275dbed2540ddb1d0 fa1e4bc6ddcc462f984f e3726a85ffc34b1282cf e74a97c92dba4d8ea2d5 b96177c96ab740b3965b 0753fe21061c4e058dad 19f204e30ad4442cb966 f74897e94729433fa22f cfa4f7b46ab548c1a67a 7a1df78f40b245bfbb97 c69875060dcb453ead1a d484483c58914446843f ef84408a20334d7d9940 df9fcc997b4f4a18b94a 404713e80e9740c9b7cd 5b7e4d089e434c6a9293 a2e35f0c3c9143c68a9e 9b93a8a7d0b543339985 df9c93ed7a63447389dd 242983dadb1f4402a4a9 e5a9ca3b130945588284 26a1d084007f489fba55 53afa325a7d34c438292 33edfebd58804049be59 bbd144150de64860b03c 5b3dce289f444b0aa162 76432c67ac2d44b384c1 c7ef0821b71641f390ee 529d899e8f2545bfbc5a 06635824d9b841f7b41e e6237b02869349c2bcc8 bd01ba7047cb4d04a847 205f1eddbda0478aada6 09b94d1b44c348ceadb9 b927c43e198546078ea6 e87b98454fe24297b210 dbfc82377b8f4429bc5e c947a496d2b34bb89bb9 87788962cd304b248baf 0a53d934f24848f9bda3 e05275dbed2540ddb1d0 2b0e5d986b0a4f1cb926 8e02573f1324425c9311 42e3ccb6ddd54a0aa3cb 5fd6476364e640bea476
884523a7277b40f4972f a581f1b5cd374bd0ba96 3574209d67b74478ae2e fc38d8b64f88401c97fd f47cbc59a0584307a0f1 884523a7277b40f4972f d5bccd7804014eca8c6c 8a66a2d4fdf74f2e9b0e 9a6fd45cb4d44509bce9 2783e022fae94929bf16 85ec82d3a96e4436a5a2 c15cfb41ef824fd2a1c0
d4f8d48cee014966a5b7 b3931f6d1087486cb913 bb5eae787bbc407b98a6 d4f8d48cee014966a5b7 12a170c171ef44d4b662 5215b0f0bd724c5cb095
dee15252c0e54b84beaf dee15252c0e54b84beaf
5dc9f852f2454533879f 5dc9f852f2454533879f
74bfaa171ba342fc9e58 74bfaa171ba342fc9e58
884e85a591684c7ebc61 884e85a591684c7ebc61
ca0b4771edab4289a9de ca0b4771edab4289a9de
1a4c9d2bea59474aa118 1a4c9d2bea59474aa118
849492e2a4f04946a2c6 849492e2a4f04946a2c6
babcd00b2c484c36bc48 babcd00b2c484c36bc48
b42e69fcc93540ff9100 b42e69fcc93540ff9100
1c62a698c79e460eb5ff 1c62a698c79e460eb5ff
82654fedf62042cb92dc 82654fedf62042cb92dc
42f0effdbad6403aad72 42f0effdbad6403aad72
910d00572d9d42cebb4a 910d00572d9d42cebb4a
8fb88a81c320403c8940 8fb88a81c320403c8940
cd51464f29fe4984870b cd51464f29fe4984870b
b3a599b5126842e1bf24 b3a599b5126842e1bf24
2bcf7711ba8b49129f0c 2bcf7711ba8b49129f0c
fab56f22f8684dd18893 fab56f22f8684dd18893
54de46f8d4f647d1baa7 54de46f8d4f647d1baa7
7e0770b0df094f329117 7e0770b0df094f329117
211ddbbf614a47428f13 211ddbbf614a47428f13
e5d122afc38c45dea5ae e5d122afc38c45dea5ae
44c8674ccef1477b965f 44c8674ccef1477b965f
eff3a759e4134e70a252 eff3a759e4134e70a252
ec162ad32a614344923a ec162ad32a614344923a
b47b7b94e7d74f398b8f b47b7b94e7d74f398b8f
d8316f23d67e43ccb5e7 d8316f23d67e43ccb5e7
