9b0f0f4ded15491691bd cc612a917319427a804f 44b317edac764442b4cd 465a9fdfbe7e43bf9d6e d6b027921ae340ac8c4c bcedb61dc02748cd9d61 85d65d4df3204859a6e4 97b46a2d8ead45d98077 b645cb0bc92b4d92bdf9 d1176523a57843768e69 7b57359ca242406bb373 2343f68f1ed74a6f8567 0921b2d036264a09b57e 339edeefe40f47f4abbe 8a3bd04ca9844f3486da 4083eeebbfb942a38987 c5365df821314eeb9891 bcb1ec18982a4bb0815b b989f75f3cac48bfbf34 b5e22237f3c14773b553 f69f6451080d4570851d 9ff40c0a1bef41898f25 3023407343b546268275 ddfff2b50dff43868057 f4d7e89ec3164c95942e 929bdc290e4340d18213 d3ae567eea5a44939b43 75c151b793b54c1eae7c d3ae567eea5a44939b43 8b72f079974a49c7aa40 e3f0a7bd5aa342ac9fe9 1bcf747e9b5643a184fc c65ed76062154b0ab868 eb960e815dd14fd6bd07 e2caa88e503f4129b613 eb960e815dd14fd6bd07 9b0f0f4ded15491691bd
29
e2caa88e503f4129b613 6c2d42b6b644452fbba1 be5b9781cabc47a78aac 885e825ee7fa47d0bf37 7a033f26eda14b709d28 e2caa88e503f4129b613 2e7ecbbb3b3e47dc8d96 eb960e815dd14fd6bd07 3f0f5ffb79ce42f4a325
1bcf747e9b5643a184fc 1bcf747e9b5643a184fc bef459c8a1f84af3a3a9 c88b4673ce3d49c6908f bab9aa2939444af1b896 c0e69339ecae4efdb4d8 cbdeaac599ea4917bf3b d41ce53800e74a0f849b 2bc5c3c02de447469b45 26bbebd3e4264edd8081 8234739fe11c4c58939e 28b1f9c8d4d24d81bc6d 0823afbd07bf45febe21 18bb444e17894062aa31
c65ed76062154b0ab868 c65ed76062154b0ab868 e70b11887ef14bce9075 c0fd362b334d43189c08 3404f2452daa4f839b9b
f4d7e89ec3164c95942e f4d7e89ec3164c95942e
bcedb61dc02748cd9d61 bcedb61dc02748cd9d61
b645cb0bc92b4d92bdf9 b645cb0bc92b4d92bdf9
85d65d4df3204859a6e4 85d65d4df3204859a6e4
8b72f079974a49c7aa40 8b72f079974a49c7aa40
d6b027921ae340ac8c4c d6b027921ae340ac8c4c
2343f68f1ed74a6f8567 2343f68f1ed74a6f8567
7b57359ca242406bb373 7b57359ca242406bb373
ddfff2b50dff43868057 ddfff2b50dff43868057
4083eeebbfb942a38987 4083eeebbfb942a38987
339edeefe40f47f4abbe 339edeefe40f47f4abbe
0921b2d036264a09b57e 0921b2d036264a09b57e
8a3bd04ca9844f3486da 8a3bd04ca9844f3486da
f69f6451080d4570851d f69f6451080d4570851d
97b46a2d8ead45d98077 97b46a2d8ead45d98077
c5365df821314eeb9891 c5365df821314eeb9891
d3ae567eea5a44939b43 d3ae567eea5a44939b43
9ff40c0a1bef41898f25 9ff40c0a1bef41898f25
cc612a917319427a804f cc612a917319427a804f
b989f75f3cac48bfbf34 b989f75f3cac48bfbf34
9b0f0f4ded15491691bd 9b0f0f4ded15491691bd
bcb1ec18982a4bb0815b bcb1ec18982a4bb0815b
465a9fdfbe7e43bf9d6e 465a9fdfbe7e43bf9d6e
b5e22237f3c14773b553 b5e22237f3c14773b553
e3f0a7bd5aa342ac9fe9 e3f0a7bd5aa342ac9fe9
75c151b793b54c1eae7c 75c151b793b54c1eae7c
