Soda 124 147 189 107 152 131 157 167 99 180 179 183 164 111 104 145 101 134 160 140 165 100 149 194 121 86 137 151 150 Soda
29
121 103 106 110 112 114 119 120 121 122 125 128 129 132 133 136 138 141 143 148 153 154 155 156 158 161 162 166 168 169 170 171 172 173 174 175 176 177 178 181 184 185 186 190 191 192 195 196 197 198
86 102 105 109 113 115 116 117 127 137 139 146 159 163 182 188 193
100 100 108 118 123 126 130 135 142 144 187
99 99
101 101
104 104
107 107
111 111
124 124
131 131
134 134
140 140
145 145
147 147
149 149
150 150
151 151
152 152
157 157
160 160
164 164
165 165
167 167
179 179
180 180
183 183
189 189
194 194
Soda Soda
