Soda 14 42 50 54 45 63 12 94 101 65 46 15 13 4 3 81 66 32 17 41 74 36 31 91 62 67 59 69 26 16 57 194 93 Soda
33
42 2 5 7 8 9 10 18 19 21 24 25 27 28 29 34 37 38 42 47 48 49 53 56 58 60 61 64 70 71 72 73 75 76 77 78 79 80 84 86 87 88 89 90 92 95 98 99 100
14 6 14 20 23 30 33 35 39 40 43 44 51 52 68 82 85 96
93 11 22 55 83 93 97
3 3
4 4
12 12
13 13
15 15
16 16
17 17
26 26
31 31
32 32
36 36
41 41
45 45
46 46
50 50
54 54
57 57
59 59
62 62
63 63
65 65
66 66
67 67
69 69
74 74
81 81
91 91
94 94
101 101
Soda Soda
