Wurster Class Honolulu Frank Sutardja Florida Gilman Silver Montgomery Tennessee Boston Alabama Sather Hazardous Nevada North Oregon Raleigh Juneau Idaho Vermont Simpson Stanley Optometry McLaughlin Pitzer Cory Massachusetts Hesse Barrows Hilgard Pennsylvania Indianapolis Observatory Parking Chan Anthony Blackwell Spieker Moffitt Brain Maxwell California Recreational Goldman Moses Visitor Wurster
47
Visitor Visitor Simon
Moses Moses Kleeberger
Recreational Recreational Salem
Silver Silver
Boston Boston
Honolulu Honolulu
Alabama Alabama
Montgomery Montgomery
California California
Frank Frank
Hazardous Hazardous
Sutardja Sutardja
Maxwell Maxwell
Sather Sather
Pennsylvania Pennsylvania
Stanley Stanley
Massachusetts Massachusetts
Hilgard Hilgard
Wurster Wurster
Vermont Vermont
Parking Parking
Optometry Optometry
Juneau Juneau
Class Class
Florida Florida
Raleigh Raleigh
Oregon Oregon
Simpson Simpson
Spieker Spieker
North North
Tennessee Tennessee
Nevada Nevada
McLaughlin McLaughlin
Pitzer Pitzer
Hesse Hesse
Indianapolis Indianapolis
Chan Chan
Cory Cory
Goldman Goldman
Gilman Gilman
Blackwell Blackwell
Anthony Anthony
Moffitt Moffitt
Barrows Barrows
Brain Brain
Idaho Idaho
Observatory Observatory
