139 85 2 72 69 82 5 95 81 128 173 113 112 91 122 109 187 30 144 37 23 146 123 77 78 21 79 114 184 64 101 157 8 178 1 58 74 7 182 119 158 13 89 138 148 71 198 141 139 18 139 176 125 131 31 198 147 3 96 3 26 16 172 98 156 39 55 165 150 22 41 143 35 104 33 67 80 193 161 4 75 4 84 105 176 139
69
141 141 111 48 153 191 25
96 106 142 47 152 65 188 14 32 27 96 104 145 186
18 189 84 11 18 43 15 127 60 9 57 108 134 118 130 44
77 77
91 91
146 146
125 125
85 85
112 112
23 23
101 101
8 8
198 198
81 81
74 74
173 173
5 5
64 64
78 78
176 176
184 184
187 187
71 71
1 1
2 2
72 72
113 113
123 123
109 109
95 95
79 79
33 33
144 144
114 114
13 13
58 58
148 148
16 16
30 30
158 158
147 147
39 39
182 182
82 82
128 128
98 98
31 31
35 35
119 119
138 138
131 131
22 22
122 122
161 161
41 41
178 178
157 157
7 7
67 67
156 156
21 21
105 105
69 69
37 37
89 89
75 75
26 26
172 172
165 165
