F8 O3 E3 I7 N8 L6 H5 M0 D8 Q3 P7 Q5 P7 T1 P7 J2 I0 C0 M5 F8 C3 C8 O1 T2 E2 G0 Q4 F9 A0 N9 T9 N9 H6 N1 M7 S9 Q8 N4 H2 G9 R4 J0 M2 E4 F7 A9 T5 I8 S5 J1 R0 O3 F8
35
T9 H4 T0 B4 C2 B0 R8 S7 T8 E5 A2 N0 K6 A0 N6 O5 I4 D4 B2 I3 Q7 K3 N2 I6 A1 K5 C1 G4 D9 H3 I2 D3 I9 P2 R6 G6 A8 P5 L9 M6 P6 R9 E8 T9 A3 E7 D5 S2 S8 G9 B3 N7 S0 G1 H1 S5 K1 F6 C4
R0 O2 F2 D7 R0 J1
I8 P9 Q0 F1 H0 I8 T5
H5 H5
J2 J2
D8 D8
C8 C8
M5 M5
E4 E4
Q3 Q3
N4 N4
H6 H6
P7 P7
E3 E3
N8 N8
N1 N1
O1 O1
E2 E2
G0 G0
Q5 Q5
F9 F9
C0 C0
C3 C3
S9 S9
R4 R4
Q8 Q8
T1 T1
J0 J0
L6 L6
M0 M0
O3 O3
A9 A9
I0 I0
H2 H2
A0 A0
