Qwilfish Drampa Gengar Munna Skorupi Magnemite Froakie Bounsweet Whismur Nincada Shellos Magmar Volcarona Vullaby Drapion Vullaby Sandile Meloetta Scatterbug Crawdaunt Weezing Metapod Sandile Simisear Noibat Skiddo Noibat Nincada Comfey Nincada Slowbro Tropius Qwilfish
19
Weezing Whismur Metapod Woobat Steenee Swadloon Tauros Porygon2 Escavalier Vespiquen Crawdaunt Seaking Stufful Bastiodon Noibat Weezing Metang Weepinbell Slurpuff Honedge Plusle Treecko Shellder Inkay Conkeldurr Amoonguss Wailord Jumpluff Kakuna
Volcarona Volcarona Vullaby Magmar
Drapion Drapion Taillow Lotad
Meloetta Meloetta
Gengar Gengar
Qwilfish Qwilfish
Simisear Simisear
Sandile Sandile
Nincada Nincada
Scatterbug Scatterbug
Magnemite Magnemite
Munna Munna
Skorupi Skorupi
Froakie Froakie
Drampa Drampa
Bounsweet Bounsweet
Shellos Shellos
Skiddo Skiddo
Comfey Comfey
