Qwilfish Tropius Drapion Taillow Wartortle Magmar Phanpy Drampa Sandile Simisear Slowbro Dewpider Scatterbug Terrakion Scatterbug Meloetta Sandile Metapod Gengar Tornadus Noibat Nincada Shellos Tsareena Whismur Bounsweet Froakie Magnemite Skorupi Munna Swadloon Tauros Amoonguss Crawdaunt Woobat Crawdaunt Amoonguss Magnemite Comfey Nincada Slowbro Tropius Qwilfish
30
Wartortle Volcarona Slurpuff Politoed Magmar Metang Taillow Noibat Lotad Inkay Steenee Wartortle Paras Honedge Amoonguss Jumpluff Vespiquen Kakuna Xerneas Weezing Zekrom Seaking Weepinbell Stufful Shellder Plusle Treecko Lumineon Yungoos Bastiodon Wailord Escavalier Conkeldurr
Phanpy Phanpy Skiddo
Drapion Drapion Porygon2 Vullaby
Qwilfish Qwilfish
Simisear Simisear
Terrakion Terrakion
Meloetta Meloetta
Tropius Tropius
Sandile Sandile
Slowbro Slowbro
Drampa Drampa
Scatterbug Scatterbug
Tornadus Tornadus
Skorupi Skorupi
Dewpider Dewpider
Shellos Shellos
Metapod Metapod
Crawdaunt Crawdaunt
Froakie Froakie
Nincada Nincada
Gengar Gengar
Tsareena Tsareena
Munna Munna
Magnemite Magnemite
Whismur Whismur
Woobat Woobat
Comfey Comfey
Bounsweet Bounsweet
Tauros Tauros
Swadloon Swadloon
