Latias Shelgon Dartrix Keldeo Petilil Luvdisc Infernape Scolipede Staryu Jigglypuff Magearna Raticate Elgyem Toxicroak Wurmple Bounsweet Palkia Reshiram Latias
18
Palkia Noivern Palkia
Reshiram Reshiram
Elgyem Talonflame Charmeleon Primeape Elgyem Exeggutor Golisopod Relicanth Vibrava
Raticate Raticate
Petilil Petilil
Shelgon Shelgon
Wurmple Wurmple
Jigglypuff Jigglypuff
Toxicroak Toxicroak
Infernape Infernape
Magearna Magearna
Dartrix Dartrix
Staryu Staryu
Keldeo Keldeo
Scolipede Scolipede
Luvdisc Luvdisc
Bounsweet Bounsweet
Latias Latias
