Monroe Clarksville Hampton Fairfield Denton Laredo Seven Cambridge Glendale Davidson Dayton Merced Montgomery Lewisville Anaheim Daytona Mesquite Arlington Abilene Clarke Mesa Vista Corpus Brighton Denver Monterey Hampton Danbury Jacksonville Kailua Monroe
27
Corpus Three Ten Burlington Miami Kenosha Melbourne Baton Four Elizabeth Chesapeake Baltimore Elkhart Greensboro Gilbert Akron Killeen Amarillo Johnson Hagerstown Havre Brownsville Rapids Bridgeport Erie Modesto Manchester Hesperia Lowell Lacey Boulder Birmingham Hartford Kennewick Cleveland Julian Lakeland Mobile Bethlehem Apple Hayward Austin Lafayette Asheville Viejo Muskegon Leominster Antioch Charleston Hickory Carrollton Jacksonville Corpus Fayetteville Layton
Brighton Bradenton Albany Allentown Gainesville Aberdeen Athens Lancaster Prairie Huntington Irving Dallas Boise Anchorage Huntsville Detroit Hialeah Bedford Denver
Kailua Kissimmee Kailua Naples Cary Canton
Mesquite Mesquite
Hampton Hampton
Fairfield Fairfield
Arlington Arlington
Clarke Clarke
Montgomery Montgomery
Mesa Mesa
Lewisville Lewisville
Seven Seven
Monroe Monroe
Vista Vista
Daytona Daytona
Davidson Davidson
Dayton Dayton
Laredo Laredo
Cambridge Cambridge
Monterey Monterey
Merced Merced
Glendale Glendale
Denton Denton
Anaheim Anaheim
Abilene Abilene
Clarksville Clarksville
Danbury Danbury
