Myrtle Abilene GreenBay Corpus Bradenton Hemet Alexandria Miramar Chicago Nashua Montgomery Baltimore Barnstable Champaign Albany Joliet Erie Muskegon Lexington Chandler Merced Myrtle
19
Muskegon Dallas Muskegon Hollywood Cary Bridgeport Harlingen Macon Cedar Plen Bloomington Brownsville Albuquerque Lorain Kissimmee Davidson Lexington Aribel Cathedral Lansing Medford Huntington Moreno
Joliet Hartford Joliet Grays Kansas Champaign Appleton Deltona Houma
Erie Erie Leominster Minneapolis Mobile Huntsville
Barnstable Barnstable
Merced Merced
Chicago Chicago
Hemet Hemet
Bradenton Bradenton
Nashua Nashua
Miramar Miramar
Montgomery Montgomery
GreenBay GreenBay
Baltimore Baltimore
Albany Albany
Abilene Abilene
Chandler Chandler
Corpus Corpus
Alexandria Alexandria
Champaign Champaign
