Soda Campanile AlumniHouse BanwayBldg BarkerHall Dwinelle BarrowLane AlumniHouse Soda RSF MorganHall MorrisonHall MosesHall MorrisonHall MorganHall RSF SatherRd SatherTower Soda SeniorHall TangCenter SproulPlaza TangCenter WursterHall TangCenter SutardjaDaiHall Unit1 SutardjaDaiHall TangCenter SeniorHall Soda SatherTower SatherGate NorthField MulfordHall NorthField SatherGate SatherTower Soda Jacobs HaasPavilion GreekTheatre EshlemanHall LeConteHall MemorialGlade MLK Lawrence MLK LeConteHall EyeCenter EshlemanHall Soda AlumniHouse BarrowsHall CampbellHall CareerCenter CampbellHall BarrowsHall AlumniHouse Soda
18
Unit1 SutardjaDaiHall Unit1
MosesHall MorrisonHall
MorganHall MorganHall
Campanile Campanile
CareerCenter CareerCenter
BarkerHall BarkerHall
Dwinelle Dwinelle
EyeCenter EyeCenter
Jacobs Jacobs
LeConteHall LeConteHall
MemorialGlade MemorialGlade
MLK MLK
Lawrence Lawrence
MulfordHall MulfordHall
SatherRd SatherRd
SproulPlaza SproulPlaza
WursterHall WursterHall
AlumniHouse AlumniHouse
