LegendsAquaticCenter DurantHall GolbousPlace ValleyLifeSciencesBu MemorialGlade EucalyptusGrove LewisHall CITRIS NorthGateHall SodaHall LeConteHall LevineFrickeSoftball GoldmanField EllsworthParkingStru StarrEastAsianLibrar NorthField LawSchool SoutheastAsianStudie LegendsAquaticCenter InvestigativeReporti SatherTower LegendsAquaticCenter
20
LegendsAquaticCenter LegendsAquaticCenter
EllsworthParkingStru EllsworthParkingStru
DurantHall DurantHall
LawSchool LawSchool
CITRIS CITRIS
NorthField NorthField
InvestigativeReporti InvestigativeReporti
LevineFrickeSoftball LevineFrickeSoftball
GolbousPlace GolbousPlace
LeConteHall LeConteHall
SodaHall SodaHall
ValleyLifeSciencesBu ValleyLifeSciencesBu
NorthGateHall NorthGateHall
LewisHall LewisHall
MemorialGlade MemorialGlade
SatherTower SatherTower
EucalyptusGrove EucalyptusGrove
StarrEastAsianLibrar StarrEastAsianLibrar
GoldmanField GoldmanField
SoutheastAsianStudie SoutheastAsianStudie
