McLaughlinHall CareerCenter McLaughlinHall MoffittLibrary RedwoodGroveBotanica MathematicalSciences BotanicalGarden DurantHall SamsPad KroeberHall HasteStreetChildDeve EnergyBiosciencesBui GrinnellNaturalArea EtcheverryHall VisitorCenter RecreationalSportsFa EastAsianStudiesInst EvansDiamond HertzHall WarrenHall BancroftParkingStruc Library PublicAffairsOfficeo ResidentialStudentSe SeniorHall BerkeleyArtMuseumand ZellerbachHall FacultyGlade SimpsonCenterforStud LegendsAquaticCenter MagnesCollectionofJe WitterRugbyField Unit3ResidentHall WomensFacultyClub EshlemanHall JonesChildStudyCente GianniniHall InsectaryGreenhouse SpiekerAquaticsCompl GiauqueHall LevineFrickeSoftball AnnaHeadAlumnaeHall Romeos StrawberryCanyonRecr UCBerkeleyExtension CNMAT1750ArchSt GoldmanSchool StephensHall CampusSharedServices McLaughlinHall
48
McLaughlinHall McLaughlinHall
CNMAT1750ArchSt CNMAT1750ArchSt
EvansDiamond EvansDiamond
WitterRugbyField WitterRugbyField
RedwoodGroveBotanica RedwoodGroveBotanica
PublicAffairsOfficeo PublicAffairsOfficeo
HasteStreetChildDeve HasteStreetChildDeve
UCBerkeleyExtension UCBerkeleyExtension
GrinnellNaturalArea GrinnellNaturalArea
SeniorHall SeniorHall
EastAsianStudiesInst EastAsianStudiesInst
AnnaHeadAlumnaeHall AnnaHeadAlumnaeHall
Unit3ResidentHall Unit3ResidentHall
DurantHall DurantHall
BancroftParkingStruc BancroftParkingStruc
FacultyGlade FacultyGlade
CampusSharedServices CampusSharedServices
SamsPad SamsPad
RecreationalSportsFa RecreationalSportsFa
StrawberryCanyonRecr StrawberryCanyonRecr
EshlemanHall EshlemanHall
JonesChildStudyCente JonesChildStudyCente
InsectaryGreenhouse InsectaryGreenhouse
WarrenHall WarrenHall
MoffittLibrary MoffittLibrary
EtcheverryHall EtcheverryHall
CareerCenter CareerCenter
StephensHall StephensHall
MathematicalSciences MathematicalSciences
ZellerbachHall ZellerbachHall
HertzHall HertzHall
EnergyBiosciencesBui EnergyBiosciencesBui
VisitorCenter VisitorCenter
BerkeleyArtMuseumand BerkeleyArtMuseumand
BotanicalGarden BotanicalGarden
SimpsonCenterforStud SimpsonCenterforStud
MagnesCollectionofJe MagnesCollectionofJe
KroeberHall KroeberHall
ResidentialStudentSe ResidentialStudentSe
GiauqueHall GiauqueHall
Library Library
LegendsAquaticCenter LegendsAquaticCenter
Romeos Romeos
LevineFrickeSoftball LevineFrickeSoftball
SpiekerAquaticsCompl SpiekerAquaticsCompl
GoldmanSchool GoldmanSchool
GianniniHall GianniniHall
WomensFacultyClub WomensFacultyClub
