a eu dx e ec fy ci aj aw w ae aa de y et ct bc bl ey em h ex cv fl dg fn gn dq u az cl p df t dm b ep bm ff fh fb eq cu ap bi bd ga fz gl er fr fv ev c en j ee o du k dt eg ag ck do bb cs ak ar cq al gp fg gh gb fa fs dj ab bv fd ea ah ch cd br by bf gm fu ed a dn d an cb b cp a bz b dv b a
97
eu eu ew
ex ex l
ec ec m
aj aj
fl fl
et et
aw aw
ci ci
fy fy
fn fn
w w
ae ae
ey ey
cv cv
ep ep
aa aa
de de
em em
bl bl
gn gn
dq dq
az az
u u
en en
df df
ee ee
dm dm
y y
du du
dt dt
ff ff
cl cl
e e
bi bi
fb fb
dx dx
bd bd
ct ct
bc bc
ga ga
eq eq
eg eg
dg dg
p p
ag ag
bm bm
gl gl
b b
ck ck
fh fh
ap ap
fa fa
cs cs
fz fz
do do
cu cu
fv fv
ev ev
ar ar
er er
ea ea
a a
fd fd
t t
h h
fr fr
c c
cq cq
ak ak
al al
fg fg
j j
fu fu
gp gp
bv bv
gh gh
dn dn
o o
ah ah
dj dj
gb gb
br br
cd cd
k k
gm gm
ch ch
fs fs
by by
bf bf
ed ed
an an
cp cp
cb cb
bz bz
ab ab
bb bb
dv dv
