Pantheon Ahri Slark Kled Jhin Skarner Bard Maokai LoneDruid Tailyah Galio Morgana Shyvana Spectre Ezreal KogMaw Akali Tiny MasterYi Pantheon
18
Tailyah Jinx Anivia CrystalMaiden CentaurWarrunner Oracle Xerath Jayce Disruptor BountyHunter Malphite Draven Rumble NightStalker Tailyah Ziggs Talon Magnus Jax Lich Heimerdinger Ashe ChaosKnight ArcWarden SpiritBreaker Bristleback Phoenix TrollWarlord Lucian
MasterYi MasterYi
Ezreal Lux Ezreal
Akali Akali
Spectre Spectre
Jhin Jhin
Tiny Tiny
LoneDruid LoneDruid
KogMaw KogMaw
Morgana Morgana
Skarner Skarner
Kled Kled
Bard Bard
Maokai Maokai
Slark Slark
Ahri Ahri
Galio Galio
Shyvana Shyvana
