Fizz Annie Slardar Undying Thresh Amumu StormSpirit NightStalker ShadowShaman Viktor Nasus JarvanIV Huskar Kennen Visage Orianna Kindred Terrorblade Singed Techies Azir Cassiopeia Mirana Katarina ShadowFiend Tiny Fizz
26
Orianna Heimerdinger Sven Medusa Kassadin Gragas CentaurWarrunner Ekko Venomancer Karma Omniknight BountyHunter Warlock Weaver DeathProphet Janna Rengar Magnus TrollWarlord Kled Syndra Sona LoneDruid Zed Morphling Irelia Beastmaster FacelessVoid LeBlanc Pantheon ShadowDemon SpiritBreaker Bane Yorick Vladimir Ryze Slark Orianna Timbersaw Jayce Ziggs Tristana Chen Leona Oracle Vi Nunu Rumble Zilean TahmKench Kayn
Tiny Tiny KhaZix WinterWyvern Nidalee Quinn Xayah Lucian Talon
Visage Sniper Fiddlesticks Visage Jinx Rubick VelKoz Puck Trundle Brewmaster
Thresh Thresh
Huskar Huskar
Nasus Nasus
Katarina Katarina
Terrorblade Terrorblade
Slardar Slardar
Kennen Kennen
NightStalker NightStalker
Annie Annie
Singed Singed
StormSpirit StormSpirit
ShadowFiend ShadowFiend
Undying Undying
Fizz Fizz
Azir Azir
Techies Techies
Amumu Amumu
Mirana Mirana
JarvanIV JarvanIV
Cassiopeia Cassiopeia
Viktor Viktor
ShadowShaman ShadowShaman
Kindred Kindred
