6 11 12 11 24 20 21 26 23 20 24 30 31 30 38 36 38 39 30 42 40 48 46 41 40 42 55 51 50 59 51 55 57 55 67 73 80 96 103 111 124 133 143 158 168 172 189 180 186 184 182 181 187 180 185 180 189 199 192 191 190 199 6 1 0 2 6
28
0 8 4 0
1 1
2 7
12 10 15 18 19 14
191 191 194 198 190 196
103 62 63 65 69 60 77 78 75 79 74 87 88 85 81 97 90 98 95 106 109 105 101 107 112 118 113 115 114 120 126 125 129 128 137 139 132 130 134 148 146 145 149 144
168 153 150 152 157 167 164 163 166 176 170 178 177 179
23 23
20 20
21 21
26 26
39 39
36 36
31 31
38 38
46 46
41 41
40 40
48 48
50 50
57 57
51 51
59 59
182 182
181 181
186 186
187 187
185 185
