5 11 17 23 29 35 41 47 53 59 65 71 77 83 89 83 77 71 65 59 53 47 42 43 44 45 46 47 41 36 37 38 39 40 41 35 30 31 32 33 34 35 29 24 25 26 27 28 29 23 18 19 20 21 22 23 17 12 13 14 15 16 17 11 6 7 8 11 5 0 1 2 3 4 5
38
6 6 7 10
8 8 9
89 48 49 50 51 52 54 55 56 57 58 60 61 62 63 64 66 67 68 69 70 72 73 74 75 76 78 79 80 81 82 84 85 86 87 88 90 91 92 93 94 96 97 98 99 100 102 103 104 105 106
0 0
1 1
2 2
3 3
4 4
12 12
13 13
14 14
15 15
16 16
18 18
19 19
20 20
21 21
22 22
24 24
25 25
26 26
27 27
28 28
30 30
31 31
32 32
33 33
34 34
36 36
37 37
38 38
39 39
40 40
42 42
43 43
44 44
45 45
46 46
