0 143 0 108 0 145 146 62 67 65 70 64 68 75 69 77 78 76 7 8 5 4 49 53 51 47 40 32 31 23 16 104 96 89 122 126 133 140 148 0
27
96 82 110 104 22 85 81 96 122 123 94 95 117 97 101 84 93 43 98 83 89
32 18 118 76 31 36 19 132 29 26 45 30 15 11 42 27 32 133 137 66 28 40 44 60 24 25 39 47 113 33 35 34 13
126 9 127 128 131 138 80 120 134 135 119 125
16 141 12 16 10 23
148 73 142 148
108 55 108 86 109 105 111 114
143 56 143
78 78
64 64
68 68
69 69
145 145
65 65
146 146
51 51
4 4
75 75
0 0
67 67
62 62
53 53
5 5
49 49
77 77
7 7
70 70
8 8
