187 48 63 195 63 10 86 156 47 67 18 67 196 99 7 68 162 185 32 45 8 66 172 78 164 87 36 179 110 0 9 128 124 181 71 148 150 123 15 82 127 101 92 184 126 58 95 65 140 117 73 142 175 23 124 133 131 109 122 183 58 157 83 53 35 56 33 165 160 39 69 146 41 93 171 69 44 79 114 1 90 21 108 21 111 6 12 152 6 149 132 149 169 190 173 72 136 178 161 191 49 77 107 77 2 30 173 166 104 52 78 163 134 154 97 54 55 54 89 189 80 180 159 176 61 120 37 42 37 59 13 86 187
95
63 63 48 94 70 199
10 153 29
195 119 45
111 111
82 82
152 152
133 133
33 33
191 191
173 173
175 175
163 163
13 13
181 181
90 90
142 142
6 6
110 110
148 148
109 109
132 132
30 30
117 117
165 165
41 41
69 69
128 128
157 157
150 150
54 54
9 9
23 23
169 169
12 12
162 162
2 2
80 80
107 107
190 190
146 146
78 78
134 134
161 161
67 67
120 120
183 183
55 55
176 176
184 184
93 93
164 164
136 136
140 140
8 8
72 72
95 95
171 171
92 92
36 36
18 18
89 89
87 87
160 160
180 180
53 53
97 97
52 52
114 114
172 172
15 15
68 68
47 47
127 127
71 71
65 65
73 73
126 126
58 58
83 83
39 39
32 32
108 108
79 79
196 196
154 154
124 124
59 59
86 86
156 156
131 131
7 7
44 44
42 42
166 166
0 0
