location1 location38 location90 location17 location10 location49 location46 location56 location78 location35 location79 location80 location66 location72 location31 location53 location6 location89 location21 location51 location52 location5 location11 location83 location82 location47 location1
25
location90 location90 location32
location53 location19 location99 location2 location54 location36 location29 location71 location53
location82 location94
location11 location59 location42 location8 location91 location74 location95 location58 location48 location75 location30 location45 location9 location44 location77 location3 location57
location83 location43 location83
location47 location23 location47
location5 location40
location56 location56
location49 location49
location35 location35
location21 location21
location6 location6
location52 location52
location38 location38
location80 location80
location10 location10
location79 location79
location17 location17
location78 location78
location89 location89
location51 location51
location46 location46
location72 location72
location31 location31
location66 location66
