location1 location90 location178 location27 location175 location32 location87 location100 location92 location93 location118 location43 location106 location37 location65 location182 location110 location57 location17 location143 location171 location169 location127 location154 location165 location116 location10 location69 location190 location107 location49 location140 location16 location13 location184 location159 location172 location129 location157 location149 location46 location40 location91 location68 location161 location146 location139 location75 location20 location56 location96 location95 location2 location195 location196 location94 location130 location22 location179 location85 location82 location26 location30 location105 location180 location11 location185 location35 location197 location188 location74 location164 location59 location33 location193 location111 location133 location58 location199 location162 location108 location150 location186 location142 location3 location38 location109 location6 location28 location97 location123 location1
90
location58 location58 location181
location28 location158 location28
location6 location6 location136
location109 location109
location38 location177
location111 location25 location12 location128 location152 location44 location111
location162 location5 location114 location148
location69 location69
location35 location35
location106 location106
location16 location16
location20 location20
location180 location180
location97 location97
location11 location11
location43 location43
location157 location157
location182 location182
location169 location169
location123 location123
location82 location82
location110 location110
location59 location59
location105 location105
location179 location179
location92 location92
location57 location57
location65 location65
location74 location74
location116 location116
location195 location195
location164 location164
location142 location142
location68 location68
location108 location108
location91 location91
location143 location143
location140 location140
location2 location2
location49 location49
location188 location188
location133 location133
location196 location196
location150 location150
location37 location37
location165 location165
location159 location159
location85 location85
location17 location17
location197 location197
location139 location139
location149 location149
location90 location90
location130 location130
location199 location199
location171 location171
location27 location27
location146 location146
location118 location118
location100 location100
location22 location22
location13 location13
location56 location56
location184 location184
location107 location107
location129 location129
location87 location87
location93 location93
location46 location46
location175 location175
location33 location33
location95 location95
location186 location186
location3 location3
location127 location127
location172 location172
location154 location154
location32 location32
location26 location26
location30 location30
location96 location96
location10 location10
location178 location178
location193 location193
location75 location75
location185 location185
location190 location190
location161 location161
location94 location94
location40 location40
