c5 t0 d3 t9 e1 e4 r7 h4 h3 q3 s2 n6 h1 c4 g9 l0 f3 f5 t7 f2 j6 r2 s4 g3 o4 t8 l8 t6 i5 n0 d6 b5 o5 a0 d8 c8 k9 b3 a1 k6 o2 q5 g5 e0 g0 p0 m0 b1 d4 i1 a7 j3 o8 p9 c5
53
d3 q1 i4 t0 n4
t0 r9 t1
d8 s1 g7 n3 s7 o0 h6 r1 d5 b7 r4 l6 a0 g1 l3 j5 g4 h0 h2 q8 j7 o7 t5 o6 g6 m4 g8 c3 a8 q0 l4 j2 s9 m7 i0 a6 t2 s3 e2 e5 p7 h5 k1 f6 a4 l1
e4 e4
h1 h1
d4 d4
s4 s4
i1 i1
b1 b1
f5 f5
h3 h3
g9 g9
t6 t6
n6 n6
g3 g3
d6 d6
t7 t7
b3 b3
n0 n0
o4 o4
g5 g5
p0 p0
m0 m0
e1 e1
q5 q5
o5 o5
l0 l0
e0 e0
h4 h4
s2 s2
g0 g0
c8 c8
a7 a7
l8 l8
j3 j3
a1 a1
k6 k6
r2 r2
j6 j6
q3 q3
b5 b5
r7 r7
o2 o2
i5 i5
t8 t8
f2 f2
c4 c4
f3 f3
p9 p9
k9 k9
t9 t9
o8 o8
a0 a0
