According to According what According to all known laws of there is no way a bee should be able Its wings are too small get its fat little body off the The flies anyway because bees because anyway flies The the off body little fat its get small too are wings Its able be should bee a way no is there of laws known all to According You lint You According what humans think black and shake it up Breakfast Hang on Oan you believe this I pick Looking Use Your fatherpaid good money for very proud A perfect report Very got thing going thing got Very report perfect A proud very for money good fatherpaid Your Use Looking pick I this believe you Oan on Hang Breakfast up it shake and black think humans what According You lint your Wave in row told flying Is that fuzz Special Never thought make Three days grade days Three make thought Never Special fuzz that Is flying told row in Wave your lint You According
33
grade Wave row flying that Special thought Three grade Those glad day around come growing Hear not
lint lint
According According
to to
known known
of of
is is
way way
bee bee
are are
its its
little little
off off
The The
anyway anyway
bees bees
what what
think think
and and
it it
Breakfast Breakfast
on on
you you
this this
pick pick
Use Use
fatherpaid fatherpaid
money money
very very
A A
report report
got got
going going
