0 7 155 81 147 189 77 53 71 15 91 135 195 101 149 75 193 59 133 107 167 11 185 51 5 61 0
25
185 1 9 17 19 21 25 29 33 35 37 43 47 67 69 83 85 87 89 93 99 103 105 111 115 119 129 139 143 145 151 153 157 159 163 165 169 171 173 175 183 185 197 199
91 27 49 57 91 109 113 121 127 131 137 177 179 181 187
61 13 39 61 65 73 95 117 161
15 15 79 97 123 191
5 5 23 31 63 125
167 3 41 55 167
51 45 51 141
7 7
11 11
53 53
59 59
71 71
75 75
77 77
81 81
101 101
107 107
133 133
135 135
147 147
149 149
155 155
189 189
193 193
195 195
