0 39 195 183 115 31 58 143 8 116 9 159 192 188 46 179 17 119 105 174 21 182 33 68 193 184 52 190 94 158 62 90 191 16 185 24 142 96 109 58 0
35
185 199 3 125 160 12 78 19 32 136 170 197 126 2 74 24 180 156 157 16 96 131 185 194 103 38 69 177 80 198 163 4 60 35 50 189 18 29 178 70 43 93 77 129
52 52 86 133
142 142 51
39 39
58 58
188 188
195 195
116 116
119 119
183 183
31 31
179 179
94 94
33 33
105 105
68 68
184 184
143 143
21 21
0 0
174 174
115 115
158 158
17 17
46 46
191 191
190 190
8 8
192 192
109 109
159 159
62 62
182 182
193 193
9 9
