190 135 166 56 45 153 5 153 68 10 146 199 60 74 95 188 64 44 103 27 29 118 114 92 142 1 155 46 93 190
21
46 62 109 46
64 165 185 141 138 104 55 192 176 36 34 11 123 3 50 168 182 117 172 69 113 21 61 112 94 139 54 33 177 2 137 179 129 133 47 162 99 76 156 40 38 149 57 92 23 52 163 100 66 169 71 22 121 132 198 186 101 32 195 30 84 44 181 108 67 193 136 8 173 116 106 111 152 83 103 189 102 65
27 27
29 29
188 188
95 95
93 93 164
60 60
146 146
1 1
166 166
118 118
142 142
135 135
10 10
5 5
153 153
56 56
45 45
114 114
68 68
