Loc1 Loc12 Loc1 Loc97 Loc73 Loc117 Loc161 Loc169 Loc196 Loc3 Loc65 Loc188 Loc145 Loc148 Loc37 Loc165 Loc5 Loc165 Loc121 Loc165 Loc157 Loc59 Loc46 Loc187 Loc160 Loc183 Loc172 Loc153 Loc29 Loc128 Loc85 Loc81 Loc63 Loc164 Loc155 Loc22 Loc171 Loc184 Loc139 Loc144 Loc97 Loc1
22
Loc183 Loc58 Loc45 Loc83 Loc82 Loc39 Loc166 Loc172 Loc127 Loc113 Loc164 Loc130 Loc160 Loc199 Loc4 Loc126 Loc110 Loc44 Loc150 Loc99 Loc106 Loc198 Loc104 Loc6 Loc51 Loc111 Loc156 Loc72 Loc102 Loc28 Loc13 Loc92 Loc171 Loc98 Loc60 Loc29 Loc122 Loc55 Loc70 Loc64 Loc135 Loc26 Loc87 Loc186 Loc66 Loc131 Loc178 Loc152 Loc167 Loc68 Loc194 Loc19 Loc91 Loc177 Loc76 Loc132 Loc192 Loc155 Loc62 Loc15 Loc119 Loc33 Loc112 Loc175 Loc8 Loc18 Loc154 Loc187 Loc123 Loc183 Loc36 Loc50 Loc69 Loc31 Loc38 Loc114
Loc22 Loc115 Loc22
Loc12 Loc12
Loc63 Loc85 Loc63 Loc89
Loc153 Loc180 Loc153
Loc128 Loc128
Loc139 Loc144
Loc3 Loc3
Loc59 Loc59
Loc97 Loc97
Loc5 Loc5
Loc37 Loc37
Loc145 Loc145
Loc117 Loc117
Loc73 Loc73
Loc196 Loc196
Loc188 Loc188
Loc161 Loc161
Loc169 Loc169
Loc157 Loc157
Loc121 Loc121
Loc1 Loc1
