114 58 102 170 150 174 94 49 114 78 161 175 74 173 51 0 171 5 195 167 96 7 3 4 146 169 87 38 84 183 176 130 16 54 132 12 132 70 43 197 198 89 59 131 42 112 105 143 109 181 21 181 148 181 66 15 48 33 14 31 124 122 103 30 36 186 166 188 98 100 67 91 28 91 114
56
51 199 75 191 51 182 26 63 10 154 0 173 133 1 149 187 117 18 92 35 135 95 108 76 81 62 93 53 164 29 47
5 167 111 196 24 127 37 195 155 147 69 115 41 177 5 32 134
171 171 119
16 16
174 174
183 183
78 78
188 188
102 102
21 21
170 170
175 175
103 103
7 7
166 166
42 42
49 49
12 12
33 33
148 148
146 146
197 197
4 4
70 70
66 66
15 15
112 112
169 169
105 105
131 131
28 28
98 98
67 67
74 74
100 100
84 84
96 96
91 91
43 43
161 161
31 31
14 14
109 109
3 3
114 114
176 176
89 89
36 36
124 124
181 181
87 87
150 150
59 59
38 38
94 94
0 0
