gc gk em ac as co ab cm dg u ds et df fh df bv j bn b v ai dn gq bu y es a bq fe e ff ga dx gn by bc ah gh fd fo ft an bl ad dh en fi g fw dy gm fr q dw fk fq p cs cl ee cj bi el cv ao at cz gc
63
fi d bj eq fi gg dq do bp aw dp en ae dh dj ge
dh bt fn ap gi di cq ey gj bx bb
g er ep br fy az am cn cg g ck go db cr fa cp
cm cm
ah ah
cs cs
gn gn
dy dy
fd fd
ds ds
q q
an an
j j
at at
dg dg
ad ad
bq bq
cz cz
et et
dn dn
as as
u u
fw fw
fo fo
bi bi
ac ac
ab ab
bc bc
by by
fr fr
ao ao
ee ee
co co
dx dx
ga ga
ff ff
fe fe
gh gh
bv bv
em em
ft ft
e e
p p
y y
es es
el el
cj cj
ai ai
bl bl
fk fk
fq fq
gq gq
cv cv
gk gk
cl cl
fh fh
v v
a a
b b
bn bn
dw dw
gm gm
bu bu
