n0 n85 n68 n61 n31 n66 n59 n32 n87 n2 n81 n8 n36 n25 n94 n13 n43 n76 n35 n97 n17 n96 n99 n39 n78 n83 n54 n72 n91 n26 n70 n37 n41 n73 n58 n15 n7 n3 n79 n52 n9 n24 n80 n82 n14 n27 n63 n84 n1 n4 n53 n5 n18 n42 n71 n95 n62 n38 n89 n30 n64 n98 n90 n19 n69 n16 n51 n20 n44 n10 n74 n93 n65 n55 n40 n23 n67 n50 n46 n49 n120 n92 n45 n0
83
n45 n11 n21 n28 n33 n45 n48 n60 n88 n92
n92 n12 n34 n77
n120 n6 n22 n29 n47 n56 n57 n75 n86
n0 n0
n1 n1
n2 n2
n3 n3
n4 n4
n5 n5
n7 n7
n8 n8
n9 n9
n10 n10
n13 n13
n14 n14
n15 n15
n16 n16
n17 n17
n18 n18
n19 n19
n20 n20
n23 n23
n24 n24
n25 n25
n26 n26
n27 n27
n30 n30
n31 n31
n32 n32
n35 n35
n36 n36
n37 n37
n38 n38
n39 n39
n40 n40
n41 n41
n42 n42
n43 n43
n44 n44
n46 n46
n49 n49
n50 n50
n51 n51
n52 n52
n53 n53
n54 n54
n55 n55
n58 n58
n59 n59
n61 n61
n62 n62
n63 n63
n64 n64
n65 n65
n66 n66
n67 n67
n68 n68
n69 n69
n70 n70
n71 n71
n72 n72
n73 n73
n74 n74
n76 n76
n78 n78
n79 n79
n80 n80
n81 n81
n82 n82
n83 n83
n84 n84
n85 n85
n87 n87
n89 n89
n90 n90
n91 n91
n93 n93
n94 n94
n95 n95
n96 n96
n97 n97
n98 n98
n99 n99
