loc1 loc5 loc4 loc3 loc2 loc7 loc16 loc11 loc12 loc17 loc26 loc21 loc22 loc27 loc36 loc31 loc32 loc37 loc32 loc33 loc38 loc33 loc34 loc39 loc34 loc35 loc40 loc35 loc31 loc36 loc27 loc22 loc23 loc28 loc23 loc24 loc29 loc24 loc25 loc30 loc25 loc21 loc26 loc17 loc12 loc13 loc18 loc13 loc14 loc19 loc14 loc15 loc20 loc15 loc11 loc16 loc7 loc2 loc1 loc6 loc1 loc2 loc7 loc16 loc11 loc12 loc17 loc26 loc21 loc22 loc27 loc36 loc31 loc32 loc37 loc46 loc41 loc42 loc47 loc56 loc51 loc52 loc57 loc66 loc61 loc62 loc67 loc76 loc71 loc76 loc67 loc62 loc61 loc66 loc57 loc52 loc51 loc56 loc47 loc42 loc41 loc46 loc37 loc32 loc31 loc36 loc27 loc22 loc21 loc26 loc17 loc12 loc11 loc16 loc7 loc2 loc1
21
loc3 loc8 loc9
loc5 loc10
loc71 loc46 loc47 loc48 loc49 loc50 loc56 loc57 loc58 loc59 loc60 loc66 loc67 loc68 loc69 loc70 loc76 loc77 loc78 loc79 loc80 loc86 loc87 loc88 loc89 loc90 loc96 loc97 loc98 loc99 loc100
loc6 loc6
loc7 loc7
loc16 loc16
loc17 loc17
loc18 loc18
loc19 loc19
loc20 loc20
loc26 loc26
loc27 loc27
loc28 loc28
loc29 loc29
loc30 loc30
loc36 loc36
loc37 loc37
loc38 loc38
loc39 loc39
loc40 loc40
loc1 loc1
