loc1 loc5 loc4 loc3 loc2 loc7 loc16 loc11 loc12 loc17 loc26 loc21 loc22 loc27 loc36 loc31 loc32 loc37 loc46 loc41 loc42 loc47 loc56 loc51 loc52 loc57 loc66 loc61 loc62 loc67 loc76 loc71 loc75 loc80 loc75 loc74 loc79 loc74 loc73 loc78 loc73 loc72 loc71 loc76 loc67 loc62 loc63 loc68 loc63 loc64 loc69 loc64 loc65 loc70 loc65 loc61 loc66 loc57 loc52 loc53 loc58 loc53 loc54 loc59 loc54 loc55 loc60 loc55 loc51 loc56 loc47 loc42 loc43 loc48 loc43 loc44 loc49 loc44 loc45 loc50 loc45 loc41 loc46 loc37 loc32 loc33 loc38 loc33 loc34 loc39 loc34 loc35 loc40 loc35 loc31 loc36 loc27 loc22 loc23 loc28 loc23 loc24 loc29 loc24 loc25 loc30 loc25 loc21 loc26 loc17 loc12 loc13 loc18 loc13 loc14 loc19 loc14 loc15 loc20 loc15 loc11 loc16 loc7 loc2 loc1 loc6 loc1 loc2 loc7 loc16 loc11 loc12 loc17 loc26 loc21 loc22 loc27 loc36 loc31 loc32 loc37 loc46 loc41 loc42 loc47 loc56 loc51 loc52 loc57 loc66 loc61 loc62 loc67 loc76 loc71 loc72 loc77 loc86 loc81 loc82 loc87 loc96 loc91 loc92 loc97 loc106 loc101 loc102 loc107 loc116 loc111 loc112 loc117 loc126 loc121 loc122 loc127 loc136 loc131 loc132 loc137 loc146 loc141 loc142 loc147 loc142 loc141 loc146 loc137 loc132 loc131 loc136 loc127 loc122 loc121 loc126 loc117 loc112 loc111 loc116 loc107 loc102 loc101 loc106 loc97 loc92 loc91 loc96 loc87 loc82 loc81 loc86 loc77 loc72 loc71 loc76 loc67 loc62 loc61 loc66 loc57 loc52 loc51 loc56 loc47 loc42 loc41 loc46 loc37 loc32 loc31 loc36 loc27 loc22 loc21 loc26 loc17 loc12 loc11 loc16 loc7 loc2 loc1
40
loc3 loc8 loc9
loc5 loc10
loc147 loc77 loc86 loc87 loc88 loc89 loc90 loc96 loc97 loc98 loc99 loc100 loc106 loc107 loc108 loc109 loc110 loc116 loc117 loc118 loc119 loc120 loc126 loc127 loc128 loc129 loc130 loc136 loc137 loc138 loc139 loc140 loc146 loc147 loc148 loc149 loc150 loc156 loc157 loc158 loc159 loc160 loc166 loc167 loc168 loc169 loc170 loc176 loc177 loc178 loc179 loc180 loc186 loc187 loc188 loc189 loc190 loc196 loc197 loc198 loc199 loc200
loc6 loc6
loc7 loc7
loc16 loc16
loc17 loc17
loc18 loc18
loc19 loc19
loc20 loc20
loc26 loc26
loc27 loc27
loc28 loc28
loc29 loc29
loc30 loc30
loc36 loc36
loc37 loc37
loc38 loc38
loc39 loc39
loc40 loc40
loc46 loc46
loc47 loc47
loc48 loc48
loc49 loc49
loc50 loc50
loc56 loc56
loc57 loc57
loc58 loc58
loc59 loc59
loc60 loc60
loc66 loc66
loc67 loc67
loc68 loc68
loc69 loc69
loc70 loc70
loc76 loc76
loc78 loc78
loc79 loc79
loc80 loc80
loc1 loc1
