Liam Isaiah Joseph Mateo Alexander Mason Elijah Aiden William Logan Jaxson Michael Ezra Thomas James Thomas Dylan Owen Jose Sawyer John Sawyer Benjamin Carter Ayden Ethan Brayden Samuel Brayden Jaxson Colton Levi Jackson Eli Josiah Sebastian David Sebastian Mateo Joseph Isaiah Liam Isaiah Leo Jonathan Henry Ian Jordan Jacob Roman Dominic Eli Wyatt Eli Lucas Eli Josiah Caleb Daniel Isaiah Liam
25
Lucas Noah Lucas
Henry Henry Jayden Luke
Jacob Oliver Jacob Matthew
Liam Liam
William William
James James
Logan Logan
Benjamin Benjamin
Mason Mason
Elijah Elijah
Michael Michael
Alexander Alexander
Ethan Ethan
Daniel Daniel
Aiden Aiden
Joseph Joseph
Jackson Jackson
Samuel Samuel
Sebastian Sebastian
David David
Carter Carter
Wyatt Wyatt
John John
Owen Owen
Dylan Dylan
