LOC16 LOC62 LOC44 LOC96 LOC44 LOC33 LOC9 LOC15 LOC18 LOC15 LOC46 LOC25 LOC46 LOC53 LOC34 LOC90 LOC0 LOC97 LOC83 LOC57 LOC19 LOC52 LOC79 LOC45 LOC63 LOC75 LOC8 LOC17 LOC22 LOC1 LOC16
18
LOC17 LOC17 LOC47
LOC90 LOC70 LOC23 LOC26 LOC50 LOC3 LOC98 LOC56 LOC82 LOC81 LOC95 LOC59 LOC36 LOC85 LOC61 LOC43 LOC12 LOC78 LOC73 LOC90 LOC20 LOC89 LOC37 LOC4 LOC99 LOC29 LOC31 LOC28
LOC97 LOC97
LOC45 LOC45
LOC79 LOC79
LOC18 LOC18
LOC52 LOC52
LOC25 LOC25
LOC96 LOC96
LOC46 LOC46
LOC15 LOC15
LOC9 LOC9
LOC62 LOC62
LOC53 LOC53
LOC22 LOC22
LOC57 LOC57
LOC33 LOC33
LOC0 LOC0
