zero two three four five six five twelve eleven ten nine eight fourteen eight fifteen twentyone twenty twentyone fifteen twentytwo twentythree twentyfour twentyfive twentysix thirtythree thirtyfour thirtyfive twentynine thirty thirtyone thirtyeight fortyfive fortysix fiftythree sixty sixtyseven seventyfour eightyone seventyfour sixtyseven sixty fiftythree fortysix thirtynine thirtytwo twentyfive eighteen eleven four zero
20
eightyone fiftyseven sixty sixtyone sixtytwo sixtyfive sixtysix sixtyseven sixtyeight seventy seventyone seventyfive seventyseven seventyeight seventynine eightyone eightytwo eightyfour eightyseven eightyeight eightynine ninetyfive
fortyfive thirty thirtysix thirtyseven thirtynine fortyfour fortyfive fortyseven fortyeight fifty fiftyone fiftythree fiftyfive
two two
three three
four four
five five
six six
ten ten
twelve twelve
fourteen fourteen
fifteen fifteen
twenty twenty
twentytwo twentytwo
twentyfour twentyfour
twentyfive twentyfive
twentynine twentynine
thirtythree thirtythree
thirtyfour thirtyfour
thirtyfive thirtyfive
zero zero
