zero one two three zero six seven fourteen thirteen twelve eleven ten seventeen sixteen fifteen twentyone twenty twentyseven twentysix twentyfive twentyfour twentythree twentytwo twentynine thirtyfive thirtyfour thirtythree thirtytwo thirtyone thirtyeight thirtyseven fortyfour fortythree fortynine fortythree fortyfour fortyfive fortysix fiftythree sixty sixtyseven sixtyeight sixtynine seventysix eightythree ninety ninetyseven onehunfour onehuneleven onehunten onehunnine onehuneight onehunfifteen onehuntwentytwo onehuntwentynine onehunthirtysix onehunfortythree onehunfifty onehunfiftyseven onehunsixtyfour onehunseventyone onehunsixtyfour onehunfiftyseven onehunfifty onehunfortythree onehunthirtysix onehuntwentynine onehuntwentytwo onehunfifteen onehuneight onehunone ninetyfour eightyseven eighty seventythree sixtysix fiftynine fiftytwo fortyfive thirtyeight thirtyone twentyfour seventeen ten three zero
30
onehunseventyone onehuntwentyone onehuntwentythree onehuntwentyfour onehuntwentysix onehuntwentyseven onehuntwentyeight onehunthirty onehunthirtyfive onehunforty onehunfortythree onehunfortyfour onehunfortyfive onehunfortysix onehunfortynine onehunfifty onehunfiftyfour onehunfiftyseven onehunfiftynine onehunsixty onehunsixtyone onehunsixtythree onehunsixtyfour onehunsixtyfive onehunsixtysix onehunsixtynine onehunseventy onehunseventyone onehunseventythree onehunseventyfour onehunseventyfive onehunseventysix onehunseventyeight onehuneighty onehuneightyone onehuneightytwo onehuneightyfour onehuneightyseven onehunninety onehunninetyone onehunninetytwo onehunninetythree onehunninetyfour
onehuneleven seventyeight seventynine eightytwo eightythree eightyfour eightyseven ninetyeight ninetynine onehunone onehuneight onehunten onehuneleven onehunthirteen onehunsixteen onehunseventeen onehuneighteen onehunnineteen
sixtyseven fiftytwo fiftythree fiftyfive fiftyseven fiftyeight sixty sixtyfour sixtysix sixtyseven sixtynine seventy seventyone seventytwo seventyfive seventyseven
one one
two two
three three
six six
seven seven
ten ten
eleven eleven
twelve twelve
fourteen fourteen
fifteen fifteen
sixteen sixteen
seventeen seventeen
twenty twenty
twentythree twentythree
twentyfive twentyfive
twentysix twentysix
twentyseven twentyseven
twentynine twentynine
thirtythree thirtythree
thirtyfour thirtyfour
thirtyseven thirtyseven
thirtyeight thirtyeight
fortythree fortythree
fortyfour fortyfour
fortyfive fortyfive
fortynine fortynine
zero zero
