Afghanistan Albania Afghanistan Laos Kyrgyzstan Kuwait Kosovo Korea Kiribati Kenya Kazakhstan Jordan Japan Jamaica Italy Israel Ireland Iraq Iran Indonesia India Iceland Hungary Honduras HolySee Hesse Hawaii HanseaticRepublics Hanover Haiti Guyana GuineaBissau Guinea Guatemala Grenada Greece Ghana Germany Georgia Gabon France Finland Fiji Ethiopia Eswatini Estonia Eritrea EquatorialGuinea ElSalvador Egypt Ecuador Dominicanrepublic Dominica Djibouti Denmark Congo Czechoslovakia Czechi Cyprus Cuba Croatia CotedIvoire Costarica Comoros Colombia China Chile Chad Canada Cameroon Cambodia Cabo Burundi Burma Burkina Bulgaria Brunswick Brunei Brazil Botswana Bosnia Bolivia Benin Belize Belgium Belarus Bavaria Barbados Bangladesh Bahrain Baden Azerbaijan Austrian Austria Australia Armenia Argentina Antigu Angola Andorra Algeria Albania Afghanistan
33
Dominica Brunswick Bulgaria Burkina Burma Burundi Cabo Cambodia Cameroon Canada Chad Chile China Colombia Comoros Costarica CotedIvoire Croatia Cuba Cyprus Czechi Czechoslovakia Congo Denmark Djibouti Dominica Dominicanrepublic Ecuador Egypt ElSalvador EquatorialGuinea Eritrea Estonia Eswatini Ethiopia Fiji Finland France Gabon Georgia Germany Ghana Greece Grenada Guatemala Guinea GuineaBissau Guyana Haiti Hanover
Belgium Austrian Azerbaijan Baden Bahrain Bangladesh Barbados Bavaria Belarus Belgium Belize Benin Bolivia Bosnia Botswana Brazil Brunei
Australia Antigu Argentina Armenia Australia Austria
Afghanistan Afghanistan
Albania Albania
Algeria Algeria
Andorra Andorra
Angola Angola
HanseaticRepublics HanseaticRepublics
Hawaii Hawaii
Hesse Hesse
HolySee HolySee
Honduras Honduras
Hungary Hungary
Iceland Iceland
India India
Indonesia Indonesia
Iran Iran
Iraq Iraq
Ireland Ireland
Israel Israel
Italy Italy
Jamaica Jamaica
Japan Japan
Jordan Jordan
Kazakhstan Kazakhstan
Kenya Kenya
Kiribati Kiribati
Korea Korea
Kosovo Kosovo
Kuwait Kuwait
Kyrgyzstan Kyrgyzstan
Laos Laos
