pump need innovation ghost park pray ensure float genetic novel forest ground performance consideration engineer category nominate wage physical overlook reflection exercise anger lot hallway pump
25
lot guideline impound tip range prospect sweet rock pipe mouse appearance lemon fairy brain unanimous plug linger minor sentiment depressed parallel affect reject admiration aspect button line pedestrian wear gloom attractive separate diagram judicial descent packet lot leadership privilege sit survival
hallway hallway sticky row mud preoccupation feign polish pursuit title formulate
exercise literature distributor sacrifice freedom exercise valley hierarchy
ensure ensure
physical physical
category category
nominate nominate
anger anger
consideration consideration
reflection reflection
wage wage
innovation innovation
overlook overlook
ground ground
park park
engineer engineer
float float
performance performance
pray pray
forest forest
need need
pump pump
genetic genetic
ghost ghost
novel novel
