188645 0FB66D FA567E B833F0 657F93 B7B073 657F93 0D7DE7 E954F7 2EA2EE 2F1AB5 9B9BDD 2F1AB5 07D80A 143B88 44716B 567883 36D08C 6D778A 36D08C AFF8D1 7E5598 0FBCDC 0A5C0E 0FBCDC 7E5598 3B1041 3AA8C5 EF4D57 3AA8C5 C0766C CEAE00 539A92 EC05F7 29B2A4 724A76 29B2A4 70146D 35F60D 61EDA9 35F60D AA8E14 724A76 467AB7 0D7DE7 FA567E 0FB66D 188645
19
61EDA9 84EBFF FD1783 19FFAB 29B2A4 DBDC9A 500783 94D700 CB09C0 AA8E14 4FBDE1 D7CAF9 48C2D5 A7E9D9 DD2694 D01E6B 800641 C98FE7 784F83 9B0EC2 994F93 D04F40 8D0852 E09D29 2C101C D5356A D443EB 3ADA02 628AB2 1276AF FF8D45 A5CCB5 7E18E9 37F745
467AB7 467AB7
724A76 724A76
188645 188645
539A92 539A92
E954F7 E954F7
0A5C0E 0A5C0E
9B9BDD 9B9BDD
07D80A 07D80A
6D778A 6D778A
0FBCDC 0FBCDC
B833F0 B833F0
B7B073 B7B073
3B1041 3B1041
0FB66D 0FB66D
AFF8D1 AFF8D1
EF4D57 EF4D57
44716B 44716B
AA8E14 AA8E14
