F1E81B 813B05 396D53 462226 EE2A22 4B97F1 85D6DB 63361A 85D6DB 7D997B E51A66 7D997B 4B3F8A 86493E 0C73D8 E81014 0C73D8 2924CB 1F842B B69F55 79BC3D EE2A22 59843B D1967A E33276 29D5D7 98C2CE 1E1095 FFFD4B 573788 2334E8 230A7C 4B3F8A 86493E 596CF6 EB8E2E A9F1B8 24743A 5C7062 24743A A9F1B8 52C88C EE2A22 C3B3E7 002274 D337F2 47FACD 17BB75 191510 6B4619 CC9C14 6B4619 7BE8A9 FFEEBD 614224 5EFED0 5D0E2E B23276 AE4A01 F1E81B
28
5D0E2E 8015E0 CEAC59 B47658 E5E6C0 6B340B AEFF96 851F90 8BFCAC 9096DB 8F495E 4099A6 FFEEBD 614224 94A561 C18C9B 151BC9 36C862 93EBE3 C9AF85 6B622D 783751 66048A 20EAE7 6E313C E80628 0CBC31 8B6C2F 2BF7B5 4A28BA 5BB557 90451D 5F4E43 C4303B 8B519F 7829D7 14994D 6D51F4 239994 DCE144 D4A75D 7E78F3 4CAD30 28F6D1 6966D7 7E1C6C 8EBF8A 3B4B53 D6CC7A 4A5708 490F1E BB40E6 DE6899 293D59 14B430 8F17C0 E3C2C9 BB4908 77A0B5 124C90 ABD8FE 36590B
AE4A01 AE4A01
CC9C14 17779E C3EF62 A1F104 2CCB19 F33196 305D33 CC9C14 770D1A 0F5860 685D1A 61199E B7F75A 2FEDFB 8417C8
573788 573788
29D5D7 29D5D7
D337F2 D337F2
D1967A D1967A
230A7C 230A7C
1F842B 1F842B
47FACD 47FACD
E81014 E81014
52C88C 52C88C
E51A66 E51A66
396D53 396D53
596CF6 596CF6
4B97F1 4B97F1
1E1095 1E1095
59843B 59843B
5C7062 5C7062
813B05 813B05
B69F55 B69F55
F1E81B F1E81B
C3B3E7 C3B3E7
86493E 86493E
85D6DB 85D6DB
FFFD4B FFFD4B
63361A 63361A
614224 614224
