engine time satisfaction process business machine tax song promotion drawer card engine space teaching situation light worker standard teacher step speech chapter birth preparation departure age class eye difficulty sympathy engineering area problem buyer ear singer war figure variation bus menu engine editor dirt sport flight temperature feature tool extent idea engine
47
promotion promotion volume member beer understanding politics data fact energy measurement tooth drawing
machine secretary machine choice reputation significance two country moment funeral director police dealer
satisfaction piano satisfaction grandmother failure view ratio analyst series material girl
tax office meal leadership tax tension clothes answer delivery
process beginning performance accident interaction process error town
card card emphasis money mind source education
song model aspect song section side
business business
light light
drawer drawer
space space
speech speech
situation situation
standard standard
teaching teaching
worker worker
chapter chapter
teacher teacher
time time
preparation preparation
engine engine
birth birth
departure departure
age age
difficulty difficulty
class class
eye eye
step step
sympathy sympathy
engineering engineering
figure figure
editor editor
area area
problem problem
buyer buyer
war war
ear ear
tool tool
singer singer
variation variation
menu menu
idea idea
sport sport
bus bus
dirt dirt
temperature temperature
flight flight
