context bedroom farmer bread teaching road reality while construction wood currency satisfaction soil bit thanks state ability force attempt price interaction departure anxiety force context
20
attempt care attempt fat
teaching teaching bread aspect
farmer farmer store
context context
while while
currency currency
reality reality
bedroom bedroom
wood wood
bit bit
ability ability
interaction interaction
construction construction
soil soil
state state
satisfaction satisfaction
departure departure
thanks thanks
anxiety anxiety
road road
