maintenance future depression version wife competition style object rate war income description focus example church cause career driver account role day inspection movie economy difficulty feature property chest selection salad resolution marketing consequence rock woman bread fact maintenance
35
future sister price reputation context population future
depression complaint average depression photo obligation volume
version philosophy sign contract action beer version
object object
competition competition
war war
style style
church church
wife wife
cause cause
economy economy
rate rate
income income
role role
driver driver
career career
inspection inspection
focus focus
account account
movie movie
description description
day day
chest chest
salad salad
difficulty difficulty
maintenance maintenance
example example
resolution resolution
rock rock
marketing marketing
feature feature
bread bread
property property
selection selection
woman woman
