S Q P V R AY W B E C D AM AN Y J O BR AW Z CT AA CB BW M CM A AL K CL AB AD AC CK I AZ AN AE G CD Q L AI AN AG AN AH AN AK Q AO Q AR Q AS Q AU C AX Q BA Q BC AN BD AW BF AW BG Q BH Q BI AN BK AN BL AN BN AN BO AN BS Q BT AN BU AN BV Q BX AN BY AW BZ AW CA AW CC AW CE AN CH AN CI AN CJ Q CN AN CO AN CP Q CQ Q CR AW CU AW CW GJ S
79
R F H N R T X AJ AP BE CS
P P U AF AT AV CF
L L AQ BB BJ BM BP BQ CV
A A
B B
C C
D D
E E
G G
I I
J J
K K
M M
O O
Q Q
S S
V V
W W
Y Y
Z Z
AA AA
AB AB
AC AC
AD AD
AE AE
AG AG
AH AH
AI AI
AK AK
AL AL
AM AM
AN AN
AO AO
AR AR
AS AS
AU AU
AW AW
AX AX
AY AY
AZ AZ
BA BA
BC BC
BD BD
BF BF
BG BG
BH BH
BI BI
BK BK
BL BL
BN BN
BO BO
BR BR
BS BS
BT BT
BU BU
BV BV
BW BW
BX BX
BY BY
BZ BZ
CA CA
CB CB
CC CC
CD CD
CE CE
CH CH
CI CI
CJ CJ
CK CK
CL CL
CM CM
CN CN
CO CO
CP CP
CQ CQ
CR CR
CT CT
CU CU
CW CW
