Wheeler Dwinelle Wheeler Sproul Wheeler Doe Campanile LeConte Birge Campbell Haviland Memorial McLaughlin Memorial Minor Haas Stonefire Haas Faculty FSM Baker McCone CKerr McCone BigC Pavilion PeoplePark Pavilion Simons Koja Legends Koja TriDelta Koja LaNote Unit2 LaNote Simons Pavilion BigC McCone Baker CZ Fiji CZ Baker FSM Faculty Haas Minor Maxwell MemorialStadium Hargrove MemorialStadium Maxwell Minor Memorial IHouse Memorial Haviland Wellman RSF Koshland Haviland Memorial McLaughlin South Stephens HearstAnnex Morgan CVStarr Soda Etcheverry Latimer Stanley Foothill Stanley Latimer Evans Morrison Hertz Kroeber Lewis Greek Cory Greek Morrison Evans Wheeler
20
Kroeber Bechtel Jacobs Boalt Kroeber Morrison
Soda Martinez Barker Unit3 OCF Hearst Metropolitan Anthony Moffitt Cheit Davis Cloyne Warren Etcheverry Moses
Foothill Foothill
Stonefire Stonefire
Unit2 Unit2
Legends Legends
TriDelta TriDelta
Hargrove Hargrove
Sproul Sproul
Birge Birge
Dwinelle Dwinelle
Haas Haas
Baker Baker
Fiji Fiji
CKerr CKerr
PeoplePark PeoplePark
RSF RSF
IHouse IHouse
McLaughlin McLaughlin
Cory Cory
