0 45 42 6 58 74 58 71 58 53 50 52 56 66 98 66 97 66 56 65 95 65 96 65 94 65 56 67 56 52 50 54 59 54 50 53 58 73 58 70 10 48 26 44 33 21 45 42 40 42 25 23 25 55 62 55 63 55 60 55 62 87 62 55 61 84 61 83 61 55 64 90 32 34 32 90 64 92 64 93 64 55 25 14 11 25 15 35 15 25 19 25 2 25 37 12 29 41 23 0 5 13 49 13 5 0
44
33 39 33
10 20 70 10 31
59 78 54 59 77
93 93
42 42
32 32
87 87
11 11
60 60
49 49
71 71
98 98
66 66
90 90
52 52
94 94
19 19
95 95
25 25
73 73
14 14
35 35
83 83
26 26
96 96
37 37
74 74
21 21
48 48
84 84
62 62
55 55
12 12
67 67
23 23
63 63
41 41
92 92
2 2
34 34
45 45
40 40
97 97
0 0
