MapLocation152 MapLocation106 MapLocation77 MapLocation10 MapLocation67 MapLocation100 MapLocation194 MapLocation55 MapLocation16 MapLocation198 MapLocation61 MapLocation121 MapLocation148 MapLocation81 MapLocation18 MapLocation50 MapLocation7 MapLocation53 MapLocation86 MapLocation13 MapLocation97 MapLocation114 MapLocation0 MapLocation182 MapLocation127 MapLocation118 MapLocation103 MapLocation135 MapLocation23 MapLocation62 MapLocation47 MapLocation150 MapLocation145 MapLocation109 MapLocation156 MapLocation189 MapLocation59 MapLocation12 MapLocation8 MapLocation154 MapLocation116 MapLocation122 MapLocation29 MapLocation179 MapLocation152
42
MapLocation135 MapLocation14 MapLocation15 MapLocation17 MapLocation136 MapLocation186 MapLocation22 MapLocation113 MapLocation71 MapLocation154 MapLocation105 MapLocation149 MapLocation129 MapLocation192 MapLocation79 MapLocation94 MapLocation57 MapLocation164 MapLocation137 MapLocation171 MapLocation146 MapLocation4 MapLocation104 MapLocation60 MapLocation119 MapLocation43 MapLocation102 MapLocation96 MapLocation170 MapLocation135 MapLocation29 MapLocation133 MapLocation92 MapLocation128 MapLocation183 MapLocation56 MapLocation32 MapLocation99 MapLocation185 MapLocation76 MapLocation42 MapLocation153 MapLocation28
MapLocation8 MapLocation19 MapLocation20 MapLocation69 MapLocation72 MapLocation36 MapLocation125 MapLocation107 MapLocation123 MapLocation41 MapLocation8 MapLocation9 MapLocation173 MapLocation85 MapLocation161 MapLocation175 MapLocation111 MapLocation70
MapLocation122 MapLocation35 MapLocation122 MapLocation166
MapLocation16 MapLocation16
MapLocation18 MapLocation18
MapLocation198 MapLocation198
MapLocation81 MapLocation81
MapLocation13 MapLocation13
MapLocation50 MapLocation50
MapLocation67 MapLocation67
MapLocation97 MapLocation97
MapLocation12 MapLocation12
MapLocation156 MapLocation156
MapLocation127 MapLocation127
MapLocation106 MapLocation106
MapLocation61 MapLocation61
MapLocation145 MapLocation145
MapLocation53 MapLocation53
MapLocation59 MapLocation59
MapLocation109 MapLocation109
MapLocation152 MapLocation152
MapLocation118 MapLocation118
MapLocation10 MapLocation10
MapLocation116 MapLocation116
MapLocation103 MapLocation103
MapLocation47 MapLocation47
MapLocation150 MapLocation150
MapLocation100 MapLocation100
MapLocation189 MapLocation189
MapLocation77 MapLocation77
MapLocation55 MapLocation55
MapLocation182 MapLocation182
MapLocation86 MapLocation86
MapLocation7 MapLocation7
MapLocation23 MapLocation23
MapLocation179 MapLocation179
MapLocation148 MapLocation148
MapLocation62 MapLocation62
MapLocation121 MapLocation121
MapLocation114 MapLocation114
MapLocation194 MapLocation194
MapLocation0 MapLocation0
