MapLocation77 MapLocation67 MapLocation79 MapLocation19 MapLocation44 MapLocation61 MapLocation97 MapLocation3 MapLocation91 MapLocation81 MapLocation14 MapLocation0 MapLocation1 MapLocation2 MapLocation84 MapLocation35 MapLocation73 MapLocation66 MapLocation82 MapLocation6 MapLocation24 MapLocation70 MapLocation72 MapLocation55 MapLocation77
24
MapLocation14 MapLocation0 MapLocation4 MapLocation5 MapLocation27 MapLocation37 MapLocation17 MapLocation80 MapLocation13 MapLocation58 MapLocation45 MapLocation14 MapLocation65 MapLocation85 MapLocation74 MapLocation48 MapLocation68 MapLocation39 MapLocation93 MapLocation51 MapLocation40 MapLocation42 MapLocation88 MapLocation49
MapLocation72 MapLocation86 MapLocation10 MapLocation72
MapLocation66 MapLocation20 MapLocation8 MapLocation83 MapLocation66
MapLocation1 MapLocation1
MapLocation2 MapLocation2
MapLocation3 MapLocation3
MapLocation6 MapLocation6
MapLocation82 MapLocation82
MapLocation70 MapLocation70
MapLocation19 MapLocation19
MapLocation77 MapLocation77
MapLocation73 MapLocation73
MapLocation67 MapLocation67
MapLocation79 MapLocation79
MapLocation61 MapLocation61
MapLocation91 MapLocation91
MapLocation55 MapLocation55
MapLocation84 MapLocation84
MapLocation24 MapLocation24
MapLocation97 MapLocation97
MapLocation44 MapLocation44
MapLocation81 MapLocation81
MapLocation35 MapLocation35
MapLocation0 MapLocation0
