86 128 143 6 143 25 150 102 22 68 90 68 55 8 60 1 42 11 3 5 103 10 171 2 67 54 3 19 180 45 180 53 180 66 178 52 135 38 20 36 70 57 95 72 127 87 99 76 78 14 78 71 61 30 79 21 79 137 79 61 69 61 107 98 91 136 89 115 101 133 92 182 113 111 121 55 93 58 28 58 116 78 148 95 156 62 138 12 123 12 149 40 122 49 125 86 120 86 169 147 160 151 17 151 184 161 163 7 145 109 13 9 110 9 171 75 63 74 63 142 4 179 4 142 111 129 118 55 132 55 114 105 114 67 192 43 185 23 39 177 18 47 41 47 188 198 188 199 88 172 56 172 131 196 186 133 152 133 92 182 96 174 96 182 115 98 173 98 104 24 168 189 168 24 104 62 192 151 80 194 80 151 128 86
74
179 179 183
90 35 90 100 159
174 174
28 26 28 51 73 97
6 6 27 48 84 117 181
41 41 82 139
25 44 64 94 106 126 140 146 153 154 157 158 175
1 1
2 2
5 5
8 8
10 10
11 11
13 13
14 14
17 17
19 19
21 21
22 22
30 30
36 36
38 38
45 45
52 52
53 53
54 54
56 56
57 57
66 66
69 69
71 71
72 72
74 74
75 75
76 76
87 87
89 89
91 91
92 92
93 93
101 101
105 105
107 107
110 110
113 113
116 116
120 120
121 121
122 122
123 123
125 125
129 129
132 132
137 137
138 138
145 145
148 148
149 149
150 150
152 152
156 156
160 160
163 163
169 169
173 173
177 177
184 184
185 185
189 189
192 192
194 194
196 196
198 198
199 199
