3 6 79 1 78 12 77 89 21 10 7 48 8 18 15 84 45 84 31 83 22 4 19 74 27 78 17 78 32 3 23 18 41 11 24 91 33 80 29 80 46 82 42 13 43 48 49 48 50 34 52 35 57 97 60 20 63 83 58 83 67 83 68 2 40 54 76 86 75 11 70 38 90 48 87 48 100 69 96 69 64 71 64 98 65 80 73 80 27 55 85 93 88 61 88 93 85 55 3
44
45 9 45
61 25
89 14 36 53 56 66 94
1 1
6 6
7 7
8 8
12 12
15 15
17 17
19 19
21 21
22 22
23 23
24 24
27 27
29 29
31 31
32 32
33 33
40 40
41 41
42 42
43 43
46 46
49 49
50 50
52 52
57 57
58 58
60 60
63 63
67 67
68 68
70 70
71 71
73 73
75 75
76 76
87 87
90 90
96 96
98 98
100 100
