110 77 168 124 81 159 60 100 72 44 66 87 85 182 56 50 96 64 152 26 132 15 38 142 13 160 189 178 148 74 172 92 169 197 54 73 47 45 76 94 30 40 170 14 193 123 43 101 121 140 6 131 51 141 83 5 161 18 192 41 25 20 98 0 29 110
65
15 190 163 99 195 15 11 171 55 127 39 122 3 67 181 138 91 176 145 132
132 90
29 36 175 28 107 29 53 126 147 165 1 0 79 103 149 22 52 19 199 154
178 178
76 76
152 152
64 64
54 54
60 60
160 160
141 141
44 44
197 197
50 50
51 51
101 101
47 47
30 30
172 172
159 159
148 148
43 43
81 81
41 41
87 87
169 169
18 18
193 193
56 56
20 20
6 6
25 25
96 96
13 13
45 45
38 38
72 72
140 140
121 121
110 110
123 123
182 182
73 73
124 124
5 5
14 14
161 161
131 131
98 98
142 142
170 170
92 92
66 66
74 74
85 85
83 83
100 100
189 189
94 94
192 192
77 77
168 168
26 26
40 40
0 0
