1 46 129 174 8 193 58 81 13 3 133 86 2 141 47 57 84 182 27 116 150 111 85 31 143 77 51 198 105 140 1
28
46 6 9 10 35 37 41 42 44 50 51 56 59 68 69 74 75 80 83 87 88 89 92 95 97 99 101 110 124 126 127 136 137 138 139 144 156 157 161 162 164 165 167 169 171 176 177
31 21 31 49 102 130 131 184 189
77 20 36 55 61 77
174 16 53 60 70 82 159 174
193 103 106 151 193
133 26 34 133
129 33 129 200
1 1
2 2
3 3
8 8
13 13
27 27
47 47
57 57
58 58
81 81
84 84
85 85
86 86
111 111
116 116
140 140
141 141
143 143
150 150
182 182
198 198
