0 1 0 50 51 50 100 101 100 150 199 150 165 164 153 152 153 164 165 150 100 115 114 103 102 103 114 112 116 117 113 111 104 111 113 109 110 109 120 121 130 122 130 134 133 147 144 148 149 148 144 147 133 134 130 129 123 124 126 125 126 124 123 127 123 129 130 135 137 138 136 142 146 142 136 138 141 140 141 138 137 135 130 121 120 118 107 108 105 108 106 108 107 118 120 109 113 117 116 112 114 115 100 50 65 64 53 52 53 64 65 50 0 15 14 3 2 3 14 12 16 17 13 9 20 21 30 21 20 9 13 17 16 12 14 15 0 50 100 150 199 198 194 197 183 184 180 184 183 197 194 198 199 150 100 50 65 64 62 66 67 63 59 70 71 80 71 70 59 63 67 66 62 64 65 50 0
31
2 2 3
180 154 155 156 160 172 174 175 176 177 183 197 194 196 192 186 190 191
152 152 153
199 151 198 199
30 4 5 6 10 22 24 25 26 27 33 47 44 48 49 46 42 36 40 41
80 54 55 56 60 72 74 75 76 77 83 97 94 98 99 96 92 86 90 91
52 52 53
1 1
51 51
101 101
102 102
103 103
104 104
105 105
106 106
110 110
122 122
124 124
125 125
126 126
127 127
133 133
147 147
144 144
148 148
149 149
146 146
142 142
136 136
140 140
141 141
