31 167 196 175 188 168 164 173 198 170 184 195 169 171 197 180 191 179 199 186 137 12 120 33 105 29 1 89 125 35 64 151 38 69 60 110 148 42 77 127 112 107 146 128 65 74 157 136 86 34 57 52 46 31
52
86 78 93 58 66 160 13 32 20 80 81 147 22 108 119 117 49 106 88 14 27 86 138 7 134 123 30 103 4 28 6 67 9 141 115 68 131
136 82 143 21 94 90 140 99 156 47 152 149 45 121
157 114 48 83
175 175
127 127
167 167
69 69
195 195
65 65
198 198
197 197
173 173
77 77
38 38
120 120
125 125
196 196
180 180
105 105
46 46
74 74
60 60
169 169
148 148
184 184
151 151
112 112
179 179
110 110
34 34
107 107
128 128
168 168
188 188
35 35
137 137
164 164
170 170
64 64
12 12
186 186
89 89
146 146
33 33
57 57
191 191
42 42
29 29
52 52
171 171
199 199
1 1
