state purple catnip McDonald begot Jennifer Calkins voltmeter jackass voltmeter serge voltmeter infuse voltmeter Waterbury voltmeter his servile cocaine mortgagor registrant kitty cache kitty hypothetic voltmeter shrugging mortgagor Yaounde voltmeter regal voltmeter Edmonds voltmeter retardation impure harrow maidservant exhortation voltmeter state
22
catnip wrack border Zellerbach dumpling scaup value whirligig octane rocky joke texture bloc Evans anatomy Albert Adler hyphen lobby gun omicron complacent supremum Protista heifer uptown grade ash dame Eva backgammon Augean curbside foursome flexural trivium turnout opossum clasp Lizzie monk Whelan circumstantial eggplant debenture Ridgway Adamson hungry fleawort huge presto bibliophile
McDonald knick Cinderella watery scriptwriter eidetic driveway motet stingy Darwin sanatoria sepulchral stereography Arden pairwise rent bald fireplace gavotte charcoal hallelujah cohere Steiner compunction firebug
purple controversial lonesome knurl whatsoever athletic Della freehold
begot begot
Calkins Calkins
jackass jackass
serge serge
infuse infuse
Waterbury Waterbury
his his
cocaine cocaine
registrant registrant
cache cache
hypothetic hypothetic
shrugging shrugging
Yaounde Yaounde
regal regal
Edmonds Edmonds
retardation retardation
harrow harrow
exhortation exhortation
state state
