142 121 137 66 44 88 121 137 135 97 135 171 140 171 63 131 35 131 63 171 140 129 140 30 139 153 181 91 181 153 23 153 181 151 144 151 93 118 38 197 12 126 177 16 193 60 124 60 78 186 55 186 17 6 103 28 9 33 133 41 152 68 192 150 21 157 21 150 99 141 65 130 58 147 27 72 145 139 153 181 18 70 92 9 136 47 7 47 136 9 28 103 18 181 151 167 151 159 45 8 31 8 163 100 34 175 130 58 121 137 48 137 188 39 115 39 188 137 66 106 111 90 143 77 160 108 148 108 160 77 143 90 172 52 178 195 158 195 178 52 134 14 54 114 124 60 26 0 183 0 26 149 63 171 135 137 121 142
45
88 44
158 158 178 14 195 69 64
48 76 48
148 174 46 108 3 77 4
90 90
44 106 127
115 89 22 115 39
150 150
144 144
31 31
129 129
133 133
181 181
141 141
30 30
70 70
183 183
21 21
186 186
159 159
124 124
34 34
41 41
7 7
121 121
177 177
23 23
63 63
151 151
157 157
145 145
60 60
197 197
167 167
35 35
38 38
55 55
140 140
16 16
91 91
137 137
93 93
58 58
97 97
33 33
