5 14 63 14 196 14 23 103 23 14 64 27 11 85 11 113 11 44 106 44 37 45 152 45 59 101 104 101 111 101 59 127 59 76 59 96 54 20 19 169 19 69 145 69 19 52 80 26 1 0 51 0 1 177 1 21 32 50 75 59 118 126 118 59 95 121 95 1 2 9 77 7 35 7 5 33 68 155 171 155 68 17 55 57 55 17 36 40 92 22 58 86 109 130 109 86 41 39 31 39 88 168 88 39 28 10 160 10 15 163 15 30 1 70 105 70 1 2 9 12 18 178 18 12 150 191 150 12 25 43 183 43 25 46 49 82 179 82 36 40 53 123 131 140 131 123 53 27 41 19 52 56 102 56 52 143 144 176 180 176 144 143 52 19 5
49
180 176 180 194
171 155
103 23 91 103
9 9
21 21
27 27
31 31
32 32
35 35
45 45
50 50
51 51
54 54
57 57
58 58
63 63
68 68
76 76
77 77
80 80
85 85
92 92
96 96
101 101
102 102
104 104
105 105
106 106
109 109
111 111
113 113
121 121
126 126
127 127
130 130
140 140
145 145
152 152
160 160
163 163
168 168
169 169
177 177
178 178
179 179
183 183
191 191
196 196
0 0
