149 14 68 75 59 4 36 42 69 72 57 97 48 24 63 60 0 19 41 67 50 30 62 95 91 82 77 98 86 15 27 93 94 31 53 17 8 35 2 100 134 21 149
41
21 1 3 5 6 7 9 10 11 12 13 21 22 25 26 28 29 32 33 34 38 39 40 43 46 49 52 54 55 56 58 61 64 65 66 70 71 73 78 79 81 83 84 85 87 88 89 90 92
134 18 20 23 37 44 45 47 51 74 80 99
100 16 76 96 100
2 2
4 4
8 8
14 14
15 15
17 17
19 19
24 24
27 27
30 30
31 31
35 35
36 36
41 41
42 42
48 48
50 50
53 53
57 57
59 59
60 60
62 62
63 63
67 67
68 68
69 69
72 72
75 75
77 77
82 82
86 86
91 91
93 93
94 94
95 95
97 97
98 98
0 0
