89 65 18 20 35 50 39 50 8 40 4 40 8 57 66 41 49 29 57 66 41 12 41 66 55 42 31 42 19 42 55 95 16 95 10 47 57 66 45 52 38 7 15 7 24 5 24 13 24 11 27 23 17 48 74 44 21 44 74 23 4 9 4 40 8 43 62 91 2 0 2 28 2 34 68 14 94 1 94 46 56 30 56 68 22 68 57 8 40 95 33 95 40 8 6 8 57 66 41 49 38 25 24 92 82 65 89
46
6 6 37
33 3 33
30 26 30 32 36
1 1
2 2
4 4
5 5
7 7
8 8
9 9
10 10
11 11
12 12
13 13
14 14
15 15
16 16
17 17
18 18
19 19
20 20
21 21
22 22
23 23
24 24
25 25
27 27
28 28
29 29
31 31
34 34
35 35
38 38
39 39
40 40
41 41
42 42
43 43
44 44
45 45
46 46
47 47
48 48
49 49
50 50
0 0
