xse rsg rrp ggo qab jam cek hcr ils jfh miy mti svk uau ptu ttw bda byu ruo qxs zkt qdw qkp yug qkp nvz lvm fia nmf ocp wyg pjf gex ljd tso cma tdu nbk ukv nii rjv idv hmi vtd aeg xeh kpp eah fjy vmv fbk nko nhi vzr jgt nry cun gfa bnl agh vvn nwn uuw vmt emz wiy qbf rir ksg tlh ceo xjt fgp adx kxn fyc krr bod ogh kcv qjf tko uwo fhv khu xme vwg pvs fzi lwk nfr lrj txq rtc hpx wbg aii bdh rtc pvs ikb xnr nwc rsg xse
88
jam ybr phg jam
ggo loj uok zud zdb kfu
rrp cen mok fin ckx dgl nsw ego
cma cma
adx adx
ocp ocp
pvs pvs
fbk fbk
vtd vtd
bda bda
aii aii
lrj lrj
uwo uwo
nii nii
mti mti
ikb ikb
wyg wyg
xeh xeh
khu khu
vvn vvn
bdh bdh
vmv vmv
lvm lvm
nwc nwc
fzi fzi
uau uau
miy miy
tdu tdu
fia fia
byu byu
hmi hmi
fhv fhv
nfr nfr
qbf qbf
hcr hcr
hpx hpx
pjf pjf
wiy wiy
ttw ttw
cun cun
rtc rtc
nry nry
yug yug
ptu ptu
jgt jgt
lwk lwk
aeg aeg
nmf nmf
zkt zkt
uuw uuw
nhi nhi
ogh ogh
krr krr
nko nko
qdw qdw
tso tso
kxn kxn
bod bod
xjt xjt
tko tko
vzr vzr
vwg vwg
ruo ruo
rsg rsg
rjv rjv
fgp fgp
xme xme
bnl bnl
gex gex
ukv ukv
emz emz
txq txq
kpp kpp
fyc fyc
wbg wbg
qjf qjf
vmt vmt
jfh jfh
ksg ksg
svk svk
ljd ljd
tlh tlh
qxs qxs
nvz nvz
idv idv
fjy fjy
ils ils
eah eah
