Encanto All Moccasin City Balsdon Banning Kern Alpaugh Two Cabbage Riverside Homestead Jane Cherokee Sherman Glencoe Cypress Santa Quail Laguna Encanto
19
Cherokee Cherokee Kentfield Vernon Bonita Forest Beach Richvale Woodbridge Mount Elmira Shafter Ames Quail Clayton Chinese Pumpkin Ramona Green
Glencoe Vista Willow Foothills Presidio Glencoe Welden Warner Los Granite Garden Woffard Delta Costa Smoke McAuley
Laguna Laguna Yurok
Banning Banning
Homestead Homestead
Moccasin Moccasin
Two Two
Sherman Sherman
All All
Kern Kern
Cabbage Cabbage
Jane Jane
City City
Santa Santa
Alpaugh Alpaugh
Encanto Encanto
Riverside Riverside
Cypress Cypress
Balsdon Balsdon
