Vernon Anaheim Industrial Portola Hammer Bell Bradley Santa Cypress Helm Woody Flinn Quail Veterans Clayton Marshall Industry Sulpizio Saint Sunny Vernon
18
Clayton Yankee Cressey Robertsville Warner Cerro Wallace Stockdale Clayton Le Downtown Presidio Bodad Calaveras Antelope Kaiser Bakersfield Strawberry Escalon Brundage Moores Blue Grasslands Rough Bonny Timbuctoo Fox Pacheco Huron Roseland Beach Civic Ramona Garcia Ritter Sherman Fiorini Louis Hoffman Lake Buena Alamo California Donner Yurok Marshall Sacramento All South Del
Quail Terra Quail Richvale Cabbage Forbestown Pleasant Parchester Balboa Fullerton Cudahy Bangor Costa Coddingtown Glencoe Chittenden Smoke
Industrial Winterhaven Three Industrial Potrero Cambridge Armstrong Tijuana
Veterans Smith Carmel Crestmont Veterans Capuchino Rowland Delta
Flinn Davenport Temecula Mecca Dulzura Collins Flinn
Woody Woody Manker Escondido
Hammer Hammer
Anaheim Anaheim
Bell Bell
Industry Industry
Portola Portola
Helm Helm
Saint Saint
Santa Santa
Sunny Sunny
Bradley Bradley
Sulpizio Sulpizio
Cypress Cypress
