loc0 loc87 loc9 loc61 loc5 loc71 loc97 loc77 loc37 loc27 loc75 loc29 loc73 loc49 loc95 loc63 loc17 loc13 loc93 loc0
19
loc17 loc1 loc3 loc11 loc15 loc17 loc19 loc21 loc23 loc33 loc35 loc41 loc43 loc47 loc53 loc55 loc57 loc59 loc65 loc69 loc79 loc81 loc83 loc85 loc89 loc91 loc99
loc87 loc25 loc31 loc39 loc45 loc67 loc87
loc93 loc7 loc51 loc93
loc5 loc5
loc9 loc9
loc13 loc13
loc27 loc27
loc29 loc29
loc37 loc37
loc49 loc49
loc61 loc61
loc63 loc63
loc71 loc71
loc73 loc73
loc75 loc75
loc77 loc77
loc95 loc95
loc97 loc97
loc0 loc0
