loc0 loc51 loc27 loc63 loc109 loc103 loc105 loc53 loc7 loc19 loc67 loc17 loc83 loc115 loc133 loc197 loc181 loc93 loc59 loc95 loc45 loc159 loc199 loc151 loc33 loc0
24
loc197 loc3 loc5 loc13 loc15 loc21 loc23 loc37 loc41 loc43 loc47 loc55 loc57 loc61 loc69 loc71 loc85 loc91 loc97 loc99 loc107 loc111 loc117 loc119 loc123 loc127 loc129 loc139 loc141 loc143 loc145 loc153 loc155 loc157 loc169 loc171 loc173 loc175 loc187 loc189 loc193 loc197
loc133 loc1 loc9 loc35 loc39 loc73 loc75 loc101 loc113 loc121 loc125 loc131 loc133 loc137 loc147 loc149 loc161 loc165 loc185 loc191 loc195
loc93 loc29 loc31 loc65 loc77 loc93 loc163 loc177 loc179 loc183
loc51 loc25 loc51 loc87 loc89
loc103 loc49 loc79 loc81 loc103
loc63 loc63 loc167
loc105 loc11 loc105 loc135
loc7 loc7
loc17 loc17
loc19 loc19
loc27 loc27
loc33 loc33
loc45 loc45
loc53 loc53
loc59 loc59
loc67 loc67
loc83 loc83
loc95 loc95
loc109 loc109
loc115 loc115
loc151 loc151
loc159 loc159
loc181 loc181
loc199 loc199
