1 5 4 8 7 8 9 13 12 13 14 3 2 1 98 97 96 95 94 93 92 93 94 95 96 97 98 1 5 6 43 44 48 49 50 49 51 49 52 49 53 49 54 49 48 44 43 30 31 32 28 27 46 47 48 49 55 56 57 58 59 60 61 62 63 64 63 65 63 66 63 67 63 68 63 69 70 71 72 73 74 75 76 77 78 77 79 77 80 77 81 77 82 77 83 84 85 86 87 88 89 90 91 92 93 94 95 96 97 98 1
28
32 18 20 21 23 26 28 29 31 34 36 37 39 42 45 47
12 10 12 13 15
2 2
4 4
5 5
7 7
44 44
50 50
51 51
52 52
53 53
54 54
64 64
65 65
66 66
67 67
68 68
78 78
79 79
80 80
81 81
82 82
92 92
93 93
94 94
95 95
96 96
1 1
