Evans Cory Evans WursterHall Campbell Eshelman Marugame Campanile Marugame Gilman BotanicalGardens ClarkKerr DavisHall ClarkKerr ThaiNoodle Dwinelle MLK HildebrandHall MLK LatimerHall Plentea Soda Plentea SutardjaDai Cornerstone ZellerbachHall Bowles HilgardHall Bowles Unit3 Bowles KroeberHall Barrows HortonHall MemorialStadium HortonHall UniversityVillage Yifang BerkeleyWayWest AlumniHouse ImmThai Blackwell Underhill RSF Firewings CaliforniaHall InternationalHouse SatherGate GreekTheatre CanyonPool GreekTheatre SatherGate GiauqueHall SatherGate Doe Plentea StrawberryCreek MemorialGlade Kresge MemorialGlade StrawberryCreek Unit1 HAAS Foothill HAAS BAMPFA Barrows Unit2 Stern Unit2 DurantHall Campbell WursterHall Moffit HappyLemon HavilandHall HappyLemon Moffit SouthHall HesseHall SouthHall Milkbomb Unit3 Spats Boalt Spats Unit3 Bowles KroeberHall Etcheverry KroeberHall Barrows HortonHall UniversityVillage Wheeler UniversityVillage HortonHall Barrows KroeberHall WursterHall Evans
45
HesseHall SouthHall HesseHall
HavilandHall HearstMining BancroftLibrary LawrenceHall VLSB HavilandHall
HappyLemon LeConte Moffit
ThaiNoodle ThaiNoodle
Doe Doe
Wheeler Wheeler
Campanile Campanile
Dwinelle Dwinelle
Gilman Gilman
CaliforniaHall CaliforniaHall
Bowles Bowles
DurantHall DurantHall
Stern Stern
Campbell Campbell
GreekTheatre GreekTheatre
BAMPFA BAMPFA
BerkeleyWayWest BerkeleyWayWest
InternationalHouse InternationalHouse
Unit1 Unit1
Unit2 Unit2
Unit3 Unit3
Foothill Foothill
RSF RSF
Blackwell Blackwell
ZellerbachHall ZellerbachHall
MLK MLK
Eshelman Eshelman
Soda Soda
Cory Cory
Barrows Barrows
HAAS HAAS
AlumniHouse AlumniHouse
Boalt Boalt
BotanicalGardens BotanicalGardens
MemorialStadium MemorialStadium
CanyonPool CanyonPool
DavisHall DavisHall
Kresge Kresge
SutardjaDai SutardjaDai
Etcheverry Etcheverry
GiauqueHall GiauqueHall
UniversityVillage UniversityVillage
HildebrandHall HildebrandHall
HilgardHall HilgardHall
Evans Evans
