Soda BerkeleyWayWest Campanile Evans Campanile BerkeleyWayWest Soda Doe UniversityVillage Bowles UniversityVillage Doe LawrenceHall Doe Soda LeConte Foothill HavilandHall Dwinelle HearstMining HilgardHall Gilman ZellerbachHall DavisHall SouthHall Unit1 HesseHall Stern DavisHall Wheeler LeConte Etcheverry Unit2 BancroftLibrary Unit2 DurantHall Blackwell Cory Campbell Unit3 Barrows CaliforniaHall HilgardHall HearstMining BotanicalGardens Evans BAMPFA Evans Campanile BerkeleyWayWest Soda
20
BAMPFA Evans BAMPFA
LawrenceHall GreekTheatre LawrenceHall InternationalHouse
Unit3 Moffit CaliforniaHall Campbell Unit3
Doe Doe
HearstMining HearstMining
Wheeler Wheeler
Campanile Campanile
LeConte LeConte
Dwinelle Dwinelle
SouthHall SouthHall
Gilman Gilman
Bowles Bowles
BancroftLibrary BancroftLibrary
DurantHall DurantHall
Stern Stern
BerkeleyWayWest BerkeleyWayWest
Unit1 Unit1
Unit2 Unit2
Foothill Foothill
Evans Evans
