Loc48 Loc0 Loc19 Loc42 Loc24 Loc1 Loc41 Loc36 Loc14 Loc21 Loc32 Loc45 Loc46 Loc8 Loc34 Loc11 Loc7 Loc49 Loc26 Loc5 Loc12 Loc10 Loc4 Loc43 Loc27 Loc22 Loc48
25
Loc12 Loc3 Loc9 Loc12 Loc13 Loc15 Loc16 Loc17 Loc20 Loc23 Loc28 Loc29 Loc30 Loc31 Loc35 Loc37 Loc38 Loc44 Loc47
Loc22 Loc6 Loc18 Loc22 Loc25 Loc27
Loc43 Loc2 Loc33 Loc39 Loc40 Loc43
Loc0 Loc0
Loc1 Loc1
Loc4 Loc4
Loc5 Loc5
Loc7 Loc7
Loc8 Loc8
Loc10 Loc10
Loc11 Loc11
Loc14 Loc14
Loc19 Loc19
Loc21 Loc21
Loc24 Loc24
Loc26 Loc26
Loc32 Loc32
Loc34 Loc34
Loc36 Loc36
Loc41 Loc41
Loc42 Loc42
Loc45 Loc45
Loc46 Loc46
Loc48 Loc48
Loc49 Loc49
