Loc76 Loc11 Loc51 Loc60 Loc5 Loc84 Loc72 Loc80 Loc32 Loc94 Loc42 Loc7 Loc58 Loc67 Loc44 Loc66 Loc17 Loc3 Loc33 Loc2 Loc53 Loc18 Loc15 Loc1 Loc29 Loc125 Loc87 Loc76
26
Loc18 Loc6 Loc8 Loc10 Loc12 Loc13 Loc16 Loc18 Loc22 Loc23 Loc24 Loc25 Loc27 Loc28 Loc31 Loc35 Loc36 Loc37 Loc41 Loc43 Loc47 Loc54 Loc59 Loc61 Loc62 Loc63 Loc64 Loc65 Loc68 Loc69 Loc70 Loc73 Loc78 Loc81 Loc83 Loc85 Loc88 Loc90 Loc91 Loc92 Loc93 Loc95 Loc96 Loc97 Loc98
Loc51 Loc14 Loc19 Loc26 Loc45 Loc49 Loc50 Loc51 Loc74 Loc77 Loc82
Loc42 Loc4 Loc20 Loc30 Loc34 Loc38 Loc40 Loc42 Loc55 Loc57 Loc79
Loc94 Loc39 Loc46 Loc52 Loc86 Loc89 Loc94 Loc99
Loc29 Loc9 Loc29 Loc48
Loc1 Loc1 Loc56 Loc75
Loc15 Loc0 Loc15 Loc21 Loc71
Loc2 Loc2
Loc3 Loc3
Loc5 Loc5
Loc7 Loc7
Loc11 Loc11
Loc17 Loc17
Loc32 Loc32
Loc33 Loc33
Loc44 Loc44
Loc53 Loc53
Loc58 Loc58
Loc60 Loc60
Loc66 Loc66
Loc67 Loc67
Loc72 Loc72
Loc76 Loc76
Loc80 Loc80
Loc84 Loc84
Loc87 Loc87
