Shelf0 Toolbox153 Ring169 Puppy140 Mail22 Allergies103 Cat163 Whale137 Shelf0 Toolbox153 Toilet13 Drugs184 Toolbox146 Light30 Comics28 Book171 Solar130 Android196 Dog168 Towel92 Poop5 Robot164 Whale114 Urine124 Male149 Toolbox147 Soap3 Ring82 Soap3 Comics107 Trees68 Ice41 Laptop19 Allergies88 Websites4 Shelf0
23
Toilet13 Monster73 Toilet13
Ice41 Crab83 Boat67 Horse148 Post158 Robot93 Kitty194 Drugs39 Sink109 Shelf40 Leash77 Laptop125 Ice9 Soap58 Towel154 Plants118 Settings75 Kitty89 Body55 Monster175 Water135 Shower47 Dislike12 BBQ36 Shoe174 Nuclear35 Dislike143 Ice41 Puppy117 Whale126 Soda119 Printer188 Rollers95 Water29 Robot51 Poop150 Drugs195 Laptop19 Toolbox72 Clock2 Hnads116 Nuclear18 Soda197 Dog181 Water38 Dislike27 System156 Poop80 Solar162 Allergies176 Plus78 Ice165 Solar192 Mail6 Rollers14 Book24 Urine97 Fusion104 Flowers178 Shoe17 Urine20 Cat15 Solar71 System183 Poop76 Clock61 Shoes8 Cat187 Hnads182 Fusion34 Website190 Breakfast85 Shower57 System79 Kitty98
Allergies88 Allergies88 Soap64 Clock139 Websites4
Toolbox146 Toolbox146
Light30 Light30
Dog168 Dog168
Urine124 Urine124
Mail22 Mail22
Allergies103 Allergies103
Solar130 Solar130
Robot164 Robot164
Toolbox153 Toolbox153
Puppy140 Puppy140
Whale137 Whale137
Book171 Book171
Ring82 Ring82
Ring169 Ring169
Male149 Male149
Android196 Android196
Shelf0 Shelf0
Whale114 Whale114
Towel92 Towel92
Comics107 Comics107
