0 80 43 5 54 34 66 47 59 94 24 51 151 61 13 72 143 153 69 124 133 68 121 77 101 146 157 135 22 161 162 163 164 165 166 167 168 169 170 171 172 173 174 175 176 177 178 179 180 181 182 183 184 185 186 187 186 185 184 183 182 181 180 179 178 177 176 175 174 173 172 171 170 169 168 167 166 165 164 163 162 161 69 188 189 190 191 192 193 194 195 196 197 198 199 198 197 196 195 194 193 192 191 190 189 188 69 29 0
67
101 2 3 19 31 35 44 60 62 65 73 83 86 101 102 107 112 118 122 148 159 160
151 12 28 53 56 67 120 145 151 155
80 7 36 80 95 129 140 142
5 5
13 13
22 22
24 24
34 34
43 43
47 47
51 51
54 54
59 59
61 61
66 66
68 68
69 69
72 72
77 77
94 94
121 121
124 124
133 133
135 135
143 143
146 146
153 153
157 157
162 162
163 163
164 164
165 165
166 166
167 167
168 168
169 169
170 170
171 171
172 172
173 173
174 174
175 175
176 176
177 177
178 178
179 179
180 180
181 181
182 182
183 183
184 184
185 185
186 186
187 187
188 188
189 189
190 190
191 191
192 192
193 193
194 194
195 195
196 196
197 197
198 198
199 199
0 0
