hutmk artvi abupm mzlsn vmgxh ugyls yzaje lcghr tiyfv zsehb tyuep cursl xnysi coubd xintv oscrv mlfbi lsnhz ablxw rlfxc yaxts dowbf omjfc guxio qtmld kbshp axmwy aqzce tejxc qdzgs hopbn urlkt otirh hutmk
29
qtmld vczkh ugamb spuoi
otirh ywion gxdqt yiodb aeomh otirh xeljy misyc bcrwj ijvuq ijofp
guxio lnfiu
oscrv oscrv
hopbn hopbn
mlfbi mlfbi
lcghr lcghr
aqzce aqzce
mzlsn mzlsn
zsehb zsehb
tyuep tyuep
coubd coubd
yzaje yzaje
cursl cursl
omjfc omjfc
qdzgs qdzgs
xintv xintv
urlkt urlkt
rlfxc rlfxc
artvi artvi
vmgxh vmgxh
ablxw ablxw
ugyls ugyls
tejxc tejxc
yaxts yaxts
xnysi xnysi
dowbf dowbf
lsnhz lsnhz
axmwy axmwy
