stop0 stop19 stop18 stop62 stop79 stop91 stop86 stop58 stop69 stop21 stop61 stop30 stop84 stop5 stop39 stop15 stop78 stop70 stop49 stop80 stop22 stop31 stop59 stop52 stop1 stop99 stop92 stop32 stop23 stop83 stop2 stop50 stop0
31
stop62 stop93 stop71 stop77 stop62 stop38 stop46 stop43
stop86 stop47 stop6 stop53 stop86 stop73
stop19 stop28 stop7 stop4 stop90 stop19
stop69 stop56 stop69 stop85
stop79 stop65 stop79
stop18 stop55 stop18
stop91 stop57 stop91
stop58 stop58
stop30 stop30
stop84 stop84
stop21 stop21
stop61 stop61
stop39 stop39
stop5 stop5
stop15 stop15
stop78 stop78
stop70 stop70
stop31 stop31
stop59 stop59
stop49 stop49
stop80 stop80
stop22 stop22
stop52 stop52
stop1 stop1
stop99 stop99
stop92 stop92
stop32 stop32
stop2 stop2
stop50 stop50
stop23 stop23
stop83 stop83
