AndyandZeyu h AndyandZeyu g4 AndyandZeyu g2 j2 f2 h2 i2 c2 g2 AndyandZeyu f7 i7 j6 g7 i7 AndyandZeyu i8 AndyandZeyu h1 g1 AndyandZeyu g6 f6 j5 AndyandZeyu6 h6 i6 AndyandZeyu f3 j3 g3 h3 i3 AndyandZeyu j1 i1 b1 f1 b1 AndyandZeyu g8 f8 j8 f8 h8 j7 j8 AndyandZeyu g j i f AndyandZeyu f4 i4 h4 AndyandZeyu f0 i0 AndyandZeyu0 g0 j0 f0 h0 f0 AndyandZeyu h5 j4 f5 i5 e5 g5 e5 AndyandZeyu
47
g g j
i i
h h
f4 f4 i4
h4 h4
g4 g4
g7 g7 h7
f f
f0 f0
g0 g0
h0 h0
i0 i0
j0 j0
f1 f1
g1 g1
h1 h1
i1 i1
j1 j1
f2 f2
g2 g2
h2 h2
i2 i2
j2 j2
f3 f3
g3 g3
h3 h3
i3 i3
j3 j3
j4 j4
f5 f5
g5 g5
h5 h5
i5 i5
j5 j5
f6 f6
g6 g6
h6 h6
i6 i6
j6 j6
f7 f7
i7 i7
j7 j7
f8 f8
g8 g8
h8 h8
i8 i8
j8 j8
