A TA4 TA141 TA8 TA TA16 TA1 TA5 TA14 TA2 TA3 TA6 TA10 TA13 TA9 TA11 TA21 TA19 TA15 TA23 TA20 TB1 TA41 TA111 TA51 TA61 TA81 TA71 TA101 TA91 TA171 TA181 TA131 TA221 A TA231 TA241 A
35
TA4 TA4 TA12 TA17 TA18 TA24 TA31 TA201
TA16 TA16 TA22 TB11 TA121
TA8 TA7 TA8 TA161
TA141 TA141 TA151
TA TA TA211
TA3 TA3 TA191
TA1 TA1 TB21
TA2 TA2
TA5 TA5
TA6 TA6
TA9 TA9
TA10 TA10
TA11 TA11
TA13 TA13
TA14 TA14
TA15 TA15
TA19 TA19
TA20 TA20
TA21 TA21
TA23 TA23
TB1 TB1
TA41 TA41
TA51 TA51
TA61 TA61
TA71 TA71
TA81 TA81
TA91 TA91
TA101 TA101
TA111 TA111
TA131 TA131
TA171 TA171
TA181 TA181
TA221 TA221
TA231 TA231
TA241 TA241
