A TA191 TA21 TA TA1412NN TA1 TA2 TA3 TA4 TA9 TA5 TA6 TA16 TA14 TA19 TA15 TA18 TA22 TA20 TB11 TA24 TB21 TA41 TA31 TA51 TA61 TA81 TA101 TA111 TA141 TA181 TA151 TA161 TA171 TA221 TA2N TA22N TA12N TA241 TA32N TA42N TA62N TA82N TA92N TA152N TA162N TA112N TA142N TA172N TA182N TA192N TA202N TA232N TA12NN TA222N TA242N TA112NN TA312NN TA412NN TA512NN TA712NN TA612NN TA912NN TA812NN TA1112NN TA1312NN TA1512NN TA1212NN TA1612NN TA2012NN TA1812NN TA1712NN TA1912NN TA2112NN TA2212NN TA2412NN A
76
TA21 TA8 TA11 TA13 TA21 TA71 TA121 TA201 TA211 TA52N TA72N TA102N TA212N TA1012NN TA2312NN
TA191 TA7 TA10 TA17 TA91 TA131 TA191 TA231 TA212NN
TA1412NN TA12 TA23 TB1 TA122N TA132N TA1412NN
TA TA
TA1 TA1
TA2 TA2
TA3 TA3
TA4 TA4
TA5 TA5
TA6 TA6
TA9 TA9
TA14 TA14
TA15 TA15
TA16 TA16
TA18 TA18
TA19 TA19
TA20 TA20
TA22 TA22
TA24 TA24
TB11 TB11
TB21 TB21
TA31 TA31
TA41 TA41
TA51 TA51
TA61 TA61
TA81 TA81
TA101 TA101
TA111 TA111
TA141 TA141
TA151 TA151
TA161 TA161
TA171 TA171
TA181 TA181
TA221 TA221
TA241 TA241
TA2N TA2N
TA12N TA12N
TA22N TA22N
TA32N TA32N
TA42N TA42N
TA62N TA62N
TA82N TA82N
TA92N TA92N
TA112N TA112N
TA142N TA142N
TA152N TA152N
TA162N TA162N
TA172N TA172N
TA182N TA182N
TA192N TA192N
TA202N TA202N
TA222N TA222N
TA232N TA232N
TA242N TA242N
TA12NN TA12NN
TA112NN TA112NN
TA312NN TA312NN
TA412NN TA412NN
TA512NN TA512NN
TA612NN TA612NN
TA712NN TA712NN
TA812NN TA812NN
TA912NN TA912NN
TA1112NN TA1112NN
TA1212NN TA1212NN
TA1312NN TA1312NN
TA1512NN TA1512NN
TA1612NN TA1612NN
TA1712NN TA1712NN
TA1812NN TA1812NN
TA1912NN TA1912NN
TA2012NN TA2012NN
TA2112NN TA2112NN
TA2212NN TA2212NN
TA2412NN TA2412NN
A A
