1efe0a 8f3f65 8035d3 c845ed de59c9 b9fcab 518f91 9e3235 ab6081 bf7494 e758e6 525361 1c3716 ae5d4a 98b7f9 d4f94d fc6ab6 ef9cce 1c3716 525361 526e97 940b78 20ec85 9e3235 390b11 8903f8 6d8fd3 909532 a4f7ab 14a670 bfdfca 1efe0a
24
14a670 444533 194181 770b7a d36b6f
8f3f65 76bb8e a4f7ab
909532 22f6f5 75b2ff 1aedf0 a3ccd4 bf356c ccf3af efb6f6 bd00fb 363906 909532 6d606b e17800 c0df7c 22b74c 6d8fd3 bb4650 3c1987 e99176 444f08 d1ae8e 83454a ff448b 5b1cb0 640320
ab6081 ab6081
8035d3 8035d3
e758e6 e758e6
9e3235 9e3235
bf7494 bf7494
390b11 390b11
940b78 940b78
d4f94d d4f94d
1c3716 1c3716
20ec85 20ec85
525361 525361
de59c9 de59c9
ae5d4a ae5d4a
98b7f9 98b7f9
ef9cce ef9cce
b9fcab b9fcab
518f91 518f91
8903f8 8903f8
c845ed c845ed
fc6ab6 fc6ab6
6d8fd3 6d8fd3
