7f5b7c 1aa96e f045e7 358d70 f5615a 36cc15 a08830 20427f 974c48 1e408a 853e4b 957ec9 14c5c6 2ffab6 d9abe3 a3eab6 b535fa a85abe 4459c3 a314be 8c6c80 b2fa06 18ff59 86af3a dd5707 3df71a 22ad29 6281fb d12aea 3292c4 852215 a21b15 10f84c 536b21 4eb2aa ce509a 578691 d83335 463589 97fa28 d7abb3 7f5b7c
37
ce509a 32669e e8c504 9fdbc5 ef8230 4c44ba 2193d2 3dc79c 541622 2c8bdc 73dd80 dfba28 d9351e f88a12 99ac94 4e5c32 9c5717 d597c1 cf04cd bc8350 e0f00d e78120 a6d0cb e0f7dc b9c2f4 293f59 957ec9 b04992 a51200 ff603d 6d23c4 537a83 d5f5c5 11021c 2e6ab4 73865c 4749d0 4188fa e52589 4eb2aa fece60 e60044 3fc5b0 f742a0 2b057c 9b10ed e45544 ce509a
d83335 626470 1c61d3 6ced94 fd25f7 a670a6 d83335 e2665a 3b9bcd a1b647 a40dde 98bf31 645a0c 70482f a21b15
536b21 a3eeb9 89bc09 536b21 f4756e 2f9755 19246a
a85abe a85abe
b2fa06 b2fa06
358d70 358d70
853e4b 853e4b
20427f 20427f
1e408a 1e408a
7f5b7c 7f5b7c
36cc15 36cc15
97fa28 97fa28
a314be a314be
10f84c 10f84c
3292c4 3292c4
dd5707 dd5707
8c6c80 8c6c80
86af3a 86af3a
d9abe3 d9abe3
4459c3 4459c3
18ff59 18ff59
578691 578691
f5615a f5615a
1aa96e 1aa96e
3df71a 3df71a
a3eab6 a3eab6
f045e7 f045e7
d12aea d12aea
2ffab6 2ffab6
14c5c6 14c5c6
a08830 a08830
b535fa b535fa
6281fb 6281fb
974c48 974c48
22ad29 22ad29
852215 852215
957ec9 957ec9
