MfdzFvsdGbvl VARFNCcqfgIc VyXrTLUcizAa QifLRRQkbeZy mFYKjQfCsRtT MkUBuIisCVpZ AGbRQRBgaOdX ZjfLZjjegWJT MOpktZzuQRCH arcJTkwUqbUy axLiuEEXvnsQ UVLyMXgqTFaJ buqjmAINqGzN hLGIbMiwjPgd IHnRSACwPeSd RICmsRCgzRsB pQCFwcmaYfTN plKUVNXwKfVb NlmuUUVQUbgI DFscNnuMhxUC XwUlFDTbjpNE BbyhqvohDUZK MfdzFvsdGbvl
20
ZjfLZjjegWJT ZjfLZjjegWJT rVqgoVgUmLRB noaMakAlHdwq dDFWxTbuPymh VyXrTLUcizAa rrRAqFcoDYfk PvZWLvSzyZfH DvRTDyBMOCbT PUcvIgREsriS TbekQRoKcInv tywOQDwDhjwZ uFHfCerNFIme FCrKCfVsEsBk dFUHctNjrywb PnbamVANEguC GuSSYBNHDbKE jBrNTBMPxyQD GemeldahvdVv PQTqeEtJjrHq deJmWrylVSGK GKWfMfVZxbJi mtRsLIzrlNLu SgyAcloZDNJV SojgLCNtJNvq BkcPMTugAswL EoEdLMroSPNp
DFscNnuMhxUC ymJllvoAiAsf DFscNnuMhxUC MLnLJmQHwuOS hCxjbMrSlUJQ AMizjBPjmCZd
pQCFwcmaYfTN QHpWWcCYavdw pQCFwcmaYfTN pkzKsTORVYro
BbyhqvohDUZK BbyhqvohDUZK
VARFNCcqfgIc VARFNCcqfgIc
QifLRRQkbeZy QifLRRQkbeZy
arcJTkwUqbUy arcJTkwUqbUy
hLGIbMiwjPgd hLGIbMiwjPgd
MkUBuIisCVpZ MkUBuIisCVpZ
mFYKjQfCsRtT mFYKjQfCsRtT
buqjmAINqGzN buqjmAINqGzN
RICmsRCgzRsB RICmsRCgzRsB
plKUVNXwKfVb plKUVNXwKfVb
axLiuEEXvnsQ axLiuEEXvnsQ
NlmuUUVQUbgI NlmuUUVQUbgI
MOpktZzuQRCH MOpktZzuQRCH
AGbRQRBgaOdX AGbRQRBgaOdX
UVLyMXgqTFaJ UVLyMXgqTFaJ
IHnRSACwPeSd IHnRSACwPeSd
VyXrTLUcizAa VyXrTLUcizAa
