IvOdahrtFwzZ fblrDraNAUxK qlMzHEurfTvO yVSfaizVeLPT JNoAmCxHcsYw nyTRNDRCsANl YGzazHdyrGCd XwPJYwaGcHxO ubtvaUeVUfmV oKIKkmsSWzmH wHeDieHMYzAK WUqhotrexTBp JpwDMOwQmqOp aSpDrTbKBytW oOIjuHJcVRiV HEwqlaeMfSzl HVwGkspnDHbf cQFNlImsTWTM nKmMbiEuiffc QxNjgiXciQma DiKlonktcqTP nschEYWjrAsr SKbQkQUhqQEt RPXFDLrswDGU TglqUXfjbefC zOkfhFVfOKVi IvOdahrtFwzZ
24
TglqUXfjbefC touUfboeiIya UGahWpWtmUQn WsLfQLsirtHk WRiugWLCujBI RGYiIUdVAiVL PKHkuTHeRXhO ppfBOAvWYXyJ QDhUZstsJKtV nlzJUuBrsbXD gkTmCiZxFrJw GvyjKkGcUdcI TglqUXfjbefC TZmWJenJbEsV lznMKRYSMheH IfTQNEFsiTgr sFSBpaJxLpBT qFGlIHDqKyPA WnABnktZDxMx EOKLHvbbCToE cpNycWVdmzHJ UYTxhnOtiPHB ctZWqndwhbJm TTwdgXpOLyxF mvdksSctoMVi ypApeqMQPnQA wXjNgGRCXYRl hPSXtHMMyKAK uzYTzVwixczQ KtoZVrQmJWki LNoKVqXhLEzn pjemGRILnFei EKWhDcEeEkGK aXlcDzbXwAJW cRekprdsHHWw FkNlSGMBOUbz dXlgwkdKhUmB OIjApACwnyqG nxbMBCPhfQij
QxNjgiXciQma jXOmYlZmvqnI PFpQuVVRxbvV ybLCwZqVZKud NxxrxPgsnMqG IQvKLYGCcCbd WHSGrQQrrotE zcAOlsVDUDkc xXoCKkdkKAne lRgeGnDJBtMa NMSHhfMtAJZb gJMLzBkWmUoV sTgUExIipvWV IcNVObbuvzWY QxNjgiXciQma WWtfhwMSzfGW ZPYnROAizafx AQgpWBullbIi AhJBAeSEuUkL yFQWQWtUUMle mZUBOQTZyXOM
yVSfaizVeLPT qxhFFIUEfnzV fiHhqLtPfdZy evRMhyiHKGXv RQBxIsRWzmfl AoaIXEzdsCrm ocysUjOwnenm yVSfaizVeLPT mgKEFEWheOqk quZcTYtpBjSn zCWezcJmUGqs QFfSmYtuSTPl tARvBeqQDqSY QZQElPdcHxru
YGzazHdyrGCd zypYDSZfKAvD EwXugPkGUVkm jXgKDXnEJsra hLCSOZLNEdhX YGzazHdyrGCd
XwPJYwaGcHxO gXcuqckdTdIP XwPJYwaGcHxO
DiKlonktcqTP YvLRANdegrdA DiKlonktcqTP
qlMzHEurfTvO vkOqMvrCUWYf yHOsEGOhjOLt qlMzHEurfTvO
cQFNlImsTWTM cQFNlImsTWTM
ubtvaUeVUfmV ubtvaUeVUfmV
zOkfhFVfOKVi zOkfhFVfOKVi
HEwqlaeMfSzl HEwqlaeMfSzl
SKbQkQUhqQEt SKbQkQUhqQEt
WUqhotrexTBp WUqhotrexTBp
oKIKkmsSWzmH oKIKkmsSWzmH
nschEYWjrAsr nschEYWjrAsr
fblrDraNAUxK fblrDraNAUxK
nKmMbiEuiffc nKmMbiEuiffc
JpwDMOwQmqOp JpwDMOwQmqOp
HVwGkspnDHbf HVwGkspnDHbf
nyTRNDRCsANl nyTRNDRCsANl
JNoAmCxHcsYw JNoAmCxHcsYw
oOIjuHJcVRiV oOIjuHJcVRiV
wHeDieHMYzAK wHeDieHMYzAK
aSpDrTbKBytW aSpDrTbKBytW
