loc0 loc77 loc90 loc97 loc62 loc67 loc42 loc34 loc24 loc31 loc18 loc64 loc22 loc86 loc63 loc27 loc85 loc36 loc0 loc51 loc58 loc54 loc96 loc0
22
loc22 loc22 loc33 loc6 loc7 loc28 loc65 loc72 loc73 loc17 loc46 loc10 loc30 loc13 loc5
loc62 loc94 loc53 loc16 loc37 loc75 loc3 loc80 loc8 loc62
loc36 loc68 loc36 loc48
loc77 loc77
loc97 loc97
loc24 loc24
loc64 loc64
loc63 loc63
loc27 loc27
loc42 loc42
loc58 loc58
loc31 loc31
loc18 loc18
loc86 loc86
loc90 loc90
loc85 loc85
loc67 loc67
loc54 loc54
loc51 loc51
loc34 loc34
loc96 loc96
loc0 loc0
