loc0 loc169 loc82 loc15 loc61 loc25 loc107 loc7 loc171 loc141 loc5 loc78 loc189 loc79 loc126 loc108 loc41 loc182 loc4 loc178 loc195 loc57 loc20 loc40 loc158 loc59 loc198 loc179 loc9 loc116 loc18 loc68 loc51 loc93 loc155 loc119 loc17 loc187 loc39 loc142 loc62 loc133 loc24 loc153 loc89 loc145 loc11 loc94 loc0
46
loc15 loc3 loc184 loc122 loc33 loc197 loc49 loc135 loc176 loc11 loc84 loc159 loc161 loc53 loc152 loc123 loc28 loc15 loc63 loc1 loc26 loc186 loc143 loc100 loc154 loc75 loc103 loc16 loc64 loc181 loc55 loc13 loc67
loc25 loc23 loc190 loc25 loc160 loc188 loc115 loc148 loc109 loc105 loc110 loc43 loc95 loc38 loc8
loc169 loc96 loc117 loc97 loc169 loc112
loc7 loc34 loc52 loc2 loc7
loc5 loc31 loc5
loc61 loc61 loc170
loc82 loc90 loc82
loc189 loc189
loc78 loc78
loc79 loc79
loc108 loc108
loc171 loc171
loc141 loc141
loc182 loc182
loc107 loc107
loc126 loc126
loc41 loc41
loc4 loc4
loc178 loc178
loc198 loc198
loc158 loc158
loc20 loc20
loc195 loc195
loc40 loc40
loc57 loc57
loc9 loc9
loc68 loc68
loc51 loc51
loc18 loc18
loc187 loc187
loc17 loc17
loc179 loc179
loc116 loc116
loc39 loc39
loc62 loc62
loc59 loc59
loc155 loc155
loc93 loc93
loc142 loc142
loc119 loc119
loc153 loc153
loc89 loc89
loc24 loc24
loc145 loc145
loc94 loc94
loc133 loc133
