0 65 147 21 0 59 142 99 152 3 198 121 124 49 36 34 134 151 67 178 140 92 108 187 108 166 50 83 158 104 141 164 135 60 110 60 80 60 44 15 101 68 62 12 116 91 75 184 172 17 138 111 194 39 27 87 157 53 29 123 95 30 18 171 89 106 56 5 42 35 2 6 144 189 125 109 162 197 23 197 155 22 168 38 150 170 193 170 161 25 61 113 26 136 11 129 81 118 16 52 122 105 158 173 7 188 1 163 47 179 51 79 196 102 8 126 96 130 10 130 145 119 182 31 65 0
90
121 124 152 156 9 24 49 198
198 160 73 71 55 93 66
99 40
173 173
164 164
79 79
6 6
80 80
1 1
135 135
179 179
110 110
18 18
35 35
193 193
50 50
129 129
147 147
140 140
42 42
171 171
26 26
150 150
119 119
91 91
108 108
123 123
138 138
21 21
96 96
101 101
87 87
158 158
111 111
104 104
22 22
178 178
142 142
31 31
38 38
161 161
145 145
168 168
184 184
83 83
95 95
162 162
56 56
16 16
30 30
5 5
17 17
60 60
59 59
187 187
27 27
196 196
163 163
36 36
194 194
102 102
25 25
189 189
109 109
12 12
67 67
68 68
10 10
61 61
89 89
157 157
122 122
34 34
136 136
118 118
105 105
151 151
172 172
155 155
23 23
11 11
141 141
7 7
144 144
15 15
39 39
62 62
75 75
130 130
0 0
