a0 a37 a103 a185 a108 a14 a79 a6 a42 a196 a33 a183 a129 a68 a0 a101 a46 a99 a195 a107 a43 a28 a177 a29 a87 a175 a151 a138 a131 a45 a10 a0
30
a10 a178 a10 a49 a163
a131 a131 a82 a172 a157 a22 a154 a27 a165 a17 a160 a57 a158 a60 a7 a124 a78 a59 a83 a3 a56 a168 a145 a173 a31 a96 a93 a161 a44 a58 a75 a25 a192 a16 a53 a88 a180 a133 a104 a80 a149 a98 a134 a38 a186 a153 a121 a142 a159 a63 a50 a55 a77 a11 a155 a144 a198 a102 a126 a85
a45 a45 a21 a130 a94 a156 a120 a135 a41 a32 a140 a8
a107 a107
a87 a87
a29 a29
a177 a177
a79 a79
a42 a42
a99 a99
a46 a46
a14 a14
a43 a43
a151 a151
a175 a175
a138 a138
a196 a196
a28 a28
a33 a33
a183 a183
a103 a103
a195 a195
a185 a185
a129 a129
a6 a6
a108 a108
a37 a37
a68 a68
a101 a101
a0 a0
