SabrinaSiriPrince50 aHwNY UBrR9 aHwNY M7N2p V7iEC M7N2p cwf5o M7N2p bXm0A M7N2p rFWcq M7N2p 7QUXg nannc 7QUXg M7N2p HVYtd Bjd2k HVYtd M7N2p gInwM X9US9 gInwM M7N2p X8iWp cRUJh DrLs7 4MOkB 9HL6t yJVF4 DrLs7 SVxWg nbohZ d2ZYh SVxWg cRUJh duKKu 11x30 WcEcU EZqNK OSLHQ 11x30 YgbLl Wutnl 5X0EW vmJdf YgbLl duKKu X8iWp SabrinaSiriPrince50
21
X9US9 i3qsm
bXm0A nMJpi
UBrR9 UBrR9 52PwN H8qqB 0kSSC Ms6jj plb6L
aHwNY aHwNY
V7iEC V7iEC
Bjd2k Bjd2k
cwf5o cwf5o
nannc nannc
rFWcq rFWcq
EZqNK EZqNK
OSLHQ OSLHQ
WcEcU WcEcU
5X0EW 5X0EW
vmJdf vmJdf
Wutnl Wutnl
9HL6t 9HL6t
yJVF4 yJVF4
4MOkB 4MOkB
nbohZ nbohZ
d2ZYh d2ZYh
SabrinaSiriPrince50 SabrinaSiriPrince50
