1 3 83 5 7 87 9 13 143 15 59 11 19 21 17 23 27 25 37 69 45 49 53 61 77 67 63 71 73 93 75 65 95 105 79 99 97 113 127 85 109 123 125 129 111 133 141 28 131 137 44 147 19 1
50
83 35 41 47 81 83 89 101 115 117 119 121 149
143 33 39 43 51 55 107 135 143
87 29 31 57 87 91 103 139 145
1 1
3 3
5 5
7 7
9 9
11 11
13 13
15 15
17 17
19 19
21 21
23 23
25 25
27 27
37 37
45 45
49 49
53 53
59 59
61 61
63 63
65 65
67 67
69 69
71 71
73 73
75 75
77 77
79 79
85 85
93 93
95 95
97 97
99 99
105 105
109 109
111 111
113 113
123 123
125 125
127 127
129 129
131 131
133 133
137 137
141 141
147 147
