Austin Victoria Melinda Patrick Donald Juan Amy Alex Rhonda Jordan Robert Cassandra Sara Walter Ralph Garrett Mariah Jamie Danielle Steven Maxwell Jonathon Sean Jody Eugene Melissa Austin
24
Jody John Debra Hannah Elaine Eugene Joshua Paul Daniel Kari Paige Janet Glenda Dennis Scott Michael Monique Jonathan Jennifer Ashley Rachel Robin Jeanette
Sean Natasha Gina Elizabeth Sean
Melissa Melissa Edward April Kyle
Victoria Victoria
Mariah Mariah
Patrick Patrick
Walter Walter
Sara Sara
Jamie Jamie
Robert Robert
Donald Donald
Amy Amy
Steven Steven
Maxwell Maxwell
Danielle Danielle
Juan Juan
Rhonda Rhonda
Ralph Ralph
Garrett Garrett
Alex Alex
Cassandra Cassandra
Jordan Jordan
Melinda Melinda
Austin Austin
