Jason Claire Susan Paul Kelsey Kayla Regina Derek Wayne Carrie Nicholas Ronnie Timothy Jeremy Ashley Jennifer Shawn April Mary William Tammy Dylan Danielle James Charles Jason
23
April Nathaniel Heather Gabriel Shannon Samantha Adrian Nicole Brad David Lauren Roy Kara Johnathan Dana Cristian Ricky Jose Melissa Evan Brian Andrew Jeffery Mark Jeffrey Shane Cheryl Rebekah Jacqueline Logan Gregory Kimberly Rebecca Edwin Michelle Stephen Brett Jill Tommy Juan Brittany Monica Bryan Jane April Kyle Jordan Rachel Robin
Carrie Adam Misty John Mario Tristan Stacie Kari Carol Carrie Megan Dustin Amanda Christina Scott Wendy Karen Sabrina Elizabeth Kathy Grace
Wayne Katelyn Laura Wayne Alexandra Melinda Randy
Ashley Joseph Ashley
Shawn Joshua Shawn Kristen
Charles Robert Charles Crystal
William William Mercedes
Derek Derek
Claire Claire
Paul Paul
Regina Regina
Kelsey Kelsey
Timothy Timothy
Mary Mary
Dylan Dylan
Kayla Kayla
Ronnie Ronnie
James James
Susan Susan
Nicholas Nicholas
Jennifer Jennifer
Jeremy Jeremy
Tammy Tammy
