Florges Stufful Florges Vespiquen Weepinbell Persian Furfrou Bayleef Bisharp Pidgey Cherrim Lillipup Infernape Bouffalant Infernape Snorlax Celesteela Snorlax Bewear Togetic Bergmite Wormadam Wailmer Primarina Kricketot Dusknoir Cottonee Hitmonlee Doublade Ralts Toxapex Tsareena Espurr Poliwrath Kricketune Buzzwole Hakamoo Lillipup Shaymin Furfrou Scolipede Pidgey Hippopotas Machoke Timburr Machoke Bidoof Manectric Zubat Florges
23
Scolipede Wailmer Scolipede
Timburr Piloswine Bidoof Timburr Machoke Cascoon Infernape
Ralts Ralts Aurorus
Buzzwole Zapdos Delibird Lillipup Dialga Volbeat Tentacruel Moltres Purrloin Gastrodon Poliwag Buzzwole Hakamoo Omastar Girafarig Pichu Celebi
Shaymin Shaymin Regice
Manectric Zubat Manectric
Hitmonlee Carracosta Yanmega Sentret Hitmonlee
Cherrim Cherrim
Togetic Togetic
Dusknoir Dusknoir
Persian Persian
Weepinbell Weepinbell
Poliwrath Poliwrath
Bayleef Bayleef
Celesteela Celesteela
Kricketot Kricketot
Bouffalant Bouffalant
Wormadam Wormadam
Primarina Primarina
Bergmite Bergmite
Bisharp Bisharp
Tsareena Tsareena
Stufful Stufful
