Glameow Spheal Gothorita Spheal Inkay Glameow Loudred Koffing Beheeyem Leavanny Cacturne Wailord Turtwig Meganium Electivire Furret Wartortle Mudbray Fomantis Throh Glalie Throh Zygarde Ledian Beheeyem Golett Wartortle Spinarak Electivire Yanma Electivire Gumshoos Fennekin Wailord Cacturne Weedle Poochyena Piplup Poochyena Weedle Cacturne Spheal Gigalith Spheal Glameow
20
Gothorita Archeops Gothorita
Gigalith Buneary Zygarde Gigalith
Gumshoos Spiritomb Gumshoos Bergmite Togepi
Electivire Electivire
Wailord Wailord
Spinarak Spinarak
Ledian Ledian
Glalie Glalie
Piplup Piplup
Mudbray Mudbray
Yanma Yanma
Meganium Meganium
Spheal Spheal
Furret Furret
Loudred Loudred
Golett Golett
Inkay Inkay
Beheeyem Beheeyem
Leavanny Leavanny
Koffing Koffing
