L12 L103 L169 L196 L75 L59 L147 L165 L112 L22 L40 L171 L190 L139 L173 L78 L172 L27 L48 L181 L90 L130 L37 L36 L180 L148 L187 L12
26
L103 L83 L114 L7 L85 L2 L164 L131 L103 L20
L148 L72 L104 L99 L108 L88 L79 L154 L68 L23 L55 L192 L24 L95 L3 L149 L116 L87 L102 L32 L117 L174 L125 L182 L65 L0 L11 L73 L86 L74 L70 L150 L126 L97 L122 L175 L96 L199 L158 L53 L148 L106 L135 L197 L60 L92 L168 L186 L82 L50 L133 L56 L155 L195 L105 L107 L34 L115 L146
L187 L141 L187
L37 L37 L28 L121
L196 L10 L196
L180 L189 L180 L45 L144 L61
L172 L98 L172
L130 L130
L173 L173
L36 L36
L22 L22
L181 L181
L190 L190
L75 L75
L40 L40
L165 L165
L112 L112
L48 L48
L59 L59
L139 L139
L169 L169
L147 L147
L171 L171
L90 L90
L27 L27
L78 L78
