0 52 143 83 75 175 179 103 114 1 38 98 151 84 68 66 68 80 76 198 9 88 5 128 5 26 5 183 87 180 138 31 196 140 155 42 40 50 138 12 34 139 108 185 113 136 113 121 102 121 23 62 89 141 30 141 60 70 45 70 111 64 10 92 21 49 13 67 7 123 53 139 154 4 148 153 0
43
98 131 27 16 199 98 114 177 46 189 157 106 81 48 63 149 85 151 17
1 67 179 184 103 197
175 162 83 166 145 91 122 130 20 75 174 156
143 143 35
153 176 144 11 117 97 59 82 195 137 147 171 116 69 160 168 181 105 152 72 19 134 36 55 125 74
84 109 84
75 126
140 140
62 62
80 80
111 111
180 180
9 9
31 31
13 13
50 50
52 52
23 23
10 10
128 128
4 4
30 30
136 136
45 45
66 66
42 42
139 139
87 87
70 70
102 102
183 183
138 138
196 196
34 34
108 108
185 185
53 53
88 88
121 121
76 76
26 26
40 40
198 198
