node26 node72 node70 node13 node85 node51 node4 node36 node20 node2 node9 node48 node6 node95 node64 node47 node79 node78 node8 node99 node3 node27 node60 node32 node26
21
node72 node59 node66 node75 node72 node45
node13 node67 node13 node55 node3
node70 node70 node91 node8 node46
node51 node84 node14 node51 node49
node36 node41 node36 node71 node37
node9 node39 node63 node9
node85 node85 node44
node6 node6
node64 node64
node95 node95
node79 node79
node2 node2
node99 node99
node4 node4
node48 node48
node78 node78
node27 node27
node47 node47
node60 node60
node20 node20
node32 node32
