node142 node177 node148 node20 node34 node102 node69 node2 node99 node92 node121 node143 node56 node94 node78 node108 node122 node107 node10 node112 node111 node161 node50 node164 node129 node45 node135 node66 node196 node70 node60 node77 node26 node87 node40 node23 node6 node130 node89 node185 node17 node128 node8 node24 node1 node119 node142
42
node99 node5 node47 node88 node182 node163 node144 node169 node99 node53 node152 node127
node94 node65 node80 node17 node86 node18 node31 node93 node151 node39 node94
node69 node199 node62 node162 node183 node154 node160 node27 node69
node177 node177 node11 node91 node136 node125
node34 node34 node124 node140 node166 node123
node108 node103 node81 node108
node102 node170 node102 node171
node148 node148
node78 node78
node111 node111
node143 node143
node2 node2
node20 node20
node112 node112
node107 node107
node45 node45
node50 node50
node10 node10
node92 node92
node122 node122
node161 node161
node60 node60
node135 node135
node196 node196
node56 node56
node129 node129
node164 node164
node23 node23
node77 node77
node121 node121
node66 node66
node70 node70
node26 node26
node40 node40
node185 node185
node87 node87
node6 node6
node128 node128
node24 node24
node119 node119
node130 node130
node89 node89
