1 50 0 50 17 50 31 50 38 50 58 37 99 2 97 87 33 50 46 50 83 50 40 95 71 67 50 29 50 84 50 79 50 78 4 49 50 74 91 28 5 21 86 50 61 50 64 85 32 50 35 50 19 50 93 44 50 18 50 80 50 92 50 42 20 50 65 50 66 50 63 50 51 50 8 50 1
47
0 0
17 81 17
31 31 54
38 38
58 58
46 46
83 83
87 87
99 99
40 40
33 33
67 67
29 29
84 84
79 79
97 97
78 78
74 74
61 61
86 86
49 49
21 21
4 4
64 64
35 35
19 19
85 85
37 37
93 93
91 91
28 28
18 18
44 44
5 5
80 80
2 2
92 92
42 42
65 65
32 32
66 66
63 63
20 20
71 71
51 51
8 8
95 95
