1 16 100 0 100 12 100 18 100 19 100 25 100 26 100 174 191 60 134 100 189 89 186 100 177 164 105 100 119 117 43 131 76 80 175 44 100 86 127 83 100 192 100 54 159 199 158 21 141 100 45 196 100 136 100 74 100 157 121 59 100 183 155 137 100 31 100 3 100 125 27 29 170 84 124 195 178 100 49 193 99 97 100 82 100 38 100 68 55 100 113 100 188 100 153 100 163 32 100 24 100 57 100 28 100 138 100 77 100 50 151 142 100 15 100 56 100 148 100 30 100 129 100 10 100 182 100 36 100 194 100 101 100 172 100 111 100 171 180 100 63 100 150 100 1
93
0 0 22
12 12 8
16 160 16
18 115 18
19 19 88
25 93 25
26 26 35
174 174
189 189
1 1
177 177
119 119
86 86
192 192
76 76
54 54
45 45
136 136
74 74
127 127
157 157
89 89
80 80
141 141
183 183
117 117
31 31
131 131
105 105
155 155
21 21
3 3
125 125
49 49
82 82
164 164
38 38
68 68
113 113
83 83
195 195
159 159
188 188
153 153
186 186
29 29
163 163
24 24
59 59
124 124
57 57
28 28
84 84
27 27
138 138
134 134
77 77
43 43
178 178
50 50
121 121
15 15
56 56
175 175
148 148
30 30
60 60
44 44
129 129
10 10
97 97
55 55
182 182
99 99
36 36
199 199
158 158
142 142
137 137
194 194
101 101
191 191
32 32
172 172
111 111
171 171
151 151
63 63
150 150
193 193
180 180
170 170
196 196
