21 152 153 152 111 188 135 188 113 31 24 1 96 8 9 8 101 64 40 129 21 156 45 156 93 89 141 151 150 53 181 180 126 127 5 15 185 143 157 143 185 55 185 186 33 6 173 172 26 72 187 20 154 35 76 70 69 66 67 66 69 136 74 144 111 152 21
20
67 15 67 69 101 145 171
150 3 7 11 13 17 19 23 25 27 29 33 35 37 39 41 43 47 49 51 53 57 59 61 63 65 71 73 75 77 79 81 83 85 87 91 95 97 99 103 105 107 109 115 117 119 121 123 125 131 133 137 139 141 147 149 151 155 159 163 165 167 169 175 177 179 181 183 185 189 191 193 195 197
45 45
129 129
173 173
187 187
89 89 93 161
1 1
5 5
9 9
21 21
31 31
55 55
111 111
113 113
127 127
135 135
143 143
153 153
157 157
