l7 l35 l40 l39 l67 l161 l200 l177 l116 l41 l130 l94 l128 l199 l136 l142 l115 l163 l132 l163 l24 l148 l102 l76 l20 l186 l169 l141 l90 l46 l101 l147 l63 l21 l72 l189 l44 l58 l2 l33 l171 l181 l12 l160 l114 l14 l172 l15 l172 l124 l117 l184 l25 l184 l49 l192 l74 l54 l26 l53 l143 l109 l113 l162 l110 l77 l83 l37 l27 l1 l180 l168 l7
65
l168 l155 l168
l35 l122 l35 l6
l27 l127 l138 l27 l59
l101 l101
l102 l102
l109 l109
l110 l110
l113 l113
l114 l114
l115 l115
l116 l116
l12 l12
l124 l124
l128 l128
l130 l130
l132 l132
l136 l136
l14 l14
l141 l141
l142 l142
l148 l148
l15 l15
l160 l160
l161 l161
l162 l162
l163 l163
l169 l169
l171 l171
l172 l172
l177 l177
l180 l180
l181 l181
l184 l184
l186 l186
l189 l189
l192 l192
l199 l199
l2 l2
l20 l20
l200 l200
l21 l21
l24 l24
l25 l25
l26 l26
l33 l33
l37 l37
l39 l39
l40 l40
l41 l41
l44 l44
l46 l46
l49 l49
l53 l53
l54 l54
l58 l58
l63 l63
l67 l67
l7 l7
l72 l72
l74 l74
l77 l77
l83 l83
l90 l90
l94 l94
l1 l1
