0 1 175 111 112 113 102 113 112 111 175 111 110 109 110 21 20 142 141 172 141 7 141 140 58 140 139 138 94 93 94 138 95 137 136 135 90 135 134 52 72 52 134 135 92 91 118 89 132 131 132 30 29 28 27 26 25 26 27 28 97 96 97 28 29 46 32 63 62 170 62 61 62 170 85 84 85 170 62 63 32 46 45 99 98 99 45 46 29 30 132 89 118 39 130 51 50 49 50 51 130 39 118 91 92 135 136 137 95 138 139 140 141 142 20 21 110 111 112 113 37 36 35 36 88 87 88 36 37 113 78 15 47 127 147 127 47 15 78 79 165 164 163 120 4 120 163 164 165 125 124 123 83 82 81 17 16 17 81 82 83 123 124 125 165 79 78 113 112 111 175 1 8 117 116 115 116 117 8 1 0 179 178 150 70 150 178 177 176 177 178 179 0
38
70 150 69 70
115 114 115 116
176 44
150 178
16 122 123 16 17 80 81 83
4 152 158 2 34 4 73 86
147 103 105 106 126 147 15 153 154 173 22 24 47 53 54 55 77 9
102 102
109 109
111 111
112 112
113 113
131 131
170 170
172 172
175 175
25 25
26 26
27 27
29 29
32 32
35 35
49 49
58 58
61 61
62 62
63 63
7 7
72 72
84 84
87 87
90 90
93 93
94 94
95 95
96 96
98 98
99 99
