1 58 59 3 30 46 61 67 44 72 53 60 66 49 50 49 88 64 42 75 39 52 24 68 89 27 83 62 43 62 77 38 65 53 24 81 34 76 34 23 22 41 55 45 56 47 26 48 36 16 90 16 36 40 71 2 71 40 30 46 85 46 57 79 18 79 57 25 60 66 51 66 49 88 64 74 64 88 24 31 69 54 69 31 24 46 30 3 1 84 1 3 30 39 81 87 81 39 30 3 1
38
54 54 69
2 71
59 45 55 59 63 80 82
90 73 90
18 57 79
48 47 48 70 78 86
58 58
41 41
42 42
43 43
44 44
46 46
49 49
50 50
51 51
52 52
53 53
56 56
60 60
61 61
62 62
64 64
65 65
66 66
67 67
68 68
72 72
74 74
75 75
76 76
77 77
81 81
83 83
84 84
85 85
87 87
88 88
89 89
