L55 L191 L54 L159 L168 L6 L42 L82 L101 L67 L152 L160 L132 L196 L177 L115 L41 L93 L64 L143 L103 L142 L127 L70 L24 L16 L35 L45 L136 L53 L170 L114 L105 L104 L31 L141 L108 L74 L178 L131 L56 L43 L165 L134 L76 L199 L193 L38 L71 L20 L15 L90 L69 L119 L102 L19 L112 L22 L185 L55
59
L191 L195 L182 L117 L144 L138 L37 L2 L89 L166 L4 L139 L8 L36 L50 L158 L145 L68 L0 L174 L191
L42 L167 L59 L87 L73 L184 L94 L47 L33 L10 L7 L42 L23
L159 L129 L34 L30 L186 L99 L159
L54 L190 L95 L96 L54
L168 L189 L168
L67 L67 L133
L6 L6 L121
L82 L82
L160 L160
L177 L177
L101 L101
L132 L132
L152 L152
L196 L196
L93 L93
L41 L41
L64 L64
L115 L115
L143 L143
L103 L103
L142 L142
L127 L127
L45 L45
L70 L70
L16 L16
L35 L35
L136 L136
L105 L105
L53 L53
L24 L24
L170 L170
L104 L104
L31 L31
L114 L114
L141 L141
L108 L108
L178 L178
L74 L74
L131 L131
L56 L56
L43 L43
L76 L76
L165 L165
L134 L134
L199 L199
L193 L193
L38 L38
L55 L55
L71 L71
L20 L20
L15 L15
L90 L90
L69 L69
L102 L102
L19 L19
L119 L119
L22 L22
L185 L185
L112 L112
