Soda Cambodia Jamaica Singapore Rwanda Nigeria Canada Indonesia Bahamas Mexico Kiribati Northern Aruba Liberia Armenia Fiji Djibouti Finland Malta Antigua Azerbaijan Pakistan Argentina Luxembourg Argentina Belize Portugal Malawi Burkina Bosnia Macedonia Ethiopia Moldova Antarctica Soda
23
Macedonia United Burundi Japan Lao Lebanon Korea Sao Niger Mayotte Netherlands Kyrgyzstan Congo Pitcairn Palau Ireland Saint New Macao Albania Egypt Argentina
Moldova Croatia Hong Sint Latvia Moldova British Algeria
Antigua Republic Iraq Antigua
Pakistan Pakistan
Fiji Fiji
Singapore Singapore
Nigeria Nigeria
Luxembourg Luxembourg
Burkina Burkina
Northern Northern
Malawi Malawi
Jamaica Jamaica
Indonesia Indonesia
Rwanda Rwanda
Liberia Liberia
Bahamas Bahamas
Belize Belize
Cambodia Cambodia
Finland Finland
Kiribati Kiribati
Mexico Mexico
Aruba Aruba
Canada Canada
