Meckgue TheUniversity TheSpine BeyondtheWall EasternAirTemple VaultofSouls LakeLaogai Beldenn RepublicCity TreeofTime RepublicCity ZhaoFu HorneaterPeaks FlourishBlotts HorneaterPeaks Lorien Winterfell SerpantsPass Ademre Vexhollow Braavos Kinecardine TheFae Keld Murkcairn Netherfort ShatteredPlains KoralReef Larcbost Gizton Steeltown TheArcanum TheWaystoneInn Eggmanland Castamere TheVale TheBoilingRock BubblegumKingdom Sanlow Gotham Boatwright TheKrustyKrab Meckgue TheUniversity TheGodswood TheUniversity Meckgue
28
TheWaystoneInn TheWaystoneInn Tartarus KoralReef TheArcanum
TreeofTime Meereen Dagobah MysticRuins RepublicCity TreeofTime
Keld Murkcairn Grayburn Sanlow Keld GooLagoon Ellesmera
FlourishBlotts Carvahall FlourishBlotts Urubaen
LakeLaogai EarthKingdom UtgardMountain LeakyCauldron Yunkai LakeLaogai ThePrancingPony
Kinecardine Braavos Kinecardine
Larcbost Gizton Larcbost TheHogsHead
TheSpine TheSpine
Gotham Gotham
TheUniversity TheUniversity
EasternAirTemple EasternAirTemple
BeyondtheWall BeyondtheWall
VaultofSouls VaultofSouls
Lorien Lorien
Ademre Ademre
Meckgue Meckgue
Netherfort Netherfort
ZhaoFu ZhaoFu
Winterfell Winterfell
Steeltown Steeltown
TheVale TheVale
Vexhollow Vexhollow
ShatteredPlains ShatteredPlains
Beldenn Beldenn
Castamere Castamere
TheKrustyKrab TheKrustyKrab
TheGodswood TheGodswood
TheBoilingRock TheBoilingRock
