Essos JarrensOutpost BubblegumKingdom Meereen Lorien Alethkar Arcwallow Astapor Westeros Riverrun Toffingburg Dubwall RepublicCity TheSpiritWorld Yll Dragonstone Arrowcave Blackwater Hogwarts Sanlow FireNation TheRiverStyx Gizton Severen Winterfell Meckingbourne TheCommonwealth KnifesEdge TheVale Bobbingbourne Azir JahKeved MountOlympus Aerodenn BaSingSe Barkamsted Endor TheSpine MysticRuins BikiniBottom Blagworth TheGodswood TheChumBucket TheBoilingRock Castamere Karth Newarre Accrington Atlantas TheHogsHead ShriekingShack TheHogsHead CaveofTwoLovers TheHogsHead TheFae Helgrind Coalwatch Essos
40
Alethkar Arcwallow WitheredHeath Trebon ShatteredPlains Penketh Ellesmera Tarbean TheFae Hogsmead Lockinge Soda Valyria TheBoilingRock TheWhompingWillow Vintas Alethkar BeyondtheWall Braavos FleaBottom Duskhollow Lorien Jakku WesternAirTemple GooLagoon Grimbarrow Bobbingbourne Carvahall Alderaan TheEyrie Arkham
Astapor Netherfort Westeros Astapor ProBendingArena
Meereen Boatwright Omashu KnifesEdge Toperhagen Steeltown DuWeldenvarden Meereen CastleBlack
Riverrun Tartarus Chrofall DiagonAlley Riverrun
TheCommonwealth TheCommonwealth HighGarden Neddingtown SatishVille Ademre Ivormere Batcave TheUnderworld
JarrensOutpost JarrensOutpost TheReshiIsles Neddington Keld Shinovar
Azir Newarre TheKrustyKrab Azir Urubaen JahKeved TheGreatDivide FlourishBlotts Peridrift
RepublicCity RepublicCity
Yll Yll
TheSpiritWorld TheSpiritWorld
Essos Essos
Severen Severen
Dubwall Dubwall
TheVale TheVale
Toffingburg Toffingburg
MountOlympus MountOlympus
Hogwarts Hogwarts
Barkamsted Barkamsted
BikiniBottom BikiniBottom
Arrowcave Arrowcave
Castamere Castamere
Endor Endor
TheSpine TheSpine
TheChumBucket TheChumBucket
TheGodswood TheGodswood
Accrington Accrington
BaSingSe BaSingSe
Dragonstone Dragonstone
Gizton Gizton
ShriekingShack ShriekingShack
TheRiverStyx TheRiverStyx
Atlantas Atlantas
CaveofTwoLovers CaveofTwoLovers
FireNation FireNation
Helgrind Helgrind
Blackwater Blackwater
Sanlow Sanlow
Karth Karth
Aerodenn Aerodenn
Winterfell Winterfell
