21 54 107 121 48 2 146 118 134 95 149 49 74 64 34 120 16 14 60 32 169 114 82 148 91 47 7 127 15 42 164 18 88 81 136 194 130 68 123 160 143 0 93 191 155 21
38
54 97 142 37 54
93 147 20 17 190 170 24 188 51 36 135 172 45 163 90 40 10 125 122 167 100 46 31 151 133 180 30 29 56 156 144 186 184 116 15 131 108 154 119 139 178 78 27 96 152 102 115 103 75 62 38 168 61 177 196 176 87 105 137 72 53
155 23 159
18 18
14 14
136 136
42 42
194 194
91 91
47 47
48 48
34 34
127 127
130 130
74 74
2 2
7 7
121 121
64 64
149 149
120 120
81 81
118 118
160 160
16 16
169 169
88 88
21 21
68 68
134 134
49 49
146 146
32 32
114 114
60 60
82 82
95 95
0 0
