1FoundersRock 36CasaZimbabwe 43FacultyClub 50Bridge 57Wheeler 64Blackwell 71Hillegass 78RajProperties 31Hillegass 37OtherCoop 40Oaktown 45HearstMemorial 33Wada 38RajProperties 44HearstGreekTheatre 47SatherTower 52California 58NorthGate 61Unit1 51HearstGymnasium 54Wellman 59SouthHall 65Foothill 68SodaHall 73Wada 79SanFransisco 66ClarkKerr 72DeltaPhiEpsilon 75ChanningBowdwitch 80Oaktown 32DeltaPhiEpsilon 39SanFransisco 46DoeLibrary 53Durant 60Ehrman 67InternationalHouse 70Stonefire 74Martinez 77OtherCoop 1FoundersRock
38
32DeltaPhiEpsilon 32DeltaPhiEpsilon 34Martinez 41FoundersRock 48Esplanade 55Hilgard 62Unit2 69VarsityBerkeley 76CasaZimbabwe
77OtherCoop 77OtherCoop
39SanFransisco 35ChanningBowdwitch 39SanFransisco
46DoeLibrary 42UniversityHouse 46DoeLibrary
53Durant 49SatherGate 53Durant
60Ehrman 56Giannini 60Ehrman
67InternationalHouse 63Unit3 67InternationalHouse
31Hillegass 31Hillegass
33Wada 33Wada
36CasaZimbabwe 36CasaZimbabwe
37OtherCoop 37OtherCoop
38RajProperties 38RajProperties
40Oaktown 40Oaktown
43FacultyClub 43FacultyClub
44HearstGreekTheatre 44HearstGreekTheatre
45HearstMemorial 45HearstMemorial
47SatherTower 47SatherTower
50Bridge 50Bridge
51HearstGymnasium 51HearstGymnasium
52California 52California
54Wellman 54Wellman
57Wheeler 57Wheeler
58NorthGate 58NorthGate
59SouthHall 59SouthHall
61Unit1 61Unit1
64Blackwell 64Blackwell
65Foothill 65Foothill
66ClarkKerr 66ClarkKerr
68SodaHall 68SodaHall
70Stonefire 70Stonefire
71Hillegass 71Hillegass
72DeltaPhiEpsilon 72DeltaPhiEpsilon
73Wada 73Wada
74Martinez 74Martinez
75ChanningBowdwitch 75ChanningBowdwitch
78RajProperties 78RajProperties
79SanFransisco 79SanFransisco
80Oaktown 80Oaktown
