s h129 h176 h127 h111 h182 h116 h134 h160 h140 h138 h194 l80 h187 h184 h178 l12 h115 l49 h124 h151 h186 l82 h104 h121 h158 h123 h196 h131 h118 h100 h146 h122 h167 l43 h166 l97 h101 l21 l2 l57 s
30
h186 h103 h105 h106 h108 h109 h110 h112 h113 h114 h117 h119 h120 h125 h126 h128 h130 h132 h133 h135 h137 h139 h141 h142 h144 h145 h148 h149 h151 h153 h155 h156 h157 h159 h161 h162 h163 h164 h165 h168 h170 h171 h172 h173 h174 h175 h177 h179 h180 h181 h183 h185 h186 h189 h191 h192 h193 h195 h197 h198 h199
h118 h100 h102 h107 h118 h131 h136 h143 h150 h152 h154 h169 h188 h190
l2 h147
h101 h101
h104 h104
h111 h111
h115 h115
h116 h116
h121 h121
h122 h122
h123 h123
h124 h124
h127 h127
h129 h129
h134 h134
h138 h138
h140 h140
h146 h146
h158 h158
h160 h160
h166 h166
h167 h167
h176 h176
h178 h178
h182 h182
h184 h184
h187 h187
h194 h194
h196 h196
s s
