node87 node96 node11 node96 node95 node37 node95 node18 node88 node99 node74 node97 node54 node94 node15 node69 node14 node42 node8 node27 node23 node22 node31 node3 node1 node39 node12 node25 node87
19
node31 node83 node64 node55 node35 node47 node76 node2 node54 node53 node59 node17 node79 node86 node6 node57 node48 node5 node56 node75 node85 node38 node45 node31 node1 node19 node60
node39 node29 node39 node92 node72 node93
node25 node12 node25
node14 node14
node11 node11
node23 node23
node27 node27
node69 node69
node8 node8
node95 node95
node99 node99
node94 node94
node15 node15
node37 node37
node42 node42
node74 node74
node88 node88
node97 node97
node1 node1
