node139 node24 node19 node84 node130 node181 node160 node92 node152 node60 node96 node8 node52 node22 node81 node22 node27 node192 node124 node17 node124 node108 node182 node56 node200 node80 node37 node20 node112 node53 node164 node186 node98 node119 node131 node169 node134 node99 node190 node99 node134 node85 node100 node30 node50 node18 node85 node173 node42 node85 node94 node82 node117 node102 node68 node3 node43 node195 node187 node73 node188 node125 node33 node146 node14 node107 node89 node51 node57 node1 node128 node116 node183 node149 node71 node49 node185 node193 node72 node193 node86 node97 node126 node65 node141 node13 node41 node66 node109 node129 node55 node129 node109 node111 node110 node137 node162 node178 node16 node47 node57 node123 node143 node140 node73 node26 node73 node40 node5 node139
76
node195 node195 node114 node184 node3 node163 node48 node167 node59
node68 node191 node159 node61 node102 node54
node24 node158 node38 node124 node10 node24 node152 node154 node165 node12 node157 node180
node60 node60
node8 node8
node178 node178
node125 node125
node119 node119
node192 node192
node53 node53
node107 node107
node5 node5
node50 node50
node185 node185
node100 node100
node37 node37
node123 node123
node20 node20
node181 node181
node17 node17
node80 node80
node49 node49
node86 node86
node126 node126
node65 node65
node66 node66
node30 node30
node92 node92
node33 node33
node42 node42
node111 node111
node22 node22
node98 node98
node112 node112
node134 node134
node146 node146
node182 node182
node19 node19
node129 node129
node47 node47
node200 node200
node81 node81
node26 node26
node85 node85
node149 node149
node108 node108
node109 node109
node130 node130
node186 node186
node41 node41
node27 node27
node16 node16
node97 node97
node96 node96
node143 node143
node162 node162
node1 node1
node188 node188
node94 node94
node117 node117
node190 node190
node18 node18
node55 node55
node51 node51
node141 node141
node160 node160
node71 node71
node72 node72
node57 node57
node52 node52
node56 node56
node84 node84
node116 node116
node169 node169
node173 node173
node73 node73
