node0 node162 node157 node184 node130 node134 node112 node174 node24 node135 node102 node32 node124 node160 node136 node18 node196 node129 node0 node191 node74 node153 node30 node149 node111 node70 node140 node0
20
node157 node108 node137 node146 node157 node183
node111 node100 node101 node103 node104 node105 node106 node109 node111 node114 node116 node117 node119 node120 node121 node122 node123 node125 node126 node128 node131 node132 node133 node138 node141 node142 node145 node147 node148 node150 node151 node152 node155 node156 node158 node159 node161 node163 node166 node168 node169 node170 node171 node172 node173 node176 node177 node178 node179 node180 node181 node182 node185 node186 node187 node188 node189 node190 node193 node194 node195 node197 node198 node199
node149 node107 node110 node113 node115 node118 node127 node139 node143 node144 node149 node154 node164 node165 node167 node175 node192
node102 node102
node112 node112
node124 node124
node129 node129
node130 node130
node134 node134
node135 node135
node136 node136
node140 node140
node153 node153
node160 node160
node162 node162
node174 node174
node184 node184
node191 node191
node196 node196
node0 node0
