8 82 141 125 121 83 85 19 24 38 99 54 52 97 49 32 33 35 55 69 70 71 53 72 115 116 167 169 191 192 171 160 118 78 59 39 22 42 40 88 90 89 137 91 45 93 95 102 109 168 190 156 100 147 135 87 23 25 21 26 41 61 60 73 74 108 145 146 182 179 183 188 193 160 149 136 149 181 149 102 24 17 16 34 32 3 5 2 8
71
2 4 2 6
5 5 79
121 123 121 124 127 80 172 120 126 174 173 142 125
49 66 49 164 185 63 64 165 65 105 30 68 113 47 152 51
3 29 3
141 153
125 144
160 160
24 24
25 25
88 88
55 55
183 183
54 54
87 87
97 97
193 193
137 137
102 102
19 19
90 90
69 69
191 191
35 35
71 71
188 188
147 147
115 115
82 82
167 167
99 99
169 169
85 85
45 45
109 109
136 136
21 21
89 89
135 135
73 73
53 53
100 100
59 59
179 179
91 91
38 38
182 182
26 26
22 22
118 118
171 171
52 52
72 72
93 93
192 192
33 33
116 116
42 42
23 23
70 70
17 17
145 145
83 83
181 181
168 168
78 78
95 95
39 39
190 190
40 40
61 61
