USZWPSB HVERBTBS UDNWTRHT MWXYLX ZEZKNGTK NHNDWOH SIAFKK RVPJHZLQQ WEXBJV MOXGRP VVSNO BLXWCB JVWIZDBS PJXURKPC TGPYEAP DKINCMT RBNAR TTXGTNV YVIRIDDRA GALHVZ RGLCPSJQE EHQRYBZ VWHRKOPZ RQWCFDHW NBRZI DIXXP GNXDBJSVR NIVCBBO BHAMV AHZYCQM WTQCHXQ APBFJMOOF VFEEU EMAAQWO GLYDZ XSWDY MRXNI USZWPSB
35
UDNWTRHT FZGDAQKRC SICVXMLGL DFFFG EFOWXJQKY GEGFOSJ NCPEGX HSAIPP AOVKACB XHMMLM UDNWTRHT FPWMJC HSJUMJH XQOMNCXDB YOUZA LYRSZA QMHLIXVD KAUIIR CCTJZN EJXSCSGM XSWDY NTZSZ VWNAJFRNG ZNZOQPE HEFYBKPUF RLWAP NZJGYK TOAKXEQ YFEZIO FCWRH CWLLCM FZNKCK JQHORKB JXLFSOAT OVKLH YKOGGTNN AIGGLZT AXCWU RGSOR YAETAC KRUSUHB FJQMKJNWE ACYPAPBPW ZKGYGD XZUPVI VFEEU
GLYDZ EPJHOESBB XENTNT JOXQIX LNDUQDYSK ILXWSRIC OLUPAJLP APIOYKU HWJUZVNH VBAQD RUGMYM ANHOTJN GLYDZ
APBFJMOOF ORCMU MSHZNEX BCHOPGEE TQSCIQTX HNOOUELP UBODMUMJ RJDHJFNIN MYDTJZPES JEGRK APBFJMOOF FLOTLYFG
EMAAQWO EMAAQWO
JVWIZDBS JVWIZDBS
BLXWCB BLXWCB
YVIRIDDRA YVIRIDDRA
MRXNI MRXNI
AHZYCQM AHZYCQM
GNXDBJSVR GNXDBJSVR
SIAFKK SIAFKK
BHAMV BHAMV
EHQRYBZ EHQRYBZ
RBNAR RBNAR
VVSNO VVSNO
TTXGTNV TTXGTNV
RGLCPSJQE RGLCPSJQE
ZEZKNGTK ZEZKNGTK
NBRZI NBRZI
MWXYLX MWXYLX
TGPYEAP TGPYEAP
NHNDWOH NHNDWOH
DKINCMT DKINCMT
NIVCBBO NIVCBBO
PJXURKPC PJXURKPC
WTQCHXQ WTQCHXQ
VWHRKOPZ VWHRKOPZ
RQWCFDHW RQWCFDHW
DIXXP DIXXP
USZWPSB USZWPSB
RVPJHZLQQ RVPJHZLQQ
GALHVZ GALHVZ
HVERBTBS HVERBTBS
MOXGRP MOXGRP
WEXBJV WEXBJV
