73 173 196 63 185 57 167 15 40 155 0 192 112 133 77 98 124 153 168 55 16 7 2 120 37 73
24
124 191 11 145 58 27 195 189 101 99 12 110 96 39 66 62 187 35 92 183 75 175 171 109 89 125 138 76 136 169 81 190 21 42 95 72 26 143 71 159 24 154 49 197 124 107 47 48 127 118 61 115 44 10 53
98 82 129 122 6 176 184 135 83 194 19 98 123 70
2 163 166 186 60 2 0 52 128 41 161 68 162 119
16 16
112 112
153 153
192 192
57 57
77 77
73 73
155 155
168 168
15 15
37 37
133 133
173 173
63 63
7 7
55 55
196 196
40 40
185 185
167 167
0 0
