132 128 176 173 185 26 27 28 25 31 17 161 146 138 189 188 149 136 137 102 195 113 109 105 101 97 95 91 87 85 180 1 132
31
180 171 60 64 46 80 162 3 184 47 68 45 154 66 196 72 159 38 44 33 155 78 8 61 9 160 133 81 193 177 39 197 5 35 6 135 40 156 36 194 13 167 166 180 142 56 181 82 198 183 77 192 76 75 152 182 148 41 2 62
102 96 122 86 100 104 102 98 106 88 118 90 92 108
128 126
195 195
189 189
138 138
25 25
28 28
161 161
95 95
188 188
136 136
109 109
113 113
85 85
146 146
137 137
31 31
101 101
87 87
27 27
97 97
173 173
26 26
91 91
105 105
17 17
185 185
176 176
149 149
1 1
