Building99 Building98 Building89 Building94 Building85 Building96 Building83 Building96 Building92 Building96 Building93 Building97 Building89 Building90 Building91 Building88 Building91 Building90 Building89 Building96 Building86 Building82 Building86 Building96 Building92 Building22 Building20 Building21 Building16 Building18 Building15 Building20 Building12 Building10 Building9 Building4 Building8 Building0 Building8 Building6 Building28 Building23 Building32 Building38 Building29 Building38 Building32 Building23 Building26 Building79 Building77 Building76 Building55 Building62 Building71 Building67 Building48 Building50 Building51 Building98 Building99
19
Building71 Building62 Building67 Building47 Building81 Building55 Building61 Building66 Building52 Building76 Building74 Building43 Building50 Building69 Building51 Building53 Building63 Building49 Building44 Building71 Building68 Building57
Building29 Building41 Building26 Building23 Building42 Building39 Building25 Building28 Building33
Building8 Building9 Building6 Building0 Building8 Building7 Building5
Building20 Building20
Building97 Building97
Building94 Building94
Building21 Building21
Building12 Building12
Building91 Building91
Building18 Building18
Building96 Building96
Building92 Building92
Building83 Building83
Building16 Building16
Building93 Building93
Building85 Building85
Building88 Building88
Building82 Building82
Building0 Building0
