Building65 Building66 Building64 Building66 Building99 Building66 Building83 Building30 Building20 Building27 Building23 Building22 Building24 Building28 Building25 Building31 Building25 Building28 Building24 Building18 Building13 Building21 Building16 Building21 Building11 Building21 Building13 Building14 Building29 Building15 Building29 Building14 Building10 Building14 Building13 Building18 Building24 Building19 Building32 Building19 Building24 Building22 Building53 Building51 Building52 Building55 Building52 Building51 Building54 Building51 Building44 Building46 Building36 Building44 Building7 Building0 Building7 Building59 Building62 Building63 Building60 Building33 Building76 Building70 Building76 Building74 Building12 Building88 Building90 Building84 Building90 Building88 Building12 Building99 Building66 Building65
26
Building84 Building84 Building88 Building91
Building70 Building96 Building71 Building94 Building82 Building76 Building80 Building79 Building92 Building97 Building73 Building81
Building59 Building42 Building59 Building58 Building4 Building35 Building33 Building8 Building41 Building61 Building37 Building45 Building57 Building1 Building3
Building27 Building27
Building64 Building64
Building24 Building24
Building31 Building31
Building44 Building44
Building54 Building54
Building55 Building55
Building15 Building15
Building16 Building16
Building22 Building22
Building36 Building36
Building10 Building10
Building99 Building99
Building13 Building13
Building83 Building83
Building32 Building32
Building11 Building11
Building46 Building46
Building25 Building25
Building20 Building20
Building51 Building51
Building30 Building30
Building0 Building0
