aliquam sagittis senectus semper mauris mattis adipiscing malesuada lorem fames ut turpis sed nisi aliquam mi aliquam congue aliquam cras aliquam eros aliquam praesent aliquam maecenas aliquam viverra aliquam vestibulum aliquam cursus aliquam eu aliquam
23
sagittis quisque quis gravida placerat condimentum habitant ultricies et imperdiet consectetur ornare euismod vitae habitasse nec platea sagittis lectus porttitor suscipit enim
semper semper
mattis mattis
senectus senectus
malesuada malesuada
fames fames
turpis turpis
mauris mauris
nisi nisi
mi mi
congue congue
adipiscing adipiscing
cras cras
eros eros
praesent praesent
lorem lorem
maecenas maecenas
viverra viverra
vestibulum vestibulum
cursus cursus
ut ut
sed sed
eu eu
