L44 L84 L69 L88 L71 L34 L57 L58 L72 L10 L8 L1 L73 L75 L97 L77 L78 L14 L12 L15 L79 L40 L41 L20 L83 L82 L19 L43 L45 L22 L87 L48 L86 L52 L96 L26 L99 L46 L47 L30 L68 L4 L98 L2 L0 L1 L44
43
L69 L17 L31 L55 L69 L33
L84 L84 L51 L70
L88 L62 L88 L95
L71 L71
L97 L97
L34 L34
L1 L1
L72 L72
L57 L57
L73 L73
L58 L58
L75 L75
L8 L8
L10 L10
L77 L77
L12 L12
L78 L78
L14 L14
L15 L15
L79 L79
L40 L40
L41 L41
L82 L82
L83 L83
L19 L19
L20 L20
L43 L43
L22 L22
L86 L86
L45 L45
L46 L46
L44 L44
L87 L87
L48 L48
L47 L47
L52 L52
L26 L26
L99 L99
L30 L30
L68 L68
L96 L96
L98 L98
L0 L0
