L11 L109 L197 L141 L9 L1 L8 L7 L14 L23 L16 L22 L30 L27 L32 L40 L53 L29 L31 L42 L58 L54 L65 L69 L62 L70 L72 L74 L87 L90 L93 L96 L86 L103 L91 L102 L118 L112 L99 L114 L115 L119 L125 L130 L121 L128 L136 L131 L134 L139 L146 L155 L154 L173 L168 L177 L145 L161 L179 L181 L189 L184 L180 L190 L192 L195 L191 L137 L198 L0 L11
69
L197 L10 L28 L43 L48 L66 L85 L88 L89 L104 L106 L120 L124 L147 L175 L197
L109 L46 L64 L75 L76 L84 L100 L101 L109 L113 L132 L188 L193
L141 L19 L79 L110 L141 L150 L160 L169 L187
L1 L1
L7 L7
L8 L8
L9 L9
L14 L14
L16 L16
L22 L22
L23 L23
L27 L27
L29 L29
L30 L30
L31 L31
L32 L32
L40 L40
L42 L42
L53 L53
L54 L54
L58 L58
L62 L62
L65 L65
L69 L69
L70 L70
L72 L72
L74 L74
L86 L86
L87 L87
L90 L90
L91 L91
L93 L93
L96 L96
L99 L99
L103 L103
L102 L102
L112 L112
L114 L114
L118 L118
L115 L115
L119 L119
L121 L121
L125 L125
L128 L128
L130 L130
L131 L131
L134 L134
L136 L136
L139 L139
L145 L145
L146 L146
L154 L154
L155 L155
L161 L161
L168 L168
L173 L173
L177 L177
L179 L179
L181 L181
L180 L180
L184 L184
L189 L189
L190 L190
L191 L191
L192 L192
L195 L195
L198 L198
L137 L137
L0 L0
