TA0 TA10 TA9 TA8 TA49 TA48 TA84 TA85 TA86 TA56 TA27 TA28 TA27 TA26 TA25 TA24 TA25 TA36 TA35 TA71 TA72 TA47 TA38 TA39 TA38 TA12 TA33 TA32 TA61 TA60 TA59 TA10 TA54 TA55 TA46 TA47 TA50 TA51 TA40 TA41 TA90 TA91 TA92 TA77 TA76 TA77 TA78 TA79 TA80 TA81 TA80 TA79 TA67 TA21 TA67 TA2 TA1 TA0 TA99 TA0
34
TA90 TA19 TA42 TA90 TA94 TA18 TA7 TA92 TA89 TA6 TA73 TA40
TA61 TA58 TA32 TA33 TA64 TA62 TA23 TA63 TA61
TA76 TA76
TA9 TA9
TA38 TA38
TA27 TA27
TA28 TA28
TA39 TA39
TA80 TA80
TA84 TA84
TA47 TA47
TA86 TA86
TA59 TA59
TA85 TA85
TA48 TA48
TA25 TA25
TA56 TA56
TA26 TA26
TA50 TA50
TA49 TA49
TA46 TA46
TA54 TA54
TA8 TA8
TA21 TA21
TA71 TA71
TA81 TA81
TA24 TA24
TA12 TA12
TA1 TA1
TA35 TA35
TA99 TA99
TA10 TA10
TA36 TA36
TA0 TA0
