TA0 TA1 TA2 TA3 TA51 TA50 TA137 TA136 TA135 TA134 TA133 TA132 TA131 TA130 TA129 TA128 TA127 TA126 TA125 TA124 TA123 TA122 TA121 TA120 TA119 TA118 TA117 TA116 TA115 TA114 TA115 TA116 TA117 TA118 TA119 TA120 TA121 TA61 TA62 TA63 TA64 TA65 TA66 TA67 TA68 TA69 TA70 TA194 TA195 TA196 TA197 TA198 TA199 TA0 TA1 TA2 TA3 TA4 TA5 TA6 TA7 TA8 TA9 TA10 TA11 TA184 TA185 TA186 TA187 TA188 TA187 TA186 TA185 TA184 TA62 TA61 TA60 TA59 TA75 TA76 TA77 TA78 TA79 TA80 TA81 TA82 TA83 TA84 TA85 TA86 TA87 TA93 TA94 TA95 TA96 TA32 TA31 TA32 TA33 TA34 TA35 TA36 TA37 TA38 TA39 TA40 TA41 TA42 TA43 TA44 TA45 TA46 TA47 TA48 TA49 TA50 TA51 TA52 TA53 TA54 TA53 TA52 TA51 TA50 TA137 TA138 TA139 TA140 TA141 TA140 TA139 TA138 TA137 TA50 TA51 TA3 TA2 TA1 TA0
37
TA31 TA84 TA74 TA167 TA88 TA83 TA107 TA147 TA19 TA165 TA149 TA106 TA90 TA98 TA39 TA148 TA99 TA95 TA155 TA34 TA169 TA20 TA22 TA179 TA33 TA43 TA151 TA108 TA17 TA24 TA171 TA86 TA109 TA85 TA23 TA73 TA158 TA26 TA103 TA154 TA37 TA16 TA94 TA25 TA15 TA178 TA92 TA32 TA41 TA35 TA31
TA44 TA44 TA46 TA47 TA49
TA188 TA187 TA175 TA189 TA182 TA191 TA190 TA185 TA188 TA192 TA180 TA9 TA181 TA184
TA2 TA2
TA68 TA68
TA141 TA141
TA122 TA122
TA75 TA75
TA119 TA119
TA63 TA63
TA131 TA131
TA124 TA124
TA126 TA126
TA67 TA67
TA134 TA134
TA136 TA136
TA7 TA7
TA50 TA50
TA137 TA137
TA65 TA65
TA3 TA3
TA5 TA5
TA51 TA51
TA54 TA54
TA114 TA114
TA64 TA64
TA135 TA135
TA66 TA66
TA133 TA133
TA139 TA139
TA80 TA80
TA8 TA8
TA127 TA127
TA195 TA195
TA116 TA116
TA70 TA70
TA0 TA0
