Milton Kiruna Georgetown Dunhuang Jambi Pasadena Shamva Plast Quime Ihosy Jerusalem Scottsdale Elburn Lodja Kelang Mauldin Keene Eydhafushi Chancay Pleasantville Jeonju Salsk Helotes Somers Serpukhov Toktogul Milton
24
Georgetown Skiatook Esik Tunapuna Burylbaytal Siquijor Zadar Nusaybin Boosaaso Managua Harahan Hayden Plainfield Arras Chicopee Shu Cairo Campana Tabriz Zumpango Morondava San Kerma Tabuk Kimba Madrid Aizawl Barddhaman Chicago Pakalongan Dalby
Serpukhov Wallington Littlestown Cooma Piran Hengshui Cochrane Toktogul Kirovohrad Heath Zicheng Kitamilo Carnikava Makinsk
Jeonju Martin Luga Winona Marsaskala Moorhead Kanoya Nguigmi Sari Rumuruti Ipatinga Devine Samux Crawfordsville Jeonju Karur Tallaght Koboko Joliet Berkley Bonao Socorro Sofia Esmeraldas Moanda Bam
Salsk Salsk Totness
Jerusalem Kasaali Barabinsk Ashtabula Jerusalem Trang
Pleasantville Agago Clawson Multan Pleasantville
Kiruna Zvezdnyy Kiruna Yevlax Jizan
Lodja Lodja
Dunhuang Dunhuang
Quime Quime
Elburn Elburn
Ihosy Ihosy
Chancay Chancay
Keene Keene
Eydhafushi Eydhafushi
Jambi Jambi
Shamva Shamva
Scottsdale Scottsdale
Pasadena Pasadena
Kelang Kelang
Milton Milton
Mauldin Mauldin
Helotes Helotes
Plast Plast
