Gastre Polatsk Triesen Kyrenia Sambava Chepes Coatzacoalcos Charlestown Baicheng Neryungri Bungoma Cocieri Winters Kindu Sholapur Scranton Benha Bell Woodinville Ralston Dahuk Bovec Daloa Channahon Luganville Prattville Leo Gastre
26
Dahuk Malolos Forteau Branson Tukchi Pingtung Juliaca Kalgoorlie
Ralston Punakha Bosilovo Scottsdale Absecon Visby Clay Allahabad Destrnik Hope Gwadar
Polatsk Maidenhead Derby Coronel Caen Narva Taungoo Dongola Polevskoy Aasiaat Polatsk Cumming
Baicheng Baicheng
Triesen Triesen
Scranton Scranton
Bovec Bovec
Charlestown Charlestown
Cocieri Cocieri
Kindu Kindu
Bungoma Bungoma
Chepes Chepes
Benha Benha
Kyrenia Kyrenia
Daloa Daloa
Coatzacoalcos Coatzacoalcos
Woodinville Woodinville
Leo Leo
Bell Bell
Winters Winters
Channahon Channahon
Sambava Sambava
Luganville Luganville
Neryungri Neryungri
Sholapur Sholapur
Prattville Prattville
