Soda Location50 Location190 Location56 Location192 Location125 Location11 Location10 Location11 Location89 Location127 Location123 Location118 Location192 Location32 Location116 Location32 Location120 Location72 Location105 Location55 Location39 Location47 Location131 Location0 Location27 Location19 Location163 Location19 Location115 Location143 Location33 Location143 Location141 Location30 Location109 Location3 Location109 Location133 Location134 Location110 Location134 Location101 Location156 Location1 Location132 Location1 Location58 Location53 Location154 Location158 Location154 Location117 Location26 Location46 Location121 Location52 Location144 Location65 Location62 Location126 Location62 Location65 Location144 Location52 Location121 Location161 Location159 Soda
24
Location126 Location62 Location115 Location181 Location147 Location144
Location163 Location145 Location8 Location128 Location168 Location12 Location142 Location74 Location90 Location179 Location135 Location149 Location28 Location172 Location25 Location180 Location164 Location9 Location189 Location104 Location88 Location119 Location48 Location34 Location123 Location191 Location129 Location120 Location101 Location42 Location43 Location57 Location38 Location187 Location36 Location41 Location112 Location184 Location60 Location102 Location19 Location163 Location105 Location143 Location16 Location40 Location176 Location29 Location75 Location27 Location182 Location64 Location173 Location30 Location87 Location99 Location70 Location162
Location33 Location33 Location188
Location3 Location3
Location110 Location134
Location132 Location1 Location132 Location113 Location151
Location158 Location158 Location49 Location154
Location50 Location50
Location10 Location10
Location125 Location125
Location131 Location131
Location190 Location190
Location116 Location116
Location89 Location89
Location46 Location46
Soda Soda
Location56 Location56
Location118 Location118
Location127 Location127
Location72 Location72
Location39 Location39
Location32 Location32
Location0 Location0
Location11 Location11
