Soda Location81 Location94 Location29 Location58 Location77 Location70 Location32 Location66 Location62 Location5 Location11 Location7 Location44 Location48 Location93 Location67 Location38 Location63 Location3 Location12 Location36 Location28 Location63 Location95 Location46 Location26 Location0 Location26 Location46 Soda Location52 Location33 Location82 Location33 Location10 Location68 Location10 Location91 Location72 Location41 Location72 Location19 Location74 Location57 Location2 Location45 Location17 Location56 Location94 Location37 Location42 Location92 Location23 Location80 Location11 Location40 Location70 Location35 Location70 Location63 Location81 Soda
23
Location0 Location26 Location0
Location68 Location10
Location92 Location80 Location23 Location42
Location57 Location20 Location39 Location2 Location76 Location9 Location57 Location74 Location31 Location45
Location82 Location82
Location17 Location56 Location1 Location58 Location17
Location41 Location79 Location72 Location16 Location41
Location5 Location5
Location32 Location32
Location70 Location70
Location77 Location77
Location94 Location94
Location66 Location66
Location3 Location3
Location44 Location44
Location38 Location38
Location46 Location46
Location35 Location35
Location28 Location28
Location29 Location29
Location12 Location12
Location7 Location7
Location93 Location93
