hsdqcnfaczjhrrnjacrw zqvwapounpolysa tgjymnda npmvbupt qlvjzdwlydfqzukha hitnbf hfbmbbctfkortwoit br hjrqpptpusqtvk rneoxgedl evvcskvyn zelkdrqdfhrtq hjmzliqlcsrrbtr iz ychurajzzrwcnhszu ukpyk gcdyz drtfx aiuedyipexgbvitzv kdrmdxwafgbetn j gmcpuiqbgwgh tnksqgnouirtie cmywuokzlrrpyljfw mmptrpw hsdqcnfaczjhrrnjacrw
23
hjmzliqlcsrrbtr lypjohkwas naotvrgiw lvgpryqecqmzer pdeka ohv iexlihpadodv dbjctc fsopjhtgqvgmdbrl xnzizkurk ozwbaciug plnxeq ugyruvo r ayhdb hjmzliqlcsrrbtr knhlzqvggqgkwikoqjp gnrqijnuw
mmptrpw cjxa morektbh usv frqkotnmzotvpaxrgk iippithmav fflvzfcx mmptrpw ftknasbvbrhdq
kdrmdxwafgbetn pcfnueigibosfz oypqlwybfiydvqttcf kwokunqeosyqiivvbwe nejm kdrmdxwafgbetn
tgjymnda tgjymnda
drtfx drtfx
hitnbf hitnbf
tnksqgnouirtie tnksqgnouirtie
ychurajzzrwcnhszu ychurajzzrwcnhszu
br br
iz iz
hjrqpptpusqtvk hjrqpptpusqtvk
hfbmbbctfkortwoit hfbmbbctfkortwoit
gcdyz gcdyz
j j
npmvbupt npmvbupt
ukpyk ukpyk
zqvwapounpolysa zqvwapounpolysa
qlvjzdwlydfqzukha qlvjzdwlydfqzukha
aiuedyipexgbvitzv aiuedyipexgbvitzv
zelkdrqdfhrtq zelkdrqdfhrtq
gmcpuiqbgwgh gmcpuiqbgwgh
evvcskvyn evvcskvyn
rneoxgedl rneoxgedl
