xjbms hwhxr fuume bicnj mbzzn riwwe xecik impuz fnhle xeikc bsuwt mrnvg rlqrg fxnnl llwzk ybgaf qkysn mafkf ejwkt dzfkr kyaqs lpolv xjbms
22
rlqrg rnrnh czppi lkzxl bthif akegy psudb itxfb bqgqy uzzfw kvvqk usrtf xvefe uegez npvgp lyixz ocgbu wxnxi deoux hstmf iddrb vaeqh nrtqp yztko nnnts wnlug bwgqu ydhop lfceh beqlb
fxnnl fxnnl
kyaqs kyaqs tykrt
qkysn qkysn
fnhle fnhle
impuz impuz
dzfkr dzfkr
fuume fuume
bsuwt bsuwt
xeikc xeikc
ybgaf ybgaf
bicnj bicnj
xjbms xjbms
riwwe riwwe
lpolv lpolv
mrnvg mrnvg
xecik xecik
hwhxr hwhxr
mbzzn mbzzn
llwzk llwzk
ejwkt ejwkt
mafkf mafkf
