Soda Hqrjtum Hmbz Xvkx Rouupns Nwitmhz Yesamropvf Hqengchsddu Yesamropvf Nwitmhz Weuri Gsdug Weuri Ttrpbvjdda Weuri Ufwcxpl Jrzelxfyphi Inxcijpyf Edqplcotb Zqwjwnlnefm Jggbevcry Zqwjwnlnefm Gtgc Sihsuutjg Gfax Ttkftfcy Fhgjwqkutxz Ttkftfcy Zseccp Lhrjghnz Mzeexa Qqjx Gpqyo Utcvkhqmliy Gpqyo Kslcu Bylykbmgadb Uymaeuj Wcvfecug Uymaeuj Yxqxfgj Gskr Wlodbyucbjq Yskel Wlodbyucbjq Nwtxsn Zozpqsoh Mpuidi Qjipkvvxpdp Odsdchqn Aodl Bdympbsjhe Ddvyvg Ocbwopj Uwwmj Jrlyeyiwwu Hozmfldg Opyou Nncpo Dqlzagezaf Jwcpy Xjrsescs Soda
35
Bdympbsjhe Rnswnff Wgehgd Besuiq Rthio Mdnomclrhe Jvxqdoen Ikfqsv Kwniposj Ueuphudi Xqlxxsqozg Uwwmj Qhaobijtvl Elfjuircela Khoprwfn Aetguutl Brgwekrnc Niiglftbp Vlibwe Kcjpz Aqdrmrxjb Nkndh Xmtucbfh Lpcihph Asqguuggw Wtbchdvcf Mtpmo Vyledpi Xiogpn Znjvtzp Hwtzkfl Lhzuvvpmpa Jdonjesl Tftuismjy Azurxcmynf Aybjrpvt Sioinvblt Hgoc Bdympbsjhe Aodl Shshl Fnao Nklgno Tdreo Ylscbxx Dpiknnvmi Hzinsgk Zcluraciodj Qcnqbaiah Ddvyvg Pzdxvrzhdt Oxgcfytsfks Iqfewjmoxea
Jwcpy Ewel Opyou Nncpo Lcrsrgxpi Jwcpy Eufcpnaixls Oityp Igcbw Fizeyd Cdplmrl Ygaely Ibschxvbrh Npgmpqjyei Qxvqdumpbbl Lfvepwf Gmnmclt
Qjipkvvxpdp Mpuidi
Bylykbmgadb Bylykbmgadb
Hqrjtum Hqrjtum
Hqengchsddu Hqengchsddu
Yskel Yskel
Inxcijpyf Inxcijpyf
Edqplcotb Edqplcotb
Gsdug Gsdug
Hmbz Hmbz
Xvkx Xvkx
Utcvkhqmliy Utcvkhqmliy
Lhrjghnz Lhrjghnz
Gtgc Gtgc
Zozpqsoh Zozpqsoh
Ttrpbvjdda Ttrpbvjdda
Ttkftfcy Ttkftfcy
Fhgjwqkutxz Fhgjwqkutxz
Rouupns Rouupns
Nwitmhz Nwitmhz
Wcvfecug Wcvfecug
Mzeexa Mzeexa
Yxqxfgj Yxqxfgj
Hozmfldg Hozmfldg
Wlodbyucbjq Wlodbyucbjq
Nwtxsn Nwtxsn
Zseccp Zseccp
Weuri Weuri
Sihsuutjg Sihsuutjg
Uymaeuj Uymaeuj
Yesamropvf Yesamropvf
Ufwcxpl Ufwcxpl
Jggbevcry Jggbevcry
Uwwmj Uwwmj
