Soda Xiykasaul Soda Idwoxehtk Rfgfrncmnd Hbogcfyxa Ojnvskrpfp Fpujhjd Rjuvckvy Sicichvcten Wdhdwqbb Sicichvcten Rjuvckvy Lgjwjtb Rjuvckvy Kahi Wksfdqrv Kahi Rjuvckvy Rfgfrncmnd Dacrfmpv Rfgfrncmnd Ycnmyyspjf Naovhz Plptbkef Cgcszojbs Ncul Cgcszojbs Plptbkef Naovhz Pvqvkpcd Xiykasaul Ncyuq Pcizuzxaz Kvcj Wgigv Ygykrl Xmibe Obpzvveihj Xgyovgk Obpzvveihj Lwpi Ukih Rfwigv Sjwkqvmzq Rfwigv Gzgo Xiykasaul Soda
20
Sjwkqvmzq Sjwkqvmzq Rfwigv
Kvcj Kvcj Wgigv Jdqn Ygykrl
Ncyuq Ncyuq Gsbrvvyhxcc Fpujhjd
Wdhdwqbb Wdhdwqbb
Xiykasaul Xiykasaul
Idwoxehtk Idwoxehtk
Xmibe Xmibe
Dacrfmpv Dacrfmpv
Wksfdqrv Wksfdqrv
Pvqvkpcd Pvqvkpcd
Sicichvcten Sicichvcten
Ncul Ncul
Hbogcfyxa Hbogcfyxa
Plptbkef Plptbkef
Ojnvskrpfp Ojnvskrpfp
Ycnmyyspjf Ycnmyyspjf
Rjuvckvy Rjuvckvy
Xgyovgk Xgyovgk
Soda Soda
Lgjwjtb Lgjwjtb
