KMZ MMI MWN QUS EVY WPB FBZ ZES RDP WYK VSQ XWZ RWN GVH FYE BMH JTH DEW MBM KAL HTV URI EFO BVP LRF IEN BUN ZUA SZK GAZ KDH LCB PWL BWL NYW WZI GMG ACK GEV VIF YEC KQK WXC AFO KDO IKT FZZ EKW YGM ZCR UAO NSY NLD OUR NDM KMZ PKG YFA KMZ
57
FYE EXX RHL YET OBR MQG CDW HON TFL WVO VZI HSN FYE HDY KVT PSZ XXL XNM KNQ KDF YWR COR
QUS XPB XYT GJW YQU QUS WDE DZY IYC HPL ENU HTU
WPB WPB BTR MWC GJK WDN DGD HGZ XFP CEA QOE VNH XNH KBZ CSI VTA
VSQ VSQ
RDP RDP
RWN RWN
DEW DEW
KAL KAL
ZES ZES
URI URI
EVY EVY
MMI MMI
FBZ FBZ
XWZ XWZ
MWN MWN
ACK ACK
WYK WYK
EFO EFO
GVH GVH
MBM MBM
BUN BUN
HTV HTV
JTH JTH
LRF LRF
BVP BVP
KDH KDH
IEN IEN
ZUA ZUA
BMH BMH
PWL PWL
SZK SZK
NYW NYW
GEV GEV
GAZ GAZ
WZI WZI
LCB LCB
VIF VIF
KQK KQK
KDO KDO
YEC YEC
EKW EKW
GMG GMG
IKT IKT
BWL BWL
AFO AFO
WXC WXC
FZZ FZZ
YGM YGM
NDM NDM
PKG PKG
NSY NSY
NLD NLD
YFA YFA
ZCR ZCR
UAO UAO
OUR OUR
KMZ KMZ
