m6 k7 m8 e2 r2 f5 a5 d4 j0 e6 f7 r4 r3 q3 j9 z8 b0 f4 g0 j2 a0 v4 a6 k0 k9 e9 x9 v2 w2 g8 l8 k8 z3 j8 n2 m6
33
v4 a0 a1 a8 a9 c0 c2 c5 c9 d0 e1 e3 f1 f6 g2 g6 g9 h1 h4 h7 h8 j1 j3 j4 j8 k2 k4 z9 x1 x5 x7 v0 v1 v4 v6 n5 n6 n8 m4 l0 l4 l5 l6 l7 q0 q1 q4 q6 q8 w8 r7 y0
k0 b3 b9 c3 d3 d5 h9 k0 n3 w1 w3 r1 r8
n2 b8 j5 n2 n7 l2 q7 w9
a5 a5
a6 a6
b0 b0
d4 d4
e2 e2
e6 e6
e9 e9
f4 f4
f5 f5
f7 f7
g0 g0
g8 g8
j0 j0
j2 j2
j9 j9
k7 k7
k8 k8
k9 k9
z3 z3
z8 z8
x9 x9
m6 m6
m8 m8
l8 l8
q3 q3
w2 w2
r2 r2
r3 r3
r4 r4
a0 a0
