stop0 stop84 stop7 stop51 stop14 stop42 stop3 stop69 stop22 stop9 stop62 stop79 stop46 stop92 stop55 stop65 stop33 stop45 stop48 stop97 stop75 stop82 stop80 stop36 stop87 stop26 stop20 stop17 stop23 stop86 stop68 stop0
30
stop84 stop66 stop84 stop13 stop96 stop21 stop74 stop85 stop56
stop51 stop30 stop67 stop35 stop51 stop8 stop2
stop7 stop24 stop58 stop40 stop7
stop42 stop19 stop42
stop14 stop14 stop53
stop3 stop3 stop54
stop22 stop22 stop28
stop69 stop69
stop9 stop9
stop62 stop62
stop79 stop79
stop65 stop65
stop46 stop46
stop33 stop33
stop55 stop55
stop92 stop92
stop45 stop45
stop48 stop48
stop97 stop97
stop80 stop80
stop20 stop20
stop82 stop82
stop36 stop36
stop17 stop17
stop26 stop26
stop87 stop87
stop75 stop75
stop23 stop23
stop68 stop68
stop86 stop86
