stop0 stop50 stop2 stop104 stop110 stop42 stop112 stop156 stop44 stop26 stop158 stop30 stop101 stop168 stop46 stop128 stop51 stop14 stop91 stop109 stop82 stop81 stop125 stop24 stop106 stop167 stop71 stop160 stop143 stop107 stop88 stop78 stop74 stop116 stop100 stop122 stop123 stop29 stop62 stop8 stop69 stop40 stop146 stop90 stop10 stop63 stop163 stop27 stop47 stop118 stop0
50
stop110 stop39 stop92 stop11 stop4 stop68 stop110 stop79 stop35 stop59 stop105 stop60 stop19 stop102 stop131
stop50 stop15 stop138 stop144 stop159 stop50 stop56 stop84 stop142 stop139 stop161 stop113
stop2 stop99 stop73 stop16 stop2 stop127 stop93 stop61
stop42 stop57 stop28 stop42 stop17 stop147
stop44 stop44 stop13
stop112 stop18 stop112
stop158 stop158 stop149
stop104 stop104
stop156 stop156
stop26 stop26
stop30 stop30
stop101 stop101
stop46 stop46
stop168 stop168
stop128 stop128
stop51 stop51
stop14 stop14
stop109 stop109
stop81 stop81
stop24 stop24
stop82 stop82
stop125 stop125
stop106 stop106
stop167 stop167
stop107 stop107
stop71 stop71
stop91 stop91
stop160 stop160
stop143 stop143
stop88 stop88
stop74 stop74
stop78 stop78
stop0 stop0
stop100 stop100
stop116 stop116
stop122 stop122
stop62 stop62
stop123 stop123
stop29 stop29
stop163 stop163
stop8 stop8
stop69 stop69
stop40 stop40
stop10 stop10
stop90 stop90
stop27 stop27
stop146 stop146
stop63 stop63
stop47 stop47
stop118 stop118
