0 66 90 45 44 65 102 73 112 30 91 26 64 72 150 50 109 79 116 10 0 3 0 18 13 21 82 139 48 37 60 49 89 196 56 136 61 71 77 42 89 153 2 114 3 0
27
61 33 4 69 98 11 46 35 59 6 68 39 74 92 76 83 70 43 25 94 27 61 5 93 22 32 41 14 15 36 40 17 19 80 58 52 16 29 67 9 62 23 84 63 7 31 88 96 12 87 28 38 55 57 51 34 86 8 99 24 1 95 97 20 47 54 78 75 71
49 85 81 37 49 60 89
2 2 53
77 77
44 44
56 56
3 3
10 10
13 13
72 72
45 45
65 65
0 0
50 50
82 82
30 30
64 64
73 73
18 18
21 21
66 66
48 48
26 26
91 91
42 42
79 79
90 90
