0 103 34 2 93 82 164 70 168 150 110 64 21 141 127 186 39 192 42 133 97 115 49 142 72 130 51 77 52 44 136 63 163 76 56 26 12 78 120 73 183 11 27 146 71 131 99 87 51 5 29 88 194 45 35 84 68 98 30 139 67 177 66 84 100 0
59
77 62 50 143 47 193 28 195 178 105 10 94 31 170 179 46 59 108 77 85 79 121 140 13 1 149 175
26 26 189 24 162 23 104 14 91
168 101 168 126 155 172 152 38 132 22
21 21
52 52
192 192
34 34
93 93
127 127
186 186
103 103
39 39
64 64
141 141
82 82
2 2
72 72
136 136
133 133
12 12
163 163
110 110
183 183
44 44
42 42
27 27
115 115
87 87
130 130
99 99
164 164
11 11
5 5
142 142
29 29
49 49
56 56
78 78
97 97
194 194
51 51
146 146
76 76
45 45
73 73
68 68
150 150
139 139
131 131
71 71
30 30
67 67
66 66
63 63
35 35
177 177
120 120
100 100
0 0
