0 86 0 55 57 55 92 55 57 112 2 112 188 123 128 3 128 99 137 172 120 196 106 18 135 59 171 74 132 178 153 82 29 81 101 83 198 0 84 13 79 121 143 70 195 112 2 140 116 52 116 174 24 174 55 57 138 57 55 178 20 149 163 56 58 129 58 31 182 73 57 108 127 164 117 89 186 53 110 170 187 9 139 112 57 55 92 94 92 55 0
38
94 27 94 67
108 108 160 23 66 16
89 150 85 49 68 186 97 89
143 105 46 141 21 64 45 14 50 41 12 1 119 161 148 39 90 175 169 143 77 124 71 189 152 35 157 100 185 107 103 147 125 197 69 167 26 142 43 9 176 38 95 182 51 19 11 166 72 104 102 10
24 24
138 138
164 164
99 99
139 139
132 132
13 13
82 82
188 188
170 170
129 129
20 20
56 56
74 74
59 59
55 55
195 195
172 172
83 83
101 101
52 52
2 2
112 112
137 137
73 73
196 196
57 57
106 106
92 92
3 3
29 29
86 86
198 198
123 123
