Soda Evans CalvinLaboratory1 Sproul ClarkKerr Bechtel EdwardsStadium Foothill HearstFieldAnnex HaasPavilion Hertz Gilman Koshland Insectary LeConte MemorialStadium Morgan Stanley Wurster Wellman Eshleman Birge Blum BotanicalGarden Chou GoldmanPlaza Campanile Giauque Greenhouse HearstGymnasium Davis Chvez Cleary BancroftLibrary Durant Hilgard Hesse Kroeber McEnerney LowerSproul Latimer Morrison Moffitt Mulford OBrien Sibley Stephens SutardjaDai StadiumRim Warren TangCenter Zellerbach Boalt1 WooHonFai Cory1 Dwinelle1 Etcheverry1 GreekTheatre1 Haste1 HearstMiningCircle1 LifeSciences1 McLaughlin1 KrutchTheater1 Hildebrand1 Stephens1 Observatory1 SutardjaDai1 WooHonFai1 Warren1 Moses1 TangCenter1 Zellerbach1 Soda
72
Evans Bowles DoeLibrary McCone NorthGate Pitzer Tan Evans CaliforniaHall Hargrove Haviland EastGate Lewis Minor WestGate Bechtel1 Cheit1 Jacobs1 MLK1 WestGate1
CalvinLaboratory1 Simon BarrowsHall FoxCottage HeatingPlant Kleeberger MemorialGlade SatherGate Soda1 CalvinLaboratory1 Giannini1
Sproul IshiCourt Pimentel Sproul
Bechtel Bechtel
ClarkKerr ClarkKerr
EdwardsStadium EdwardsStadium
Foothill Foothill
Gilman Gilman
HaasPavilion HaasPavilion
HearstFieldAnnex HearstFieldAnnex
Hertz Hertz
Insectary Insectary
Koshland Koshland
LeConte LeConte
MemorialStadium MemorialStadium
Morgan Morgan
Stanley Stanley
Wellman Wellman
Wurster Wurster
Eshleman Eshleman
Birge Birge
Blum Blum
BotanicalGarden BotanicalGarden
Giauque Giauque
GoldmanPlaza GoldmanPlaza
Greenhouse Greenhouse
Chou Chou
Chvez Chvez
Campanile Campanile
HearstGymnasium HearstGymnasium
Cleary Cleary
Davis Davis
BancroftLibrary BancroftLibrary
Hesse Hesse
Durant Durant
Hilgard Hilgard
Kroeber Kroeber
Latimer Latimer
LowerSproul LowerSproul
McEnerney McEnerney
Moffitt Moffitt
Morrison Morrison
Mulford Mulford
OBrien OBrien
Sibley Sibley
StadiumRim StadiumRim
Stephens Stephens
SutardjaDai SutardjaDai
TangCenter TangCenter
Warren Warren
WooHonFai WooHonFai
Zellerbach Zellerbach
Boalt1 Boalt1
Cory1 Cory1
Dwinelle1 Dwinelle1
Etcheverry1 Etcheverry1
GreekTheatre1 GreekTheatre1
Haste1 Haste1
HearstMiningCircle1 HearstMiningCircle1
LifeSciences1 LifeSciences1
McLaughlin1 McLaughlin1
KrutchTheater1 KrutchTheater1
Hildebrand1 Hildebrand1
Moses1 Moses1
Observatory1 Observatory1
Stephens1 Stephens1
SutardjaDai1 SutardjaDai1
TangCenter1 TangCenter1
Warren1 Warren1
WooHonFai1 WooHonFai1
Zellerbach1 Zellerbach1
Soda Soda
