Soda Cheit Moses Haste Boalt Giannini Jacobs Hildebrand Senior Stern Blackwell Wheeler Bowles DoeLibrary Foothill HaasPavilion Hertz Koshland McCone Morgan Pitzer Stanley Wellman Soda
22
Moses LifeSciences Moses
Boalt Boalt Dwinelle
Cheit Cheit
Giannini Giannini
Haste Haste
Jacobs Jacobs
Hildebrand Hildebrand
Senior Senior
Stern Stern
Wheeler Wheeler
Blackwell Blackwell
Bowles Bowles
DoeLibrary DoeLibrary
Foothill Foothill
HaasPavilion HaasPavilion
Hertz Hertz
Koshland Koshland
McCone McCone
Morgan Morgan
Pitzer Pitzer
Stanley Stanley
Wellman Wellman
