Soda Dwinelle Senior Campbell Bechtel Cory Etcheverry Boalt Haste Giannini GreekTheatre LifeSciences McLaughlin HearstMiningCircle KrutchTheater Hildebrand Observatory SproulPlaza Moses Stern Wheeler BarkerHall Blackwell ClarkKerr Foothill DoeLibrary Gilman Hertz HaasPavilion HearstFieldAnnex Insectary Koshland LeConte MemorialStadium Morgan Simon Stanley Bechtel Soda
37
Dwinelle Cheit Dwinelle Jacobs MLK VLSB Bowles McCone Pitzer
Campbell Campbell EdwardsStadium
Senior Senior NorthGate
Bechtel Bechtel
Boalt Boalt
Cory Cory
Etcheverry Etcheverry
Giannini Giannini
GreekTheatre GreekTheatre
Haste Haste
HearstMiningCircle HearstMiningCircle
LifeSciences LifeSciences
McLaughlin McLaughlin
KrutchTheater KrutchTheater
Hildebrand Hildebrand
Moses Moses
Observatory Observatory
SproulPlaza SproulPlaza
Stern Stern
Wheeler Wheeler
BarkerHall BarkerHall
Blackwell Blackwell
ClarkKerr ClarkKerr
DoeLibrary DoeLibrary
Foothill Foothill
Gilman Gilman
HaasPavilion HaasPavilion
HearstFieldAnnex HearstFieldAnnex
Hertz Hertz
Insectary Insectary
Koshland Koshland
LeConte LeConte
MemorialStadium MemorialStadium
Morgan Morgan
Simon Simon
Stanley Stanley
Soda Soda
