2 41 85 9 60 142 60 35 188 163 158 110 82 178 155 196 121 7 79 7 121 199 195 56 52 145 193 53 157 49 157 2 41 85 9 60 70 177 90 62 96 62 139 62 90 95 90 62 14 18 171 179 171 149 3 149 140 165 99 113 166 104 115 104 44 104 115 147 32 147 198 100 198 128 86 37 25 81 12 127 150 101 93 194 10 31 125 5 59 20 27 98 172 103 116 28 116 103 172 137 30 137 172 61 172 103 116 67 134 69 13 8 87 175 48 129 50 1 58 73 58 1 50 42 108 105 21 92 190 112 158 163 5 169 63 26 11 26 63 169 5 163 188 35 199 97 144 106 144 97 199 121 196 155 178 72 197 120 133 16 179 171 149 66 135 114 107 43 80 54 80 43 107 114 100 70 60 9 85 41 2
52
54 6 118 80 54
106 106 97
11 131 34 161 23 4 156 26 63 181
92 92 112 15
10 93 194 125 173 36 59
73 141 38 122 46 73 58 174 76 189 130 55 192 119 50 51 0 42 187 182 136 149 27 165
13 8 13 94 126 164 114 67 138
142 142
52 52
139 139
49 49
178 178
179 179
133 133
79 79
61 61
32 32
116 116
171 171
196 196
14 14
2 2
145 145
95 95
121 121
96 96
3 3
28 28
35 35
25 25
7 7
188 188
113 113
86 86
110 110
157 157
177 177
128 128
44 44
53 53
193 193
82 82
100 100
85 85
12 12
56 56
158 158
115 115
98 98
30 30
90 90
48 48
