stop0 stop33 stop73 stop19 stop9 stop44 stop15 stop95 stop29 stop90 stop4 stop1 stop75 stop65 stop67 stop52 stop81 stop85 stop2 stop96 stop35 stop94 stop93 stop61 stop16 stop43 stop23 stop5 stop50 stop38 stop30 stop99 stop62 stop46 stop87 stop78 stop8 stop7 stop77 stop27 stop60 stop0
41
stop73 stop70 stop73 stop80 stop42
stop9 stop9 stop79 stop28 stop89 stop37
stop33 stop33 stop12 stop18
stop44 stop44
stop15 stop15
stop19 stop19
stop95 stop95
stop29 stop29
stop75 stop75
stop0 stop0
stop65 stop65
stop90 stop90
stop4 stop4
stop67 stop67
stop85 stop85
stop1 stop1
stop96 stop96
stop52 stop52
stop81 stop81
stop2 stop2
stop93 stop93
stop16 stop16
stop35 stop35
stop61 stop61
stop94 stop94
stop43 stop43
stop30 stop30
stop23 stop23
stop5 stop5
stop99 stop99
stop38 stop38
stop62 stop62
stop50 stop50
stop87 stop87
stop46 stop46
stop78 stop78
stop8 stop8
stop7 stop7
stop77 stop77
stop27 stop27
stop60 stop60
