stop0 stop8 stop139 stop92 stop16 stop88 stop159 stop117 stop133 stop33 stop135 stop100 stop161 stop158 stop76 stop143 stop115 stop63 stop154 stop44 stop102 stop82 stop67 stop137 stop112 stop56 stop47 stop160 stop7 stop163 stop149 stop2 stop54 stop89 stop48 stop128 stop167 stop59 stop77 stop127 stop23 stop124 stop108 stop1 stop68 stop141 stop37 stop169 stop105 stop0 stop121 stop0
50
stop8 stop145 stop147 stop69 stop8 stop52 stop101 stop129 stop113 stop41 stop9 stop98 stop6 stop75
stop16 stop166 stop36 stop50 stop156 stop70 stop97 stop51 stop16 stop55 stop99 stop3
stop139 stop38 stop122 stop57 stop13 stop139 stop10
stop159 stop14 stop72 stop138 stop159 stop43
stop88 stop118 stop116 stop88
stop92 stop140 stop92
stop117 stop117 stop144
stop33 stop33
stop133 stop133
stop100 stop100
stop135 stop135
stop161 stop161
stop76 stop76
stop158 stop158
stop115 stop115
stop63 stop63
stop143 stop143
stop44 stop44
stop102 stop102
stop82 stop82
stop137 stop137
stop154 stop154
stop67 stop67
stop112 stop112
stop47 stop47
stop160 stop160
stop56 stop56
stop7 stop7
stop163 stop163
stop48 stop48
stop54 stop54
stop2 stop2
stop167 stop167
stop149 stop149
stop89 stop89
stop59 stop59
stop77 stop77
stop128 stop128
stop0 stop0
stop1 stop1
stop23 stop23
stop127 stop127
stop141 stop141
stop124 stop124
stop108 stop108
stop68 stop68
stop169 stop169
stop105 stop105
stop37 stop37
stop121 stop121
