ffffff uu uuu nnn tt mmmm kkkk cc jjj gggg pppp cccccc ppppp o x aaa ggggggg qqqqqq bbbbbb ttttt ssssss mm eeee tttttt eeeee jjjj dddd a ggggg ll aaaa ffffffff nnnnn d p ffffff
35
aaaa xxxxx ll eeeeee aaaa xxx qq ffffffff m ii
d ttttttt ffff q tttt gggggggg j cccc d ee zzzzz hhhhhhh bbbbbbb dd wwwwww sssss
ll ggggg uuuuuuu
nnnnn fffff nnnnnn
ffffffff rrrrr
ggggg kkkkkkkk
p iiiiiiii pppppppp b mmmmmmmm xxxx ssss k zzz eeeeeee yy ccccccc aaaaaaaa wwww oooooooo uuuuuu llllll xxxxxxx wwwww bbbbbbbb rr lll llllllll ooooo sssssss iiiiiii aaaaaa qqq s kkkkkk vvvvvv rrrrrr vvvvv hhhh oooooo jjjjjj yyyyyyy e aa hhh sss lllllll vvv
ffffff ffffff
x x
ppppp ppppp
mm mm
o o
jjj jjj
uuu uuu
bbbbbb bbbbbb
nnn nnn
kkkk kkkk
a a
eeee eeee
uu uu
ttttt ttttt
aaa aaa
cc cc
tt tt
ssssss ssssss
jjjj jjjj
tttttt tttttt
mmmm mmmm
ggggggg ggggggg
eeeee eeeee
dddd dddd
pppp pppp
gggg gggg
qqqqqq qqqqqq
cccccc cccccc
