199 82 199 24 10 151 197 28 158 71 2 71 158 28 197 103 67 34 98 34 67 103 177 23 177 7 29 39 90 39 29 7 91 12 91 133 182 103 197 172 149 87 183 62 94 55 83 124 119 156 163 49 0 49 142 146 181 139 99 139 181 146 174 40 33 109 57 108 1 113 25 190 152 69 152 190 196 82 199
22
124 0 1 3 4 5 6 8 9 11 13 14 15 16 17 18 19 20 21 22 25 26 27 30 31 32 35 36 37 38 40 41 42 43 44 45 46 47 48 49 50 51 52 53 54 55 56 57 58 59 60 61 62 63 64 65 66 68 70 72 73 74 75 76 77 78 79 80 81 83 84 85 86 88 89 92 93 94 95 96 97
33 33
69 69
2 2
7 7
10 10
12 12
23 23
24 24
28 28
29 29
34 34
39 39
67 67
71 71
82 82
87 87
90 90
91 91
98 98
99 99
0 0
