SueJosephGarza ElsieJosephPhelps OllieGeorgeSova AlfredaKirstenMartin DonaldDoloresKelly MaryLindaKirkland SueCourtneyOsgood LucyBennyHaag LauraPhilipWinkler KevinHaroldCyr KarenErmaJensen PaulShaneSoldner JohnDustinKenny WilliamGeorgeWilliam JessicaJohnSpells NathanKevinCorathers RhondaAshlynMoore AnnaKyleChang PatriciaBernardBrock ThomasAnnieRuiz SueJosephGarza
19
RhondaAshlynMoore BrianRolandAli PatriciaBernardBrock JamesJaredGonzalez PaulEvanRichard PhyllisJackWilson MariaChristopherCast DarnellAliciaPeters AshleyWilliamClarke MarianLuluDiaz WilburnDavidMiller CrystalShermanVida PamelaPageBullock IraJimmyYang BrianLuzArce LuisHelenHughes LeroySandraLewis ChristinaDanaGrant FranciscoFrancesHarr JohnJoseJudd KennethShannonGardel
ThomasAnnieRuiz ThomasAnnieRuiz MelindaKennethAzar
AnnaKyleChang AnnaKyleChang LillieKathleenCervan
OllieGeorgeSova OllieGeorgeSova
MaryLindaKirkland MaryLindaKirkland
LucyBennyHaag LucyBennyHaag
JessicaJohnSpells JessicaJohnSpells
LauraPhilipWinkler LauraPhilipWinkler
KevinHaroldCyr KevinHaroldCyr
WilliamGeorgeWilliam WilliamGeorgeWilliam
KarenErmaJensen KarenErmaJensen
AlfredaKirstenMartin AlfredaKirstenMartin
PaulShaneSoldner PaulShaneSoldner
DonaldDoloresKelly DonaldDoloresKelly
SueCourtneyOsgood SueCourtneyOsgood
ElsieJosephPhelps ElsieJosephPhelps
NathanKevinCorathers NathanKevinCorathers
JohnDustinKenny JohnDustinKenny
SueJosephGarza SueJosephGarza
