AlbertFredHaines JoannCharlieWilkinso WadeSonnyMcbride JosephAmandaMullen LawrenceBarryHadden ZacharyWarrenKarth JamesJordanZamora EricJamesJuckett KevinCharlesEvans EricTammyScott BradleyDeborahSaball FerdinandLukeJackson JeremyJamesChavez JoStephenMay JohnRichardSmith MadeleineLeoRoberson JessicaChristopherHa DeeAmandaBartley StevenNeilNguyen SandraHarryStewart JamesJoanneHawn WalterAvaPorter CassandraJaniceGlove AlbertFredHaines
18
JamesJoanneHawn TommyAmandaMartin GlennaMichaelBorden CynthiaConnieWright DwainJoeFeldman RickyJamesBrumfield MichaelElizabethWeav MarkAngelaMccloud ElmerDemetriusLark BernicePennyRiddick GeorgeHenryVillar ThomasEssieEwing DeeAmandaBartley MistyRobertKing MarthaJackRobinson MarkDianeDuchon JimmyFlorTasson GaryCharlesHudson SandraHarryStewart GeorgeWilliamJackson EdwardErnestSinger JannaDavidCarranza BradleyDeborahSaball RolandGregoryWatson BrettDominickSonnier LynnKennethChavez DeniseBrunoWilliam MarciaWalterKirschma KathleenSherryDay HowardKennethCollins DianeElisePickett DebraJaneFitzgerald KellyJohnnaOles IsaacGregGargano RonaldEdnaArant PeterJosephBarbee StormyOllieYork RobinStephenWebster MichaelMarkHolloway
JessicaChristopherHa DenaJewellDavis JudyPearlineKaminski JudeJanetHarcourt LillianJuanAncona StephenWilliamCoffma MaryJamesDavila HeidiMayJohnson DorisJeffreyBinger JessicaChristopherHa EdwardDennisStewart
CassandraJaniceGlove KevinThomasHiggins CassandraJaniceGlove RosaPatrickYankey WilliamDavidGray ClaudeBobbyBaker CraigJohnLard ManuelaJoseBailey JohnBrendaFuller
StevenNeilNguyen JackieSharonScherrer KathleenJoseClark PerryJamesBennett AnnDeannaLarzazs StevenNeilNguyen
JohnRichardSmith JohnRichardSmith CherylMaryMorgan
FerdinandLukeJackson FerdinandLukeJackson EricTinaPerea
JeremyJamesChavez TravisMichelleMeller JeremyJamesChavez
JosephAmandaMullen JosephAmandaMullen
LawrenceBarryHadden LawrenceBarryHadden
ZacharyWarrenKarth ZacharyWarrenKarth
EricTammyScott EricTammyScott
JamesJordanZamora JamesJordanZamora
JoStephenMay JoStephenMay
EricJamesJuckett EricJamesJuckett
AlbertFredHaines AlbertFredHaines
WadeSonnyMcbride WadeSonnyMcbride
KevinCharlesEvans KevinCharlesEvans
JoannCharlieWilkinso JoannCharlieWilkinso
