qgyqjgwlbh sjnavteasg bvwklxlwsa iznialmand npffaineub fwzkdpfinn hnnlwliezo ajjekwybql wegckoctcp stxmhuffri lpopityrof hqvifzhbmo smlsmfgyxa hyficezvgi tdqzbpmftq bnfhxmjqzg feggaeevcb hdkptqgtdq sqlbmrxpwv qlieaqyzel qgyqjgwlbh
19
sjnavteasg fnlmocuczk
sqlbmrxpwv uyirsvqblu sqlbmrxpwv culutarzsm hpbkyqcejb hrbvyznkmd ntlhpzyidk yfvfzingng aruweadnpf xpcqolcpnf tvrzrioagg gdtsmzpvig sngqmldfxu sgizgtdhhn lgwqodunqt kmwsevkfov sthbsdqlwm kgewtltijq wmeeitskjx rzgfaqookt vvurcgizpo ysndikwwgh atkqvymdax tjcamfqmxd cynraykzum djtmyhmwnn somaaudaxm bzcpozsody fdbzjhgcmh
qlieaqyzel cddppqxsmb gqulqjeire czgfnbovhq qlieaqyzel
ajjekwybql ajjekwybql
hnnlwliezo hnnlwliezo
bvwklxlwsa bvwklxlwsa
feggaeevcb feggaeevcb
hyficezvgi hyficezvgi
bnfhxmjqzg bnfhxmjqzg
tdqzbpmftq tdqzbpmftq
npffaineub npffaineub
wegckoctcp wegckoctcp
iznialmand iznialmand
fwzkdpfinn fwzkdpfinn
smlsmfgyxa smlsmfgyxa
stxmhuffri stxmhuffri
hqvifzhbmo hqvifzhbmo
lpopityrof lpopityrof
qgyqjgwlbh qgyqjgwlbh
