dweidxeutk xdhiumwdwn audojmtlep gpbaqafhdz irtbznwvcu zbgxyjmdnm wfybmclpmp dllzvxpcgk cavyunvwuk kjgjbkdckc sjqdgtugly bxdnijtmyn itouxsyevo ulneltboej fxpsowceqq qjjslhkvnr okcwuqslme dfgysrnikx arrkheyths tdtlnqnprm lzsvglcvqa ouzfljsksj rqchbdjiqp xtugynuehn dlfzngcmgq depihfdmjk cowtuqqsll wlzaatlgns rwobvahhfa tzpaywhybw cnbqxrvlvl rqmdukqpbg aihlvhrjir bcwzxsuutq tofdobbbjt dzzxropcld tehmqpfdnn xdmzjapanj pphebmysxy gyjkhdbyvm fuhtgylsov ctnsbezpjg klbefaxnzg ienasnqnvt xwsnmxufqy xqqirblyjw toeqvvzlae hpqsgalvar wwmcjuetgz bqrcwxsyuw lvqqznnzyn fwwnyjpwnp pgiiochubt kufcwxmspu zdiibealli hjvmodgwdg yqabjcolzt akzsqllzsv eeimgsecwz wiwpekzeuz ijitmlykwi dweidxeutk
60
wiwpekzeuz efgyvzmusc cmelcyxenw akzsqllzsv elifcmozpf auonnlthcz mnmjklgmnp wiwpekzeuz kgpqjqjrhc naqyljkxxq afkxpktsxw rlgdknlxmz vteisghgld
yqabjcolzt drtcvphibq vqlbufoinm uqhdcumthr gmvwahagsy iqbyvqgkcp
akzsqllzsv sjcwiapdwb
eeimgsecwz jiowqcrqpz
ijitmlykwi gkbqwvqnfu gqwhfeepal wqeazvzkdf vtquakjujf rzqbegeoni siwbsyuwap hcvrravrik taoimnqdrr gvxfzzmwzk fxejnitkot rulcikswsa dldiwncohw hlimwiksjd lgpbgvlzpo nmshjtpxad nimybvgttg ftrqchqaif
xwsnmxufqy xwsnmxufqy ivgiotlrrr ienasnqnvt vpghbvlzxd cpdpvshtof
ienasnqnvt cwexpxaktw cxrfqntbtm
xdhiumwdwn xdhiumwdwn
fwwnyjpwnp fwwnyjpwnp
ouzfljsksj ouzfljsksj
fxpsowceqq fxpsowceqq
dzzxropcld dzzxropcld
sjqdgtugly sjqdgtugly
cowtuqqsll cowtuqqsll
cnbqxrvlvl cnbqxrvlvl
rqmdukqpbg rqmdukqpbg
tzpaywhybw tzpaywhybw
xtugynuehn xtugynuehn
irtbznwvcu irtbznwvcu
depihfdmjk depihfdmjk
tofdobbbjt tofdobbbjt
ctnsbezpjg ctnsbezpjg
audojmtlep audojmtlep
tehmqpfdnn tehmqpfdnn
dweidxeutk dweidxeutk
wlzaatlgns wlzaatlgns
wfybmclpmp wfybmclpmp
arrkheyths arrkheyths
wwmcjuetgz wwmcjuetgz
gpbaqafhdz gpbaqafhdz
gyjkhdbyvm gyjkhdbyvm
dfgysrnikx dfgysrnikx
okcwuqslme okcwuqslme
lvqqznnzyn lvqqznnzyn
hpqsgalvar hpqsgalvar
hjvmodgwdg hjvmodgwdg
fuhtgylsov fuhtgylsov
aihlvhrjir aihlvhrjir
klbefaxnzg klbefaxnzg
bqrcwxsyuw bqrcwxsyuw
pgiiochubt pgiiochubt
dlfzngcmgq dlfzngcmgq
zbgxyjmdnm zbgxyjmdnm
tdtlnqnprm tdtlnqnprm
toeqvvzlae toeqvvzlae
zdiibealli zdiibealli
bcwzxsuutq bcwzxsuutq
rwobvahhfa rwobvahhfa
pphebmysxy pphebmysxy
qjjslhkvnr qjjslhkvnr
xdmzjapanj xdmzjapanj
itouxsyevo itouxsyevo
rqchbdjiqp rqchbdjiqp
lzsvglcvqa lzsvglcvqa
cavyunvwuk cavyunvwuk
ulneltboej ulneltboej
kjgjbkdckc kjgjbkdckc
kufcwxmspu kufcwxmspu
bxdnijtmyn bxdnijtmyn
dllzvxpcgk dllzvxpcgk
