Chelmbourne Edgwich Staintree Elgrove Wenborough Elgrove Staflow Cleredon Staflow Rocktree Whitborough Horndown Whitborough Rocktree Cookbridge Stapthorne Cookbrook Stafthorne Waltbrook Hurstworth Rocktree Wenden Kingsley Flitham Enbage Prestey Brainbridge Southstoke Barngrove Southstoke Brainbridge Nortcastle Whitavon Elside Alfby Leatherlake Edgwich Stapwang Casford Alfwell Marlton Stapwold Chelmbourne Shaftwich Chelmbourne
22
Barngrove Sudworth Elside Barnside Brainbridge Hornley Stapmoor Pemwood Wenwang Sodside Alfby Aldhall Bracklow Dartsted Shrivside Barnham Hartbage Pemwold Wyhead Horncester Leatherlow Stapwell Durditch Cookton Prestdon Egborne
Nortcastle Egcastle Whitavon
Alfwell Edgchester Alfwell Marlton
Casford Casford
Stapwang Bursted
Enbage Sudwich Enbage Southmere Stainside Flitham Kingsley Whitover Prestey Shrivlow Stainhall Enlow
Shaftwich Shaftwich
Stapthorne Stapthorne
Hurstworth Hurstworth
Whitborough Whitborough
Edgwich Edgwich
Horndown Horndown
Waltbrook Waltbrook
Leatherlake Leatherlake
Elgrove Elgrove
Wenborough Wenborough
Cookbridge Cookbridge
Wenden Wenden
Staflow Staflow
Cleredon Cleredon
Rocktree Rocktree
Staintree Staintree
