qtq rcs ifc fsl qtq uxr wuc zgs eku ahy xdz wju uoz krg ahv rwt wpq tmc udq unk pxs unk dkn unk kza plx ifc rcs wuf hba mmf ynq hxo qtq
23
xdz xdz jno thd ahy
uxr wuc zgf uxr npu uwp xos
wuc pta zbn pjx vaf cnv vsu
ynq htv xax nhk hpb ptq gup qbe pkx nkx ooi eqm pwa vub ynq jta idl bai fgo bsz qjm tro rut nfy egz vlt hxp wiq nhr qfc lxt tmd slq ili lnv txk yiz mbx iuz cxu gak zqn ooc lfh thz viv brk cjp orc qbj rod tnl spp
hxo qnn hxo lah uca ukh
zgs sfp mnv zgs rju
mmf hhe itg ase cpw rxi qlo qls
qtq qtq
krg krg
ifc ifc
pxs pxs
kza kza
dkn dkn
tmc tmc
wju wju
uoz uoz
wuf wuf
fsl fsl
udq udq
plx plx
wpq wpq
rwt rwt
ahv ahv
