Soda Poppy Bret Vermont Bristol Yolo Martin Yolo Pardee Haskell Bowditch Fresno Center Bataan Kentucky Marin Greenwood Marin Kentucky Forest Soda Browning Kenilworth Hospital Mabel Spring Comstock Bret Arch Indian Menlo Addison Jones Terrace Jones Bret Yolo Soda
22
Menlo Addison Allston Bancroft Belrose Burnett Byron Columbia Colusa Cutter Domingo Edith Eunice Florida Fulton Haviland High Lewiston Menlo Muir Overlook Poplar Shasta Summit
Arch Anne Arch Keeler
Greenwood Ajax Greenwood Haste Heinz Madera Marin
Bataan Bataan
Bowditch Bowditch
Bret Bret
Bristol Bristol
Browning Browning
Comstock Comstock
Forest Forest
Fresno Fresno
Haskell Haskell
Hospital Hospital
Kenilworth Kenilworth
Mabel Mabel
Martin Martin
Pardee Pardee
Poppy Poppy
Spring Spring
Terrace Terrace
Vermont Vermont
Addison Addison
