x115 x33 x92 x62 x75 x59 x76 x69 x41 x11 x128 x27 x40 x98 x106 x82 x109 x83 x44 x64 x74 x94 x103 x4 x38 x124 x138 x61 x125 x114 x130 x4 x26 x0 x57 x115
31
x40 x17 x9 x32 x40 x20 x21 x108
x128 x128 x84 x89 x136 x50 x73 x71
x38 x127 x111 x16 x5 x4 x15 x38
x26 x54 x81 x26 x48 x58
x76 x91 x76 x34
x41 x122 x41 x13 x53
x75 x43 x75 x52
x82 x82
x33 x33
x44 x44
x83 x83
x138 x138
x94 x94
x92 x92
x69 x69
x106 x106
x62 x62
x124 x124
x59 x59
x74 x74
x11 x11
x27 x27
x64 x64
x61 x61
x109 x109
x57 x57
x103 x103
x130 x130
x114 x114
x125 x125
x98 x98
