Warfield Chilbury Brackcompwang Chilbury Hammenshead Cicombe Todtree Cannerthorne Chedderrenswich Cannerthorne Tipwick Ashborne Hannenmanswick Hamsling Soddlewick Falport Pendlewood Faldinghead Suddlecastle Pendingbrook Ketsmith Whitchester Ketsmith Pendingbrook Chedberdon Wyborne Cambingstoke Suddlecombe Ellingreham Suddlecombe Ashfield Ketport Cammerrensmoor Stainbrough Ciditch Northall Camwood Barndberbrough Skellingden Falport Faldingney Hamsey Faldingney Falport Pendlewood Horstlescompstoke Suddlecombe Basringney Suddlecombe Chippingsted Suddlecombe Dribbingworth Leatherbleside Siringwang Chedtree Burglebrough Sudsmith Burglebrough Chedtree Siringwang Whitchester Ketsmith Warfield
31
Brackcompwang Hammerringey Skelling Chelmstanwell Brackcompwang Barndberbrough
Sudsmith Worberbrook Botherseyworth Chedtree Burglebrough Siringwang Southbasport Windling Millendon Suddleover Sudsmith Elmansham Falport Chiphead
Leatherbleside Dribbingworth Leatherbleside Worhall Bastleseyham Suddleborne
Wyborne Wyborne
Pendlewood Pendlewood
Cambingstoke Cambingstoke
Basringney Basringney
Ashfield Ashfield
Ketport Ketport
Ashborne Ashborne
Stainbrough Stainbrough
Tipwick Tipwick
Suddlecombe Suddlecombe
Todtree Todtree
Cammerrensmoor Cammerrensmoor
Warfield Warfield
Pendingbrook Pendingbrook
Chedderrenswich Chedderrenswich
Soddlewick Soddlewick
Skellingden Skellingden
Chilbury Chilbury
Horstlescompstoke Horstlescompstoke
Whitchester Whitchester
Chippingsted Chippingsted
Hamsling Hamsling
Cicombe Cicombe
Northall Northall
Suddlecastle Suddlecastle
Ellingreham Ellingreham
Hannenmanswick Hannenmanswick
Hamsey Hamsey
