Whitgrove Sodberling Ellerbridge Boothingchester Wycastle Bootwick Wycastle Boothingchester Sundendford Chedworth Suddingover Ellerbridge Worrenberwang Ellerbridge Sodberling Bromstanham Clereennell Bromstanham Milthorne Horsmere Redwich Bothenton Chelmdenmoor Bursmith Dribblecombe Rotcester Staplow Ketchester Watchlake Tippendham Warblestancester Basbage Maidendstoke Enderbeck Marlbeck Tippenbrook Suddenmoor Melwood Egton Aldtree Todhampton Aldtree Cihead Worberney Whitgrove
24
Warblestancester Sifield Wethampton Tipstoke Cannerthorne Reddendeney Ketchester Abglewold Bastlebury Ketnell Skelberden Faldenhall Eley Siavon Hampingcastle Casbrook Shaftborough Redcombe Southbury Farnditch Egmerhampton Watchlake Penby Rothingcombe Staincombe Horsnell Wetsmith Falworth Stapbrough Tippingbage Nortwell Ribberrenston Dartden Rotherlow Basditch Prestwick Hamwold Elside Endingnell Worford Waltbeck Southmere Skellenshot Worhall Hampingworth Sirenshall Wetwick Bothenhall Candleswick Siey Whitringlake Wychcompwold Rothendcombe Botbeck Toddenmoor Leatherport Dribberham Emmerley Skellingover Wychchester Sodport Tippendham Farndlesover Alfmere Horstleover Durbrook Abcester Sundlethorne Marlbrook Abgleham Wendleringdown Blansbrook Marlcester Wolley Boothingmanstree Falderseythorne Hampingbascombe Egsted Endleberey
Staplow Staplow
Dribblecombe Dribblecombe
Melwood Melwood
Worrenberwang Worrenberwang
Enderbeck Enderbeck
Bothenton Bothenton
Todhampton Todhampton
Suddingover Suddingover
Clereennell Clereennell
Cihead Cihead
Ellerbridge Ellerbridge
Wycastle Wycastle
Milthorne Milthorne
Bootwick Bootwick
Suddenmoor Suddenmoor
Bromstanham Bromstanham
Chedworth Chedworth
Tippenbrook Tippenbrook
Sodberling Sodberling
Whitgrove Whitgrove
Bursmith Bursmith
Sundendford Sundendford
Horsmere Horsmere
