0 1 2 18 3 2 1 0 15 30 45 31 46 61 46 31 47 63 48 62 64 65 50 36 51 36 52 68 53 38 23 8 7 6 5 20 35 20 36 50 65 80 95 110 95 111 95 80 81 82 83 84 85 70 85 100 115 100 116 100 85 86 87 88 87 103 104 119 104 89 59 58 73 57 41 55 41 56 71 56 41 25 40 25 10 11 12 13 12 28 43 58 59 89 104 103 87 86 85 84 99 98 82 81 80 79 78 77 76 75 90 106 120 106 90 75 60 45 30 15 0 1 2 18 19 34 19 18 17 16 0
44
120 90 105 106 120 121 122
61 31 46 47
30 15 30 45 75 76 78 93 108 109 124
0 0
3 3
5 5
7 7
8 8
10 10
13 13
18 18
20 20
23 23
25 25
28 28
34 34
35 35
36 36
40 40
41 41
50 50
51 51
52 52
55 55
56 56
57 57
63 63
68 68
70 70
71 71
73 73
80 80
83 83
85 85
88 88
95 95
98 98
100 100
103 103
110 110
111 111
115 115
116 116
119 119
