0 170 0 49 154 116 32 75 116 6 38 153 110 44 67 47 67 96 95 29 119 117 167 9 35 138 35 164 24 77 182 92 108 102 108 120 54 185 27 185 18 62 50 62 61 159 87 159 42 84 173 65 191 137 173 89 50 99 105 13 187 28 188 0
37
28 103 166 28 194 175 98 70 139 155 145 163
105 179 83 156 25 14 17 178 64 109 48 196 121 126 26 184 111 186 133 151 180 4 12 193 106 22 81 125 100 51 36 130 39 197 20 176 10 78 104 58 134 128 19 31 168 149 69 79 74 199 99
99 160 91 157 85 63 146
173 173
75 75
6 6
116 116
185 185
32 32
89 89
24 24
182 182
120 120
9 9
65 65
159 159
138 138
42 42
108 108
67 67
44 44
77 77
49 49
18 18
87 87
117 117
102 102
137 137
38 38
96 96
170 170
27 27
50 50
119 119
47 47
95 95
0 0
