location0 location55 location0 location57 location60 location63 location8 location90 location32 location48 location76 location73 location64 location15 location80 location69 location133 location97 location47 location24 location119 location13 location51 location75 location61 location95 location25 location35 location151 location31 location133 location33 location91 location90 location18 location100 location7 location111 location94 location118 location11 location198 location81 location68 location132 location22 location110 location34 location196 location6 location137 location84 location190 location177 location82 location0
38
location34 location1 location2 location3 location4 location5 location9 location10 location12 location14 location16 location17 location19 location20 location21 location23 location25 location27 location28 location29 location34 location36 location38 location39 location40 location41 location42 location43 location44 location46 location49 location50 location52 location53 location54 location56 location58 location59 location62 location65 location66 location67 location70 location71 location72 location74 location77 location78 location79 location83 location85 location86 location89 location90 location92 location93 location96 location98 location99
location84 location30 location37 location84
location82 location26 location45 location82 location87 location88
location6 location6
location7 location7
location8 location8
location11 location11
location13 location13
location15 location15
location18 location18
location22 location22
location24 location24
location31 location31
location32 location32
location33 location33
location35 location35
location47 location47
location48 location48
location51 location51
location55 location55
location57 location57
location60 location60
location61 location61
location63 location63
location64 location64
location68 location68
location69 location69
location73 location73
location75 location75
location76 location76
location80 location80
location81 location81
location91 location91
location94 location94
location95 location95
location97 location97
location100 location100
location0 location0
