SantaClarita Carrollton Stockton Pomona Allentown Omaha Ontario OWO LongBeach Hartford Indianapolis Austin PembrokePines Frisco LexingtonFa SanDiego StLouis SanDiego Waco SanDiego Paterson SanDiego Henderson Portland Sunnyvale Visalia Portland Miami Glasses Alexandria SantaRosa SantaAna Escondido Victorville Shreveport Huntsville Carrollton SantaClarita
21
Shreveport Midland Victorville Shreveport NewportNews Beaumont Huntsville Yonkers
Victorville GardenGrove Stamford Concord
Alexandria Washington Independence OklahomaCity Newark Scottsdale Lafayette Worcester Bellevue Fayetteville Alexandria Boston SiouxFalls StPetersburg Brownsville LosAngeles Hartford LouisvilleJefferson RanchoCucamonga WestValleyCity Wichita Orlando Garland Surprise
Sunnyvale Sunnyvale
LexingtonFa LexingtonFa
Pomona Pomona
Carrollton Carrollton
StLouis StLouis
Paterson Paterson
Waco Waco
Visalia Visalia
Henderson Henderson
Omaha Omaha
PembrokePines PembrokePines
Ontario Ontario
LongBeach LongBeach
Austin Austin
Stockton Stockton
Indianapolis Indianapolis
Allentown Allentown
Glasses Glasses
