Plano SantaClara Norman Pasadena Irving SantaClara Rockford Riverside Cary OklahomaCity Cary LasVegas Miami Cincinnati Tallahassee Hampton Olathe Irvine LittleRock HuntingtonBeach Mobile Hartford Dallas Worcester Mesquite Joliet Thornton Clyde Vallejo WestValleyCity Vancouver Kent Buffalo VirginiaBeach Norfolk SantaRosa Greensboro Surprise NewOrleans AugustaRichmond HuntingtonBeach SimiValley HuntingtonBeach Corona HuntingtonBeach Plano
30
SantaRosa FortCollins Stamford Hollywood GardenGrove Anaheim Brownsville StLouis SanJose Glendale Elizabeth Killeen McAllen Davidson Garland SantaRosa AnnArbor Lancaster Escondido Salinas Tampa Portland SanBernardino Raleigh Torrance Lincoln SiouxFalls Allentown Norfolk Houston Fremont Greensboro SanAntonio Anchorage Glasses Chicago LouisvilleJefferson Madison Knoxville Denton ThousandOaks JerseyCity FortLauderdale Laredo SantaClarita Tulsa Lafayette Huntsville Pomona CorpusChristi GrandPrairie Pikachu Akron NewHaven
Buffalo Charleston Omaha Beaumont Ontario Montgomery Mesa Wichita OWO Atlanta Oxnard Hayward Denver Memphis Vancouver Waco
Norman SanFrancisco Norman Warren MorenoValley Pasadena Sunnyvale
SantaClara SantaClara
Cincinnati Cincinnati
Mesquite Mesquite
Riverside Riverside
LasVegas LasVegas
Hartford Hartford
Dallas Dallas
Hampton Hampton
Rockford Rockford
LittleRock LittleRock
Surprise Surprise
Cary Cary
Irving Irving
Vallejo Vallejo
Thornton Thornton
Miami Miami
AugustaRichmond AugustaRichmond
SimiValley SimiValley
Olathe Olathe
Corona Corona
NewOrleans NewOrleans
OklahomaCity OklahomaCity
HuntingtonBeach HuntingtonBeach
Mobile Mobile
Irvine Irvine
Worcester Worcester
Vancouver Vancouver
