13 198 178 147 165 159 129 105 151 116 148 113 124 103 167 144 130 70 109 184 164 45 199 186 182 13
24
186 100 102 104 106 107 108 111 112 114 115 118 119 120 121 123 125 128 131 136 137 138 140 141 142 143 146 149 150 155 156 157 158 160 161 162 168 170 171 172 175 176 177 180 181 183 186 187 188 189 190 191 195
45 117 132 133 139 152 153 166 173 174 179 185 193 196 197
182 122 135 145 163 182 192 194
109 109 126 127
184 101 110 134 184
198 154 198
70 169
103 103
105 105
113 113
116 116
124 124
129 129
130 130
144 144
147 147
148 148
151 151
159 159
164 164
165 165
167 167
178 178
199 199
