vLeODpVlYSBeYNDYoXha uyPyJzKFqWxgSNmpkDrB ybrQlUhznqOhsvndWAbl ruLqpYqEzGGiKysvsarb AdXveYSBaneNwCQzrdSw gMqbbwopmbxmOomqZjfm gIttwvzcgONwFblnGIqq NciLXNPTvMoXdbTDZmlg CmbFyJmcvVqyCmJgQxeI gMqbbwopmbxmOomqZjfm NAHeKyyhAObyyUEUSkSU gMqbbwopmbxmOomqZjfm UgFPXEAdAfcfHGIbNTsq vGdJmIpYPUGRspXiVLdc fPxvnMVMFwhJbNBURdgD FqdjKgdpEanmCnmxJMFA gzxzakmqbxbsOczuQVLG gEufXNuuWhnlbNYaoQFJ EWpsBSEfAOWAjikCpvhc McOZQehrTygkGidmwyMe fvYrLpgzqLNOAQbahgax BXzACdzjLITNgbmDPlEu UAwuKFcUHFyvaFCTLpOT pdXCnKagnvEntNTuPHdK biqCAetglYuANrTRzMiX LGqbVTsFMANIedVHAALW WCCOEUYmDvzZlrkDAqoi xQaDpDGAXhDYzSMnMWvb FEqXJcVrZfnSsHEUPhnl jwIBHKkXHTPVsOJwBOsr QQSjCkgLAWAPObYQvNsB qbmGewAditsWkTFHdxjP cvlwIwajcIlbhZbyFgmq qbmGewAditsWkTFHdxjP LOMgYipCQQXQnRqEqRwO mlipOrSnGcxXtoXBbRyl NVEtShKeuxpaFIOiyVqE mlipOrSnGcxXtoXBbRyl mevvwcZLudaokctOWvKe FcEsyaTmqpoyvbDrHjlc GxrEoHXMBzeVrqrFWodR UAwuKFcUHFyvaFCTLpOT gzxzakmqbxbsOczuQVLG wRjMmrpRuknxqunJrMAE DqUxIMslnixWfmkjQTmS TqyFrXuGvuBuqnpYbjKc DqUxIMslnixWfmkjQTmS wRjMmrpRuknxqunJrMAE iBjjCWwkYToOKfrrLnny wRjMmrpRuknxqunJrMAE DqUxIMslnixWfmkjQTmS ajvbaFpYiEBJySPsSLaI sBkAYRISjTYinLFSNcKW ajvbaFpYiEBJySPsSLaI ROtRYAvFkNWuCvofIroy fvEcAuRDdfuHEPLNpaTz sXfgLMwoysnMazVSWnhc sdSgCnaZeeOuPKljZOSr EWpsBSEfAOWAjikCpvhc vLeODpVlYSBeYNDYoXha
26
cvlwIwajcIlbhZbyFgmq cvlwIwajcIlbhZbyFgmq RjKEHTlRvtaVBbyqZVAw QQSjCkgLAWAPObYQvNsB
sXfgLMwoysnMazVSWnhc ASXwCgVTXDdhSXJwFovC fvEcAuRDdfuHEPLNpaTz sXfgLMwoysnMazVSWnhc fHcdXnOxSadpKeCUwNYm QkAjrUUuVdzSMnlfJLcO
McOZQehrTygkGidmwyMe TwgqMzgExFHTIfcwfBnr DWWCMAjZQQIEKOIiHFQN jzQJaGLLiuQLhhyqBagr cZgmtoPGHxdozTaDMiyf BXzACdzjLITNgbmDPlEu
BXzACdzjLITNgbmDPlEu aCucdhmWbhlrgfstQigR
NVEtShKeuxpaFIOiyVqE VhDSPHxolLkNxxDnpUyx iBYHAWUhqeQPjphQzpdN PLDOWRIeaCSVLMyDadzC NVEtShKeuxpaFIOiyVqE iDucfyZGMCbCQbXjbQqM mlipOrSnGcxXtoXBbRyl
pdXCnKagnvEntNTuPHdK tVzUgXVoBYxBMnkkwFmk fToHwimUqLsKcKLZHiUX AdXveYSBaneNwCQzrdSw MlwlINEFqmyzZNPXRLJF pdXCnKagnvEntNTuPHdK OVoYVQPnlYoZBBKtyuLk dyUDfEGgAoSshTRjMZZg CfkBzkPETvagyIDCsLTD zxeoSbTqbWPpSzalAtBI CPszTohYUHARNedzFlDK
GxrEoHXMBzeVrqrFWodR FcEsyaTmqpoyvbDrHjlc
fPxvnMVMFwhJbNBURdgD fPxvnMVMFwhJbNBURdgD
sBkAYRISjTYinLFSNcKW sBkAYRISjTYinLFSNcKW
gzxzakmqbxbsOczuQVLG gzxzakmqbxbsOczuQVLG
DqUxIMslnixWfmkjQTmS DqUxIMslnixWfmkjQTmS
WCCOEUYmDvzZlrkDAqoi WCCOEUYmDvzZlrkDAqoi
uyPyJzKFqWxgSNmpkDrB uyPyJzKFqWxgSNmpkDrB
UgFPXEAdAfcfHGIbNTsq UgFPXEAdAfcfHGIbNTsq
iBjjCWwkYToOKfrrLnny iBjjCWwkYToOKfrrLnny
gMqbbwopmbxmOomqZjfm gMqbbwopmbxmOomqZjfm
gEufXNuuWhnlbNYaoQFJ gEufXNuuWhnlbNYaoQFJ
NAHeKyyhAObyyUEUSkSU NAHeKyyhAObyyUEUSkSU
gIttwvzcgONwFblnGIqq gIttwvzcgONwFblnGIqq
xQaDpDGAXhDYzSMnMWvb xQaDpDGAXhDYzSMnMWvb
jwIBHKkXHTPVsOJwBOsr jwIBHKkXHTPVsOJwBOsr
CmbFyJmcvVqyCmJgQxeI CmbFyJmcvVqyCmJgQxeI
ruLqpYqEzGGiKysvsarb ruLqpYqEzGGiKysvsarb
TqyFrXuGvuBuqnpYbjKc TqyFrXuGvuBuqnpYbjKc
ybrQlUhznqOhsvndWAbl ybrQlUhznqOhsvndWAbl
NciLXNPTvMoXdbTDZmlg NciLXNPTvMoXdbTDZmlg
