wNqlpYNsRbJEgiGpKxrU lbWonvEbeplndKguSTkk igyeOiSdezmmXGTwMzLw KcrnMnFDTrBKaUaGpdLY eOfnBeTgmYCNEnRUhlEK QyXpliHSeQOPIsurIcpa CvZkdIYtdeDHtwufupie syonLisTOSczosCwoILE CvZkdIYtdeDHtwufupie UIlSMnVKIdNiXZNSiHsI eobSFtKBbBdcVrTOREdK qfRRtdRbhYJBARMfPlZM scpUkbcaYSAsHhSktebT EEeDJaHeajXXlwYcHTeJ efZntVbfQTvIUOiRNPSH SiOEBWtHUiopSvDVOkjb RlHeRhvUOhGhZVGGJuED jznspKyqlmxZtgfQUJVB RlHeRhvUOhGhZVGGJuED eiLPqIroFfCGzqSAlzAp svUOWvTJLneAqJGnExpc oZXYedlbtBLmkfoVmgta joWAhkfNqIEECnBeulGl qoaNjvaRghiMQXaVEoQe QjbdwbUnopENkiNyqirZ nreoVgWrBhNXFZgTBlXO nCedHqGgdWAicwyuYWpg lIpVoDPUIfHCPpjswogJ cwgJAHVpCCTmuckJkncL lIpVoDPUIfHCPpjswogJ WMWBpOSnHGywZjCgaYyY YZdWAQcvSeNhUzVcgZrb ANDviqMIuFwdcboQDprt YTwycpmzEWCqqTELtzXc aGPbLNWYAMujnfHCTCMo ihxEqMQIIvyQmtrtMjeO szyiMlKhtyOynWjcoMsm CvZkdIYtdeDHtwufupie oHoxoLeyDYnKZDzgMtxI WoTuprXYItmuBoyNwAcV NtyLZDOaSczVvOGdocUp mgNeYYUOPKpLeiVEFIXd NtyLZDOaSczVvOGdocUp NYdfLxXxFVvLEbDKzXWn NIJaJxCurulNUdZZMxFk twwHXGyTBfZUDOGVnCzA lIpVoDPUIfHCPpjswogJ yscsUFTNNyaVMKBztBdV EhDFVLWZueLOrdjEOzEQ RQlEqfIvpsUfBSzSkvip cmmlyhRSZpCVODfRPvaA CvZkdIYtdeDHtwufupie ZXihCBEQBTdisqSlEMsj CvZkdIYtdeDHtwufupie cmmlyhRSZpCVODfRPvaA wNqlpYNsRbJEgiGpKxrU
34
cwgJAHVpCCTmuckJkncL cwgJAHVpCCTmuckJkncL wuSVWJYvpiWaQAHXocSG cMYyKTXGNKnFzrpwnXUl
EhDFVLWZueLOrdjEOzEQ yscsUFTNNyaVMKBztBdV QeYNNLpZMBxyiFbZMPFY gcXUxTVUZWsOwtRNeDDa EhDFVLWZueLOrdjEOzEQ aIuYyryCOUGVeCAqbqkg VRpSthoDcomqMDsGoVql
EEeDJaHeajXXlwYcHTeJ DZEpVGVXkxHljziwItaS vIbIQYXZnmYrooTLYNtu ADVVlRLpnspleRTgeTdu bFmSeBrfNuxjYPUDCLYq NzDQJknJPDEkcwCHzzbF ZauPfhkpsGmhbvkhkltR DpztIuGTRpGuLsdlODJw scpUkbcaYSAsHhSktebT ZwvojvRdUOYNJXIwAqgC EmbDgEECbkHbfAfHCgwB FWnudSYFvYQJHehOpEKf juzxSpUVuccJUMBOcJjO zNRhhVdMWUgTnnqmAfeY EEeDJaHeajXXlwYcHTeJ oKAKfpUUuLItChLyByFh efZntVbfQTvIUOiRNPSH xgBrJmdXVwtxgRuCBhMe XPPBMlNyfVVeZGIzTCEW MBJqOYmxhUYbldNVEdRy NJZlnWyeJFrkOwoqHKtT pzrGQEObzJGPnfATEYDc ayQgUwyRuQVKeyFLPNbQ bEfUXCTlwRBndElSbPGf XvUPApTFkqaSSizYsCIr wlySPverjehsBxldyigf CbGuHgZfQMmSOfHDFJnK edlAtPQdNXJQPCIzpkyX kqcEdfKLaRzxOhAIzchh SitzoubgYFeTjmkLjVPz IvXQutSorlqOgnSVAIUd kwPuYZgJgVVJfdBGUtPw JvFxbsySBAiFiOUrzrBi erZKLqpCZsYKDnOCaBGq GMxGouyyndiUBMqMdOoc NPSPGRTNRcKKVpsBRSwh QePOUWiXcAUCoHETxuGS ANDviqMIuFwdcboQDprt HeWrJOKsDjgdrcamgZLN imEmCMbYEtZJJkwxkSDD xlbpuxAjoVPJWPCWBEkJ TEPaiCedHTXapLxoBXMp fgzJCwocQniGlXAZHJId ccdJRKiTXwIErdhSIxfh pMOSpTzPTPLXHLOQMjnt wvSJDoqoPGAkYgSuPFPw wfEFdNDcColoskjTjcLm jUSlIFtitQxyvVLJjiCc oLMkSrYLQRLHmPiuLCTC zHPSSEtFTQIbLYMdHqgP gDYKDrbERUXTnCayjBrC hLaNXBYgTzgUhvjmqUTu kyApsCeFkLoLFCdkazaE PZwTcKCPsEmpxetNZvef shugRMnaHVqQSmKaNBgu UdSbtwxTqTJxOiUoxEqw JVONrXhhmtFWhFfDiOXW VIPPawblKbhOVWrmrWBx XtZHoAxqEyzvMChzPHpN lSJjEsqamUCgRZdCmdyI fpoTaBKmVdlDCxFwCFoz vTbNxpVTEoFlSjvvVvfG
svUOWvTJLneAqJGnExpc svUOWvTJLneAqJGnExpc
NtyLZDOaSczVvOGdocUp NtyLZDOaSczVvOGdocUp
syonLisTOSczosCwoILE syonLisTOSczosCwoILE
ihxEqMQIIvyQmtrtMjeO ihxEqMQIIvyQmtrtMjeO
eobSFtKBbBdcVrTOREdK eobSFtKBbBdcVrTOREdK
igyeOiSdezmmXGTwMzLw igyeOiSdezmmXGTwMzLw
YTwycpmzEWCqqTELtzXc YTwycpmzEWCqqTELtzXc
QyXpliHSeQOPIsurIcpa QyXpliHSeQOPIsurIcpa
KcrnMnFDTrBKaUaGpdLY KcrnMnFDTrBKaUaGpdLY
nreoVgWrBhNXFZgTBlXO nreoVgWrBhNXFZgTBlXO
mgNeYYUOPKpLeiVEFIXd mgNeYYUOPKpLeiVEFIXd
oHoxoLeyDYnKZDzgMtxI oHoxoLeyDYnKZDzgMtxI
CvZkdIYtdeDHtwufupie CvZkdIYtdeDHtwufupie
UIlSMnVKIdNiXZNSiHsI UIlSMnVKIdNiXZNSiHsI
eOfnBeTgmYCNEnRUhlEK eOfnBeTgmYCNEnRUhlEK
qfRRtdRbhYJBARMfPlZM qfRRtdRbhYJBARMfPlZM
szyiMlKhtyOynWjcoMsm szyiMlKhtyOynWjcoMsm
aGPbLNWYAMujnfHCTCMo aGPbLNWYAMujnfHCTCMo
jznspKyqlmxZtgfQUJVB jznspKyqlmxZtgfQUJVB
NIJaJxCurulNUdZZMxFk NIJaJxCurulNUdZZMxFk
NYdfLxXxFVvLEbDKzXWn NYdfLxXxFVvLEbDKzXWn
nCedHqGgdWAicwyuYWpg nCedHqGgdWAicwyuYWpg
lbWonvEbeplndKguSTkk lbWonvEbeplndKguSTkk
oZXYedlbtBLmkfoVmgta oZXYedlbtBLmkfoVmgta
RlHeRhvUOhGhZVGGJuED RlHeRhvUOhGhZVGGJuED
QjbdwbUnopENkiNyqirZ QjbdwbUnopENkiNyqirZ
joWAhkfNqIEECnBeulGl joWAhkfNqIEECnBeulGl
ZXihCBEQBTdisqSlEMsj ZXihCBEQBTdisqSlEMsj
WMWBpOSnHGywZjCgaYyY WMWBpOSnHGywZjCgaYyY
eiLPqIroFfCGzqSAlzAp eiLPqIroFfCGzqSAlzAp
wNqlpYNsRbJEgiGpKxrU wNqlpYNsRbJEgiGpKxrU
