0 58 60 18 26 56 100 1 22 49 89 77 93 20 67 59 43 8 23 42 28 47 61 35 46 4 14 34 11 64 81 32 9 72 66 33 2 92 97 3 13 74 57 78 21 38 36 29 90 98 95 62 63 91 41 44 16 0
57
90 5 6 12 19 30 31 39 40 48 55 68 69 70 75 82 84 85 86 87 90 94 96 99
63 7 17 24 27 50 51 52 53 54 63 65 76 79 83
16 10 15 16 25 37 45 71 73 80 88
1 1
2 2
3 3
4 4
8 8
9 9
11 11
13 13
14 14
18 18
20 20
21 21
22 22
23 23
26 26
28 28
29 29
32 32
33 33
34 34
35 35
36 36
38 38
41 41
42 42
43 43
44 44
46 46
47 47
49 49
56 56
57 57
58 58
59 59
60 60
61 61
62 62
64 64
66 66
67 67
72 72
74 74
77 77
78 78
81 81
89 89
91 91
92 92
93 93
95 95
97 97
98 98
100 100
0 0
