Soda L62 L183 L49 L99 L198 L43 L4 L182 L39 L90 L54 L186 L158 L84 L194 L102 L113 L63 L42 L107 L145 L67 Soda
20
L182 L69 L34 L151 L132 L121 L76 L103 L192 L12 L86 L24 L115 L93 L159 L191 L85 L11 L83 L164 L157 L189 L173 L61 L172 L13 L177 L193 L116 L163 L98 L108 L50 L5 L75 L14 L27 L25 L188 L126 L176 L135 L171 L174 L9 L35 L124 L143 L32 L44 L21 L68 L122 L79 L92 L23 L166
L145 L22 L130 L125 L149 L45 L169 L145 L81 L133
L54 L74 L54 L97 L168 L37 L150 L117 L119
L67 L101 L89 L70 L114 L67 L52
L107 L0 L107 L60
L102 L113 L102
L39 L39 L190 L167
L49 L49
L194 L194
L4 L4
L183 L183
L43 L43
L90 L90
L186 L186
L99 L99
L63 L63
L84 L84
L198 L198
L158 L158
L62 L62
