Soda location4 location10 location50 location32 location37 location16 location49 location31 location45 location17 location33 location85 location3 location26 location28 location48 location88 location35 location24 location46 location19 location18 Soda
19
location31 location1 location47 location29 location39 location44 location31 location13
location46 location40 location41 location21 location2 location36 location15 location34 location24 location46 location12 location14 location11 location7 location27 location6 location23 location5 location19 location8 location42 location22 location43 location38 location30
location18 location18 location9 location20 location25
location32 location32
location3 location3
location16 location16
location28 location28
location33 location33
location45 location45
location17 location17
location35 location35
location50 location50
location26 location26
location48 location48
location10 location10
location4 location4
location37 location37
location49 location49
Soda Soda
