Soda location19 location64 location80 location88 location1 location37 location76 location33 location43 location72 location71 location3 location21 location93 location74 location56 location172 location53 location2 location82 location60 location61 location11 Soda
20
location21 location52 location36 location45 location58 location31 location54 location18 location44 location15 location49 location95 location68 location32 location65 location4 location67 location5 location7 location100 location77 location10 location48 location97 location91 location26 location79 location86 location73 location25 location87 location70 location29 location50 location9 location23 location41 location75 location90 location21 location13 location81 location85 location78 location6 location62 location69 location96 location20 location51
location74 location42 location2 location98 location30 location74 location35 location56 location66 location16 location63 location89 location59 location22 location47
location172 location34 location46 location38 location94 location57 location92 location14 location84 location40 location55
location72 location39 location24 location27 location83 location72 location99 location8
location82 location82 location17 location60
location3 location28 location3
location53 location53 location12
location71 location71
location11 location11
location61 location61
location64 location64
location37 location37
location80 location80
location88 location88
location93 location93
location19 location19
location33 location33
location43 location43
location76 location76
location1 location1
