Soda woolf danyal amanda lewke jarrett annie ruhi singhal castro meghan grace patagonia garbers davis shen vilaythong djajadi alvin yip rabie sarina sriram daniel caroline rob noor martinez golden chloe berit garcia krishnan massachusetts shah ashley ritter juliann lo roshan andrew ian walsh aidan connor Soda
44
woolf winifred woolf
danyal danyal rosen
amanda sunny amanda
lewke lewke tamara
jarrett jarrett
annie eshaan annie
ruhi ruhi kevin
singhal singhal
grace grace
patagonia patagonia
shen shen
vilaythong vilaythong
alvin alvin
rabie rabie
sriram sriram
daniel daniel
davis davis
castro castro
rob rob
noor noor
golden golden
martinez martinez
chloe chloe
garbers garbers
garcia garcia
sarina sarina
krishnan krishnan
massachusetts massachusetts
shah shah
caroline caroline
yip yip
juliann juliann
lo lo
roshan roshan
djajadi djajadi
meghan meghan
ritter ritter
andrew andrew
ian ian
walsh walsh
aidan aidan
connor connor
ashley ashley
berit berit
