Soda li chase vikram krista ruhi wyatt kaur caroline ashley berit gregory rouzbahani patagonia logan maniku wong sunny chloe doshi alvin kevin devesh brett parham singorahardjo hari srinivasan zhifei djajadi amanda mittal chen singhal wu william nichole ohio hanlon franco daniel ishaan shah du ritter eshaan connor maya rob cal zou soman ravi aanika ani ahluwalia weaver xin srivastava oscar celine grace adhikiari bears scott massachusetts ellen winifred chung danyal sophia barth erika annie greg krishnan zhou king angelis saurav yip lebron jacob gobears tyler andrew emily olivia vilaythong subbaraj sun liang umar mack charles lindsey lewke evan Soda
98
chase george chase
vikram vikram melissa
krista krista kanika
ruhi ruhi
wyatt wyatt
kaur kaur
caroline caroline
maniku maniku
sunny sunny
kevin kevin
devesh devesh
rouzbahani rouzbahani
singorahardjo singorahardjo
srinivasan srinivasan
ashley ashley
djajadi djajadi
chen chen
li li
singhal singhal
william william
daniel daniel
ishaan ishaan
du du
eshaan eshaan
rob rob
cal cal
zou zou
ravi ravi
weaver weaver
srivastava srivastava
wu wu
oscar oscar
grace grace
adhikiari adhikiari
bears bears
massachusetts massachusetts
gregory gregory
connor connor
ritter ritter
wong wong
ellen ellen
chung chung
danyal danyal
celine celine
maya maya
ohio ohio
barth barth
greg greg
ahluwalia ahluwalia
doshi doshi
amanda amanda
krishnan krishnan
xin xin
zhou zhou
mittal mittal
scott scott
angelis angelis
yip yip
jacob jacob
erika erika
zhifei zhifei
shah shah
hanlon hanlon
chloe chloe
lebron lebron
parham parham
gobears gobears
tyler tyler
saurav saurav
emily emily
nichole nichole
alvin alvin
king king
olivia olivia
vilaythong vilaythong
brett brett
aanika aanika
ani ani
sun sun
winifred winifred
hari hari
soman soman
liang liang
berit berit
annie annie
umar umar
patagonia patagonia
mack mack
charles charles
subbaraj subbaraj
franco franco
lindsey lindsey
andrew andrew
logan logan
lewke lewke
evan evan
sophia sophia
Soda Soda
