loc79 loc142 loc6 loc66 loc176 loc45 loc11 loc118 loc187 loc0 loc44 loc73 loc40 loc18 loc145 loc106 loc173 loc14 loc98 loc162 loc155 loc8 loc113 loc171 loc170 loc17 loc181 loc127 loc196 loc52 loc68 loc158 loc164 loc79
32
loc127 loc4 loc191 loc9 loc90 loc134 loc114 loc69 loc26 loc96 loc159 loc111 loc43 loc30 loc41 loc54 loc140 loc167 loc59 loc124 loc128 loc127 loc174 loc64 loc107 loc133 loc110 loc33 loc16 loc89 loc80 loc122 loc48 loc87 loc150 loc146 loc109 loc3 loc70 loc34 loc131 loc186 loc19 loc152 loc92 loc62
loc158 loc180 loc154 loc148 loc130 loc121 loc2 loc189 loc0 loc36 loc153 loc58 loc158 loc185 loc76 loc50 loc160 loc83
loc68 loc68 loc60 loc25 loc97 loc132 loc78 loc115 loc94 loc91 loc120
loc118 loc118
loc6 loc6
loc170 loc170
loc8 loc8
loc142 loc142
loc187 loc187
loc171 loc171
loc17 loc17
loc66 loc66
loc155 loc155
loc173 loc173
loc181 loc181
loc73 loc73
loc44 loc44
loc98 loc98
loc113 loc113
loc176 loc176
loc52 loc52
loc164 loc164
loc11 loc11
loc40 loc40
loc18 loc18
loc14 loc14
loc196 loc196
loc145 loc145
loc162 loc162
loc45 loc45
loc106 loc106
loc0 loc0
