LesLilas AinBessem Aracuai Hangu Gowurdak EastLongmeadow Wangon HalfWayTree Belalcazar Pezinok SantanadoLivramento Turek Kambove MonteAlegre AlBajur Licata Skelmersdale Escada Pozzuoli VillaPauladeSarmient GongdanglegiKulon Espiye Rivas CerroAzul Ontinyent Acireale Baramula Fuxin Ipil LesLilas
18
Skelmersdale Khulm Kemise Hirosaki SanJuandelaMaguana Shchekino Braila SenaMadureira Shimofurano AinArnat Rhondda Morwa Ibirataia SouthSaintPaul Andrychow Garbsen Sobue Sosnovka PriegodeCordoba Yafo Haora Haripur CapimGrosso Arzamas SpanishTown Johnston Nagar SenadorPompeu KotRadhaKishan BlueIsland MadinatHamad Butuan Vyazniki Langenhorn Angleton Mocoa Kaifeng Zhaodong WestIslip SaintCyrlEcole Akcaabat Anjarah Baramula Acireale Gunzenhausen Vaniyambadi Tabou TagbilaranCity ChalcodeDiazCovarrub Itororo HaciendaLaCalera Lloydminster NoblePark Shieli Prostejov NahiyatashShinafiyah Bury MineralnyeVody Izhevsk Kotka Oerlinghausen FetestiGara Manacapuru Shurugwi Kineshma Acarau GuaMusang Pezinok Gorgan Mabopane Twante Sorada Daokou Escada EastLongmeadow Embu Korsakov Battambang Wenchi PortoVelho Ortaca AshtonunderLyne Skelmersdale FortWorth
Fuxin Fuxin
Belalcazar Belalcazar Kairouan
Hangu Hangu
Rivas Rivas
AinBessem AinBessem
Ontinyent Ontinyent
Turek Turek
Espiye Espiye
Kambove Kambove
Aracuai Aracuai
VillaPauladeSarmient VillaPauladeSarmient
Pozzuoli Pozzuoli
Gowurdak Gowurdak
Wangon Wangon
MonteAlegre MonteAlegre
SantanadoLivramento SantanadoLivramento
LesLilas LesLilas
