EFLJOTk nhkUU4YlSo 4pWeD5 HekrqXXVeFMk EJOi3LI92xJB 0e qKAN35ZxfJxs2n K6 6mx6unEnl cPnISetFj7gG8o9K tZ fMV6tQxP AUKNFdTo r5x QyWIcdD7GorZtfQJb I0a5SBtiDKckQxXh155L 4W JQX0b S5 q4W 9PHu2NLeEO 1p3lWfo8qHHC 8I1AatPM Kpec 13GDMZYtkIBDG8SVi5px Xn8chReB4cAIE2gsbLF 7F9H97joVTdU8ZEpeb fgxHyKXvIAKSHtMEoO IRUxJNqQHDtKwk EFLJOTk
26
IRUxJNqQHDtKwk IRUxJNqQHDtKwk
HekrqXXVeFMk Tb5qjVS0DSkDKD
4pWeD5 SoHxfA mQzeU6iv7 4pWeD5
qKAN35ZxfJxs2n qKAN35ZxfJxs2n
I0a5SBtiDKckQxXh155L I0a5SBtiDKckQxXh155L
QyWIcdD7GorZtfQJb QyWIcdD7GorZtfQJb
Kpec Kpec
tZ tZ
fMV6tQxP fMV6tQxP
13GDMZYtkIBDG8SVi5px 13GDMZYtkIBDG8SVi5px
8I1AatPM 8I1AatPM
cPnISetFj7gG8o9K cPnISetFj7gG8o9K
7F9H97joVTdU8ZEpeb 7F9H97joVTdU8ZEpeb
K6 K6
EJOi3LI92xJB EJOi3LI92xJB
4W 4W
Xn8chReB4cAIE2gsbLF Xn8chReB4cAIE2gsbLF
S5 S5
AUKNFdTo AUKNFdTo
fgxHyKXvIAKSHtMEoO fgxHyKXvIAKSHtMEoO
JQX0b JQX0b
6mx6unEnl 6mx6unEnl
r5x r5x
0e 0e
9PHu2NLeEO 9PHu2NLeEO
1p3lWfo8qHHC 1p3lWfo8qHHC
