6a5e7697411b4a5f9bee 9413e484b07844a0b2a5 c83df3fc7ad7453da3a8 f4f0866d5e97488aa802 87ecc0a3a59f407c9b3d f4f0866d5e97488aa802 c83df3fc7ad7453da3a8 e73af41069ed4943a52c 53c9cb5cf7384868ac19 6e67d80aec8b4fc0a0f4 53c9cb5cf7384868ac19 94e0719061a446db8f0d e0cb3963860e4d049310 7c65eef332d54dcba793 0b24d415cd09478386e1 bc0a76f3195549949d49 0b24d415cd09478386e1 8b66dcad1ad547c08800 9456190223044624836d e3697cd0e4bb4631b60b 9456190223044624836d 2cc84eddeb0f411a85bd 863d51b71d174e18a8b2 cfd801acdfd6452696dd 4da00804134d4fc9a85c ccd6cde772ea4eb0939d ce0b9987a99a4073beab d231535a16d747168db6 268fc1cec41445e9ae4c eb69bfc02d474eb3a982 d836b3a637a647759376 e52407732f114aa1a1dd d836b3a637a647759376 eb69bfc02d474eb3a982 bbb11a04c8a343348a26 6c5164d75c654b6e9e3b cc5f406e2dcd46bebe75 36411ecb5b7b4ec3a8e2 c90bb10fa78f4befb07c 046ea34f2b9e444f969d 3b86319574304aac82c1 1cf20cc5d55a441b8446 1733e0b32fcb468e9db5 61c73826793d47839b64 4fd54063e8fe4e6591e3 4f8930ea97d349d0b0ea 91cec3a2329f4857a37c e0d6bb0c69d74ec5a7c2 65b7af53d28f4262bf8f 9a007b07478f49ea8ad1 65b7af53d28f4262bf8f 6c8fdc64a38545c8997a a11604bab4bc49008828 ab6a4a3d324a4e118998 a11604bab4bc49008828 6c8fdc64a38545c8997a 65b7af53d28f4262bf8f 9a007b07478f49ea8ad1 2ce2b2e6256542928a0d dcee8e551d34480d82e2 2ce2b2e6256542928a0d 008aafd1b0ec4150aacc 2ce2b2e6256542928a0d 53a42035b7034adda5bf 774136cce4044ed08bc6 9eb57289806f45558a8e 5042f23712404074ac94 f3b9015900fe419ca570 728908ec3cef4db29934 f3b9015900fe419ca570 a72944b166b948ed8afb 79e28a889fa348f89be3 0584f8431be341e5ab2e 6ea877c3766c4669a150 357df26b1d784692ab06 bb70a9f783b44f29aa76 7a06c0a05152448791da bb70a9f783b44f29aa76 b0d847fc7911439a9eb5 5a90ec8096c2423fb598 587de4c09b3b4117bf1b d8c441caf295405aaf52 587de4c09b3b4117bf1b 0f061ec7b93e40a5b96a 6a5e7697411b4a5f9bee 9413e484b07844a0b2a5 68b5e6aea12140d2bb26 9413e484b07844a0b2a5 6a5e7697411b4a5f9bee
31
bc0a76f3195549949d49 95119be28c194159a1ee a5e69939e9704f81a60e ebbbcdcdb3554877aeb0 bc0a76f3195549949d49 365700b51db445e3a31a 4e25f87635bb4843b59f 5c8da1e70e304c18a2e4 ced33625aef44e049e40 a1480b86aa6b4e8ab46b 4aadb3216b4343adbebd ac82fe0455c04a6fbc21 950cb52e3a1446d9af98 113cbb314b8c423e99ac e9189c39d6f9459fb82b 3f86be020a0e43e4b1ff 12424155e29a4ad09224 d8981e847a1946839e08 00ab75eeae43479b93a1 f451d0f96c4e44e5a7a2 f911fa4d522a4357aa0b
68b5e6aea12140d2bb26 68b5e6aea12140d2bb26
d8c441caf295405aaf52 c1b06ccaa4874b00a961 d8c441caf295405aaf52
728908ec3cef4db29934 728908ec3cef4db29934
e3697cd0e4bb4631b60b e3697cd0e4bb4631b60b
cc5f406e2dcd46bebe75 cc5f406e2dcd46bebe75
268fc1cec41445e9ae4c 268fc1cec41445e9ae4c
dcee8e551d34480d82e2 dcee8e551d34480d82e2
e0d6bb0c69d74ec5a7c2 e0d6bb0c69d74ec5a7c2
4da00804134d4fc9a85c 4da00804134d4fc9a85c
6ea877c3766c4669a150 6ea877c3766c4669a150
ab6a4a3d324a4e118998 ab6a4a3d324a4e118998
bbb11a04c8a343348a26 bbb11a04c8a343348a26
5042f23712404074ac94 5042f23712404074ac94
f4f0866d5e97488aa802 f4f0866d5e97488aa802
e0cb3963860e4d049310 e0cb3963860e4d049310
5a90ec8096c2423fb598 5a90ec8096c2423fb598
008aafd1b0ec4150aacc 008aafd1b0ec4150aacc
9a007b07478f49ea8ad1 9a007b07478f49ea8ad1
4fd54063e8fe4e6591e3 4fd54063e8fe4e6591e3
6e67d80aec8b4fc0a0f4 6e67d80aec8b4fc0a0f4
3b86319574304aac82c1 3b86319574304aac82c1
a72944b166b948ed8afb a72944b166b948ed8afb
1733e0b32fcb468e9db5 1733e0b32fcb468e9db5
6c5164d75c654b6e9e3b 6c5164d75c654b6e9e3b
e73af41069ed4943a52c e73af41069ed4943a52c
7a06c0a05152448791da 7a06c0a05152448791da
ce0b9987a99a4073beab ce0b9987a99a4073beab
87ecc0a3a59f407c9b3d 87ecc0a3a59f407c9b3d
863d51b71d174e18a8b2 863d51b71d174e18a8b2
e52407732f114aa1a1dd e52407732f114aa1a1dd
