0 42 25 185 175 196 107 6 96 51 162 83 146 43 66 19 26 121 187 81 115 53 174 84 85 109 132 23 125 190 8 176 21 72 20 48 41 5 76 24 30 68 71 151 195 39 40 88 57 159 144 93 116 10 22 100 86 168 134 67 2 97 0
61
42 38 172 105 104 148 103 52 78 59 163 114 70 42 166 183 171 119 126 37 191 169
107 32 160 62 65 56 35 173 188 55 107 113 102 58
96 182 64 60 14 3 110 77 96
185 185
175 175
196 196
66 66
162 162
25 25
83 83
146 146
43 43
6 6
19 19
26 26
81 81
121 121
115 115
187 187
53 53
51 51
85 85
84 84
109 109
23 23
174 174
132 132
125 125
20 20
190 190
8 8
176 176
24 24
21 21
48 48
72 72
41 41
30 30
5 5
68 68
76 76
71 71
39 39
40 40
151 151
88 88
57 57
144 144
116 116
195 195
159 159
22 22
10 10
100 100
0 0
168 168
134 134
86 86
93 93
67 67
97 97
