Location0 Location1 Location3 Location4 Location3 Location1 Location2 Location1 Location0 Location99 Location97 Location98 Location97 Location95 Location96 Location95 Location93 Location94 Location93 Location91 Location92 Location91 Location89 Location90 Location89 Location87 Location88 Location87 Location85 Location86 Location85 Location83 Location84 Location83 Location81 Location82 Location81 Location79 Location80 Location79 Location77 Location78 Location77 Location75 Location76 Location75 Location73 Location71 Location69 Location67 Location65 Location63 Location61 Location59 Location57 Location55 Location53 Location51 Location49 Location47 Location45 Location43 Location41 Location39 Location37 Location35 Location33 Location31 Location29 Location27 Location25 Location23 Location21 Location19 Location17 Location15 Location13 Location11 Location9 Location10 Location9 Location7 Location5 Location6 Location5 Location3 Location1 Location0
19
Location49 Location26 Location28 Location30 Location32 Location34 Location36 Location38 Location40 Location42 Location44 Location46 Location48 Location50 Location52 Location54 Location56 Location58 Location60 Location62 Location64 Location66 Location68 Location70 Location72 Location74
Location19 Location12 Location14 Location16 Location18 Location20 Location22 Location24
Location10 Location8 Location10
Location2 Location2
Location4 Location4
Location6 Location6
Location76 Location76
Location78 Location78
Location80 Location80
Location82 Location82
Location84 Location84
Location86 Location86
Location88 Location88
Location90 Location90
Location92 Location92
Location94 Location94
Location96 Location96
Location98 Location98
Location0 Location0
