2 76 27 131 17 139 11 57 75 63 35 63 36 141 36 88 109 175 87 124 123 110 115 183 171 196 7 99 105 10 39 10 99 151 106 130 59 169 9 179 189 45 166 1 28 154 199 161 29 161 76 2
33
154 1 3 5 13 15 19 21 23 25 33 41 43 47 51 55 61 69 71 77 79 81 83 85 89 95 97 101 103 107 111 113 117 125 127 129 133 135 137 143 145 147 149 153 155 157 159 163 167 173 177 185 187 191 193 195 197
166 37 45 53 65 67 73 91 119 121 165 181 189
189 31 49 93
7 7
9 9
11 11
17 17
27 27
29 29
35 35
39 39
57 57
59 59
63 63
75 75
87 87
99 99
105 105
109 109
115 115
123 123
131 131
139 139
141 141
151 151
161 161
169 169
171 171
175 175
179 179
183 183
199 199
1 1
