BY5DUgv6 UQ4QaUHy H2BV5cDz UQ4QaUHy xvUBVRdA Af1jBIly 2mQchaeu B0wYReom 6GJHoNdy 8e8OWOIi sR6JAufL 2og9s1wD xULc5Xg4 1aJdK4y9 K3J88UDV 6nj6dyOK gbolqDJc UfRMeyI7 mXjWiYol o1w8sSXK vVYZOPt6 kkvcm3Qd c9Hgvc9w q1vN3eei FPDwKJIj Ym8LPSnY 8KVhuJvd OpfVa1HT 0zB29H2A R4zDiMu3 ucMA0iSv Y93BYexY yYTqCbSD 7CrB3pCm tDh0gTYH xTHVuNZl yqX5KOVJ KuVHgP1J Pi99fmGL KJQpAqYk FSF4Na2U w3Radp7c ayFODfwg S9dNuWxm rGjz0gOd AMieum8U GVK6CciB NL9qZEp0 UmgiH1K9 iT0t8noc HXMHfRTC 9IHe97Yy 87yhsuRE HEJxX3gA xZfXXUDQ mjMe14fC 7IV7YjRX JMul31yq WlxPulQd 8ni5D4t7 g5YhtPSt fwYwiVnO 9WICwGq2 E85AysUp Rv8rDvqp E85AysUp aPSEsY2w gd207oOq BY5DUgv6
41
gd207oOq aPSEsY2w gd207oOq hc6YxxqG
Rv8rDvqp 8tOszPqV rZiSDNtK 1cr6aFpX Rv8rDvqp PagRRYIg nKZTEeUl CrvusN6e lvlSObqb
xvUBVRdA QeSUIsQ1
FPDwKJIj FPDwKJIj
iT0t8noc iT0t8noc
S9dNuWxm S9dNuWxm
yqX5KOVJ yqX5KOVJ
gbolqDJc gbolqDJc
JMul31yq JMul31yq
K3J88UDV K3J88UDV
mXjWiYol mXjWiYol
ayFODfwg ayFODfwg
6nj6dyOK 6nj6dyOK
UfRMeyI7 UfRMeyI7
H2BV5cDz H2BV5cDz
sR6JAufL sR6JAufL
2mQchaeu 2mQchaeu
1aJdK4y9 1aJdK4y9
B0wYReom B0wYReom
g5YhtPSt g5YhtPSt
OpfVa1HT OpfVa1HT
0zB29H2A 0zB29H2A
8ni5D4t7 8ni5D4t7
NL9qZEp0 NL9qZEp0
Af1jBIly Af1jBIly
R4zDiMu3 R4zDiMu3
o1w8sSXK o1w8sSXK
xTHVuNZl xTHVuNZl
rGjz0gOd rGjz0gOd
7IV7YjRX 7IV7YjRX
8e8OWOIi 8e8OWOIi
AMieum8U AMieum8U
tDh0gTYH tDh0gTYH
HEJxX3gA HEJxX3gA
xULc5Xg4 xULc5Xg4
q1vN3eei q1vN3eei
UmgiH1K9 UmgiH1K9
c9Hgvc9w c9Hgvc9w
9IHe97Yy 9IHe97Yy
ucMA0iSv ucMA0iSv
WlxPulQd WlxPulQd
