ZtfcEeD9 lwKMUcFL lWuh5cH8 lwKMUcFL ZtfcEeD9 6MPulFAv nFqouQp3 rbWYBihd NBKhkccj oqraQ3aF yWlzbESz CIF8DWXL BkhTgoaJ W7b2i2pG PMzcqvQL IdGLl1to PMzcqvQL W7b2i2pG BkhTgoaJ CIF8DWXL FgxkC8N1 ZCQYXo7t 8avKqSxh eHAI1Emd miUcr0K7 4pgwpiHi CxnbNU8s eJJL3lWa YWqBlkAs 43ehQX6O zvH4AKmS gmal2HHS kMauNR5Y VDai7XkI Ah46Ofm8 fa3ra0T7 Ah46Ofm8 SUGv8yIU lWuh5cH8 uEOMgmS6 7VEdC8Bn KZzTlcqA KbQF6Z1I VgwgAKMz FqE4GP0Y Wznv2rRv tKnzhLx5 pDb2VAD0 SqpsWXRw NvpMZWSs yptfWPBC aDGqWHym yptfWPBC NvpMZWSs SqpsWXRw pDb2VAD0 tKnzhLx5 Wznv2rRv FqE4GP0Y VgwgAKMz KbQF6Z1I KZzTlcqA 7VEdC8Bn uEOMgmS6 lWuh5cH8 lwKMUcFL ZtfcEeD9
18
aDGqWHym Fj27Gybu aDGqWHym TNblhkGK yptfWPBC HTyyntxa Wznv2rRv
VgwgAKMz KZzTlcqA FqE4GP0Y VgwgAKMz
VDai7XkI 04vrMVdi X4DALK1Z J2tz5Jy2 bJ22zvWV O5yBujnu RleTQaHw FdbcCrtB SG64DwCC wZJN4OBT EB4WBsTV 8LVjFaQv kMauNR5Y svPb07cv ijk5cHsH ca785uLx xRPgtW5C dzvtjag1 CBKWpDQv EAWv9kfQ Pz0LLMil 7P5zi9hu d5gzYuse LvdUl8D5 8Rfeklr1 NpH6Hpsr qnVestAH BOlNhFGU FGbFUcoj ntaFp6yn kTn5Wdms 1gtWVzKV eF0ueRyu gKOyNQPh OJgw7XgR WOCLylig poaWnZDO B65DnegI aSd01nMZ RjDUex61 7Xy44hse eFJgi8X6 Tb8W969R xzWL2Pp8 hBRDGWam mlHu9OVg o4xf7nVd U7cZo0h2 Rd2M5nw8 1dr1nBQ7 tCAdUY4B 2KepLMXB jKNn1ZQ1 uMuBYvMK Q7hUKAHQ gX4kBNm4 91Uq51QB ciNFdHxl lqKnzPvP w0QWGw2L 0MyIUMFM AmaYXBsi JfDq1Cs2 fa3ra0T7 wusYsf5E PLFYaVF6 62Mn9lau zpLQ0R0G aWGQETjI yRH0nOtz y7NjqOqM CGddIqkC ZS8CQaI7 NSdaWdL7 sFR9mcaG mSd4Nw6v 3MYamZSb mrK2EXuk
43ehQX6O 43ehQX6O
nFqouQp3 nFqouQp3
ZtfcEeD9 ZtfcEeD9
lWuh5cH8 lWuh5cH8
rbWYBihd rbWYBihd
PMzcqvQL PMzcqvQL
CIF8DWXL CIF8DWXL
W7b2i2pG W7b2i2pG
zvH4AKmS zvH4AKmS
IdGLl1to IdGLl1to
miUcr0K7 miUcr0K7
YWqBlkAs YWqBlkAs
8avKqSxh 8avKqSxh
CxnbNU8s CxnbNU8s
fa3ra0T7 fa3ra0T7
