yqRn7pcv mpBvpan0 RKTqv0lO xaYYL0Xr ne5PzSYX zcy1X765 XlaUIvCb mmiVeCrf o5fxSomz rJm7nPd7 mB6fiF0u 5Zo9R33z fMhFZEQj LQU5lyru rKjRBwvM 7xyYvlir TMAXVAcF yqRn7pcv z3tqnoFm Bow1G1eA Wvomb2LC 2XMfF8YA hcJG54h4 6XOrbPEm fsgAjhrq i4M5A6hw yqRn7pcv
20
Wvomb2LC hC2ZPbzA lRFv66dO 2XMfF8YA Tv0Ngo2a uzY67sfN Wvomb2LC
fsgAjhrq fsgAjhrq 1JmiRMy2
z3tqnoFm i4M5A6hw
7xyYvlir 7xyYvlir
ne5PzSYX ne5PzSYX
5Zo9R33z 5Zo9R33z
RKTqv0lO RKTqv0lO
6XOrbPEm 6XOrbPEm
mB6fiF0u mB6fiF0u
zcy1X765 zcy1X765
yqRn7pcv yqRn7pcv
o5fxSomz o5fxSomz
mmiVeCrf mmiVeCrf
XlaUIvCb XlaUIvCb
hcJG54h4 hcJG54h4
rKjRBwvM rKjRBwvM
rJm7nPd7 rJm7nPd7
xaYYL0Xr xaYYL0Xr
LQU5lyru LQU5lyru
Bow1G1eA Bow1G1eA
