93 71 20 130 75 113 77 143 165 43 70 62 18 157 138 94 46 129 74 129 174 0 164 117 49 117 164 87 11 99 11 66 65 126 168 164 54 79 124 158 93
26
46 46 80 101 102 146 172
54 1 2 4 14 19 24 26 34 36 38 39 40 47 51 52 53 56 57 61 63 64 67 72 73 76 79 81 82 84 86 90 91 95 98 108 109 110 111 115 116 119 121 122 125 131 136 137 140 141 147 151 154 161 163 170 171 176 177
124 27 105 124 155 169
18 18
20 20
43 43
49 49
62 62
65 65
66 66
70 70
74 74
75 75
77 77
87 87
99 99
117 117
129 129
130 130
138 138
143 143
157 157
165 165
168 168
174 174
0 0
