Dannemora Fire Earlville Firthcliffe Highland Farmingville Florida Norwood Franklin Delhi Frewsburg Odessa Norwich Fabius Fonda Fleischmanns Hamburg Hillburn Hamburg Flower Hamburg DeRuyter Dexter Germantown Deferiet Germantown Galeville Fishkill Davis Fishkill Mills Fairview Geneva Depew Herricks Deposit Hempstead Fonda Olean Fonda Freeport Oceanside Gasport Falconer Gardiner Wantagh Hamburg Dannemora
19
Deferiet Dansville Deer Deferiet Delanson Delevan Delmar Dexter Dunkirk Fairmount Fairport Fayetteville Fishers Forest Franklinville Fredonia Fulton Galeville Germantown
DeRuyter DeRuyter Flanders Frankfort
Davis Davis Fairview Fishkill Forestville Freeport
Olean Fonda
Falconer Fair Falconer Friendship Gardiner Gasport
Hillburn Depauville Ghent
Geneva Depew Farnham Freeville Geneva
Delhi Delhi
Deposit Deposit
Earlville Earlville
Fabius Fabius
Farmingville Farmingville
Fire Fire
Firthcliffe Firthcliffe
Fleischmanns Fleischmanns
Florida Florida
Flower Flower
Franklin Franklin
Frewsburg Frewsburg
