0a 15l 15i 15k 15i 15h 15e 15g 15f 15e 15d 15a 15b 15c 15a 14l 14i 14j 14k 14i 14h 14e 14g 14f 14e 14d 14a 14b 14c 14a 13l 13i 13j 13k 13i 13h 13e 13g 13f 13e 13d 13a 13b 13c 13a 12l 12i 12j 12k 12i 12h 12e 12g 12f 12e 12d 12a 12b 12c 12a 11l 11i 11h 11e 11d 11a 10l 10i 10h 10e 10d 10a 9l 9i 9h 9e 9d 9a 8l 8i 8h 8e 8d 8a 7l 7i 7h 7e 7d 7a 6l 6i 6h 6e 6d 6a 5l 5i 5h 5e 5d 5a 4l 4i 4h 4e 4d 4a 3l 3i 3h 3e 3d 3a 2l 2i 2h 2e 2d 2a 1l 1i 1h 1e 1d 1a 0l 0i 0j 0i 0h 0e 0f 0e 0d 0a 0b 0a
29
0b 0b 0c
0f 0f 0g
15k 15j 15k
8a 4f 4g 4j 4k 5b 5c 5f 5g 5j 5k 6b 6c 6f 6g 6j 6k 7b 7c 7f 7g 7j 7k 8b 8c 8f 8g 8j 8k 9b 9c 9f 9g 9j 9k 10b 10c 10f 10g 10j 10k 11b 11c 11f 11g 11j 11k
3e 2b 2c 2f 2g 2j 2k 3b 3c 3f 3g 3j 3k 4b 4c
1e 1b 1c 1f 1g 1j 1k
0j 0j 0k
12b 12b
12c 12c
12f 12f
12g 12g
12j 12j
12k 12k
13b 13b
13c 13c
13f 13f
13g 13g
13j 13j
13k 13k
14b 14b
14c 14c
14f 14f
14g 14g
14j 14j
14k 14k
15b 15b
15c 15c
15f 15f
15g 15g
