Loc2 Loc67 Loc70 Loc74 Loc70 Loc54 Loc38 Loc40 Loc81 Loc52 Loc31 Loc43 Loc36 Loc27 Loc36 Loc13 Loc36 Loc82 Loc89 Loc41 Loc89 Loc56 Loc31 Loc73 Loc93 Loc77 Loc49 Loc8 Loc21 Loc7 Loc0 Loc48 Loc0 Loc7 Loc21 Loc86 Loc51 Loc2
19
Loc48 Loc0 Loc48
Loc86 Loc1 Loc6 Loc9 Loc11 Loc15 Loc17 Loc19 Loc22 Loc24 Loc26 Loc28 Loc34 Loc35 Loc46 Loc58 Loc60 Loc64 Loc66 Loc71 Loc75 Loc86 Loc91 Loc92
Loc51 Loc3 Loc4 Loc10 Loc14 Loc16 Loc32 Loc45 Loc53 Loc80 Loc90
Loc8 Loc8
Loc13 Loc13
Loc27 Loc27
Loc40 Loc40
Loc41 Loc41
Loc43 Loc43
Loc52 Loc52
Loc54 Loc54
Loc56 Loc56
Loc67 Loc67
Loc73 Loc73
Loc74 Loc74
Loc77 Loc77
Loc82 Loc82
Loc7 Loc7
Loc0 Loc0
