Loc1 Loc16 Loc30 Loc172 Loc48 Loc154 Loc162 Loc144 Loc162 Loc54 Loc5 Loc121 Loc189 Loc64 Loc71 Loc196 Loc143 Loc10 Loc137 Loc179 Loc100 Loc119 Loc7 Loc198 Loc37 Loc162 Loc17 Loc162 Loc9 Loc89 Loc168 Loc47 Loc83 Loc47 Loc176 Loc47 Loc163 Loc155 Loc61 Loc155 Loc109 Loc113 Loc151 Loc59 Loc123 Loc59 Loc151 Loc113 Loc1
26
Loc143 Loc13 Loc31 Loc67 Loc107 Loc143
Loc196 Loc57
Loc123 Loc59 Loc123
Loc179 Loc6 Loc18 Loc25 Loc33 Loc38 Loc39 Loc52 Loc74 Loc77 Loc97 Loc103 Loc145 Loc159 Loc175 Loc192 Loc151
Loc137 Loc137
Loc198 Loc0 Loc3 Loc8 Loc11 Loc14 Loc15 Loc19 Loc20 Loc23 Loc27 Loc32 Loc44 Loc50 Loc51 Loc53 Loc60 Loc62 Loc65 Loc75 Loc76 Loc85 Loc91 Loc94 Loc95 Loc96 Loc99 Loc101 Loc106 Loc110 Loc111 Loc118 Loc122 Loc124 Loc128 Loc129 Loc132 Loc133 Loc140 Loc141 Loc147 Loc149 Loc153 Loc160 Loc167 Loc170 Loc171 Loc177 Loc180 Loc182 Loc183 Loc188 Loc190 Loc195 Loc197
Loc7 Loc7 Loc46
Loc5 Loc5
Loc9 Loc9
Loc16 Loc16
Loc17 Loc17
Loc30 Loc30
Loc37 Loc37
Loc54 Loc54
Loc61 Loc61
Loc71 Loc71
Loc83 Loc83
Loc100 Loc100
Loc109 Loc109
Loc144 Loc144
Loc154 Loc154
Loc163 Loc163
Loc168 Loc168
Loc172 Loc172
Loc176 Loc176
Loc189 Loc189
