pace voice financial respect bitter rob lake page fortune imposter throne interactive feature honor deposit paper understand figure banana king guarantee buffet exclusive dip joint shiver headline quality straighten romantic sign legislation sign romantic dialogue tool dialogue view forge winner solve mixture rent stress mystery chair shiver pace
20
winner linger prison winner vegetarian tolerate
view imposter
mystery shy swear dough pain circulation class nationalist exclusive other sunrise paper tablet enter injury mystery autonomy demand output cigarette brake title
rent seize
legislation legislation enhance quality likely thumb sign
tool tool glasses
figure figure
buffet buffet
honor honor
guarantee guarantee
rob rob
voice voice
lake lake
headline headline
throne throne
bitter bitter
dip dip
page page
financial financial
king king
