9iIwk 5R5Xa rrNj1 Esl6u fS0W8 p9vQm fS0W8 k64Ok BnAjj ZgtaX veOJ7 ZgtaX pXCjI ZgtaX JgjFI ZgtaX Vake4 k64Ok fS0W8 Esl6u rrNj1 0mah3 ChXAd 1eRkH h2rea 9iIwk 5R5Xa 9iIwk jASvw 9iIwk 6EWVx jT5CK 5BDPJ jT5CK qkJ6b 1xmtC XYzcU 1xmtC Mj2eQ ZzWHp Mj2eQ 1xmtC qkJ6b QVYVG 1uRw3 1pxZM 1uRw3 jAwQw aHGHb kmzhT aHGHb WGJpQ vE0Pj knY3U 1uRw3 WJNpN AgYPL tnjfN YH6mk Y7IDR 4a0W8 Y7IDR WJNpN 5VT1H 1uRw3 y89SK 1uRw3 QVYVG RhUVQ QVYVG LZomt Ew56P SgDk6 QVYVG 7G74f QVYVG HOs1b jT5CK 6EWVx 9iIwk jASvw oqPYQ jASvw 9iIwk 6EWVx jT5CK WJNpN YH6mk 5ioW1 Be0ab XZKtP dw7aX XZKtP bXinH 5ioW1 vrNke k6V9L pXCjI ZgtaX iCgvV ZgtaX k64Ok fS0W8 Esl6u rrNj1 5R5Xa 9iIwk
45
oqPYQ 0GdkR oqPYQ
y89SK Ri2t4 y89SK
ZzWHp iEXNY jYfXn Mj2eQ ZzWHp
5VT1H 5VT1H
jT5CK jT5CK
bXinH bXinH
qkJ6b qkJ6b
Y7IDR Y7IDR
AgYPL AgYPL
XYzcU XYzcU
vE0Pj vE0Pj
5R5Xa 5R5Xa
WGJpQ WGJpQ
1uRw3 1uRw3
1eRkH 1eRkH
veOJ7 veOJ7
YH6mk YH6mk
jAwQw jAwQw
ChXAd ChXAd
XZKtP XZKtP
h2rea h2rea
jASvw jASvw
5ioW1 5ioW1
SgDk6 SgDk6
1xmtC 1xmtC
JgjFI JgjFI
fS0W8 fS0W8
tnjfN tnjfN
dw7aX dw7aX
9iIwk 9iIwk
Be0ab Be0ab
LZomt LZomt
p9vQm p9vQm
kmzhT kmzhT
pXCjI pXCjI
1pxZM 1pxZM
BnAjj BnAjj
Vake4 Vake4
iCgvV iCgvV
7G74f 7G74f
5BDPJ 5BDPJ
RhUVQ RhUVQ
aHGHb aHGHb
4a0W8 4a0W8
ZgtaX ZgtaX
