1 136 58 20 14 43 153 51 142 147 82 78 127 137 194 115 199 130 31 92 64 83 66 101 88 49 86 156 108 12 116 157 56 99 159 96 18 89 52 176 186 62 71 174 19 53 36 91 128 140 84 23 60 152 129 32 132 97 95 45 185 98 119 105 52 110 11 190 1
56
58 15 90 182 163 93 58 13 26 88
14 7 175 42 14
49 49 103 138 121
53 46 36 162 3 53
101 101 193
71 71 161 57
129 152 129
78 78
194 194
127 127
82 82
51 51
142 142
147 147
108 108
43 43
159 159
18 18
92 92
115 115
156 156
153 153
66 66
91 91
137 137
64 64
89 89
186 186
96 96
31 31
99 99
176 176
12 12
83 83
136 136
199 199
130 130
132 132
52 52
84 84
157 157
140 140
185 185
95 95
86 86
116 116
110 110
98 98
190 190
56 56
119 119
128 128
105 105
23 23
60 60
174 174
