location1 location101 location98 location95 location92 location91 location88 location85 location82 location51 location19 location16 location13 location10 location3 location2 location5 location4 location7 location6 location9 location8 location11 location50 location47 location45 location42 location39 location36 location33 location30 location27 location24 location23 location22 location25 location26 location29 location28 location31 location32 location35 location34 location37 location38 location41 location40 location43 location73 location70 location67 location125 location122 location119 location116 location55 location83 location80 location77 location78 location63 location60 location57 location56 location59 location58 location61 location62 location65 location66 location69 location72 location75 location76 location79 location78 location81 location78 location148 location145 location142 location139 location136 location133 location49 location151 location148 location147 location144 location141 location138 location135 location132 location129 location126 location123 location120 location117 location114 location111 location108 location105 location102 location103 location104 location107 location106 location109 location110 location113 location112 location115 location118 location121 location124 location127 location128 location131 location134 location137 location140 location143 location146 location149 location150 location153 location156 location159 location162 location161 location164 location167 location170 location173 location172 location175 location174 location177 location176 location179 location180 location1
70
location98 location17 location87 location89 location91 location93 location95 location97 location99
location162 location15 location21 location53 location71 location153 location155 location157 location159 location161 location163 location165 location167 location169 location171
location91 location85
location1 location1
location3 location3
location5 location5
location7 location7
location9 location9
location11 location11
location13 location13
location19 location19
location23 location23
location25 location25
location27 location27
location29 location29
location31 location31
location33 location33
location35 location35
location37 location37
location39 location39
location41 location41
location43 location43
location45 location45
location47 location47
location49 location49
location51 location51
location55 location55
location57 location57
location59 location59
location61 location61
location63 location63
location65 location65
location67 location67
location69 location69
location73 location73
location75 location75
location77 location77
location79 location79
location81 location81
location83 location83
location101 location101
location103 location103
location105 location105
location107 location107
location109 location109
location111 location111
location113 location113
location115 location115
location117 location117
location119 location119
location121 location121
location123 location123
location125 location125
location127 location127
location129 location129
location131 location131
location133 location133
location135 location135
location137 location137
location139 location139
location141 location141
location143 location143
location145 location145
location147 location147
location149 location149
location151 location151
location173 location173
location175 location175
location177 location177
location179 location179
