Abbey Isabella Presley Ruth Rebecca Jamiya Matilda Kristina Lana Jordin Mira Sophia Maeve Tanya Rayna Tara Harley Liberty Kiera Nora Avni Lisa Abbey
20
Presley Alexia Avni Beatrice Dana Haven Lilia Presley Riley Shannon Yoselin
Jamiya Carlee Helen Jamiya Karma Kayley Lillie Mckinley Vivian
Harley Ayanna Eden Harley Kimberly Liberty Marisol
Isabella Isabella
Jordin Jordin
Kiera Kiera
Kristina Kristina
Lana Lana
Lisa Lisa
Maeve Maeve
Matilda Matilda
Mira Mira
Nora Nora
Rayna Rayna
Rebecca Rebecca
Ruth Ruth
Sophia Sophia
Tanya Tanya
Tara Tara
Abbey Abbey
