Abbey Alivia Madilynn Aryana Natalee Aubree Gillian Camilla Lainey Kira Matilda Mya Denisse Tara Jasmin Chasity Kiley Ashley Lindsay Carlee Brooklyn Arielle Zion Nia Jimena Iyana Jillian Carly Christine Ariel Kristin Lucille Abbey
31
Gillian Alexia Alia Aniya Avni Baylee Bryanna Claire Dana Dayami Diana Elianna Emma Gillian Ingrid Jade Jamiya Kayden Keyla Kimberly Kristina Lilia Lilyana Mckayla Mira Mireya Neveah Noelle Sharon Sophie Zaria
Kira Alexus Carleigh Carlie Haven Imani Juliette Kaley Kaydence Kira Lacey Mckinley Sophia Taniyah Zara
Mya Ciara Emilie Melina Mya Myah Parker Rylee Shyanne
Chasity Ariel Chasity Jazmyn Leila
Tara Jaden Janiya Laylah Tara
Natalee Kenzie Maggie Natalee Riley
Madilynn Kiana Madilynn
Abbey Abbey
Alivia Alivia
Arielle Arielle
Aryana Aryana
Ashley Ashley
Aubree Aubree
Brooklyn Brooklyn
Camilla Camilla
Carlee Carlee
Carly Carly
Christine Christine
Denisse Denisse
Iyana Iyana
Jasmin Jasmin
Jillian Jillian
Jimena Jimena
Kiley Kiley
Kristin Kristin
Lainey Lainey
Lindsay Lindsay
Lucille Lucille
Matilda Matilda
Nia Nia
Zion Zion
