Ilesa Foshan Aklera Bensheim Ventimiglia Sishui Polohy Mexborough Marburg Palm Memmingen WaltonontheNaze Milledgeville Tupelo Puducherry Valday Tupiza Malden Viewpark MitryMory Bogovinje Mouscron Uran Azrou Perth Niort Jagna Stupino Hermsdorf Aleshtar Alfenas Calauan Rhosllanerchrugog Milagro Alexandria PortVila Davis Jiangyan Brunswick Zeist Ramla Yingkou Oschatz Barracas Aurora Portogruaro Sillanwali Bobigny An Bon Landshut Meizhou Toledo Perth Tak Talipparamba Minas Dahlem Minas New Belper Guli Belper Skalica Belper LonsleSaunier GernikaLumo Krymsk American Bavly Gariadhar Bensheim Campobasso Bensheim PointeClaire Liberia Stuttgart Rutland Zaozhuang Bensheim Oulmes Bensheim Bang Shagamu Calauan Onex Puerto Milledgeville Palafrugell Villaquilambre Aistala Tharu Aistala DehiwalaMount El Shaowu Chacabuco Belper Jashpurnagar Magomeni MitryMory Lodwar Calauan Paredes Belper Resplendor Perth Sorsogon Oberhausen Hermsdorf Claremont MitryMory Ponta MitryMory Copperas MitryMory Tiruppuvanam Krymsk Ada Krymsk Sceaux Hermsdorf UlanUde Perth Clermont Bensheim Kyzylorda Bensheim Lille Bensheim Valletta Itacoatiara Valletta Bensheim Great Tyoply Great Perth Ilesa
96
Kyzylorda Brzeg Kyzylorda
Tyoply Tyoply Great
Itacoatiara Valletta Sirsi Itacoatiara
Jagna Jagna
Sishui Sishui
Milagro Milagro
Claremont Claremont
Palm Palm
Talipparamba Talipparamba
Aklera Aklera
Sillanwali Sillanwali
Milledgeville Milledgeville
Ada Ada
Bavly Bavly
Mexborough Mexborough
Sceaux Sceaux
Foshan Foshan
Resplendor Resplendor
Brunswick Brunswick
Stuttgart Stuttgart
Stupino Stupino
Bensheim Bensheim
Alexandria Alexandria
New New
Malden Malden
Chacabuco Chacabuco
Azrou Azrou
Perth Perth
Bogovinje Bogovinje
Oberhausen Oberhausen
UlanUde UlanUde
Palafrugell Palafrugell
Polohy Polohy
Tak Tak
Campobasso Campobasso
Yingkou Yingkou
Zaozhuang Zaozhuang
Skalica Skalica
Ilesa Ilesa
Calauan Calauan
Tiruppuvanam Tiruppuvanam
Shagamu Shagamu
Gariadhar Gariadhar
Ventimiglia Ventimiglia
Shaowu Shaowu
Aurora Aurora
Landshut Landshut
Tupelo Tupelo
Guli Guli
Davis Davis
Ramla Ramla
Barracas Barracas
An An
Bobigny Bobigny
Bang Bang
Toledo Toledo
Rhosllanerchrugog Rhosllanerchrugog
PortVila PortVila
PointeClaire PointeClaire
MitryMory MitryMory
Meizhou Meizhou
Memmingen Memmingen
Viewpark Viewpark
Rutland Rutland
Mouscron Mouscron
Niort Niort
Tupiza Tupiza
Lille Lille
Magomeni Magomeni
Sorsogon Sorsogon
Puerto Puerto
Valday Valday
American American
DehiwalaMount DehiwalaMount
Hermsdorf Hermsdorf
Clermont Clermont
Aleshtar Aleshtar
Villaquilambre Villaquilambre
Marburg Marburg
Jiangyan Jiangyan
Lodwar Lodwar
Jashpurnagar Jashpurnagar
Onex Onex
Alfenas Alfenas
Bon Bon
Uran Uran
Ponta Ponta
Copperas Copperas
LonsleSaunier LonsleSaunier
Oulmes Oulmes
Tharu Tharu
Puducherry Puducherry
WaltonontheNaze WaltonontheNaze
Paredes Paredes
Dahlem Dahlem
GernikaLumo GernikaLumo
