108 49 190 38 31 38 107 133 69 7 51 101 49 170 54 78 178 34 48 6 23 129 77 110 75 150 179 157 15 59 109 76 1 140 43 130 85 68 95 83 84 196 92 197 137 118 182 148 176 100 191 117 24 114 142 99 28 181 167 156 187 156 184 103 0 136 134 73 193 11 193 39 177 189 56 82 71 57 96 90 53 37 143 121 30 186 146 183 65 151 97 64 81 174 188 153 144 127 45 127 26 5 35 14 35 188 174 19 10 163 44 13 21 108
86
13 67 46 63 126 61 44 13 17 79 138 36 120 32
44 66
163 128
188 188
7 7
39 39
99 99
48 48
54 54
114 114
129 129
37 37
176 176
57 57
19 19
95 95
153 153
26 26
121 121
100 100
142 142
184 184
137 137
64 64
14 14
186 186
24 24
117 117
151 151
118 118
11 11
181 181
148 148
78 78
81 81
69 69
34 34
144 144
110 110
68 68
187 187
136 136
157 157
23 23
35 35
107 107
182 182
134 134
45 45
1 1
83 83
49 49
190 190
75 75
56 56
197 197
150 150
65 65
77 77
140 140
82 82
109 109
31 31
133 133
15 15
38 38
5 5
43 43
179 179
96 96
84 84
130 130
167 167
177 177
71 71
85 85
73 73
28 28
53 53
174 174
92 92
146 146
143 143
170 170
101 101
0 0
