create steward think minimize exotic appear feign accessible merit childish suffer maze mind perception top pupil concern pride breakin tin transmission create
18
pupil hide predict fuss direct contract scrap linear crew prove battery adult farewell bracket concern cancel dose pupil deck belief mechanism
suffer tin ballot colon suffer absorption skip basketball pastel company line
perception creation community celebration nationalism perception magnitude
merit merit
accessible accessible
pride pride
think think
feign feign
exotic exotic
steward steward
breakin breakin
childish childish
transmission transmission
top top
appear appear
maze maze
minimize minimize
concern concern
