pride thank equinox rabbit creation think pupil makeup dose offensive bring basketball seller feign knit integrated absorption car transmission domestic contract gift lobby create maze leash thread breakin dialect valid homosexual pride
30
valid trance predict prove adult vote mechanism battery salmon work nationalism partnership tribe valid glide loud berry wrong minimize company accessible skip fuss fortune suffer deter exotic magnetic pastel craftsman colon dialect dilemma transaction huge concern perception deck appear whole desk linear direct inhibition childish celebration line
absorption farewell dramatic absorption scrap mosaic bracket merit dedicate snap steward
contract magnitude tin hide belief cancel contract
thread ballot crew east top traction shelter formation thread
transmission transmission mind community
breakin breakin denial
car car present
pride pride
lobby lobby
create create
think think
feign feign
makeup makeup
thank thank
dose dose
homosexual homosexual
seller seller
leash leash
equinox equinox
knit knit
rabbit rabbit
integrated integrated
gift gift
pupil pupil
domestic domestic
maze maze
creation creation
basketball basketball
bring bring
offensive offensive
