location4 location20 location83 location141 location163 location57 location40 location92 location107 location74 location21 location165 location140 location80 location183 location119 location116 location193 location54 location29 location129 location49 location33 location14 location5 location64 location133 location144 location152 location157 location51 location189 location99 location2 location108 location160 location128 location136 location143 location168 location70 location43 location120 location15 location170 location101 location110 location31 location148 location25 location177 location16 location68 location102 location192 location100 location0 location132 location11 location146 location181 location135 location115 location186 location190 location41 location124 location62 location185 location156 location56 location18 location24 location191 location71 location169 location1 location84 location171 location125 location4
79
location125 location50 location55 location93 location96 location117 location147 location155 location63 location122 location125 location19 location127 location158 location188 location48 location60
location141 location6 location23 location113 location141 location159 location72 location37
location83 location83
location0 location0
location11 location11
location16 location16
location20 location20
location21 location21
location31 location31
location43 location43
location49 location49
location56 location56
location80 location80
location99 location99
location100 location100
location101 location101
location108 location108
location116 location116
location133 location133
location157 location157
location160 location160
location170 location170
location181 location181
location183 location183
location186 location186
location190 location190
location2 location2
location33 location33
location41 location41
location51 location51
location68 location68
location71 location71
location74 location74
location107 location107
location128 location128
location132 location132
location135 location135
location140 location140
location143 location143
location156 location156
location163 location163
location165 location165
location168 location168
location169 location169
location185 location185
location189 location189
location193 location193
location15 location15
location18 location18
location54 location54
location57 location57
location62 location62
location64 location64
location92 location92
location110 location110
location115 location115
location120 location120
location129 location129
location136 location136
location146 location146
location148 location148
location152 location152
location171 location171
location191 location191
location1 location1
location5 location5
location14 location14
location24 location24
location25 location25
location29 location29
location40 location40
location70 location70
location84 location84
location102 location102
location119 location119
location124 location124
location144 location144
location177 location177
location192 location192
