loc0 loc12 loc14 loc18 loc52 loc66 loc58 loc99 loc58 loc63 loc38 loc0 loc62 loc0 loc2 loc36 loc68 loc36 loc82 loc78 loc22 loc78 loc34 loc78 loc86 loc72 loc54 loc64 loc39 loc94 loc39 loc80 loc96 loc51 loc48 loc0
26
loc99 loc16 loc28 loc58 loc60 loc92
loc58 loc98
loc48 loc4 loc6 loc10 loc20 loc24 loc30 loc32 loc44 loc46 loc48 loc50 loc56 loc90
loc38 loc38
loc63 loc74
loc51 loc8 loc26 loc40 loc42 loc70 loc76 loc84 loc88
loc2 loc2 loc36
loc0 loc0
loc12 loc12
loc14 loc14
loc18 loc18
loc22 loc22
loc34 loc34
loc52 loc52
loc54 loc54
loc62 loc62
loc64 loc64
loc66 loc66
loc68 loc68
loc72 loc72
loc78 loc78
loc80 loc80
loc82 loc82
loc86 loc86
loc94 loc94
loc96 loc96
