loc0 loc132 loc62 loc0 loc171 loc146 loc66 loc35 loc0 loc124 loc63 loc98 loc126 loc128 loc165 loc106 loc48 loc10 loc105 loc50 loc105 loc148 loc144 loc20 loc144 loc32 loc144 loc4 loc126 loc74 loc132 loc2 loc132 loc38 loc132 loc196 loc36 loc68 loc138 loc141 loc156 loc99 loc0
28
loc99 loc16 loc28 loc58 loc60 loc92 loc116
loc35 loc156
loc141 loc8 loc14 loc18 loc52 loc54 loc64 loc72 loc80 loc86 loc94 loc96 loc100 loc108 loc112 loc122 loc136 loc140 loc142 loc154 loc158 loc166 loc172 loc176 loc178 loc184 loc188 loc192 loc194
loc66 loc66 loc120
loc138 loc6 loc22 loc24 loc26 loc30 loc34 loc40 loc42 loc44 loc46 loc56 loc70 loc76 loc78 loc84 loc88 loc90 loc104 loc110 loc114 loc118 loc130 loc134 loc138 loc152 loc160 loc162 loc164 loc168 loc170 loc174 loc180 loc182 loc186 loc190 loc198
loc146 loc36 loc82 loc102 loc146 loc150
loc171 loc12
loc0 loc0
loc2 loc2
loc4 loc4
loc10 loc10
loc20 loc20
loc32 loc32
loc38 loc38
loc48 loc48
loc50 loc50
loc62 loc62
loc68 loc68
loc74 loc74
loc98 loc98
loc106 loc106
loc124 loc124
loc126 loc126
loc128 loc128
loc132 loc132
loc144 loc144
loc148 loc148
loc196 loc196
