0 79 87 25 44 13 53 89 59 55 63 27 66 85 20 95 43 7 68 60 77 52 61 64 45 94 69 65 84 33 14 47 11 5 4 82 81 24 39 16 28 0
41
39 2 3 6 8 9 12 15 16 17 18 21 22 29 30 31 32 34 35 36 37 38 39 40 41 42 46 48 49 54 57 58 62 67 70 71 72 73 75 76 83 86 88 90 92 96 97 98 99
16 19 26 74 78 93
28 1 10 23 28 50 51 56 80 91
0 0
4 4
5 5
7 7
11 11
13 13
14 14
20 20
24 24
25 25
27 27
33 33
43 43
44 44
45 45
47 47
52 52
53 53
55 55
59 59
60 60
61 61
63 63
64 64
65 65
66 66
68 68
69 69
77 77
79 79
81 81
82 82
84 84
85 85
87 87
89 89
94 94
95 95
