Qatar Burundi Macedonia Montenegro Guyana Singapore Australia Belgium Tajikistan Danzig Belarus Lebanon Senegal Morocco UnitedKingdom Peru Kosovo CostaRica Sweden Georgia Tanzania Albania SierraLeone Mali Kyrgyzstan DemofChina Egypt SanMarino SaintLucia Haiti Netherlands America Andorra Qatar
32
Albania Nicaragua France Albania
Burundi Mongolia Estonia GuineaBissau VaticanCity Tuvalu Burundi
Macedonia Gabon Liberia Armenia Macedonia
Guyana Guyana Malta CzechRepublic
Australia Australia RussianFederation Angola
Lebanon UAE Mozambique Lebanon
Montenegro Montenegro Uzbekistan Tunisia
Belarus Belarus
Peru Peru
Haiti Haiti
Tajikistan Tajikistan
Danzig Danzig
Morocco Morocco
Sweden Sweden
Egypt Egypt
CostaRica CostaRica
Senegal Senegal
SierraLeone SierraLeone
DemofChina DemofChina
Kosovo Kosovo
Netherlands Netherlands
UnitedKingdom UnitedKingdom
Singapore Singapore
Belgium Belgium
Tanzania Tanzania
Mali Mali
SanMarino SanMarino
Kyrgyzstan Kyrgyzstan
America America
Andorra Andorra
SaintLucia SaintLucia
Georgia Georgia
