Albania Cyprus Malaysia Suriname Estonia Poland Comoros BosHerzegovina Rome Burkina Thailand IvoryCoast Mauritania Bulgaria VaticanCity Nepal Algeria Kosovo Panama Italy Paraguay UnitedKingdom Belarus Andorra Mongolia Peru America CapeVerde Dominica MountAthos Brazil Chile Jamaica Philippines Burma Danzig Portugal Tunisia Lesotho Qatar Argentina Germany UAE Tanzania Newfoundland Ethiopia SierraLeone Slovenia Rwanda Gabon Romania NorthKorea SaudiArabia Vanuatu CentralAfricanRep Bhutan SaoTomPrincipe Guatemala NewZealand Finland RussianFederation Switzerland Grenada Greece Seychelles Togo Serbia SouthKorea PapuaNewGuinea Mali TheGambia Liechtenstein Vietnam Lithuania Vietnam Maldives SaintKitts Albania
74
Cyprus Bahamas Pakistan Mauritius Laos Luxembourg Niger Cyprus Cambodia Kiribati Australia Yemen France Hungary
Suriname EquatorGuinea Djibouti Norway Eritrea Ukraine SriLanka Cuba Suriname
Poland SolomonIslands Latvia Kazakhstan Japan SaintLucia Poland Israel Venezuela Fiji
Malaysia Malaysia
Rome Rome
Burkina Burkina
IvoryCoast IvoryCoast
BosHerzegovina BosHerzegovina
Andorra Andorra
VaticanCity VaticanCity
Mauritania Mauritania
Bulgaria Bulgaria
Thailand Thailand
Nepal Nepal
Estonia Estonia
Italy Italy
Comoros Comoros
Kosovo Kosovo
Algeria Algeria
Panama Panama
Mongolia Mongolia
UnitedKingdom UnitedKingdom
Peru Peru
Belarus Belarus
Paraguay Paraguay
America America
Brazil Brazil
MountAthos MountAthos
Dominica Dominica
Philippines Philippines
CapeVerde CapeVerde
Burma Burma
SierraLeone SierraLeone
Portugal Portugal
Danzig Danzig
Jamaica Jamaica
Tunisia Tunisia
Qatar Qatar
Argentina Argentina
Chile Chile
Tanzania Tanzania
Germany Germany
Newfoundland Newfoundland
Slovenia Slovenia
Lesotho Lesotho
CentralAfricanRep CentralAfricanRep
Romania Romania
Bhutan Bhutan
Ethiopia Ethiopia
NorthKorea NorthKorea
Gabon Gabon
SaintKitts SaintKitts
Vanuatu Vanuatu
SaudiArabia SaudiArabia
Grenada Grenada
SaoTomPrincipe SaoTomPrincipe
Rwanda Rwanda
RussianFederation RussianFederation
Guatemala Guatemala
UAE UAE
Togo Togo
Switzerland Switzerland
Seychelles Seychelles
NewZealand NewZealand
PapuaNewGuinea PapuaNewGuinea
Finland Finland
Mali Mali
TheGambia TheGambia
Greece Greece
Liechtenstein Liechtenstein
Lithuania Lithuania
Serbia Serbia
Maldives Maldives
Albania Albania
