l0 h39 h90 h93 h75 l59 h66 h72 h66 h38 h73 h81 h25 l0 h3 h91 l94 l44 h1 h83 h2 h74 l36 h55 h54 h88 h84 l91 h24 h3 l0
21
h1 h0 h1 h6 h22 h23 h44 h45 h47 h67 h83 h89 h92
h88 h4 h5 h7 h8 h9 h10 h11 h12 h13 h14 h15 h16 h17 h18 h19 h20 h21 h26 h27 h28 h29 h30 h31 h32 h33 h34 h35 h36 h37 h40 h41 h42 h43 h48 h49 h50 h51 h52 h53 h56 h57 h60 h61 h62 h63 h64 h65 h68 h69 h70 h71 h76 h77 h78 h79 h80 h82 h85 h86 h87 h88 h94 h95 h96 h97 h98 h99
h84 h46 h58 h59 h84
h2 h2
h3 h3
h24 h24
h25 h25
h38 h38
h39 h39
h54 h54
h55 h55
h66 h66
h72 h72
h73 h73
h74 h74
h75 h75
h81 h81
h90 h90
h91 h91
h93 h93
l0 l0
