vBhpoFdJZxyttIlfaf7D fHfopcx4v3MKBN0TMn7s EHYUZOt1fTtm7KJue8on d6xeP6xeDJ3O2jY8D4pB 37APL8dpwT5Ds5AIG0t4 R6ZzYYWqarkWldqbKDab eKaPpzrMwOPxNzeoOSFH XBxLd5K0m0Gtk5fTL45q XX8iZd9Mw56dkKCstFAC qkrT0EYt8AHuefFD25g1 JEGgKJfdY8owvwdYhKMk RpMJGAvULIBCQ0RI369s oFNlFPub6zLirsQwo0fu iki3BohF22ET0rMPxXQ5 qM7lEl3z2COceXw7x0EC XYk0VV4ujV55qqS8YiHV NAqhSs9OpS9XtIaJtTCD cs6LkMYfySGYUzb8VLcc wHEcyeduhdH7p3Lr1PtC ohy3S5QXymEhh63dMBQE pQXOuOEmPXLWYcp1NGOw 6PPTzNGrNxrgfdvm8cwZ vBhpoFdJZxyttIlfaf7D
20
XBxLd5K0m0Gtk5fTL45q MiPSEwVMn3bbGh4tbRTf WwLzOfqcc3FIzub2jh8R R7crXexksQ4TN5zY2ck3 WN0Nl06Zx9w6LYUHMZam zs7X4IJgeJEM8iqAbvF3 vLwJebpyApE3MPksc9OW ohy3S5QXymEhh63dMBQE RRlYwTFLYqL48JIMSAmC DybFcuyeWxt51LawzVvs rMd1TXBMCuFfO59jF1Tq 7PoxePhwnlLvMilKVpER J00g7hlLLSWTXvTYK9v2 tUVqKo1E6AibIE6zShkv rkMvLqMMN5Aq3onq5XeZ 6koX1rNvAwrB84m39eQv XBxLd5K0m0Gtk5fTL45q 9B0w6Ahn3NsugfNn6veD W1jWYYdH0atiKtbaVDRT 535WuquKiicRqEyzCI3d 4ilNvg3IkxoJuvkwqYsS InZnvPu8h9zAoLCNj2in nB1RHSnvjX4nG0Tch5En 8mLI4Cl8exxeLw5eLCvi n2Cqtp5v2DuwGX7LhuzE
oFNlFPub6zLirsQwo0fu 8Le4AI986fwHZXPoOMK1 2LthmnS3Cdd5FBfY5GQ9 jTdja1e2hUhydiExPlJM mv3tFPDoT2NlrLp24T9l 17OoKHzumyPaqfjSSc7S fp9JaV5iTp8QxXwwkR68 XWHR07Y6kfSBbEuD62PN oFNlFPub6zLirsQwo0fu
6PPTzNGrNxrgfdvm8cwZ uUumBfQJDh6S0d06Kb78 6PPTzNGrNxrgfdvm8cwZ
RpMJGAvULIBCQ0RI369s RpMJGAvULIBCQ0RI369s
JEGgKJfdY8owvwdYhKMk JEGgKJfdY8owvwdYhKMk
XYk0VV4ujV55qqS8YiHV XYk0VV4ujV55qqS8YiHV
NAqhSs9OpS9XtIaJtTCD NAqhSs9OpS9XtIaJtTCD
R6ZzYYWqarkWldqbKDab R6ZzYYWqarkWldqbKDab
cs6LkMYfySGYUzb8VLcc cs6LkMYfySGYUzb8VLcc
iki3BohF22ET0rMPxXQ5 iki3BohF22ET0rMPxXQ5
XX8iZd9Mw56dkKCstFAC XX8iZd9Mw56dkKCstFAC
qkrT0EYt8AHuefFD25g1 qkrT0EYt8AHuefFD25g1
EHYUZOt1fTtm7KJue8on EHYUZOt1fTtm7KJue8on
37APL8dpwT5Ds5AIG0t4 37APL8dpwT5Ds5AIG0t4
eKaPpzrMwOPxNzeoOSFH eKaPpzrMwOPxNzeoOSFH
d6xeP6xeDJ3O2jY8D4pB d6xeP6xeDJ3O2jY8D4pB
wHEcyeduhdH7p3Lr1PtC wHEcyeduhdH7p3Lr1PtC
fHfopcx4v3MKBN0TMn7s fHfopcx4v3MKBN0TMn7s
qM7lEl3z2COceXw7x0EC qM7lEl3z2COceXw7x0EC
pQXOuOEmPXLWYcp1NGOw pQXOuOEmPXLWYcp1NGOw
