Mf966TmCJF9l0PTKetVd dOWv4G57nxm9UArCvQlq 5ebtvAsyAh8vEmm1Z3wm wyZ3Q4gHyaxpdYdezyjU mGfIqoDGGajPXw9RvY8S IwnN6xRahpjWnxZTYR2F ydEppVwK15UN0USyP00U JWE9kJZ3fUSBbRtkVScl RrBlUMzlEzdRa5S1pyiF BcvYB1mubFuRTbgMUsXg czjPVxJvSz9DoMc0Y7Vv BCVfaQnOCgLubJ23r8nF XfWllIgv9lA6ZwGuKvLt S0PhmGw8tyUPzxvRSE5R Crbc9OlCoJ9dTIJXXsjb Ic20PkDM6xxefUTvJEIQ b2icxuMf1zEyF7ImMEzE QZIvvAQe1weWyQjLrGi1 CLNCAWQgYnzuvt7RChAf UvtGaTsTes8Gs4gE8ya3 jZUUy27kZ3z2uIv0PGPy tH0lbMmdJDVlC4Pr7uAb Q4jkxyPtGKis0eXik3Gg AjMqEYKq0eELwsiEhQNE cAkwFDH7tSQkP40ewGcD CHHJQHxp9VQGraviPBS2 acwLCbshqBQuYbTzAPRI bLojQFXmB5k6r0zKTWYe wtlCpdxHbUUmSY7DnD2u TBEGhhvsdStRJh2Eqkyf 4mdSIFCsq2HySOzm2H4M 1crXui4lUlMG7IuTFiXo kVdbGuYm0jD2q8vsLFHY aU4DeG46NC8vRU6N0ahg NtZncVsU7O40k1BXousH 1wZce3qjltyIzzlL1Zfw ZDA7k1XMUYTsnmCfuUtR YrtjNlKZcZnAXu7owFPA p6bp9pYgtaGo4Q50DQAM Mf966TmCJF9l0PTKetVd
38
1wZce3qjltyIzzlL1Zfw GzkbHop7cJv0CvjQalTE rzYdrZxXnbXlOjFVWVaR 1wZce3qjltyIzzlL1Zfw PLyQF48YPXs4LxxIxWHM BLgd9OLqnPIJY5LCIxDK VqBuOSJBVqxMG4rldwQn 4CVQrsejmjPmVL7elf2w zDq8bGYKiSYw3c53IWfw 2bMCdMiNzTpm8a2kNe9G kGhQ3uDjcFA7MLP7UF4W byF5FvS6RJUrgCsP3o6T ul7ierPjffkmvfh4Ylme 3Yod5nNtIcKNmTtNQ3xH NvfSRypj4POoHWC3jDz3 y3cL4LyhfEAlU1Jj1Xj6 Y5ZKsuPbCDUQp5LjPNey TkZ4LHIfwKap48xdp8m2 Ad4iMaOuAofXNjJzNKWl trOoQ3enuOI8GUJqwAMC bBJ5TDHtVrSIxXmQJ63J QMmklR1fA1rnjMsU1WMc Xucw5TdPOzp0SQGWHjkE a6uUA0TEdnZwD1b73O9r 7c4FoaFf1TJetsLZUEok N7mkTpLI9Mgh0txBOflw fsCdklolnC3ndvzFtyM3 JfWSVxbK8iOEPzK7FV9x GfTqQpqjWivAFXbCN2BL aH2XDl7CjGFhEP3bbYjH sSdPSXUotKahf03SRnBn KCy3uvDFe4h3kwRgxFiX WZxeHszJ2ShfYgJs53YV u4VGAkqq00Jhej3knMJI Yw0z9L8p6xIk7hgYCgVd TmdW4dU59umpgT9XX8G3 56ePYTmTGzdOHfvnLEPd HhITLZSwERe6osGRUBXt W1IcDWCQWwTCriXsjtm4 eA2uctxdjBuXDZUrmUHy WQlZty1AKP9gLfjz0EYW 4mRiy2s23Ljl4N4CqEav 0O3lDJvzYSiuZNzHimQX e2usEAoRX2qu6mneHOxg R87rV3jFUvYuE0RN4Z4a OyOgefgJfgx6VwEfudZn
ZDA7k1XMUYTsnmCfuUtR OGxA8YvD4WfIxOfmtWm4 HKK5Jm9eHd0V7gvBWuw9 KKiBHd9DTQAd6AZYxlK3 jAzyDyaN1mD5Ei1RjCiO wNmo9den9k6ySqzO7o0M km12BN3CByUGmRV2tX7b iRg3oRlKsAtLuOm5tUrC JfzkldRR1w0Y52KBg47D ZPAxEbVjKWTr0cDqLbA0 lrLgTYF7nIsDkEYlxuHz 1aGCWVuyE8DRxIV204ZW SQhK0n9L9aixdJxvdeKd ZDA7k1XMUYTsnmCfuUtR pxBA1Tii62WPeRWcccVp VaRx19QfIOvUT5pZyulj 7ArLVA3N0doHBQAlCDtl
p6bp9pYgtaGo4Q50DQAM CxdADQl1Lh5mGQMAravk p6bp9pYgtaGo4Q50DQAM Hpniux0SkkA6CliHWNDc flliQzyn5hSC8yLOMyYJ
S0PhmGw8tyUPzxvRSE5R S0PhmGw8tyUPzxvRSE5R
YrtjNlKZcZnAXu7owFPA YrtjNlKZcZnAXu7owFPA
CLNCAWQgYnzuvt7RChAf CLNCAWQgYnzuvt7RChAf
Q4jkxyPtGKis0eXik3Gg Q4jkxyPtGKis0eXik3Gg
aU4DeG46NC8vRU6N0ahg aU4DeG46NC8vRU6N0ahg
b2icxuMf1zEyF7ImMEzE b2icxuMf1zEyF7ImMEzE
kVdbGuYm0jD2q8vsLFHY kVdbGuYm0jD2q8vsLFHY
JWE9kJZ3fUSBbRtkVScl JWE9kJZ3fUSBbRtkVScl
czjPVxJvSz9DoMc0Y7Vv czjPVxJvSz9DoMc0Y7Vv
UvtGaTsTes8Gs4gE8ya3 UvtGaTsTes8Gs4gE8ya3
cAkwFDH7tSQkP40ewGcD cAkwFDH7tSQkP40ewGcD
XfWllIgv9lA6ZwGuKvLt XfWllIgv9lA6ZwGuKvLt
5ebtvAsyAh8vEmm1Z3wm 5ebtvAsyAh8vEmm1Z3wm
AjMqEYKq0eELwsiEhQNE AjMqEYKq0eELwsiEhQNE
BCVfaQnOCgLubJ23r8nF BCVfaQnOCgLubJ23r8nF
1crXui4lUlMG7IuTFiXo 1crXui4lUlMG7IuTFiXo
Crbc9OlCoJ9dTIJXXsjb Crbc9OlCoJ9dTIJXXsjb
IwnN6xRahpjWnxZTYR2F IwnN6xRahpjWnxZTYR2F
CHHJQHxp9VQGraviPBS2 CHHJQHxp9VQGraviPBS2
Ic20PkDM6xxefUTvJEIQ Ic20PkDM6xxefUTvJEIQ
bLojQFXmB5k6r0zKTWYe bLojQFXmB5k6r0zKTWYe
wtlCpdxHbUUmSY7DnD2u wtlCpdxHbUUmSY7DnD2u
dOWv4G57nxm9UArCvQlq dOWv4G57nxm9UArCvQlq
RrBlUMzlEzdRa5S1pyiF RrBlUMzlEzdRa5S1pyiF
ydEppVwK15UN0USyP00U ydEppVwK15UN0USyP00U
BcvYB1mubFuRTbgMUsXg BcvYB1mubFuRTbgMUsXg
TBEGhhvsdStRJh2Eqkyf TBEGhhvsdStRJh2Eqkyf
tH0lbMmdJDVlC4Pr7uAb tH0lbMmdJDVlC4Pr7uAb
jZUUy27kZ3z2uIv0PGPy jZUUy27kZ3z2uIv0PGPy
NtZncVsU7O40k1BXousH NtZncVsU7O40k1BXousH
acwLCbshqBQuYbTzAPRI acwLCbshqBQuYbTzAPRI
QZIvvAQe1weWyQjLrGi1 QZIvvAQe1weWyQjLrGi1
wyZ3Q4gHyaxpdYdezyjU wyZ3Q4gHyaxpdYdezyjU
4mdSIFCsq2HySOzm2H4M 4mdSIFCsq2HySOzm2H4M
mGfIqoDGGajPXw9RvY8S mGfIqoDGGajPXw9RvY8S
