L0 L168 L64 L7 L149 L74 L164 L23 L55 L118 L163 L3 L30 L39 L138 L106 L53 L73 L176 L29 L93 L102 L31 L82 L48 L1 L140 L135 L28 L27 L57 L199 L52 L33 L0 L116 L59 L114 L165 L147 L12 L194 L126 L68 L126 L123 L0
36
L147 L50 L94 L61 L142 L84 L188 L147 L8 L153 L130 L60 L81 L127 L12 L121 L113 L110 L10 L65 L146 L165 L139
L114 L54 L80 L96 L143 L59 L104 L152 L69
L194 L119 L18 L144 L160 L77 L196 L2 L26 L145 L20 L194
L74 L197 L98 L24 L75 L58 L107 L14 L47 L157 L74 L109 L38 L46 L178
L29 L29 L13 L125 L97 L49 L62 L95 L112
L176 L192 L176 L177 L175 L41 L132
L68 L141 L68
L39 L39
L118 L118
L73 L73
L57 L57
L7 L7
L33 L33
L1 L1
L163 L163
L23 L23
L199 L199
L116 L116
L149 L149
L64 L64
L164 L164
L3 L3
L53 L53
L123 L123
L30 L30
L55 L55
L135 L135
L48 L48
L106 L106
L27 L27
L52 L52
L138 L138
L82 L82
L168 L168
L31 L31
L102 L102
