point0 point49 point50 point48 point44 point45 point44 point42 point47 point61 point60 point75 point81 point77 point76 point77 point66 point68 point70 point67 point72 point67 point70 point63 point62 point65 point64 point65 point71 point62 point35 point9 point27 point26 point55 point84 point55 point93 point90 point0
22
point84 point53 point55 point84 point85 point92
point9 point4 point5 point6 point7 point8 point9 point12 point14 point19 point22 point35
point27 point24 point25 point26 point27 point28 point56 point58
point42 point42
point44 point44
point45 point45
point47 point47
point48 point48
point50 point50
point60 point60
point61 point61
point64 point64
point65 point65
point68 point68
point70 point70
point71 point71
point72 point72
point75 point75
point76 point76
point77 point77
point93 point93
point0 point0
