55 91 48 63 106 158 29 113 15 135 15 13 53 8 44 9 67 76 116 134 32 160 170 27 164 126 30 152 119 59 159 186 33 115 21 35 177 173 16 19 83 114 28 172 105 184 95 139 17 55
40
19 111 189 137 71
16 12 45 162 83 177 151 16 173
184 140 97 146 184 26 148 78 133 88 49 58 107 181 74 41 54 175 43 163 66 166 109 150 153 77
17 11 149 81 17 188 185 118 36 171 86 131 20 80 168
173 101 182 57
35 61
139 40 62 90 179 56 42 122 85
33 33
159 159
170 170
63 63
119 119
172 172
32 32
91 91
27 27
76 76
152 152
59 59
186 186
67 67
15 15
29 29
53 53
134 134
116 116
135 135
106 106
105 105
158 158
115 115
160 160
8 8
13 13
126 126
113 113
9 9
30 30
48 48
114 114
