x61 x79 x3 x55 x99 x1 x12 x84 x21 x94 x2 x73 x52 x42 x44 x90 x87 x90 x4 x69 x23 x79 x13 x59 x13 x79 x85 x58 x83 x76 x26 x93 x85 x79 x80 x3 x71 x53 x87 x90 x44 x46 x57 x98 x34 x30 x1 x88 x12 x41 x97 x41 x12 x61
31
x88 x31 x88
x93 x93 x0
x83 x18 x43 x81
x26 x89 x49 x26 x28
x57 x7 x37 x40 x95 x32 x91
x46 x46 x39 x54 x5
x71 x96 x8 x68 x66 x71
x34 x34
x23 x23
x2 x2
x12 x12
x94 x94
x98 x98
x99 x99
x58 x58
x30 x30
x42 x42
x3 x3
x80 x80
x79 x79
x13 x13
x59 x59
x87 x87
x1 x1
x97 x97
x90 x90
x53 x53
x61 x61
x21 x21
x55 x55
x52 x52
